<?xml version="1.0" encoding="UTF-8"?>
<testsuite name="CLIRunnerTest" tests="6" skipped="0" failures="0" errors="0" timestamp="2022-03-07T22:29:59" hostname="USABOS117224LT" time="1.24">
  <properties/>
  <testcase name="main()" classname="CLIRunnerTest" time="0.354"/>
  <testcase name="main2()" classname="CLIRunnerTest" time="0.099"/>
  <testcase name="main3()" classname="CLIRunnerTest" time="0.306"/>
  <testcase name="main4()" classname="CLIRunnerTest" time="0.128"/>
  <testcase name="main5()" classname="CLIRunnerTest" time="0.173"/>
  <testcase name="main6()" classname="CLIRunnerTest" time="0.178"/>
  <system-out><![CDATA[Error: no output directory provided
Error: --letter provided but no --letter-template was provided
Error: no output directory provided
Error: --email provided but no --email-template was provided
Error: no output directory provided
Benton, John B Jr.
James Butt
6649 N Blue Gum St, New Orleans,
Orleans, LA, 70116
(jbutt@gmail.com)

Dear James Butt, 

Similarly, we also have a template for the company's letter: 
James Butt
6649 N Blue Gum St, New Orleans,
Orleans, LA, 70116
(jbutt@gmail.com)

Dear James Butt,
As you may have heard or read, last month we learned that criminals forced their way into our systems, 
and stole information about our customers. Late last week, as part of our ongoing investigation, 
we learned that the taken information includes names, mailing addresses, phone numbers or email addresses. 

I am writing to make you aware that your name, mailing address, phone number or email address may 
have been taken during the intrusion. 

I am truly sorry this incident occurred, and I sincerely regret any inconvenience it may cause you. 

Because we value you as a customer, and because your trust is important to us, our company is 
offering you one year of free credit monitoring through Experian’s ProtectMyID product, which includes 
identity theft insurance where available. Enclosed please find your additional information about your 
free credit card monitoring.


You can find additional information and FAQs about this incident at our website. If you have further questions, 
you may call us at 866-852-8680.
 
Thank you for your patience and your loyalty. 

Sincerely, 
Insurance Company CEO



Chanay, Jeffrey A Esq.
Josephine Darakjy
4 B Blue Ridge Blvd, Brighton,
Livingston, MI, 48116
(josephine_darakjy@darakjy.org)

Dear Josephine Darakjy, 

Similarly, we also have a template for the company's letter: 
Josephine Darakjy
4 B Blue Ridge Blvd, Brighton,
Livingston, MI, 48116
(josephine_darakjy@darakjy.org)

Dear Josephine Darakjy,
As you may have heard or read, last month we learned that criminals forced their way into our systems, 
and stole information about our customers. Late last week, as part of our ongoing investigation, 
we learned that the taken information includes names, mailing addresses, phone numbers or email addresses. 

I am writing to make you aware that your name, mailing address, phone number or email address may 
have been taken during the intrusion. 

I am truly sorry this incident occurred, and I sincerely regret any inconvenience it may cause you. 

Because we value you as a customer, and because your trust is important to us, our company is 
offering you one year of free credit monitoring through Experian’s ProtectMyID product, which includes 
identity theft insurance where available. Enclosed please find your additional information about your 
free credit card monitoring.


You can find additional information and FAQs about this incident at our website. If you have further questions, 
you may call us at 866-852-8680.
 
Thank you for your patience and your loyalty. 

Sincerely, 
Insurance Company CEO



Chemel, James L Cpa.
Art Venere
8 W Cerritos Ave #54, Bridgeport,
Gloucester, NJ, 08014
(art@venere.org)

Dear Art Venere, 

Similarly, we also have a template for the company's letter: 
Art Venere
8 W Cerritos Ave #54, Bridgeport,
Gloucester, NJ, 08014
(art@venere.org)

Dear Art Venere,
As you may have heard or read, last month we learned that criminals forced their way into our systems, 
and stole information about our customers. Late last week, as part of our ongoing investigation, 
we learned that the taken information includes names, mailing addresses, phone numbers or email addresses. 

I am writing to make you aware that your name, mailing address, phone number or email address may 
have been taken during the intrusion. 

I am truly sorry this incident occurred, and I sincerely regret any inconvenience it may cause you. 

Because we value you as a customer, and because your trust is important to us, our company is 
offering you one year of free credit monitoring through Experian’s ProtectMyID product, which includes 
identity theft insurance where available. Enclosed please find your additional information about your 
free credit card monitoring.


You can find additional information and FAQs about this incident at our website. If you have further questions, 
you may call us at 866-852-8680.
 
Thank you for your patience and your loyalty. 

Sincerely, 
Insurance Company CEO



Feltz Printing Service.
Lenna Paprocki
639 Main St, Anchorage,
Anchorage, AK, 99501
(lpaprocki@hotmail.com)

Dear Lenna Paprocki, 

Similarly, we also have a template for the company's letter: 
Lenna Paprocki
639 Main St, Anchorage,
Anchorage, AK, 99501
(lpaprocki@hotmail.com)

Dear Lenna Paprocki,
As you may have heard or read, last month we learned that criminals forced their way into our systems, 
and stole information about our customers. Late last week, as part of our ongoing investigation, 
we learned that the taken information includes names, mailing addresses, phone numbers or email addresses. 

I am writing to make you aware that your name, mailing address, phone number or email address may 
have been taken during the intrusion. 

I am truly sorry this incident occurred, and I sincerely regret any inconvenience it may cause you. 

Because we value you as a customer, and because your trust is important to us, our company is 
offering you one year of free credit monitoring through Experian’s ProtectMyID product, which includes 
identity theft insurance where available. Enclosed please find your additional information about your 
free credit card monitoring.


You can find additional information and FAQs about this incident at our website. If you have further questions, 
you may call us at 866-852-8680.
 
Thank you for your patience and your loyalty. 

Sincerely, 
Insurance Company CEO



Printing Dimensions.
Donette Foller
34 Center St, Hamilton,
Butler, OH, 45011
(donette.foller@cox.net)

Dear Donette Foller, 

Similarly, we also have a template for the company's letter: 
Donette Foller
34 Center St, Hamilton,
Butler, OH, 45011
(donette.foller@cox.net)

Dear Donette Foller,
As you may have heard or read, last month we learned that criminals forced their way into our systems, 
and stole information about our customers. Late last week, as part of our ongoing investigation, 
we learned that the taken information includes names, mailing addresses, phone numbers or email addresses. 

I am writing to make you aware that your name, mailing address, phone number or email address may 
have been taken during the intrusion. 

I am truly sorry this incident occurred, and I sincerely regret any inconvenience it may cause you. 

Because we value you as a customer, and because your trust is important to us, our company is 
offering you one year of free credit monitoring through Experian’s ProtectMyID product, which includes 
identity theft insurance where available. Enclosed please find your additional information about your 
free credit card monitoring.


You can find additional information and FAQs about this incident at our website. If you have further questions, 
you may call us at 866-852-8680.
 
Thank you for your patience and your loyalty. 

Sincerely, 
Insurance Company CEO



Chapman, Ross E Esq.
Simona Morasca
3 Mcauley Dr, Ashland,
Ashland, OH, 44805
(simona@morasca.com)

Dear Simona Morasca, 

Similarly, we also have a template for the company's letter: 
Simona Morasca
3 Mcauley Dr, Ashland,
Ashland, OH, 44805
(simona@morasca.com)

Dear Simona Morasca,
As you may have heard or read, last month we learned that criminals forced their way into our systems, 
and stole information about our customers. Late last week, as part of our ongoing investigation, 
we learned that the taken information includes names, mailing addresses, phone numbers or email addresses. 

I am writing to make you aware that your name, mailing address, phone number or email address may 
have been taken during the intrusion. 

I am truly sorry this incident occurred, and I sincerely regret any inconvenience it may cause you. 

Because we value you as a customer, and because your trust is important to us, our company is 
offering you one year of free credit monitoring through Experian’s ProtectMyID product, which includes 
identity theft insurance where available. Enclosed please find your additional information about your 
free credit card monitoring.


You can find additional information and FAQs about this incident at our website. If you have further questions, 
you may call us at 866-852-8680.
 
Thank you for your patience and your loyalty. 

Sincerely, 
Insurance Company CEO



Morlong Associates.
Mitsue Tollner
7 Eads St, Chicago,
Cook, IL, 60632
(mitsue_tollner@yahoo.com)

Dear Mitsue Tollner, 

Similarly, we also have a template for the company's letter: 
Mitsue Tollner
7 Eads St, Chicago,
Cook, IL, 60632
(mitsue_tollner@yahoo.com)

Dear Mitsue Tollner,
As you may have heard or read, last month we learned that criminals forced their way into our systems, 
and stole information about our customers. Late last week, as part of our ongoing investigation, 
we learned that the taken information includes names, mailing addresses, phone numbers or email addresses. 

I am writing to make you aware that your name, mailing address, phone number or email address may 
have been taken during the intrusion. 

I am truly sorry this incident occurred, and I sincerely regret any inconvenience it may cause you. 

Because we value you as a customer, and because your trust is important to us, our company is 
offering you one year of free credit monitoring through Experian’s ProtectMyID product, which includes 
identity theft insurance where available. Enclosed please find your additional information about your 
free credit card monitoring.


You can find additional information and FAQs about this incident at our website. If you have further questions, 
you may call us at 866-852-8680.
 
Thank you for your patience and your loyalty. 

Sincerely, 
Insurance Company CEO



Commercial Press.
Leota Dilliard
7 W Jackson Blvd, San Jose,
Santa Clara, CA, 95111
(leota@hotmail.com)

Dear Leota Dilliard, 

Similarly, we also have a template for the company's letter: 
Leota Dilliard
7 W Jackson Blvd, San Jose,
Santa Clara, CA, 95111
(leota@hotmail.com)

Dear Leota Dilliard,
As you may have heard or read, last month we learned that criminals forced their way into our systems, 
and stole information about our customers. Late last week, as part of our ongoing investigation, 
we learned that the taken information includes names, mailing addresses, phone numbers or email addresses. 

I am writing to make you aware that your name, mailing address, phone number or email address may 
have been taken during the intrusion. 

I am truly sorry this incident occurred, and I sincerely regret any inconvenience it may cause you. 

Because we value you as a customer, and because your trust is important to us, our company is 
offering you one year of free credit monitoring through Experian’s ProtectMyID product, which includes 
identity theft insurance where available. Enclosed please find your additional information about your 
free credit card monitoring.


You can find additional information and FAQs about this incident at our website. If you have further questions, 
you may call us at 866-852-8680.
 
Thank you for your patience and your loyalty. 

Sincerely, 
Insurance Company CEO



Truhlar And Truhlar Attys.
Sage Wieser
5 Boston Ave #88, Sioux Falls,
Minnehaha, SD, 57105
(sage_wieser@cox.net)

Dear Sage Wieser, 

Similarly, we also have a template for the company's letter: 
Sage Wieser
5 Boston Ave #88, Sioux Falls,
Minnehaha, SD, 57105
(sage_wieser@cox.net)

Dear Sage Wieser,
As you may have heard or read, last month we learned that criminals forced their way into our systems, 
and stole information about our customers. Late last week, as part of our ongoing investigation, 
we learned that the taken information includes names, mailing addresses, phone numbers or email addresses. 

I am writing to make you aware that your name, mailing address, phone number or email address may 
have been taken during the intrusion. 

I am truly sorry this incident occurred, and I sincerely regret any inconvenience it may cause you. 

Because we value you as a customer, and because your trust is important to us, our company is 
offering you one year of free credit monitoring through Experian’s ProtectMyID product, which includes 
identity theft insurance where available. Enclosed please find your additional information about your 
free credit card monitoring.


You can find additional information and FAQs about this incident at our website. If you have further questions, 
you may call us at 866-852-8680.
 
Thank you for your patience and your loyalty. 

Sincerely, 
Insurance Company CEO



King, Christopher A Esq.
Kris Marrier
228 Runamuck Pl #2808, Baltimore,
Baltimore City, MD, 21224
(kris@gmail.com)

Dear Kris Marrier, 

Similarly, we also have a template for the company's letter: 
Kris Marrier
228 Runamuck Pl #2808, Baltimore,
Baltimore City, MD, 21224
(kris@gmail.com)

Dear Kris Marrier,
As you may have heard or read, last month we learned that criminals forced their way into our systems, 
and stole information about our customers. Late last week, as part of our ongoing investigation, 
we learned that the taken information includes names, mailing addresses, phone numbers or email addresses. 

I am writing to make you aware that your name, mailing address, phone number or email address may 
have been taken during the intrusion. 

I am truly sorry this incident occurred, and I sincerely regret any inconvenience it may cause you. 

Because we value you as a customer, and because your trust is important to us, our company is 
offering you one year of free credit monitoring through Experian’s ProtectMyID product, which includes 
identity theft insurance where available. Enclosed please find your additional information about your 
free credit card monitoring.


You can find additional information and FAQs about this incident at our website. If you have further questions, 
you may call us at 866-852-8680.
 
Thank you for your patience and your loyalty. 

Sincerely, 
Insurance Company CEO



Dorl, James J Esq.
Minna Amigon
2371 Jerrold Ave, Kulpsville,
Montgomery, PA, 19443
(minna_amigon@yahoo.com)

Dear Minna Amigon, 

Similarly, we also have a template for the company's letter: 
Minna Amigon
2371 Jerrold Ave, Kulpsville,
Montgomery, PA, 19443
(minna_amigon@yahoo.com)

Dear Minna Amigon,
As you may have heard or read, last month we learned that criminals forced their way into our systems, 
and stole information about our customers. Late last week, as part of our ongoing investigation, 
we learned that the taken information includes names, mailing addresses, phone numbers or email addresses. 

I am writing to make you aware that your name, mailing address, phone number or email address may 
have been taken during the intrusion. 

I am truly sorry this incident occurred, and I sincerely regret any inconvenience it may cause you. 

Because we value you as a customer, and because your trust is important to us, our company is 
offering you one year of free credit monitoring through Experian’s ProtectMyID product, which includes 
identity theft insurance where available. Enclosed please find your additional information about your 
free credit card monitoring.


You can find additional information and FAQs about this incident at our website. If you have further questions, 
you may call us at 866-852-8680.
 
Thank you for your patience and your loyalty. 

Sincerely, 
Insurance Company CEO



Rangoni Of Florence.
Abel Maclead
37275 St  Rt 17m M, Middle Island,
Suffolk, NY, 11953
(amaclead@gmail.com)

Dear Abel Maclead, 

Similarly, we also have a template for the company's letter: 
Abel Maclead
37275 St  Rt 17m M, Middle Island,
Suffolk, NY, 11953
(amaclead@gmail.com)

Dear Abel Maclead,
As you may have heard or read, last month we learned that criminals forced their way into our systems, 
and stole information about our customers. Late last week, as part of our ongoing investigation, 
we learned that the taken information includes names, mailing addresses, phone numbers or email addresses. 

I am writing to make you aware that your name, mailing address, phone number or email address may 
have been taken during the intrusion. 

I am truly sorry this incident occurred, and I sincerely regret any inconvenience it may cause you. 

Because we value you as a customer, and because your trust is important to us, our company is 
offering you one year of free credit monitoring through Experian’s ProtectMyID product, which includes 
identity theft insurance where available. Enclosed please find your additional information about your 
free credit card monitoring.


You can find additional information and FAQs about this incident at our website. If you have further questions, 
you may call us at 866-852-8680.
 
Thank you for your patience and your loyalty. 

Sincerely, 
Insurance Company CEO



Feiner Bros.
Kiley Caldarera
25 E 75th St #69, Los Angeles,
Los Angeles, CA, 90034
(kiley.caldarera@aol.com)

Dear Kiley Caldarera, 

Similarly, we also have a template for the company's letter: 
Kiley Caldarera
25 E 75th St #69, Los Angeles,
Los Angeles, CA, 90034
(kiley.caldarera@aol.com)

Dear Kiley Caldarera,
As you may have heard or read, last month we learned that criminals forced their way into our systems, 
and stole information about our customers. Late last week, as part of our ongoing investigation, 
we learned that the taken information includes names, mailing addresses, phone numbers or email addresses. 

I am writing to make you aware that your name, mailing address, phone number or email address may 
have been taken during the intrusion. 

I am truly sorry this incident occurred, and I sincerely regret any inconvenience it may cause you. 

Because we value you as a customer, and because your trust is important to us, our company is 
offering you one year of free credit monitoring through Experian’s ProtectMyID product, which includes 
identity theft insurance where available. Enclosed please find your additional information about your 
free credit card monitoring.


You can find additional information and FAQs about this incident at our website. If you have further questions, 
you may call us at 866-852-8680.
 
Thank you for your patience and your loyalty. 

Sincerely, 
Insurance Company CEO



Buckley Miller & Wright.
Graciela Ruta
98 Connecticut Ave Nw, Chagrin Falls,
Geauga, OH, 44023
(gruta@cox.net)

Dear Graciela Ruta, 

Similarly, we also have a template for the company's letter: 
Graciela Ruta
98 Connecticut Ave Nw, Chagrin Falls,
Geauga, OH, 44023
(gruta@cox.net)

Dear Graciela Ruta,
As you may have heard or read, last month we learned that criminals forced their way into our systems, 
and stole information about our customers. Late last week, as part of our ongoing investigation, 
we learned that the taken information includes names, mailing addresses, phone numbers or email addresses. 

I am writing to make you aware that your name, mailing address, phone number or email address may 
have been taken during the intrusion. 

I am truly sorry this incident occurred, and I sincerely regret any inconvenience it may cause you. 

Because we value you as a customer, and because your trust is important to us, our company is 
offering you one year of free credit monitoring through Experian’s ProtectMyID product, which includes 
identity theft insurance where available. Enclosed please find your additional information about your 
free credit card monitoring.


You can find additional information and FAQs about this incident at our website. If you have further questions, 
you may call us at 866-852-8680.
 
Thank you for your patience and your loyalty. 

Sincerely, 
Insurance Company CEO



Rousseaux, Michael Esq.
Cammy Albares
56 E Morehead St, Laredo,
Webb, TX, 78045
(calbares@gmail.com)

Dear Cammy Albares, 

Similarly, we also have a template for the company's letter: 
Cammy Albares
56 E Morehead St, Laredo,
Webb, TX, 78045
(calbares@gmail.com)

Dear Cammy Albares,
As you may have heard or read, last month we learned that criminals forced their way into our systems, 
and stole information about our customers. Late last week, as part of our ongoing investigation, 
we learned that the taken information includes names, mailing addresses, phone numbers or email addresses. 

I am writing to make you aware that your name, mailing address, phone number or email address may 
have been taken during the intrusion. 

I am truly sorry this incident occurred, and I sincerely regret any inconvenience it may cause you. 

Because we value you as a customer, and because your trust is important to us, our company is 
offering you one year of free credit monitoring through Experian’s ProtectMyID product, which includes 
identity theft insurance where available. Enclosed please find your additional information about your 
free credit card monitoring.


You can find additional information and FAQs about this incident at our website. If you have further questions, 
you may call us at 866-852-8680.
 
Thank you for your patience and your loyalty. 

Sincerely, 
Insurance Company CEO



Century Communications.
Mattie Poquette
73 State Road 434 E, Phoenix,
Maricopa, AZ, 85013
(mattie@aol.com)

Dear Mattie Poquette, 

Similarly, we also have a template for the company's letter: 
Mattie Poquette
73 State Road 434 E, Phoenix,
Maricopa, AZ, 85013
(mattie@aol.com)

Dear Mattie Poquette,
As you may have heard or read, last month we learned that criminals forced their way into our systems, 
and stole information about our customers. Late last week, as part of our ongoing investigation, 
we learned that the taken information includes names, mailing addresses, phone numbers or email addresses. 

I am writing to make you aware that your name, mailing address, phone number or email address may 
have been taken during the intrusion. 

I am truly sorry this incident occurred, and I sincerely regret any inconvenience it may cause you. 

Because we value you as a customer, and because your trust is important to us, our company is 
offering you one year of free credit monitoring through Experian’s ProtectMyID product, which includes 
identity theft insurance where available. Enclosed please find your additional information about your 
free credit card monitoring.


You can find additional information and FAQs about this incident at our website. If you have further questions, 
you may call us at 866-852-8680.
 
Thank you for your patience and your loyalty. 

Sincerely, 
Insurance Company CEO



Bolton, Wilbur Esq.
Meaghan Garufi
69734 E Carrillo St, Mc Minnville,
Warren, TN, 37110
(meaghan@hotmail.com)

Dear Meaghan Garufi, 

Similarly, we also have a template for the company's letter: 
Meaghan Garufi
69734 E Carrillo St, Mc Minnville,
Warren, TN, 37110
(meaghan@hotmail.com)

Dear Meaghan Garufi,
As you may have heard or read, last month we learned that criminals forced their way into our systems, 
and stole information about our customers. Late last week, as part of our ongoing investigation, 
we learned that the taken information includes names, mailing addresses, phone numbers or email addresses. 

I am writing to make you aware that your name, mailing address, phone number or email address may 
have been taken during the intrusion. 

I am truly sorry this incident occurred, and I sincerely regret any inconvenience it may cause you. 

Because we value you as a customer, and because your trust is important to us, our company is 
offering you one year of free credit monitoring through Experian’s ProtectMyID product, which includes 
identity theft insurance where available. Enclosed please find your additional information about your 
free credit card monitoring.


You can find additional information and FAQs about this incident at our website. If you have further questions, 
you may call us at 866-852-8680.
 
Thank you for your patience and your loyalty. 

Sincerely, 
Insurance Company CEO



T M Byxbee Company Pc.
Gladys Rim
322 New Horizon Blvd, Milwaukee,
Milwaukee, WI, 53207
(gladys.rim@rim.org)

Dear Gladys Rim, 

Similarly, we also have a template for the company's letter: 
Gladys Rim
322 New Horizon Blvd, Milwaukee,
Milwaukee, WI, 53207
(gladys.rim@rim.org)

Dear Gladys Rim,
As you may have heard or read, last month we learned that criminals forced their way into our systems, 
and stole information about our customers. Late last week, as part of our ongoing investigation, 
we learned that the taken information includes names, mailing addresses, phone numbers or email addresses. 

I am writing to make you aware that your name, mailing address, phone number or email address may 
have been taken during the intrusion. 

I am truly sorry this incident occurred, and I sincerely regret any inconvenience it may cause you. 

Because we value you as a customer, and because your trust is important to us, our company is 
offering you one year of free credit monitoring through Experian’s ProtectMyID product, which includes 
identity theft insurance where available. Enclosed please find your additional information about your 
free credit card monitoring.


You can find additional information and FAQs about this incident at our website. If you have further questions, 
you may call us at 866-852-8680.
 
Thank you for your patience and your loyalty. 

Sincerely, 
Insurance Company CEO



Farmers Insurance Group.
Yuki Whobrey
1 State Route 27, Taylor,
Wayne, MI, 48180
(yuki_whobrey@aol.com)

Dear Yuki Whobrey, 

Similarly, we also have a template for the company's letter: 
Yuki Whobrey
1 State Route 27, Taylor,
Wayne, MI, 48180
(yuki_whobrey@aol.com)

Dear Yuki Whobrey,
As you may have heard or read, last month we learned that criminals forced their way into our systems, 
and stole information about our customers. Late last week, as part of our ongoing investigation, 
we learned that the taken information includes names, mailing addresses, phone numbers or email addresses. 

I am writing to make you aware that your name, mailing address, phone number or email address may 
have been taken during the intrusion. 

I am truly sorry this incident occurred, and I sincerely regret any inconvenience it may cause you. 

Because we value you as a customer, and because your trust is important to us, our company is 
offering you one year of free credit monitoring through Experian’s ProtectMyID product, which includes 
identity theft insurance where available. Enclosed please find your additional information about your 
free credit card monitoring.


You can find additional information and FAQs about this incident at our website. If you have further questions, 
you may call us at 866-852-8680.
 
Thank you for your patience and your loyalty. 

Sincerely, 
Insurance Company CEO



Post Box Services Plus.
Fletcher Flosi
394 Manchester Blvd, Rockford,
Winnebago, IL, 61109
(fletcher.flosi@yahoo.com)

Dear Fletcher Flosi, 

Similarly, we also have a template for the company's letter: 
Fletcher Flosi
394 Manchester Blvd, Rockford,
Winnebago, IL, 61109
(fletcher.flosi@yahoo.com)

Dear Fletcher Flosi,
As you may have heard or read, last month we learned that criminals forced their way into our systems, 
and stole information about our customers. Late last week, as part of our ongoing investigation, 
we learned that the taken information includes names, mailing addresses, phone numbers or email addresses. 

I am writing to make you aware that your name, mailing address, phone number or email address may 
have been taken during the intrusion. 

I am truly sorry this incident occurred, and I sincerely regret any inconvenience it may cause you. 

Because we value you as a customer, and because your trust is important to us, our company is 
offering you one year of free credit monitoring through Experian’s ProtectMyID product, which includes 
identity theft insurance where available. Enclosed please find your additional information about your 
free credit card monitoring.


You can find additional information and FAQs about this incident at our website. If you have further questions, 
you may call us at 866-852-8680.
 
Thank you for your patience and your loyalty. 

Sincerely, 
Insurance Company CEO



Sport En Art.
Bette Nicka
6 S 33rd St, Aston,
Delaware, PA, 19014
(bette_nicka@cox.net)

Dear Bette Nicka, 

Similarly, we also have a template for the company's letter: 
Bette Nicka
6 S 33rd St, Aston,
Delaware, PA, 19014
(bette_nicka@cox.net)

Dear Bette Nicka,
As you may have heard or read, last month we learned that criminals forced their way into our systems, 
and stole information about our customers. Late last week, as part of our ongoing investigation, 
we learned that the taken information includes names, mailing addresses, phone numbers or email addresses. 

I am writing to make you aware that your name, mailing address, phone number or email address may 
have been taken during the intrusion. 

I am truly sorry this incident occurred, and I sincerely regret any inconvenience it may cause you. 

Because we value you as a customer, and because your trust is important to us, our company is 
offering you one year of free credit monitoring through Experian’s ProtectMyID product, which includes 
identity theft insurance where available. Enclosed please find your additional information about your 
free credit card monitoring.


You can find additional information and FAQs about this incident at our website. If you have further questions, 
you may call us at 866-852-8680.
 
Thank you for your patience and your loyalty. 

Sincerely, 
Insurance Company CEO



C 4 Network Inc.
Veronika Inouye
6 Greenleaf Ave, San Jose,
Santa Clara, CA, 95111
(vinouye@aol.com)

Dear Veronika Inouye, 

Similarly, we also have a template for the company's letter: 
Veronika Inouye
6 Greenleaf Ave, San Jose,
Santa Clara, CA, 95111
(vinouye@aol.com)

Dear Veronika Inouye,
As you may have heard or read, last month we learned that criminals forced their way into our systems, 
and stole information about our customers. Late last week, as part of our ongoing investigation, 
we learned that the taken information includes names, mailing addresses, phone numbers or email addresses. 

I am writing to make you aware that your name, mailing address, phone number or email address may 
have been taken during the intrusion. 

I am truly sorry this incident occurred, and I sincerely regret any inconvenience it may cause you. 

Because we value you as a customer, and because your trust is important to us, our company is 
offering you one year of free credit monitoring through Experian’s ProtectMyID product, which includes 
identity theft insurance where available. Enclosed please find your additional information about your 
free credit card monitoring.


You can find additional information and FAQs about this incident at our website. If you have further questions, 
you may call us at 866-852-8680.
 
Thank you for your patience and your loyalty. 

Sincerely, 
Insurance Company CEO



Ingalls, Donald R Esq.
Willard Kolmetz
618 W Yakima Ave, Irving,
Dallas, TX, 75062
(willard@hotmail.com)

Dear Willard Kolmetz, 

Similarly, we also have a template for the company's letter: 
Willard Kolmetz
618 W Yakima Ave, Irving,
Dallas, TX, 75062
(willard@hotmail.com)

Dear Willard Kolmetz,
As you may have heard or read, last month we learned that criminals forced their way into our systems, 
and stole information about our customers. Late last week, as part of our ongoing investigation, 
we learned that the taken information includes names, mailing addresses, phone numbers or email addresses. 

I am writing to make you aware that your name, mailing address, phone number or email address may 
have been taken during the intrusion. 

I am truly sorry this incident occurred, and I sincerely regret any inconvenience it may cause you. 

Because we value you as a customer, and because your trust is important to us, our company is 
offering you one year of free credit monitoring through Experian’s ProtectMyID product, which includes 
identity theft insurance where available. Enclosed please find your additional information about your 
free credit card monitoring.


You can find additional information and FAQs about this incident at our website. If you have further questions, 
you may call us at 866-852-8680.
 
Thank you for your patience and your loyalty. 

Sincerely, 
Insurance Company CEO



Franklin, Peter L Esq.
Maryann Royster
74 S Westgate St, Albany,
Albany, NY, 12204
(mroyster@royster.com)

Dear Maryann Royster, 

Similarly, we also have a template for the company's letter: 
Maryann Royster
74 S Westgate St, Albany,
Albany, NY, 12204
(mroyster@royster.com)

Dear Maryann Royster,
As you may have heard or read, last month we learned that criminals forced their way into our systems, 
and stole information about our customers. Late last week, as part of our ongoing investigation, 
we learned that the taken information includes names, mailing addresses, phone numbers or email addresses. 

I am writing to make you aware that your name, mailing address, phone number or email address may 
have been taken during the intrusion. 

I am truly sorry this incident occurred, and I sincerely regret any inconvenience it may cause you. 

Because we value you as a customer, and because your trust is important to us, our company is 
offering you one year of free credit monitoring through Experian’s ProtectMyID product, which includes 
identity theft insurance where available. Enclosed please find your additional information about your 
free credit card monitoring.


You can find additional information and FAQs about this incident at our website. If you have further questions, 
you may call us at 866-852-8680.
 
Thank you for your patience and your loyalty. 

Sincerely, 
Insurance Company CEO



Wtlz Power 107 Fm.
Alisha Slusarski
3273 State St, Middlesex,
Middlesex, NJ, 08846
(alisha@slusarski.com)

Dear Alisha Slusarski, 

Similarly, we also have a template for the company's letter: 
Alisha Slusarski
3273 State St, Middlesex,
Middlesex, NJ, 08846
(alisha@slusarski.com)

Dear Alisha Slusarski,
As you may have heard or read, last month we learned that criminals forced their way into our systems, 
and stole information about our customers. Late last week, as part of our ongoing investigation, 
we learned that the taken information includes names, mailing addresses, phone numbers or email addresses. 

I am writing to make you aware that your name, mailing address, phone number or email address may 
have been taken during the intrusion. 

I am truly sorry this incident occurred, and I sincerely regret any inconvenience it may cause you. 

Because we value you as a customer, and because your trust is important to us, our company is 
offering you one year of free credit monitoring through Experian’s ProtectMyID product, which includes 
identity theft insurance where available. Enclosed please find your additional information about your 
free credit card monitoring.


You can find additional information and FAQs about this incident at our website. If you have further questions, 
you may call us at 866-852-8680.
 
Thank you for your patience and your loyalty. 

Sincerely, 
Insurance Company CEO



Ledecky, David Esq.
Allene Iturbide
1 Central Ave, Stevens Point,
Portage, WI, 54481
(allene_iturbide@cox.net)

Dear Allene Iturbide, 

Similarly, we also have a template for the company's letter: 
Allene Iturbide
1 Central Ave, Stevens Point,
Portage, WI, 54481
(allene_iturbide@cox.net)

Dear Allene Iturbide,
As you may have heard or read, last month we learned that criminals forced their way into our systems, 
and stole information about our customers. Late last week, as part of our ongoing investigation, 
we learned that the taken information includes names, mailing addresses, phone numbers or email addresses. 

I am writing to make you aware that your name, mailing address, phone number or email address may 
have been taken during the intrusion. 

I am truly sorry this incident occurred, and I sincerely regret any inconvenience it may cause you. 

Because we value you as a customer, and because your trust is important to us, our company is 
offering you one year of free credit monitoring through Experian’s ProtectMyID product, which includes 
identity theft insurance where available. Enclosed please find your additional information about your 
free credit card monitoring.


You can find additional information and FAQs about this incident at our website. If you have further questions, 
you may call us at 866-852-8680.
 
Thank you for your patience and your loyalty. 

Sincerely, 
Insurance Company CEO



Professional Image Inc.
Chanel Caudy
86 Nw 66th St #8673, Shawnee,
Johnson, KS, 66218
(chanel.caudy@caudy.org)

Dear Chanel Caudy, 

Similarly, we also have a template for the company's letter: 
Chanel Caudy
86 Nw 66th St #8673, Shawnee,
Johnson, KS, 66218
(chanel.caudy@caudy.org)

Dear Chanel Caudy,
As you may have heard or read, last month we learned that criminals forced their way into our systems, 
and stole information about our customers. Late last week, as part of our ongoing investigation, 
we learned that the taken information includes names, mailing addresses, phone numbers or email addresses. 

I am writing to make you aware that your name, mailing address, phone number or email address may 
have been taken during the intrusion. 

I am truly sorry this incident occurred, and I sincerely regret any inconvenience it may cause you. 

Because we value you as a customer, and because your trust is important to us, our company is 
offering you one year of free credit monitoring through Experian’s ProtectMyID product, which includes 
identity theft insurance where available. Enclosed please find your additional information about your 
free credit card monitoring.


You can find additional information and FAQs about this incident at our website. If you have further questions, 
you may call us at 866-852-8680.
 
Thank you for your patience and your loyalty. 

Sincerely, 
Insurance Company CEO



Sider, Donald C Esq.
Ezekiel Chui
2 Cedar Ave #84, Easton,
Talbot, MD, 21601
(ezekiel@chui.com)

Dear Ezekiel Chui, 

Similarly, we also have a template for the company's letter: 
Ezekiel Chui
2 Cedar Ave #84, Easton,
Talbot, MD, 21601
(ezekiel@chui.com)

Dear Ezekiel Chui,
As you may have heard or read, last month we learned that criminals forced their way into our systems, 
and stole information about our customers. Late last week, as part of our ongoing investigation, 
we learned that the taken information includes names, mailing addresses, phone numbers or email addresses. 

I am writing to make you aware that your name, mailing address, phone number or email address may 
have been taken during the intrusion. 

I am truly sorry this incident occurred, and I sincerely regret any inconvenience it may cause you. 

Because we value you as a customer, and because your trust is important to us, our company is 
offering you one year of free credit monitoring through Experian’s ProtectMyID product, which includes 
identity theft insurance where available. Enclosed please find your additional information about your 
free credit card monitoring.


You can find additional information and FAQs about this incident at our website. If you have further questions, 
you may call us at 866-852-8680.
 
Thank you for your patience and your loyalty. 

Sincerely, 
Insurance Company CEO



U Pull It.
Willow Kusko
90991 Thorburn Ave, New York,
New York, NY, 10011
(wkusko@yahoo.com)

Dear Willow Kusko, 

Similarly, we also have a template for the company's letter: 
Willow Kusko
90991 Thorburn Ave, New York,
New York, NY, 10011
(wkusko@yahoo.com)

Dear Willow Kusko,
As you may have heard or read, last month we learned that criminals forced their way into our systems, 
and stole information about our customers. Late last week, as part of our ongoing investigation, 
we learned that the taken information includes names, mailing addresses, phone numbers or email addresses. 

I am writing to make you aware that your name, mailing address, phone number or email address may 
have been taken during the intrusion. 

I am truly sorry this incident occurred, and I sincerely regret any inconvenience it may cause you. 

Because we value you as a customer, and because your trust is important to us, our company is 
offering you one year of free credit monitoring through Experian’s ProtectMyID product, which includes 
identity theft insurance where available. Enclosed please find your additional information about your 
free credit card monitoring.


You can find additional information and FAQs about this incident at our website. If you have further questions, 
you may call us at 866-852-8680.
 
Thank you for your patience and your loyalty. 

Sincerely, 
Insurance Company CEO



Clark, Richard Cpa.
Bernardo Figeroa
386 9th Ave N, Conroe,
Montgomery, TX, 77301
(bfigeroa@aol.com)

Dear Bernardo Figeroa, 

Similarly, we also have a template for the company's letter: 
Bernardo Figeroa
386 9th Ave N, Conroe,
Montgomery, TX, 77301
(bfigeroa@aol.com)

Dear Bernardo Figeroa,
As you may have heard or read, last month we learned that criminals forced their way into our systems, 
and stole information about our customers. Late last week, as part of our ongoing investigation, 
we learned that the taken information includes names, mailing addresses, phone numbers or email addresses. 

I am writing to make you aware that your name, mailing address, phone number or email address may 
have been taken during the intrusion. 

I am truly sorry this incident occurred, and I sincerely regret any inconvenience it may cause you. 

Because we value you as a customer, and because your trust is important to us, our company is 
offering you one year of free credit monitoring through Experian’s ProtectMyID product, which includes 
identity theft insurance where available. Enclosed please find your additional information about your 
free credit card monitoring.


You can find additional information and FAQs about this incident at our website. If you have further questions, 
you may call us at 866-852-8680.
 
Thank you for your patience and your loyalty. 

Sincerely, 
Insurance Company CEO



Moskowitz, Barry S.
Ammie Corrio
74874 Atlantic Ave, Columbus,
Franklin, OH, 43215
(ammie@corrio.com)

Dear Ammie Corrio, 

Similarly, we also have a template for the company's letter: 
Ammie Corrio
74874 Atlantic Ave, Columbus,
Franklin, OH, 43215
(ammie@corrio.com)

Dear Ammie Corrio,
As you may have heard or read, last month we learned that criminals forced their way into our systems, 
and stole information about our customers. Late last week, as part of our ongoing investigation, 
we learned that the taken information includes names, mailing addresses, phone numbers or email addresses. 

I am writing to make you aware that your name, mailing address, phone number or email address may 
have been taken during the intrusion. 

I am truly sorry this incident occurred, and I sincerely regret any inconvenience it may cause you. 

Because we value you as a customer, and because your trust is important to us, our company is 
offering you one year of free credit monitoring through Experian’s ProtectMyID product, which includes 
identity theft insurance where available. Enclosed please find your additional information about your 
free credit card monitoring.


You can find additional information and FAQs about this incident at our website. If you have further questions, 
you may call us at 866-852-8680.
 
Thank you for your patience and your loyalty. 

Sincerely, 
Insurance Company CEO



Cascade Realty Advisors Inc.
Francine Vocelka
366 South Dr, Las Cruces,
Dona Ana, NM, 88011
(francine_vocelka@vocelka.com)

Dear Francine Vocelka, 

Similarly, we also have a template for the company's letter: 
Francine Vocelka
366 South Dr, Las Cruces,
Dona Ana, NM, 88011
(francine_vocelka@vocelka.com)

Dear Francine Vocelka,
As you may have heard or read, last month we learned that criminals forced their way into our systems, 
and stole information about our customers. Late last week, as part of our ongoing investigation, 
we learned that the taken information includes names, mailing addresses, phone numbers or email addresses. 

I am writing to make you aware that your name, mailing address, phone number or email address may 
have been taken during the intrusion. 

I am truly sorry this incident occurred, and I sincerely regret any inconvenience it may cause you. 

Because we value you as a customer, and because your trust is important to us, our company is 
offering you one year of free credit monitoring through Experian’s ProtectMyID product, which includes 
identity theft insurance where available. Enclosed please find your additional information about your 
free credit card monitoring.


You can find additional information and FAQs about this incident at our website. If you have further questions, 
you may call us at 866-852-8680.
 
Thank you for your patience and your loyalty. 

Sincerely, 
Insurance Company CEO



Knwz Newsradio.
Ernie Stenseth
45 E Liberty St, Ridgefield Park,
Bergen, NJ, 07660
(ernie_stenseth@aol.com)

Dear Ernie Stenseth, 

Similarly, we also have a template for the company's letter: 
Ernie Stenseth
45 E Liberty St, Ridgefield Park,
Bergen, NJ, 07660
(ernie_stenseth@aol.com)

Dear Ernie Stenseth,
As you may have heard or read, last month we learned that criminals forced their way into our systems, 
and stole information about our customers. Late last week, as part of our ongoing investigation, 
we learned that the taken information includes names, mailing addresses, phone numbers or email addresses. 

I am writing to make you aware that your name, mailing address, phone number or email address may 
have been taken during the intrusion. 

I am truly sorry this incident occurred, and I sincerely regret any inconvenience it may cause you. 

Because we value you as a customer, and because your trust is important to us, our company is 
offering you one year of free credit monitoring through Experian’s ProtectMyID product, which includes 
identity theft insurance where available. Enclosed please find your additional information about your 
free credit card monitoring.


You can find additional information and FAQs about this incident at our website. If you have further questions, 
you may call us at 866-852-8680.
 
Thank you for your patience and your loyalty. 

Sincerely, 
Insurance Company CEO



Giampetro, Anthony D.
Albina Glick
4 Ralph Ct, Dunellen,
Middlesex, NJ, 08812
(albina@glick.com)

Dear Albina Glick, 

Similarly, we also have a template for the company's letter: 
Albina Glick
4 Ralph Ct, Dunellen,
Middlesex, NJ, 08812
(albina@glick.com)

Dear Albina Glick,
As you may have heard or read, last month we learned that criminals forced their way into our systems, 
and stole information about our customers. Late last week, as part of our ongoing investigation, 
we learned that the taken information includes names, mailing addresses, phone numbers or email addresses. 

I am writing to make you aware that your name, mailing address, phone number or email address may 
have been taken during the intrusion. 

I am truly sorry this incident occurred, and I sincerely regret any inconvenience it may cause you. 

Because we value you as a customer, and because your trust is important to us, our company is 
offering you one year of free credit monitoring through Experian’s ProtectMyID product, which includes 
identity theft insurance where available. Enclosed please find your additional information about your 
free credit card monitoring.


You can find additional information and FAQs about this incident at our website. If you have further questions, 
you may call us at 866-852-8680.
 
Thank you for your patience and your loyalty. 

Sincerely, 
Insurance Company CEO



Milford Enterprises Inc.
Alishia Sergi
2742 Distribution Way, New York,
New York, NY, 10025
(asergi@gmail.com)

Dear Alishia Sergi, 

Similarly, we also have a template for the company's letter: 
Alishia Sergi
2742 Distribution Way, New York,
New York, NY, 10025
(asergi@gmail.com)

Dear Alishia Sergi,
As you may have heard or read, last month we learned that criminals forced their way into our systems, 
and stole information about our customers. Late last week, as part of our ongoing investigation, 
we learned that the taken information includes names, mailing addresses, phone numbers or email addresses. 

I am writing to make you aware that your name, mailing address, phone number or email address may 
have been taken during the intrusion. 

I am truly sorry this incident occurred, and I sincerely regret any inconvenience it may cause you. 

Because we value you as a customer, and because your trust is important to us, our company is 
offering you one year of free credit monitoring through Experian’s ProtectMyID product, which includes 
identity theft insurance where available. Enclosed please find your additional information about your 
free credit card monitoring.


You can find additional information and FAQs about this incident at our website. If you have further questions, 
you may call us at 866-852-8680.
 
Thank you for your patience and your loyalty. 

Sincerely, 
Insurance Company CEO



Mosocco, Ronald A.
Solange Shinko
426 Wolf St, Metairie,
Jefferson, LA, 70002
(solange@shinko.com)

Dear Solange Shinko, 

Similarly, we also have a template for the company's letter: 
Solange Shinko
426 Wolf St, Metairie,
Jefferson, LA, 70002
(solange@shinko.com)

Dear Solange Shinko,
As you may have heard or read, last month we learned that criminals forced their way into our systems, 
and stole information about our customers. Late last week, as part of our ongoing investigation, 
we learned that the taken information includes names, mailing addresses, phone numbers or email addresses. 

I am writing to make you aware that your name, mailing address, phone number or email address may 
have been taken during the intrusion. 

I am truly sorry this incident occurred, and I sincerely regret any inconvenience it may cause you. 

Because we value you as a customer, and because your trust is important to us, our company is 
offering you one year of free credit monitoring through Experian’s ProtectMyID product, which includes 
identity theft insurance where available. Enclosed please find your additional information about your 
free credit card monitoring.


You can find additional information and FAQs about this incident at our website. If you have further questions, 
you may call us at 866-852-8680.
 
Thank you for your patience and your loyalty. 

Sincerely, 
Insurance Company CEO



Tri State Refueler Co.
Jose Stockham
128 Bransten Rd, New York,
New York, NY, 10011
(jose@yahoo.com)

Dear Jose Stockham, 

Similarly, we also have a template for the company's letter: 
Jose Stockham
128 Bransten Rd, New York,
New York, NY, 10011
(jose@yahoo.com)

Dear Jose Stockham,
As you may have heard or read, last month we learned that criminals forced their way into our systems, 
and stole information about our customers. Late last week, as part of our ongoing investigation, 
we learned that the taken information includes names, mailing addresses, phone numbers or email addresses. 

I am writing to make you aware that your name, mailing address, phone number or email address may 
have been taken during the intrusion. 

I am truly sorry this incident occurred, and I sincerely regret any inconvenience it may cause you. 

Because we value you as a customer, and because your trust is important to us, our company is 
offering you one year of free credit monitoring through Experian’s ProtectMyID product, which includes 
identity theft insurance where available. Enclosed please find your additional information about your 
free credit card monitoring.


You can find additional information and FAQs about this incident at our website. If you have further questions, 
you may call us at 866-852-8680.
 
Thank you for your patience and your loyalty. 

Sincerely, 
Insurance Company CEO



Parkway Company.
Rozella Ostrosky
17 Morena Blvd, Camarillo,
Ventura, CA, 93012
(rozella.ostrosky@ostrosky.com)

Dear Rozella Ostrosky, 

Similarly, we also have a template for the company's letter: 
Rozella Ostrosky
17 Morena Blvd, Camarillo,
Ventura, CA, 93012
(rozella.ostrosky@ostrosky.com)

Dear Rozella Ostrosky,
As you may have heard or read, last month we learned that criminals forced their way into our systems, 
and stole information about our customers. Late last week, as part of our ongoing investigation, 
we learned that the taken information includes names, mailing addresses, phone numbers or email addresses. 

I am writing to make you aware that your name, mailing address, phone number or email address may 
have been taken during the intrusion. 

I am truly sorry this incident occurred, and I sincerely regret any inconvenience it may cause you. 

Because we value you as a customer, and because your trust is important to us, our company is 
offering you one year of free credit monitoring through Experian’s ProtectMyID product, which includes 
identity theft insurance where available. Enclosed please find your additional information about your 
free credit card monitoring.


You can find additional information and FAQs about this incident at our website. If you have further questions, 
you may call us at 866-852-8680.
 
Thank you for your patience and your loyalty. 

Sincerely, 
Insurance Company CEO



Fbs Business Finance.
Valentine Gillian
775 W 17th St, San Antonio,
Bexar, TX, 78204
(valentine_gillian@gmail.com)

Dear Valentine Gillian, 

Similarly, we also have a template for the company's letter: 
Valentine Gillian
775 W 17th St, San Antonio,
Bexar, TX, 78204
(valentine_gillian@gmail.com)

Dear Valentine Gillian,
As you may have heard or read, last month we learned that criminals forced their way into our systems, 
and stole information about our customers. Late last week, as part of our ongoing investigation, 
we learned that the taken information includes names, mailing addresses, phone numbers or email addresses. 

I am writing to make you aware that your name, mailing address, phone number or email address may 
have been taken during the intrusion. 

I am truly sorry this incident occurred, and I sincerely regret any inconvenience it may cause you. 

Because we value you as a customer, and because your trust is important to us, our company is 
offering you one year of free credit monitoring through Experian’s ProtectMyID product, which includes 
identity theft insurance where available. Enclosed please find your additional information about your 
free credit card monitoring.


You can find additional information and FAQs about this incident at our website. If you have further questions, 
you may call us at 866-852-8680.
 
Thank you for your patience and your loyalty. 

Sincerely, 
Insurance Company CEO



Eder Assocs Consltng Engrs Pc.
Kati Rulapaugh
6980 Dorsett Rd, Abilene,
Dickinson, KS, 67410
(kati.rulapaugh@hotmail.com)

Dear Kati Rulapaugh, 

Similarly, we also have a template for the company's letter: 
Kati Rulapaugh
6980 Dorsett Rd, Abilene,
Dickinson, KS, 67410
(kati.rulapaugh@hotmail.com)

Dear Kati Rulapaugh,
As you may have heard or read, last month we learned that criminals forced their way into our systems, 
and stole information about our customers. Late last week, as part of our ongoing investigation, 
we learned that the taken information includes names, mailing addresses, phone numbers or email addresses. 

I am writing to make you aware that your name, mailing address, phone number or email address may 
have been taken during the intrusion. 

I am truly sorry this incident occurred, and I sincerely regret any inconvenience it may cause you. 

Because we value you as a customer, and because your trust is important to us, our company is 
offering you one year of free credit monitoring through Experian’s ProtectMyID product, which includes 
identity theft insurance where available. Enclosed please find your additional information about your 
free credit card monitoring.


You can find additional information and FAQs about this incident at our website. If you have further questions, 
you may call us at 866-852-8680.
 
Thank you for your patience and your loyalty. 

Sincerely, 
Insurance Company CEO



Tri M Tool Inc.
Youlanda Schemmer
2881 Lewis Rd, Prineville,
Crook, OR, 97754
(youlanda@aol.com)

Dear Youlanda Schemmer, 

Similarly, we also have a template for the company's letter: 
Youlanda Schemmer
2881 Lewis Rd, Prineville,
Crook, OR, 97754
(youlanda@aol.com)

Dear Youlanda Schemmer,
As you may have heard or read, last month we learned that criminals forced their way into our systems, 
and stole information about our customers. Late last week, as part of our ongoing investigation, 
we learned that the taken information includes names, mailing addresses, phone numbers or email addresses. 

I am writing to make you aware that your name, mailing address, phone number or email address may 
have been taken during the intrusion. 

I am truly sorry this incident occurred, and I sincerely regret any inconvenience it may cause you. 

Because we value you as a customer, and because your trust is important to us, our company is 
offering you one year of free credit monitoring through Experian’s ProtectMyID product, which includes 
identity theft insurance where available. Enclosed please find your additional information about your 
free credit card monitoring.


You can find additional information and FAQs about this incident at our website. If you have further questions, 
you may call us at 866-852-8680.
 
Thank you for your patience and your loyalty. 

Sincerely, 
Insurance Company CEO



International Eyelets Inc.
Dyan Oldroyd
7219 Woodfield Rd, Overland Park,
Johnson, KS, 66204
(doldroyd@aol.com)

Dear Dyan Oldroyd, 

Similarly, we also have a template for the company's letter: 
Dyan Oldroyd
7219 Woodfield Rd, Overland Park,
Johnson, KS, 66204
(doldroyd@aol.com)

Dear Dyan Oldroyd,
As you may have heard or read, last month we learned that criminals forced their way into our systems, 
and stole information about our customers. Late last week, as part of our ongoing investigation, 
we learned that the taken information includes names, mailing addresses, phone numbers or email addresses. 

I am writing to make you aware that your name, mailing address, phone number or email address may 
have been taken during the intrusion. 

I am truly sorry this incident occurred, and I sincerely regret any inconvenience it may cause you. 

Because we value you as a customer, and because your trust is important to us, our company is 
offering you one year of free credit monitoring through Experian’s ProtectMyID product, which includes 
identity theft insurance where available. Enclosed please find your additional information about your 
free credit card monitoring.


You can find additional information and FAQs about this incident at our website. If you have further questions, 
you may call us at 866-852-8680.
 
Thank you for your patience and your loyalty. 

Sincerely, 
Insurance Company CEO



Rapid Trading Intl.
Roxane Campain
1048 Main St, Fairbanks,
Fairbanks North Star, AK, 99708
(roxane@hotmail.com)

Dear Roxane Campain, 

Similarly, we also have a template for the company's letter: 
Roxane Campain
1048 Main St, Fairbanks,
Fairbanks North Star, AK, 99708
(roxane@hotmail.com)

Dear Roxane Campain,
As you may have heard or read, last month we learned that criminals forced their way into our systems, 
and stole information about our customers. Late last week, as part of our ongoing investigation, 
we learned that the taken information includes names, mailing addresses, phone numbers or email addresses. 

I am writing to make you aware that your name, mailing address, phone number or email address may 
have been taken during the intrusion. 

I am truly sorry this incident occurred, and I sincerely regret any inconvenience it may cause you. 

Because we value you as a customer, and because your trust is important to us, our company is 
offering you one year of free credit monitoring through Experian’s ProtectMyID product, which includes 
identity theft insurance where available. Enclosed please find your additional information about your 
free credit card monitoring.


You can find additional information and FAQs about this incident at our website. If you have further questions, 
you may call us at 866-852-8680.
 
Thank you for your patience and your loyalty. 

Sincerely, 
Insurance Company CEO



Abc Enterprises Inc.
Lavera Perin
678 3rd Ave, Miami,
Miami-Dade, FL, 33196
(lperin@perin.org)

Dear Lavera Perin, 

Similarly, we also have a template for the company's letter: 
Lavera Perin
678 3rd Ave, Miami,
Miami-Dade, FL, 33196
(lperin@perin.org)

Dear Lavera Perin,
As you may have heard or read, last month we learned that criminals forced their way into our systems, 
and stole information about our customers. Late last week, as part of our ongoing investigation, 
we learned that the taken information includes names, mailing addresses, phone numbers or email addresses. 

I am writing to make you aware that your name, mailing address, phone number or email address may 
have been taken during the intrusion. 

I am truly sorry this incident occurred, and I sincerely regret any inconvenience it may cause you. 

Because we value you as a customer, and because your trust is important to us, our company is 
offering you one year of free credit monitoring through Experian’s ProtectMyID product, which includes 
identity theft insurance where available. Enclosed please find your additional information about your 
free credit card monitoring.


You can find additional information and FAQs about this incident at our website. If you have further questions, 
you may call us at 866-852-8680.
 
Thank you for your patience and your loyalty. 

Sincerely, 
Insurance Company CEO



Cindy Turner Associates.
Erick Ferencz
20 S Babcock St, Fairbanks,
Fairbanks North Star, AK, 99712
(erick.ferencz@aol.com)

Dear Erick Ferencz, 

Similarly, we also have a template for the company's letter: 
Erick Ferencz
20 S Babcock St, Fairbanks,
Fairbanks North Star, AK, 99712
(erick.ferencz@aol.com)

Dear Erick Ferencz,
As you may have heard or read, last month we learned that criminals forced their way into our systems, 
and stole information about our customers. Late last week, as part of our ongoing investigation, 
we learned that the taken information includes names, mailing addresses, phone numbers or email addresses. 

I am writing to make you aware that your name, mailing address, phone number or email address may 
have been taken during the intrusion. 

I am truly sorry this incident occurred, and I sincerely regret any inconvenience it may cause you. 

Because we value you as a customer, and because your trust is important to us, our company is 
offering you one year of free credit monitoring through Experian’s ProtectMyID product, which includes 
identity theft insurance where available. Enclosed please find your additional information about your 
free credit card monitoring.


You can find additional information and FAQs about this incident at our website. If you have further questions, 
you may call us at 866-852-8680.
 
Thank you for your patience and your loyalty. 

Sincerely, 
Insurance Company CEO



Stanton, James D Esq.
Fatima Saylors
2 Lighthouse Ave, Hopkins,
Hennepin, MN, 55343
(fsaylors@saylors.org)

Dear Fatima Saylors, 

Similarly, we also have a template for the company's letter: 
Fatima Saylors
2 Lighthouse Ave, Hopkins,
Hennepin, MN, 55343
(fsaylors@saylors.org)

Dear Fatima Saylors,
As you may have heard or read, last month we learned that criminals forced their way into our systems, 
and stole information about our customers. Late last week, as part of our ongoing investigation, 
we learned that the taken information includes names, mailing addresses, phone numbers or email addresses. 

I am writing to make you aware that your name, mailing address, phone number or email address may 
have been taken during the intrusion. 

I am truly sorry this incident occurred, and I sincerely regret any inconvenience it may cause you. 

Because we value you as a customer, and because your trust is important to us, our company is 
offering you one year of free credit monitoring through Experian’s ProtectMyID product, which includes 
identity theft insurance where available. Enclosed please find your additional information about your 
free credit card monitoring.


You can find additional information and FAQs about this incident at our website. If you have further questions, 
you may call us at 866-852-8680.
 
Thank you for your patience and your loyalty. 

Sincerely, 
Insurance Company CEO



Grace Pastries Inc.
Jina Briddick
38938 Park Blvd, Boston,
Suffolk, MA, 02128
(jina_briddick@briddick.com)

Dear Jina Briddick, 

Similarly, we also have a template for the company's letter: 
Jina Briddick
38938 Park Blvd, Boston,
Suffolk, MA, 02128
(jina_briddick@briddick.com)

Dear Jina Briddick,
As you may have heard or read, last month we learned that criminals forced their way into our systems, 
and stole information about our customers. Late last week, as part of our ongoing investigation, 
we learned that the taken information includes names, mailing addresses, phone numbers or email addresses. 

I am writing to make you aware that your name, mailing address, phone number or email address may 
have been taken during the intrusion. 

I am truly sorry this incident occurred, and I sincerely regret any inconvenience it may cause you. 

Because we value you as a customer, and because your trust is important to us, our company is 
offering you one year of free credit monitoring through Experian’s ProtectMyID product, which includes 
identity theft insurance where available. Enclosed please find your additional information about your 
free credit card monitoring.


You can find additional information and FAQs about this incident at our website. If you have further questions, 
you may call us at 866-852-8680.
 
Thank you for your patience and your loyalty. 

Sincerely, 
Insurance Company CEO



Schroer, Gene E Esq.
Kanisha Waycott
5 Tomahawk Dr, Los Angeles,
Los Angeles, CA, 90006
(kanisha_waycott@yahoo.com)

Dear Kanisha Waycott, 

Similarly, we also have a template for the company's letter: 
Kanisha Waycott
5 Tomahawk Dr, Los Angeles,
Los Angeles, CA, 90006
(kanisha_waycott@yahoo.com)

Dear Kanisha Waycott,
As you may have heard or read, last month we learned that criminals forced their way into our systems, 
and stole information about our customers. Late last week, as part of our ongoing investigation, 
we learned that the taken information includes names, mailing addresses, phone numbers or email addresses. 

I am writing to make you aware that your name, mailing address, phone number or email address may 
have been taken during the intrusion. 

I am truly sorry this incident occurred, and I sincerely regret any inconvenience it may cause you. 

Because we value you as a customer, and because your trust is important to us, our company is 
offering you one year of free credit monitoring through Experian’s ProtectMyID product, which includes 
identity theft insurance where available. Enclosed please find your additional information about your 
free credit card monitoring.


You can find additional information and FAQs about this incident at our website. If you have further questions, 
you may call us at 866-852-8680.
 
Thank you for your patience and your loyalty. 

Sincerely, 
Insurance Company CEO



Knights Inn.
Emerson Bowley
762 S Main St, Madison,
Dane, WI, 53711
(emerson.bowley@bowley.org)

Dear Emerson Bowley, 

Similarly, we also have a template for the company's letter: 
Emerson Bowley
762 S Main St, Madison,
Dane, WI, 53711
(emerson.bowley@bowley.org)

Dear Emerson Bowley,
As you may have heard or read, last month we learned that criminals forced their way into our systems, 
and stole information about our customers. Late last week, as part of our ongoing investigation, 
we learned that the taken information includes names, mailing addresses, phone numbers or email addresses. 

I am writing to make you aware that your name, mailing address, phone number or email address may 
have been taken during the intrusion. 

I am truly sorry this incident occurred, and I sincerely regret any inconvenience it may cause you. 

Because we value you as a customer, and because your trust is important to us, our company is 
offering you one year of free credit monitoring through Experian’s ProtectMyID product, which includes 
identity theft insurance where available. Enclosed please find your additional information about your 
free credit card monitoring.


You can find additional information and FAQs about this incident at our website. If you have further questions, 
you may call us at 866-852-8680.
 
Thank you for your patience and your loyalty. 

Sincerely, 
Insurance Company CEO



Bollinger Mach Shp & Shipyard.
Blair Malet
209 Decker Dr, Philadelphia,
Philadelphia, PA, 19132
(bmalet@yahoo.com)

Dear Blair Malet, 

Similarly, we also have a template for the company's letter: 
Blair Malet
209 Decker Dr, Philadelphia,
Philadelphia, PA, 19132
(bmalet@yahoo.com)

Dear Blair Malet,
As you may have heard or read, last month we learned that criminals forced their way into our systems, 
and stole information about our customers. Late last week, as part of our ongoing investigation, 
we learned that the taken information includes names, mailing addresses, phone numbers or email addresses. 

I am writing to make you aware that your name, mailing address, phone number or email address may 
have been taken during the intrusion. 

I am truly sorry this incident occurred, and I sincerely regret any inconvenience it may cause you. 

Because we value you as a customer, and because your trust is important to us, our company is 
offering you one year of free credit monitoring through Experian’s ProtectMyID product, which includes 
identity theft insurance where available. Enclosed please find your additional information about your 
free credit card monitoring.


You can find additional information and FAQs about this incident at our website. If you have further questions, 
you may call us at 866-852-8680.
 
Thank you for your patience and your loyalty. 

Sincerely, 
Insurance Company CEO



Orinda News.
Brock Bolognia
4486 W O St #1, New York,
New York, NY, 10003
(bbolognia@yahoo.com)

Dear Brock Bolognia, 

Similarly, we also have a template for the company's letter: 
Brock Bolognia
4486 W O St #1, New York,
New York, NY, 10003
(bbolognia@yahoo.com)

Dear Brock Bolognia,
As you may have heard or read, last month we learned that criminals forced their way into our systems, 
and stole information about our customers. Late last week, as part of our ongoing investigation, 
we learned that the taken information includes names, mailing addresses, phone numbers or email addresses. 

I am writing to make you aware that your name, mailing address, phone number or email address may 
have been taken during the intrusion. 

I am truly sorry this incident occurred, and I sincerely regret any inconvenience it may cause you. 

Because we value you as a customer, and because your trust is important to us, our company is 
offering you one year of free credit monitoring through Experian’s ProtectMyID product, which includes 
identity theft insurance where available. Enclosed please find your additional information about your 
free credit card monitoring.


You can find additional information and FAQs about this incident at our website. If you have further questions, 
you may call us at 866-852-8680.
 
Thank you for your patience and your loyalty. 

Sincerely, 
Insurance Company CEO



Ballard Spahr Andrews.
Lorrie Nestle
39 S 7th St, Tullahoma,
Coffee, TN, 37388
(lnestle@hotmail.com)

Dear Lorrie Nestle, 

Similarly, we also have a template for the company's letter: 
Lorrie Nestle
39 S 7th St, Tullahoma,
Coffee, TN, 37388
(lnestle@hotmail.com)

Dear Lorrie Nestle,
As you may have heard or read, last month we learned that criminals forced their way into our systems, 
and stole information about our customers. Late last week, as part of our ongoing investigation, 
we learned that the taken information includes names, mailing addresses, phone numbers or email addresses. 

I am writing to make you aware that your name, mailing address, phone number or email address may 
have been taken during the intrusion. 

I am truly sorry this incident occurred, and I sincerely regret any inconvenience it may cause you. 

Because we value you as a customer, and because your trust is important to us, our company is 
offering you one year of free credit monitoring through Experian’s ProtectMyID product, which includes 
identity theft insurance where available. Enclosed please find your additional information about your 
free credit card monitoring.


You can find additional information and FAQs about this incident at our website. If you have further questions, 
you may call us at 866-852-8680.
 
Thank you for your patience and your loyalty. 

Sincerely, 
Insurance Company CEO



Lowy Limousine Service.
Sabra Uyetake
98839 Hawthorne Blvd #6101, Columbia,
Richland, SC, 29201
(sabra@uyetake.org)

Dear Sabra Uyetake, 

Similarly, we also have a template for the company's letter: 
Sabra Uyetake
98839 Hawthorne Blvd #6101, Columbia,
Richland, SC, 29201
(sabra@uyetake.org)

Dear Sabra Uyetake,
As you may have heard or read, last month we learned that criminals forced their way into our systems, 
and stole information about our customers. Late last week, as part of our ongoing investigation, 
we learned that the taken information includes names, mailing addresses, phone numbers or email addresses. 

I am writing to make you aware that your name, mailing address, phone number or email address may 
have been taken during the intrusion. 

I am truly sorry this incident occurred, and I sincerely regret any inconvenience it may cause you. 

Because we value you as a customer, and because your trust is important to us, our company is 
offering you one year of free credit monitoring through Experian’s ProtectMyID product, which includes 
identity theft insurance where available. Enclosed please find your additional information about your 
free credit card monitoring.


You can find additional information and FAQs about this incident at our website. If you have further questions, 
you may call us at 866-852-8680.
 
Thank you for your patience and your loyalty. 

Sincerely, 
Insurance Company CEO



Vicon Corporation.
Marjory Mastella
71 San Mateo Ave, Wayne,
Delaware, PA, 19087
(mmastella@mastella.com)

Dear Marjory Mastella, 

Similarly, we also have a template for the company's letter: 
Marjory Mastella
71 San Mateo Ave, Wayne,
Delaware, PA, 19087
(mmastella@mastella.com)

Dear Marjory Mastella,
As you may have heard or read, last month we learned that criminals forced their way into our systems, 
and stole information about our customers. Late last week, as part of our ongoing investigation, 
we learned that the taken information includes names, mailing addresses, phone numbers or email addresses. 

I am writing to make you aware that your name, mailing address, phone number or email address may 
have been taken during the intrusion. 

I am truly sorry this incident occurred, and I sincerely regret any inconvenience it may cause you. 

Because we value you as a customer, and because your trust is important to us, our company is 
offering you one year of free credit monitoring through Experian’s ProtectMyID product, which includes 
identity theft insurance where available. Enclosed please find your additional information about your 
free credit card monitoring.


You can find additional information and FAQs about this incident at our website. If you have further questions, 
you may call us at 866-852-8680.
 
Thank you for your patience and your loyalty. 

Sincerely, 
Insurance Company CEO



Rossi, Michael M.
Karl Klonowski
76 Brooks St #9, Flemington,
Hunterdon, NJ, 08822
(karl_klonowski@yahoo.com)

Dear Karl Klonowski, 

Similarly, we also have a template for the company's letter: 
Karl Klonowski
76 Brooks St #9, Flemington,
Hunterdon, NJ, 08822
(karl_klonowski@yahoo.com)

Dear Karl Klonowski,
As you may have heard or read, last month we learned that criminals forced their way into our systems, 
and stole information about our customers. Late last week, as part of our ongoing investigation, 
we learned that the taken information includes names, mailing addresses, phone numbers or email addresses. 

I am writing to make you aware that your name, mailing address, phone number or email address may 
have been taken during the intrusion. 

I am truly sorry this incident occurred, and I sincerely regret any inconvenience it may cause you. 

Because we value you as a customer, and because your trust is important to us, our company is 
offering you one year of free credit monitoring through Experian’s ProtectMyID product, which includes 
identity theft insurance where available. Enclosed please find your additional information about your 
free credit card monitoring.


You can find additional information and FAQs about this incident at our website. If you have further questions, 
you may call us at 866-852-8680.
 
Thank you for your patience and your loyalty. 

Sincerely, 
Insurance Company CEO



Northwest Publishing.
Tonette Wenner
4545 Courthouse Rd, Westbury,
Nassau, NY, 11590
(twenner@aol.com)

Dear Tonette Wenner, 

Similarly, we also have a template for the company's letter: 
Tonette Wenner
4545 Courthouse Rd, Westbury,
Nassau, NY, 11590
(twenner@aol.com)

Dear Tonette Wenner,
As you may have heard or read, last month we learned that criminals forced their way into our systems, 
and stole information about our customers. Late last week, as part of our ongoing investigation, 
we learned that the taken information includes names, mailing addresses, phone numbers or email addresses. 

I am writing to make you aware that your name, mailing address, phone number or email address may 
have been taken during the intrusion. 

I am truly sorry this incident occurred, and I sincerely regret any inconvenience it may cause you. 

Because we value you as a customer, and because your trust is important to us, our company is 
offering you one year of free credit monitoring through Experian’s ProtectMyID product, which includes 
identity theft insurance where available. Enclosed please find your additional information about your 
free credit card monitoring.


You can find additional information and FAQs about this incident at our website. If you have further questions, 
you may call us at 866-852-8680.
 
Thank you for your patience and your loyalty. 

Sincerely, 
Insurance Company CEO



Branford Wire & Mfg Co.
Amber Monarrez
14288 Foster Ave #4121, Jenkintown,
Montgomery, PA, 19046
(amber_monarrez@monarrez.org)

Dear Amber Monarrez, 

Similarly, we also have a template for the company's letter: 
Amber Monarrez
14288 Foster Ave #4121, Jenkintown,
Montgomery, PA, 19046
(amber_monarrez@monarrez.org)

Dear Amber Monarrez,
As you may have heard or read, last month we learned that criminals forced their way into our systems, 
and stole information about our customers. Late last week, as part of our ongoing investigation, 
we learned that the taken information includes names, mailing addresses, phone numbers or email addresses. 

I am writing to make you aware that your name, mailing address, phone number or email address may 
have been taken during the intrusion. 

I am truly sorry this incident occurred, and I sincerely regret any inconvenience it may cause you. 

Because we value you as a customer, and because your trust is important to us, our company is 
offering you one year of free credit monitoring through Experian’s ProtectMyID product, which includes 
identity theft insurance where available. Enclosed please find your additional information about your 
free credit card monitoring.


You can find additional information and FAQs about this incident at our website. If you have further questions, 
you may call us at 866-852-8680.
 
Thank you for your patience and your loyalty. 

Sincerely, 
Insurance Company CEO



East Coast Marketing.
Shenika Seewald
4 Otis St, Van Nuys,
Los Angeles, CA, 91405
(shenika@gmail.com)

Dear Shenika Seewald, 

Similarly, we also have a template for the company's letter: 
Shenika Seewald
4 Otis St, Van Nuys,
Los Angeles, CA, 91405
(shenika@gmail.com)

Dear Shenika Seewald,
As you may have heard or read, last month we learned that criminals forced their way into our systems, 
and stole information about our customers. Late last week, as part of our ongoing investigation, 
we learned that the taken information includes names, mailing addresses, phone numbers or email addresses. 

I am writing to make you aware that your name, mailing address, phone number or email address may 
have been taken during the intrusion. 

I am truly sorry this incident occurred, and I sincerely regret any inconvenience it may cause you. 

Because we value you as a customer, and because your trust is important to us, our company is 
offering you one year of free credit monitoring through Experian’s ProtectMyID product, which includes 
identity theft insurance where available. Enclosed please find your additional information about your 
free credit card monitoring.


You can find additional information and FAQs about this incident at our website. If you have further questions, 
you may call us at 866-852-8680.
 
Thank you for your patience and your loyalty. 

Sincerely, 
Insurance Company CEO



Wye Technologies Inc.
Delmy Ahle
65895 S 16th St, Providence,
Providence, RI, 02909
(delmy.ahle@hotmail.com)

Dear Delmy Ahle, 

Similarly, we also have a template for the company's letter: 
Delmy Ahle
65895 S 16th St, Providence,
Providence, RI, 02909
(delmy.ahle@hotmail.com)

Dear Delmy Ahle,
As you may have heard or read, last month we learned that criminals forced their way into our systems, 
and stole information about our customers. Late last week, as part of our ongoing investigation, 
we learned that the taken information includes names, mailing addresses, phone numbers or email addresses. 

I am writing to make you aware that your name, mailing address, phone number or email address may 
have been taken during the intrusion. 

I am truly sorry this incident occurred, and I sincerely regret any inconvenience it may cause you. 

Because we value you as a customer, and because your trust is important to us, our company is 
offering you one year of free credit monitoring through Experian’s ProtectMyID product, which includes 
identity theft insurance where available. Enclosed please find your additional information about your 
free credit card monitoring.


You can find additional information and FAQs about this incident at our website. If you have further questions, 
you may call us at 866-852-8680.
 
Thank you for your patience and your loyalty. 

Sincerely, 
Insurance Company CEO



Healy, George W Iv.
Deeanna Juhas
14302 Pennsylvania Ave, Huntingdon Valley,
Montgomery, PA, 19006
(deeanna_juhas@gmail.com)

Dear Deeanna Juhas, 

Similarly, we also have a template for the company's letter: 
Deeanna Juhas
14302 Pennsylvania Ave, Huntingdon Valley,
Montgomery, PA, 19006
(deeanna_juhas@gmail.com)

Dear Deeanna Juhas,
As you may have heard or read, last month we learned that criminals forced their way into our systems, 
and stole information about our customers. Late last week, as part of our ongoing investigation, 
we learned that the taken information includes names, mailing addresses, phone numbers or email addresses. 

I am writing to make you aware that your name, mailing address, phone number or email address may 
have been taken during the intrusion. 

I am truly sorry this incident occurred, and I sincerely regret any inconvenience it may cause you. 

Because we value you as a customer, and because your trust is important to us, our company is 
offering you one year of free credit monitoring through Experian’s ProtectMyID product, which includes 
identity theft insurance where available. Enclosed please find your additional information about your 
free credit card monitoring.


You can find additional information and FAQs about this incident at our website. If you have further questions, 
you may call us at 866-852-8680.
 
Thank you for your patience and your loyalty. 

Sincerely, 
Insurance Company CEO



Alpenlite Inc.
Blondell Pugh
201 Hawk Ct, Providence,
Providence, RI, 02904
(bpugh@aol.com)

Dear Blondell Pugh, 

Similarly, we also have a template for the company's letter: 
Blondell Pugh
201 Hawk Ct, Providence,
Providence, RI, 02904
(bpugh@aol.com)

Dear Blondell Pugh,
As you may have heard or read, last month we learned that criminals forced their way into our systems, 
and stole information about our customers. Late last week, as part of our ongoing investigation, 
we learned that the taken information includes names, mailing addresses, phone numbers or email addresses. 

I am writing to make you aware that your name, mailing address, phone number or email address may 
have been taken during the intrusion. 

I am truly sorry this incident occurred, and I sincerely regret any inconvenience it may cause you. 

Because we value you as a customer, and because your trust is important to us, our company is 
offering you one year of free credit monitoring through Experian’s ProtectMyID product, which includes 
identity theft insurance where available. Enclosed please find your additional information about your 
free credit card monitoring.


You can find additional information and FAQs about this incident at our website. If you have further questions, 
you may call us at 866-852-8680.
 
Thank you for your patience and your loyalty. 

Sincerely, 
Insurance Company CEO



Hubbard, Bruce Esq.
Jamal Vanausdal
53075 Sw 152nd Ter #615, Monroe Township,
Middlesex, NJ, 08831
(jamal@vanausdal.org)

Dear Jamal Vanausdal, 

Similarly, we also have a template for the company's letter: 
Jamal Vanausdal
53075 Sw 152nd Ter #615, Monroe Township,
Middlesex, NJ, 08831
(jamal@vanausdal.org)

Dear Jamal Vanausdal,
As you may have heard or read, last month we learned that criminals forced their way into our systems, 
and stole information about our customers. Late last week, as part of our ongoing investigation, 
we learned that the taken information includes names, mailing addresses, phone numbers or email addresses. 

I am writing to make you aware that your name, mailing address, phone number or email address may 
have been taken during the intrusion. 

I am truly sorry this incident occurred, and I sincerely regret any inconvenience it may cause you. 

Because we value you as a customer, and because your trust is important to us, our company is 
offering you one year of free credit monitoring through Experian’s ProtectMyID product, which includes 
identity theft insurance where available. Enclosed please find your additional information about your 
free credit card monitoring.


You can find additional information and FAQs about this incident at our website. If you have further questions, 
you may call us at 866-852-8680.
 
Thank you for your patience and your loyalty. 

Sincerely, 
Insurance Company CEO



Arthur A Oliver & Son Inc.
Cecily Hollack
59 N Groesbeck Hwy, Austin,
Travis, TX, 78731
(cecily@hollack.org)

Dear Cecily Hollack, 

Similarly, we also have a template for the company's letter: 
Cecily Hollack
59 N Groesbeck Hwy, Austin,
Travis, TX, 78731
(cecily@hollack.org)

Dear Cecily Hollack,
As you may have heard or read, last month we learned that criminals forced their way into our systems, 
and stole information about our customers. Late last week, as part of our ongoing investigation, 
we learned that the taken information includes names, mailing addresses, phone numbers or email addresses. 

I am writing to make you aware that your name, mailing address, phone number or email address may 
have been taken during the intrusion. 

I am truly sorry this incident occurred, and I sincerely regret any inconvenience it may cause you. 

Because we value you as a customer, and because your trust is important to us, our company is 
offering you one year of free credit monitoring through Experian’s ProtectMyID product, which includes 
identity theft insurance where available. Enclosed please find your additional information about your 
free credit card monitoring.


You can find additional information and FAQs about this incident at our website. If you have further questions, 
you may call us at 866-852-8680.
 
Thank you for your patience and your loyalty. 

Sincerely, 
Insurance Company CEO



George Jessop Carter Jewelers.
Carmelina Lindall
2664 Lewis Rd, Littleton,
Douglas, CO, 80126
(carmelina_lindall@lindall.com)

Dear Carmelina Lindall, 

Similarly, we also have a template for the company's letter: 
Carmelina Lindall
2664 Lewis Rd, Littleton,
Douglas, CO, 80126
(carmelina_lindall@lindall.com)

Dear Carmelina Lindall,
As you may have heard or read, last month we learned that criminals forced their way into our systems, 
and stole information about our customers. Late last week, as part of our ongoing investigation, 
we learned that the taken information includes names, mailing addresses, phone numbers or email addresses. 

I am writing to make you aware that your name, mailing address, phone number or email address may 
have been taken during the intrusion. 

I am truly sorry this incident occurred, and I sincerely regret any inconvenience it may cause you. 

Because we value you as a customer, and because your trust is important to us, our company is 
offering you one year of free credit monitoring through Experian’s ProtectMyID product, which includes 
identity theft insurance where available. Enclosed please find your additional information about your 
free credit card monitoring.


You can find additional information and FAQs about this incident at our website. If you have further questions, 
you may call us at 866-852-8680.
 
Thank you for your patience and your loyalty. 

Sincerely, 
Insurance Company CEO



Schultz, Thomas C Md.
Maurine Yglesias
59 Shady Ln #53, Milwaukee,
Milwaukee, WI, 53214
(maurine_yglesias@yglesias.com)

Dear Maurine Yglesias, 

Similarly, we also have a template for the company's letter: 
Maurine Yglesias
59 Shady Ln #53, Milwaukee,
Milwaukee, WI, 53214
(maurine_yglesias@yglesias.com)

Dear Maurine Yglesias,
As you may have heard or read, last month we learned that criminals forced their way into our systems, 
and stole information about our customers. Late last week, as part of our ongoing investigation, 
we learned that the taken information includes names, mailing addresses, phone numbers or email addresses. 

I am writing to make you aware that your name, mailing address, phone number or email address may 
have been taken during the intrusion. 

I am truly sorry this incident occurred, and I sincerely regret any inconvenience it may cause you. 

Because we value you as a customer, and because your trust is important to us, our company is 
offering you one year of free credit monitoring through Experian’s ProtectMyID product, which includes 
identity theft insurance where available. Enclosed please find your additional information about your 
free credit card monitoring.


You can find additional information and FAQs about this incident at our website. If you have further questions, 
you may call us at 866-852-8680.
 
Thank you for your patience and your loyalty. 

Sincerely, 
Insurance Company CEO



H H H Enterprises Inc.
Tawna Buvens
3305 Nabell Ave #679, New York,
New York, NY, 10009
(tawna@gmail.com)

Dear Tawna Buvens, 

Similarly, we also have a template for the company's letter: 
Tawna Buvens
3305 Nabell Ave #679, New York,
New York, NY, 10009
(tawna@gmail.com)

Dear Tawna Buvens,
As you may have heard or read, last month we learned that criminals forced their way into our systems, 
and stole information about our customers. Late last week, as part of our ongoing investigation, 
we learned that the taken information includes names, mailing addresses, phone numbers or email addresses. 

I am writing to make you aware that your name, mailing address, phone number or email address may 
have been taken during the intrusion. 

I am truly sorry this incident occurred, and I sincerely regret any inconvenience it may cause you. 

Because we value you as a customer, and because your trust is important to us, our company is 
offering you one year of free credit monitoring through Experian’s ProtectMyID product, which includes 
identity theft insurance where available. Enclosed please find your additional information about your 
free credit card monitoring.


You can find additional information and FAQs about this incident at our website. If you have further questions, 
you may call us at 866-852-8680.
 
Thank you for your patience and your loyalty. 

Sincerely, 
Insurance Company CEO



Hawaiian King Hotel.
Penney Weight
18 Fountain St, Anchorage,
Anchorage, AK, 99515
(penney_weight@aol.com)

Dear Penney Weight, 

Similarly, we also have a template for the company's letter: 
Penney Weight
18 Fountain St, Anchorage,
Anchorage, AK, 99515
(penney_weight@aol.com)

Dear Penney Weight,
As you may have heard or read, last month we learned that criminals forced their way into our systems, 
and stole information about our customers. Late last week, as part of our ongoing investigation, 
we learned that the taken information includes names, mailing addresses, phone numbers or email addresses. 

I am writing to make you aware that your name, mailing address, phone number or email address may 
have been taken during the intrusion. 

I am truly sorry this incident occurred, and I sincerely regret any inconvenience it may cause you. 

Because we value you as a customer, and because your trust is important to us, our company is 
offering you one year of free credit monitoring through Experian’s ProtectMyID product, which includes 
identity theft insurance where available. Enclosed please find your additional information about your 
free credit card monitoring.


You can find additional information and FAQs about this incident at our website. If you have further questions, 
you may call us at 866-852-8680.
 
Thank you for your patience and your loyalty. 

Sincerely, 
Insurance Company CEO



Killion Industries.
Elly Morocco
7 W 32nd St, Erie,
Erie, PA, 16502
(elly_morocco@gmail.com)

Dear Elly Morocco, 

Similarly, we also have a template for the company's letter: 
Elly Morocco
7 W 32nd St, Erie,
Erie, PA, 16502
(elly_morocco@gmail.com)

Dear Elly Morocco,
As you may have heard or read, last month we learned that criminals forced their way into our systems, 
and stole information about our customers. Late last week, as part of our ongoing investigation, 
we learned that the taken information includes names, mailing addresses, phone numbers or email addresses. 

I am writing to make you aware that your name, mailing address, phone number or email address may 
have been taken during the intrusion. 

I am truly sorry this incident occurred, and I sincerely regret any inconvenience it may cause you. 

Because we value you as a customer, and because your trust is important to us, our company is 
offering you one year of free credit monitoring through Experian’s ProtectMyID product, which includes 
identity theft insurance where available. Enclosed please find your additional information about your 
free credit card monitoring.


You can find additional information and FAQs about this incident at our website. If you have further questions, 
you may call us at 866-852-8680.
 
Thank you for your patience and your loyalty. 

Sincerely, 
Insurance Company CEO



Robinson, William J Esq.
Ilene Eroman
2853 S Central Expy, Glen Burnie,
Anne Arundel, MD, 21061
(ilene.eroman@hotmail.com)

Dear Ilene Eroman, 

Similarly, we also have a template for the company's letter: 
Ilene Eroman
2853 S Central Expy, Glen Burnie,
Anne Arundel, MD, 21061
(ilene.eroman@hotmail.com)

Dear Ilene Eroman,
As you may have heard or read, last month we learned that criminals forced their way into our systems, 
and stole information about our customers. Late last week, as part of our ongoing investigation, 
we learned that the taken information includes names, mailing addresses, phone numbers or email addresses. 

I am writing to make you aware that your name, mailing address, phone number or email address may 
have been taken during the intrusion. 

I am truly sorry this incident occurred, and I sincerely regret any inconvenience it may cause you. 

Because we value you as a customer, and because your trust is important to us, our company is 
offering you one year of free credit monitoring through Experian’s ProtectMyID product, which includes 
identity theft insurance where available. Enclosed please find your additional information about your 
free credit card monitoring.


You can find additional information and FAQs about this incident at our website. If you have further questions, 
you may call us at 866-852-8680.
 
Thank you for your patience and your loyalty. 

Sincerely, 
Insurance Company CEO



Private Properties.
Vallie Mondella
74 W College St, Boise,
Ada, ID, 83707
(vmondella@mondella.com)

Dear Vallie Mondella, 

Similarly, we also have a template for the company's letter: 
Vallie Mondella
74 W College St, Boise,
Ada, ID, 83707
(vmondella@mondella.com)

Dear Vallie Mondella,
As you may have heard or read, last month we learned that criminals forced their way into our systems, 
and stole information about our customers. Late last week, as part of our ongoing investigation, 
we learned that the taken information includes names, mailing addresses, phone numbers or email addresses. 

I am writing to make you aware that your name, mailing address, phone number or email address may 
have been taken during the intrusion. 

I am truly sorry this incident occurred, and I sincerely regret any inconvenience it may cause you. 

Because we value you as a customer, and because your trust is important to us, our company is 
offering you one year of free credit monitoring through Experian’s ProtectMyID product, which includes 
identity theft insurance where available. Enclosed please find your additional information about your 
free credit card monitoring.


You can find additional information and FAQs about this incident at our website. If you have further questions, 
you may call us at 866-852-8680.
 
Thank you for your patience and your loyalty. 

Sincerely, 
Insurance Company CEO



Rowley Schlimgen Inc.
Kallie Blackwood
701 S Harrison Rd, San Francisco,
San Francisco, CA, 94104
(kallie.blackwood@gmail.com)

Dear Kallie Blackwood, 

Similarly, we also have a template for the company's letter: 
Kallie Blackwood
701 S Harrison Rd, San Francisco,
San Francisco, CA, 94104
(kallie.blackwood@gmail.com)

Dear Kallie Blackwood,
As you may have heard or read, last month we learned that criminals forced their way into our systems, 
and stole information about our customers. Late last week, as part of our ongoing investigation, 
we learned that the taken information includes names, mailing addresses, phone numbers or email addresses. 

I am writing to make you aware that your name, mailing address, phone number or email address may 
have been taken during the intrusion. 

I am truly sorry this incident occurred, and I sincerely regret any inconvenience it may cause you. 

Because we value you as a customer, and because your trust is important to us, our company is 
offering you one year of free credit monitoring through Experian’s ProtectMyID product, which includes 
identity theft insurance where available. Enclosed please find your additional information about your 
free credit card monitoring.


You can find additional information and FAQs about this incident at our website. If you have further questions, 
you may call us at 866-852-8680.
 
Thank you for your patience and your loyalty. 

Sincerely, 
Insurance Company CEO



Forging Specialties.
Johnetta Abdallah
1088 Pinehurst St, Chapel Hill,
Orange, NC, 27514
(johnetta_abdallah@aol.com)

Dear Johnetta Abdallah, 

Similarly, we also have a template for the company's letter: 
Johnetta Abdallah
1088 Pinehurst St, Chapel Hill,
Orange, NC, 27514
(johnetta_abdallah@aol.com)

Dear Johnetta Abdallah,
As you may have heard or read, last month we learned that criminals forced their way into our systems, 
and stole information about our customers. Late last week, as part of our ongoing investigation, 
we learned that the taken information includes names, mailing addresses, phone numbers or email addresses. 

I am writing to make you aware that your name, mailing address, phone number or email address may 
have been taken during the intrusion. 

I am truly sorry this incident occurred, and I sincerely regret any inconvenience it may cause you. 

Because we value you as a customer, and because your trust is important to us, our company is 
offering you one year of free credit monitoring through Experian’s ProtectMyID product, which includes 
identity theft insurance where available. Enclosed please find your additional information about your 
free credit card monitoring.


You can find additional information and FAQs about this incident at our website. If you have further questions, 
you may call us at 866-852-8680.
 
Thank you for your patience and your loyalty. 

Sincerely, 
Insurance Company CEO



Smits, Patricia Garity.
Bobbye Rhym
30 W 80th St #1995, San Carlos,
San Mateo, CA, 94070
(brhym@rhym.com)

Dear Bobbye Rhym, 

Similarly, we also have a template for the company's letter: 
Bobbye Rhym
30 W 80th St #1995, San Carlos,
San Mateo, CA, 94070
(brhym@rhym.com)

Dear Bobbye Rhym,
As you may have heard or read, last month we learned that criminals forced their way into our systems, 
and stole information about our customers. Late last week, as part of our ongoing investigation, 
we learned that the taken information includes names, mailing addresses, phone numbers or email addresses. 

I am writing to make you aware that your name, mailing address, phone number or email address may 
have been taken during the intrusion. 

I am truly sorry this incident occurred, and I sincerely regret any inconvenience it may cause you. 

Because we value you as a customer, and because your trust is important to us, our company is 
offering you one year of free credit monitoring through Experian’s ProtectMyID product, which includes 
identity theft insurance where available. Enclosed please find your additional information about your 
free credit card monitoring.


You can find additional information and FAQs about this incident at our website. If you have further questions, 
you may call us at 866-852-8680.
 
Thank you for your patience and your loyalty. 

Sincerely, 
Insurance Company CEO



H Lee Leonard Attorney At Law.
Micaela Rhymes
20932 Hedley St, Concord,
Contra Costa, CA, 94520
(micaela_rhymes@gmail.com)

Dear Micaela Rhymes, 

Similarly, we also have a template for the company's letter: 
Micaela Rhymes
20932 Hedley St, Concord,
Contra Costa, CA, 94520
(micaela_rhymes@gmail.com)

Dear Micaela Rhymes,
As you may have heard or read, last month we learned that criminals forced their way into our systems, 
and stole information about our customers. Late last week, as part of our ongoing investigation, 
we learned that the taken information includes names, mailing addresses, phone numbers or email addresses. 

I am writing to make you aware that your name, mailing address, phone number or email address may 
have been taken during the intrusion. 

I am truly sorry this incident occurred, and I sincerely regret any inconvenience it may cause you. 

Because we value you as a customer, and because your trust is important to us, our company is 
offering you one year of free credit monitoring through Experian’s ProtectMyID product, which includes 
identity theft insurance where available. Enclosed please find your additional information about your 
free credit card monitoring.


You can find additional information and FAQs about this incident at our website. If you have further questions, 
you may call us at 866-852-8680.
 
Thank you for your patience and your loyalty. 

Sincerely, 
Insurance Company CEO



A K Construction Co.
Tamar Hoogland
2737 Pistorio Rd #9230, London,
Madison, OH, 43140
(tamar@hotmail.com)

Dear Tamar Hoogland, 

Similarly, we also have a template for the company's letter: 
Tamar Hoogland
2737 Pistorio Rd #9230, London,
Madison, OH, 43140
(tamar@hotmail.com)

Dear Tamar Hoogland,
As you may have heard or read, last month we learned that criminals forced their way into our systems, 
and stole information about our customers. Late last week, as part of our ongoing investigation, 
we learned that the taken information includes names, mailing addresses, phone numbers or email addresses. 

I am writing to make you aware that your name, mailing address, phone number or email address may 
have been taken during the intrusion. 

I am truly sorry this incident occurred, and I sincerely regret any inconvenience it may cause you. 

Because we value you as a customer, and because your trust is important to us, our company is 
offering you one year of free credit monitoring through Experian’s ProtectMyID product, which includes 
identity theft insurance where available. Enclosed please find your additional information about your 
free credit card monitoring.


You can find additional information and FAQs about this incident at our website. If you have further questions, 
you may call us at 866-852-8680.
 
Thank you for your patience and your loyalty. 

Sincerely, 
Insurance Company CEO



Ambelang, Jessica M Md.
Moon Parlato
74989 Brandon St, Wellsville,
Allegany, NY, 14895
(moon@yahoo.com)

Dear Moon Parlato, 

Similarly, we also have a template for the company's letter: 
Moon Parlato
74989 Brandon St, Wellsville,
Allegany, NY, 14895
(moon@yahoo.com)

Dear Moon Parlato,
As you may have heard or read, last month we learned that criminals forced their way into our systems, 
and stole information about our customers. Late last week, as part of our ongoing investigation, 
we learned that the taken information includes names, mailing addresses, phone numbers or email addresses. 

I am writing to make you aware that your name, mailing address, phone number or email address may 
have been taken during the intrusion. 

I am truly sorry this incident occurred, and I sincerely regret any inconvenience it may cause you. 

Because we value you as a customer, and because your trust is important to us, our company is 
offering you one year of free credit monitoring through Experian’s ProtectMyID product, which includes 
identity theft insurance where available. Enclosed please find your additional information about your 
free credit card monitoring.


You can find additional information and FAQs about this incident at our website. If you have further questions, 
you may call us at 866-852-8680.
 
Thank you for your patience and your loyalty. 

Sincerely, 
Insurance Company CEO



Q A Service.
Laurel Reitler
6 Kains Ave, Baltimore,
Baltimore City, MD, 21215
(laurel_reitler@reitler.com)

Dear Laurel Reitler, 

Similarly, we also have a template for the company's letter: 
Laurel Reitler
6 Kains Ave, Baltimore,
Baltimore City, MD, 21215
(laurel_reitler@reitler.com)

Dear Laurel Reitler,
As you may have heard or read, last month we learned that criminals forced their way into our systems, 
and stole information about our customers. Late last week, as part of our ongoing investigation, 
we learned that the taken information includes names, mailing addresses, phone numbers or email addresses. 

I am writing to make you aware that your name, mailing address, phone number or email address may 
have been taken during the intrusion. 

I am truly sorry this incident occurred, and I sincerely regret any inconvenience it may cause you. 

Because we value you as a customer, and because your trust is important to us, our company is 
offering you one year of free credit monitoring through Experian’s ProtectMyID product, which includes 
identity theft insurance where available. Enclosed please find your additional information about your 
free credit card monitoring.


You can find additional information and FAQs about this incident at our website. If you have further questions, 
you may call us at 866-852-8680.
 
Thank you for your patience and your loyalty. 

Sincerely, 
Insurance Company CEO



Wood & Whitacre Contractors.
Delisa Crupi
47565 W Grand Ave, Newark,
Essex, NJ, 07105
(delisa.crupi@crupi.com)

Dear Delisa Crupi, 

Similarly, we also have a template for the company's letter: 
Delisa Crupi
47565 W Grand Ave, Newark,
Essex, NJ, 07105
(delisa.crupi@crupi.com)

Dear Delisa Crupi,
As you may have heard or read, last month we learned that criminals forced their way into our systems, 
and stole information about our customers. Late last week, as part of our ongoing investigation, 
we learned that the taken information includes names, mailing addresses, phone numbers or email addresses. 

I am writing to make you aware that your name, mailing address, phone number or email address may 
have been taken during the intrusion. 

I am truly sorry this incident occurred, and I sincerely regret any inconvenience it may cause you. 

Because we value you as a customer, and because your trust is important to us, our company is 
offering you one year of free credit monitoring through Experian’s ProtectMyID product, which includes 
identity theft insurance where available. Enclosed please find your additional information about your 
free credit card monitoring.


You can find additional information and FAQs about this incident at our website. If you have further questions, 
you may call us at 866-852-8680.
 
Thank you for your patience and your loyalty. 

Sincerely, 
Insurance Company CEO



Mark Iv Press Ltd.
Viva Toelkes
4284 Dorigo Ln, Chicago,
Cook, IL, 60647
(viva.toelkes@gmail.com)

Dear Viva Toelkes, 

Similarly, we also have a template for the company's letter: 
Viva Toelkes
4284 Dorigo Ln, Chicago,
Cook, IL, 60647
(viva.toelkes@gmail.com)

Dear Viva Toelkes,
As you may have heard or read, last month we learned that criminals forced their way into our systems, 
and stole information about our customers. Late last week, as part of our ongoing investigation, 
we learned that the taken information includes names, mailing addresses, phone numbers or email addresses. 

I am writing to make you aware that your name, mailing address, phone number or email address may 
have been taken during the intrusion. 

I am truly sorry this incident occurred, and I sincerely regret any inconvenience it may cause you. 

Because we value you as a customer, and because your trust is important to us, our company is 
offering you one year of free credit monitoring through Experian’s ProtectMyID product, which includes 
identity theft insurance where available. Enclosed please find your additional information about your 
free credit card monitoring.


You can find additional information and FAQs about this incident at our website. If you have further questions, 
you may call us at 866-852-8680.
 
Thank you for your patience and your loyalty. 

Sincerely, 
Insurance Company CEO



Museum Of Science & Industry.
Elza Lipke
6794 Lake Dr E, Newark,
Essex, NJ, 07104
(elza@yahoo.com)

Dear Elza Lipke, 

Similarly, we also have a template for the company's letter: 
Elza Lipke
6794 Lake Dr E, Newark,
Essex, NJ, 07104
(elza@yahoo.com)

Dear Elza Lipke,
As you may have heard or read, last month we learned that criminals forced their way into our systems, 
and stole information about our customers. Late last week, as part of our ongoing investigation, 
we learned that the taken information includes names, mailing addresses, phone numbers or email addresses. 

I am writing to make you aware that your name, mailing address, phone number or email address may 
have been taken during the intrusion. 

I am truly sorry this incident occurred, and I sincerely regret any inconvenience it may cause you. 

Because we value you as a customer, and because your trust is important to us, our company is 
offering you one year of free credit monitoring through Experian’s ProtectMyID product, which includes 
identity theft insurance where available. Enclosed please find your additional information about your 
free credit card monitoring.


You can find additional information and FAQs about this incident at our website. If you have further questions, 
you may call us at 866-852-8680.
 
Thank you for your patience and your loyalty. 

Sincerely, 
Insurance Company CEO



Garrison Ind.
Devorah Chickering
31 Douglas Blvd #950, Clovis,
Curry, NM, 88101
(devorah@hotmail.com)

Dear Devorah Chickering, 

Similarly, we also have a template for the company's letter: 
Devorah Chickering
31 Douglas Blvd #950, Clovis,
Curry, NM, 88101
(devorah@hotmail.com)

Dear Devorah Chickering,
As you may have heard or read, last month we learned that criminals forced their way into our systems, 
and stole information about our customers. Late last week, as part of our ongoing investigation, 
we learned that the taken information includes names, mailing addresses, phone numbers or email addresses. 

I am writing to make you aware that your name, mailing address, phone number or email address may 
have been taken during the intrusion. 

I am truly sorry this incident occurred, and I sincerely regret any inconvenience it may cause you. 

Because we value you as a customer, and because your trust is important to us, our company is 
offering you one year of free credit monitoring through Experian’s ProtectMyID product, which includes 
identity theft insurance where available. Enclosed please find your additional information about your 
free credit card monitoring.


You can find additional information and FAQs about this incident at our website. If you have further questions, 
you may call us at 866-852-8680.
 
Thank you for your patience and your loyalty. 

Sincerely, 
Insurance Company CEO



Saronix Nymph Products.
Timothy Mulqueen
44 W 4th St, Staten Island,
Richmond, NY, 10309
(timothy_mulqueen@mulqueen.org)

Dear Timothy Mulqueen, 

Similarly, we also have a template for the company's letter: 
Timothy Mulqueen
44 W 4th St, Staten Island,
Richmond, NY, 10309
(timothy_mulqueen@mulqueen.org)

Dear Timothy Mulqueen,
As you may have heard or read, last month we learned that criminals forced their way into our systems, 
and stole information about our customers. Late last week, as part of our ongoing investigation, 
we learned that the taken information includes names, mailing addresses, phone numbers or email addresses. 

I am writing to make you aware that your name, mailing address, phone number or email address may 
have been taken during the intrusion. 

I am truly sorry this incident occurred, and I sincerely regret any inconvenience it may cause you. 

Because we value you as a customer, and because your trust is important to us, our company is 
offering you one year of free credit monitoring through Experian’s ProtectMyID product, which includes 
identity theft insurance where available. Enclosed please find your additional information about your 
free credit card monitoring.


You can find additional information and FAQs about this incident at our website. If you have further questions, 
you may call us at 866-852-8680.
 
Thank you for your patience and your loyalty. 

Sincerely, 
Insurance Company CEO



Smc Inc.
Arlette Honeywell
11279 Loytan St, Jacksonville,
Duval, FL, 32254
(ahoneywell@honeywell.com)

Dear Arlette Honeywell, 

Similarly, we also have a template for the company's letter: 
Arlette Honeywell
11279 Loytan St, Jacksonville,
Duval, FL, 32254
(ahoneywell@honeywell.com)

Dear Arlette Honeywell,
As you may have heard or read, last month we learned that criminals forced their way into our systems, 
and stole information about our customers. Late last week, as part of our ongoing investigation, 
we learned that the taken information includes names, mailing addresses, phone numbers or email addresses. 

I am writing to make you aware that your name, mailing address, phone number or email address may 
have been taken during the intrusion. 

I am truly sorry this incident occurred, and I sincerely regret any inconvenience it may cause you. 

Because we value you as a customer, and because your trust is important to us, our company is 
offering you one year of free credit monitoring through Experian’s ProtectMyID product, which includes 
identity theft insurance where available. Enclosed please find your additional information about your 
free credit card monitoring.


You can find additional information and FAQs about this incident at our website. If you have further questions, 
you may call us at 866-852-8680.
 
Thank you for your patience and your loyalty. 

Sincerely, 
Insurance Company CEO



E A I Electronic Assocs Inc.
Dominque Dickerson
69 Marquette Ave, Hayward,
Alameda, CA, 94545
(dominque.dickerson@dickerson.org)

Dear Dominque Dickerson, 

Similarly, we also have a template for the company's letter: 
Dominque Dickerson
69 Marquette Ave, Hayward,
Alameda, CA, 94545
(dominque.dickerson@dickerson.org)

Dear Dominque Dickerson,
As you may have heard or read, last month we learned that criminals forced their way into our systems, 
and stole information about our customers. Late last week, as part of our ongoing investigation, 
we learned that the taken information includes names, mailing addresses, phone numbers or email addresses. 

I am writing to make you aware that your name, mailing address, phone number or email address may 
have been taken during the intrusion. 

I am truly sorry this incident occurred, and I sincerely regret any inconvenience it may cause you. 

Because we value you as a customer, and because your trust is important to us, our company is 
offering you one year of free credit monitoring through Experian’s ProtectMyID product, which includes 
identity theft insurance where available. Enclosed please find your additional information about your 
free credit card monitoring.


You can find additional information and FAQs about this incident at our website. If you have further questions, 
you may call us at 866-852-8680.
 
Thank you for your patience and your loyalty. 

Sincerely, 
Insurance Company CEO



Conte, Christopher A Esq.
Lettie Isenhower
70 W Main St, Beachwood,
Cuyahoga, OH, 44122
(lettie_isenhower@yahoo.com)

Dear Lettie Isenhower, 

Similarly, we also have a template for the company's letter: 
Lettie Isenhower
70 W Main St, Beachwood,
Cuyahoga, OH, 44122
(lettie_isenhower@yahoo.com)

Dear Lettie Isenhower,
As you may have heard or read, last month we learned that criminals forced their way into our systems, 
and stole information about our customers. Late last week, as part of our ongoing investigation, 
we learned that the taken information includes names, mailing addresses, phone numbers or email addresses. 

I am writing to make you aware that your name, mailing address, phone number or email address may 
have been taken during the intrusion. 

I am truly sorry this incident occurred, and I sincerely regret any inconvenience it may cause you. 

Because we value you as a customer, and because your trust is important to us, our company is 
offering you one year of free credit monitoring through Experian’s ProtectMyID product, which includes 
identity theft insurance where available. Enclosed please find your additional information about your 
free credit card monitoring.


You can find additional information and FAQs about this incident at our website. If you have further questions, 
you may call us at 866-852-8680.
 
Thank you for your patience and your loyalty. 

Sincerely, 
Insurance Company CEO



Anker Law Office.
Myra Munns
461 Prospect Pl #316, Euless,
Tarrant, TX, 76040
(mmunns@cox.net)

Dear Myra Munns, 

Similarly, we also have a template for the company's letter: 
Myra Munns
461 Prospect Pl #316, Euless,
Tarrant, TX, 76040
(mmunns@cox.net)

Dear Myra Munns,
As you may have heard or read, last month we learned that criminals forced their way into our systems, 
and stole information about our customers. Late last week, as part of our ongoing investigation, 
we learned that the taken information includes names, mailing addresses, phone numbers or email addresses. 

I am writing to make you aware that your name, mailing address, phone number or email address may 
have been taken during the intrusion. 

I am truly sorry this incident occurred, and I sincerely regret any inconvenience it may cause you. 

Because we value you as a customer, and because your trust is important to us, our company is 
offering you one year of free credit monitoring through Experian’s ProtectMyID product, which includes 
identity theft insurance where available. Enclosed please find your additional information about your 
free credit card monitoring.


You can find additional information and FAQs about this incident at our website. If you have further questions, 
you may call us at 866-852-8680.
 
Thank you for your patience and your loyalty. 

Sincerely, 
Insurance Company CEO



Beutelschies & Company.
Stephaine Barfield
47154 Whipple Ave Nw, Gardena,
Los Angeles, CA, 90247
(stephaine@barfield.com)

Dear Stephaine Barfield, 

Similarly, we also have a template for the company's letter: 
Stephaine Barfield
47154 Whipple Ave Nw, Gardena,
Los Angeles, CA, 90247
(stephaine@barfield.com)

Dear Stephaine Barfield,
As you may have heard or read, last month we learned that criminals forced their way into our systems, 
and stole information about our customers. Late last week, as part of our ongoing investigation, 
we learned that the taken information includes names, mailing addresses, phone numbers or email addresses. 

I am writing to make you aware that your name, mailing address, phone number or email address may 
have been taken during the intrusion. 

I am truly sorry this incident occurred, and I sincerely regret any inconvenience it may cause you. 

Because we value you as a customer, and because your trust is important to us, our company is 
offering you one year of free credit monitoring through Experian’s ProtectMyID product, which includes 
identity theft insurance where available. Enclosed please find your additional information about your 
free credit card monitoring.


You can find additional information and FAQs about this incident at our website. If you have further questions, 
you may call us at 866-852-8680.
 
Thank you for your patience and your loyalty. 

Sincerely, 
Insurance Company CEO



Fligg, Kenneth I Jr.
Lai Gato
37 Alabama Ave, Evanston,
Cook, IL, 60201
(lai.gato@gato.org)

Dear Lai Gato, 

Similarly, we also have a template for the company's letter: 
Lai Gato
37 Alabama Ave, Evanston,
Cook, IL, 60201
(lai.gato@gato.org)

Dear Lai Gato,
As you may have heard or read, last month we learned that criminals forced their way into our systems, 
and stole information about our customers. Late last week, as part of our ongoing investigation, 
we learned that the taken information includes names, mailing addresses, phone numbers or email addresses. 

I am writing to make you aware that your name, mailing address, phone number or email address may 
have been taken during the intrusion. 

I am truly sorry this incident occurred, and I sincerely regret any inconvenience it may cause you. 

Because we value you as a customer, and because your trust is important to us, our company is 
offering you one year of free credit monitoring through Experian’s ProtectMyID product, which includes 
identity theft insurance where available. Enclosed please find your additional information about your 
free credit card monitoring.


You can find additional information and FAQs about this incident at our website. If you have further questions, 
you may call us at 866-852-8680.
 
Thank you for your patience and your loyalty. 

Sincerely, 
Insurance Company CEO



Sharp, J Daniel Esq.
Stephen Emigh
3777 E Richmond St #900, Akron,
Summit, OH, 44302
(stephen_emigh@hotmail.com)

Dear Stephen Emigh, 

Similarly, we also have a template for the company's letter: 
Stephen Emigh
3777 E Richmond St #900, Akron,
Summit, OH, 44302
(stephen_emigh@hotmail.com)

Dear Stephen Emigh,
As you may have heard or read, last month we learned that criminals forced their way into our systems, 
and stole information about our customers. Late last week, as part of our ongoing investigation, 
we learned that the taken information includes names, mailing addresses, phone numbers or email addresses. 

I am writing to make you aware that your name, mailing address, phone number or email address may 
have been taken during the intrusion. 

I am truly sorry this incident occurred, and I sincerely regret any inconvenience it may cause you. 

Because we value you as a customer, and because your trust is important to us, our company is 
offering you one year of free credit monitoring through Experian’s ProtectMyID product, which includes 
identity theft insurance where available. Enclosed please find your additional information about your 
free credit card monitoring.


You can find additional information and FAQs about this incident at our website. If you have further questions, 
you may call us at 866-852-8680.
 
Thank you for your patience and your loyalty. 

Sincerely, 
Insurance Company CEO



Assink, Anne H Esq.
Tyra Shields
3 Fort Worth Ave, Philadelphia,
Philadelphia, PA, 19106
(tshields@gmail.com)

Dear Tyra Shields, 

Similarly, we also have a template for the company's letter: 
Tyra Shields
3 Fort Worth Ave, Philadelphia,
Philadelphia, PA, 19106
(tshields@gmail.com)

Dear Tyra Shields,
As you may have heard or read, last month we learned that criminals forced their way into our systems, 
and stole information about our customers. Late last week, as part of our ongoing investigation, 
we learned that the taken information includes names, mailing addresses, phone numbers or email addresses. 

I am writing to make you aware that your name, mailing address, phone number or email address may 
have been taken during the intrusion. 

I am truly sorry this incident occurred, and I sincerely regret any inconvenience it may cause you. 

Because we value you as a customer, and because your trust is important to us, our company is 
offering you one year of free credit monitoring through Experian’s ProtectMyID product, which includes 
identity theft insurance where available. Enclosed please find your additional information about your 
free credit card monitoring.


You can find additional information and FAQs about this incident at our website. If you have further questions, 
you may call us at 866-852-8680.
 
Thank you for your patience and your loyalty. 

Sincerely, 
Insurance Company CEO



Jewel My Shop Inc.
Tammara Wardrip
4800 Black Horse Pike, Burlingame,
San Mateo, CA, 94010
(twardrip@cox.net)

Dear Tammara Wardrip, 

Similarly, we also have a template for the company's letter: 
Tammara Wardrip
4800 Black Horse Pike, Burlingame,
San Mateo, CA, 94010
(twardrip@cox.net)

Dear Tammara Wardrip,
As you may have heard or read, last month we learned that criminals forced their way into our systems, 
and stole information about our customers. Late last week, as part of our ongoing investigation, 
we learned that the taken information includes names, mailing addresses, phone numbers or email addresses. 

I am writing to make you aware that your name, mailing address, phone number or email address may 
have been taken during the intrusion. 

I am truly sorry this incident occurred, and I sincerely regret any inconvenience it may cause you. 

Because we value you as a customer, and because your trust is important to us, our company is 
offering you one year of free credit monitoring through Experian’s ProtectMyID product, which includes 
identity theft insurance where available. Enclosed please find your additional information about your 
free credit card monitoring.


You can find additional information and FAQs about this incident at our website. If you have further questions, 
you may call us at 866-852-8680.
 
Thank you for your patience and your loyalty. 

Sincerely, 
Insurance Company CEO



Chinese Translation Resources.
Cory Gibes
83649 W Belmont Ave, San Gabriel,
Los Angeles, CA, 91776
(cory.gibes@gmail.com)

Dear Cory Gibes, 

Similarly, we also have a template for the company's letter: 
Cory Gibes
83649 W Belmont Ave, San Gabriel,
Los Angeles, CA, 91776
(cory.gibes@gmail.com)

Dear Cory Gibes,
As you may have heard or read, last month we learned that criminals forced their way into our systems, 
and stole information about our customers. Late last week, as part of our ongoing investigation, 
we learned that the taken information includes names, mailing addresses, phone numbers or email addresses. 

I am writing to make you aware that your name, mailing address, phone number or email address may 
have been taken during the intrusion. 

I am truly sorry this incident occurred, and I sincerely regret any inconvenience it may cause you. 

Because we value you as a customer, and because your trust is important to us, our company is 
offering you one year of free credit monitoring through Experian’s ProtectMyID product, which includes 
identity theft insurance where available. Enclosed please find your additional information about your 
free credit card monitoring.


You can find additional information and FAQs about this incident at our website. If you have further questions, 
you may call us at 866-852-8680.
 
Thank you for your patience and your loyalty. 

Sincerely, 
Insurance Company CEO



Stevens, Charles T.
Danica Bruschke
840 15th Ave, Waco,
McLennan, TX, 76708
(danica_bruschke@gmail.com)

Dear Danica Bruschke, 

Similarly, we also have a template for the company's letter: 
Danica Bruschke
840 15th Ave, Waco,
McLennan, TX, 76708
(danica_bruschke@gmail.com)

Dear Danica Bruschke,
As you may have heard or read, last month we learned that criminals forced their way into our systems, 
and stole information about our customers. Late last week, as part of our ongoing investigation, 
we learned that the taken information includes names, mailing addresses, phone numbers or email addresses. 

I am writing to make you aware that your name, mailing address, phone number or email address may 
have been taken during the intrusion. 

I am truly sorry this incident occurred, and I sincerely regret any inconvenience it may cause you. 

Because we value you as a customer, and because your trust is important to us, our company is 
offering you one year of free credit monitoring through Experian’s ProtectMyID product, which includes 
identity theft insurance where available. Enclosed please find your additional information about your 
free credit card monitoring.


You can find additional information and FAQs about this incident at our website. If you have further questions, 
you may call us at 866-852-8680.
 
Thank you for your patience and your loyalty. 

Sincerely, 
Insurance Company CEO



Mclaughlin, Luther W Cpa.
Wilda Giguere
1747 Calle Amanecer #2, Anchorage,
Anchorage, AK, 99501
(wilda@cox.net)

Dear Wilda Giguere, 

Similarly, we also have a template for the company's letter: 
Wilda Giguere
1747 Calle Amanecer #2, Anchorage,
Anchorage, AK, 99501
(wilda@cox.net)

Dear Wilda Giguere,
As you may have heard or read, last month we learned that criminals forced their way into our systems, 
and stole information about our customers. Late last week, as part of our ongoing investigation, 
we learned that the taken information includes names, mailing addresses, phone numbers or email addresses. 

I am writing to make you aware that your name, mailing address, phone number or email address may 
have been taken during the intrusion. 

I am truly sorry this incident occurred, and I sincerely regret any inconvenience it may cause you. 

Because we value you as a customer, and because your trust is important to us, our company is 
offering you one year of free credit monitoring through Experian’s ProtectMyID product, which includes 
identity theft insurance where available. Enclosed please find your additional information about your 
free credit card monitoring.


You can find additional information and FAQs about this incident at our website. If you have further questions, 
you may call us at 866-852-8680.
 
Thank you for your patience and your loyalty. 

Sincerely, 
Insurance Company CEO



Tree Musketeers.
Elvera Benimadho
99385 Charity St #840, San Jose,
Santa Clara, CA, 95110
(elvera.benimadho@cox.net)

Dear Elvera Benimadho, 

Similarly, we also have a template for the company's letter: 
Elvera Benimadho
99385 Charity St #840, San Jose,
Santa Clara, CA, 95110
(elvera.benimadho@cox.net)

Dear Elvera Benimadho,
As you may have heard or read, last month we learned that criminals forced their way into our systems, 
and stole information about our customers. Late last week, as part of our ongoing investigation, 
we learned that the taken information includes names, mailing addresses, phone numbers or email addresses. 

I am writing to make you aware that your name, mailing address, phone number or email address may 
have been taken during the intrusion. 

I am truly sorry this incident occurred, and I sincerely regret any inconvenience it may cause you. 

Because we value you as a customer, and because your trust is important to us, our company is 
offering you one year of free credit monitoring through Experian’s ProtectMyID product, which includes 
identity theft insurance where available. Enclosed please find your additional information about your 
free credit card monitoring.


You can find additional information and FAQs about this incident at our website. If you have further questions, 
you may call us at 866-852-8680.
 
Thank you for your patience and your loyalty. 

Sincerely, 
Insurance Company CEO



Springfield Div Oh Edison Co.
Carma Vanheusen
68556 Central Hwy, San Leandro,
Alameda, CA, 94577
(carma@cox.net)

Dear Carma Vanheusen, 

Similarly, we also have a template for the company's letter: 
Carma Vanheusen
68556 Central Hwy, San Leandro,
Alameda, CA, 94577
(carma@cox.net)

Dear Carma Vanheusen,
As you may have heard or read, last month we learned that criminals forced their way into our systems, 
and stole information about our customers. Late last week, as part of our ongoing investigation, 
we learned that the taken information includes names, mailing addresses, phone numbers or email addresses. 

I am writing to make you aware that your name, mailing address, phone number or email address may 
have been taken during the intrusion. 

I am truly sorry this incident occurred, and I sincerely regret any inconvenience it may cause you. 

Because we value you as a customer, and because your trust is important to us, our company is 
offering you one year of free credit monitoring through Experian’s ProtectMyID product, which includes 
identity theft insurance where available. Enclosed please find your additional information about your 
free credit card monitoring.


You can find additional information and FAQs about this incident at our website. If you have further questions, 
you may call us at 866-852-8680.
 
Thank you for your patience and your loyalty. 

Sincerely, 
Insurance Company CEO



Logan Memorial Hospital.
Malinda Hochard
55 Riverside Ave, Indianapolis,
Marion, IN, 46202
(malinda.hochard@yahoo.com)

Dear Malinda Hochard, 

Similarly, we also have a template for the company's letter: 
Malinda Hochard
55 Riverside Ave, Indianapolis,
Marion, IN, 46202
(malinda.hochard@yahoo.com)

Dear Malinda Hochard,
As you may have heard or read, last month we learned that criminals forced their way into our systems, 
and stole information about our customers. Late last week, as part of our ongoing investigation, 
we learned that the taken information includes names, mailing addresses, phone numbers or email addresses. 

I am writing to make you aware that your name, mailing address, phone number or email address may 
have been taken during the intrusion. 

I am truly sorry this incident occurred, and I sincerely regret any inconvenience it may cause you. 

Because we value you as a customer, and because your trust is important to us, our company is 
offering you one year of free credit monitoring through Experian’s ProtectMyID product, which includes 
identity theft insurance where available. Enclosed please find your additional information about your 
free credit card monitoring.


You can find additional information and FAQs about this incident at our website. If you have further questions, 
you may call us at 866-852-8680.
 
Thank you for your patience and your loyalty. 

Sincerely, 
Insurance Company CEO



Kelly, Charles G Esq.
Natalie Fern
7140 University Ave, Rock Springs,
Sweetwater, WY, 82901
(natalie.fern@hotmail.com)

Dear Natalie Fern, 

Similarly, we also have a template for the company's letter: 
Natalie Fern
7140 University Ave, Rock Springs,
Sweetwater, WY, 82901
(natalie.fern@hotmail.com)

Dear Natalie Fern,
As you may have heard or read, last month we learned that criminals forced their way into our systems, 
and stole information about our customers. Late last week, as part of our ongoing investigation, 
we learned that the taken information includes names, mailing addresses, phone numbers or email addresses. 

I am writing to make you aware that your name, mailing address, phone number or email address may 
have been taken during the intrusion. 

I am truly sorry this incident occurred, and I sincerely regret any inconvenience it may cause you. 

Because we value you as a customer, and because your trust is important to us, our company is 
offering you one year of free credit monitoring through Experian’s ProtectMyID product, which includes 
identity theft insurance where available. Enclosed please find your additional information about your 
free credit card monitoring.


You can find additional information and FAQs about this incident at our website. If you have further questions, 
you may call us at 866-852-8680.
 
Thank you for your patience and your loyalty. 

Sincerely, 
Insurance Company CEO



Industrial Paper Shredders Inc.
Lisha Centini
64 5th Ave #1153, Mc Lean,
Fairfax, VA, 22102
(lisha@centini.org)

Dear Lisha Centini, 

Similarly, we also have a template for the company's letter: 
Lisha Centini
64 5th Ave #1153, Mc Lean,
Fairfax, VA, 22102
(lisha@centini.org)

Dear Lisha Centini,
As you may have heard or read, last month we learned that criminals forced their way into our systems, 
and stole information about our customers. Late last week, as part of our ongoing investigation, 
we learned that the taken information includes names, mailing addresses, phone numbers or email addresses. 

I am writing to make you aware that your name, mailing address, phone number or email address may 
have been taken during the intrusion. 

I am truly sorry this incident occurred, and I sincerely regret any inconvenience it may cause you. 

Because we value you as a customer, and because your trust is important to us, our company is 
offering you one year of free credit monitoring through Experian’s ProtectMyID product, which includes 
identity theft insurance where available. Enclosed please find your additional information about your 
free credit card monitoring.


You can find additional information and FAQs about this incident at our website. If you have further questions, 
you may call us at 866-852-8680.
 
Thank you for your patience and your loyalty. 

Sincerely, 
Insurance Company CEO



Beck Horizon Builders.
Arlene Klusman
3 Secor Rd, New Orleans,
Orleans, LA, 70112
(arlene_klusman@gmail.com)

Dear Arlene Klusman, 

Similarly, we also have a template for the company's letter: 
Arlene Klusman
3 Secor Rd, New Orleans,
Orleans, LA, 70112
(arlene_klusman@gmail.com)

Dear Arlene Klusman,
As you may have heard or read, last month we learned that criminals forced their way into our systems, 
and stole information about our customers. Late last week, as part of our ongoing investigation, 
we learned that the taken information includes names, mailing addresses, phone numbers or email addresses. 

I am writing to make you aware that your name, mailing address, phone number or email address may 
have been taken during the intrusion. 

I am truly sorry this incident occurred, and I sincerely regret any inconvenience it may cause you. 

Because we value you as a customer, and because your trust is important to us, our company is 
offering you one year of free credit monitoring through Experian’s ProtectMyID product, which includes 
identity theft insurance where available. Enclosed please find your additional information about your 
free credit card monitoring.


You can find additional information and FAQs about this incident at our website. If you have further questions, 
you may call us at 866-852-8680.
 
Thank you for your patience and your loyalty. 

Sincerely, 
Insurance Company CEO



Porto Cayo At Hawks Cay.
Alease Buemi
4 Webbs Chapel Rd, Boulder,
Boulder, CO, 80303
(alease@buemi.com)

Dear Alease Buemi, 

Similarly, we also have a template for the company's letter: 
Alease Buemi
4 Webbs Chapel Rd, Boulder,
Boulder, CO, 80303
(alease@buemi.com)

Dear Alease Buemi,
As you may have heard or read, last month we learned that criminals forced their way into our systems, 
and stole information about our customers. Late last week, as part of our ongoing investigation, 
we learned that the taken information includes names, mailing addresses, phone numbers or email addresses. 

I am writing to make you aware that your name, mailing address, phone number or email address may 
have been taken during the intrusion. 

I am truly sorry this incident occurred, and I sincerely regret any inconvenience it may cause you. 

Because we value you as a customer, and because your trust is important to us, our company is 
offering you one year of free credit monitoring through Experian’s ProtectMyID product, which includes 
identity theft insurance where available. Enclosed please find your additional information about your 
free credit card monitoring.


You can find additional information and FAQs about this incident at our website. If you have further questions, 
you may call us at 866-852-8680.
 
Thank you for your patience and your loyalty. 

Sincerely, 
Insurance Company CEO



Pacific Grove Museum Ntrl Hist.
Louisa Cronauer
524 Louisiana Ave Nw, San Leandro,
Alameda, CA, 94577
(louisa@cronauer.com)

Dear Louisa Cronauer, 

Similarly, we also have a template for the company's letter: 
Louisa Cronauer
524 Louisiana Ave Nw, San Leandro,
Alameda, CA, 94577
(louisa@cronauer.com)

Dear Louisa Cronauer,
As you may have heard or read, last month we learned that criminals forced their way into our systems, 
and stole information about our customers. Late last week, as part of our ongoing investigation, 
we learned that the taken information includes names, mailing addresses, phone numbers or email addresses. 

I am writing to make you aware that your name, mailing address, phone number or email address may 
have been taken during the intrusion. 

I am truly sorry this incident occurred, and I sincerely regret any inconvenience it may cause you. 

Because we value you as a customer, and because your trust is important to us, our company is 
offering you one year of free credit monitoring through Experian’s ProtectMyID product, which includes 
identity theft insurance where available. Enclosed please find your additional information about your 
free credit card monitoring.


You can find additional information and FAQs about this incident at our website. If you have further questions, 
you may call us at 866-852-8680.
 
Thank you for your patience and your loyalty. 

Sincerely, 
Insurance Company CEO



Bender & Hatley Pc.
Angella Cetta
185 Blackstone Bldge, Honolulu,
Honolulu, HI, 96817
(angella.cetta@hotmail.com)

Dear Angella Cetta, 

Similarly, we also have a template for the company's letter: 
Angella Cetta
185 Blackstone Bldge, Honolulu,
Honolulu, HI, 96817
(angella.cetta@hotmail.com)

Dear Angella Cetta,
As you may have heard or read, last month we learned that criminals forced their way into our systems, 
and stole information about our customers. Late last week, as part of our ongoing investigation, 
we learned that the taken information includes names, mailing addresses, phone numbers or email addresses. 

I am writing to make you aware that your name, mailing address, phone number or email address may 
have been taken during the intrusion. 

I am truly sorry this incident occurred, and I sincerely regret any inconvenience it may cause you. 

Because we value you as a customer, and because your trust is important to us, our company is 
offering you one year of free credit monitoring through Experian’s ProtectMyID product, which includes 
identity theft insurance where available. Enclosed please find your additional information about your 
free credit card monitoring.


You can find additional information and FAQs about this incident at our website. If you have further questions, 
you may call us at 866-852-8680.
 
Thank you for your patience and your loyalty. 

Sincerely, 
Insurance Company CEO



Di Cristina J & Son.
Cyndy Goldammer
170 Wyoming Ave, Burnsville,
Dakota, MN, 55337
(cgoldammer@cox.net)

Dear Cyndy Goldammer, 

Similarly, we also have a template for the company's letter: 
Cyndy Goldammer
170 Wyoming Ave, Burnsville,
Dakota, MN, 55337
(cgoldammer@cox.net)

Dear Cyndy Goldammer,
As you may have heard or read, last month we learned that criminals forced their way into our systems, 
and stole information about our customers. Late last week, as part of our ongoing investigation, 
we learned that the taken information includes names, mailing addresses, phone numbers or email addresses. 

I am writing to make you aware that your name, mailing address, phone number or email address may 
have been taken during the intrusion. 

I am truly sorry this incident occurred, and I sincerely regret any inconvenience it may cause you. 

Because we value you as a customer, and because your trust is important to us, our company is 
offering you one year of free credit monitoring through Experian’s ProtectMyID product, which includes 
identity theft insurance where available. Enclosed please find your additional information about your 
free credit card monitoring.


You can find additional information and FAQs about this incident at our website. If you have further questions, 
you may call us at 866-852-8680.
 
Thank you for your patience and your loyalty. 

Sincerely, 
Insurance Company CEO



Green Goddess.
Rosio Cork
4 10th St W, High Point,
Guilford, NC, 27263
(rosio.cork@gmail.com)

Dear Rosio Cork, 

Similarly, we also have a template for the company's letter: 
Rosio Cork
4 10th St W, High Point,
Guilford, NC, 27263
(rosio.cork@gmail.com)

Dear Rosio Cork,
As you may have heard or read, last month we learned that criminals forced their way into our systems, 
and stole information about our customers. Late last week, as part of our ongoing investigation, 
we learned that the taken information includes names, mailing addresses, phone numbers or email addresses. 

I am writing to make you aware that your name, mailing address, phone number or email address may 
have been taken during the intrusion. 

I am truly sorry this incident occurred, and I sincerely regret any inconvenience it may cause you. 

Because we value you as a customer, and because your trust is important to us, our company is 
offering you one year of free credit monitoring through Experian’s ProtectMyID product, which includes 
identity theft insurance where available. Enclosed please find your additional information about your 
free credit card monitoring.


You can find additional information and FAQs about this incident at our website. If you have further questions, 
you may call us at 866-852-8680.
 
Thank you for your patience and your loyalty. 

Sincerely, 
Insurance Company CEO



American Arts & Graphics.
Celeste Korando
7 W Pinhook Rd, Lynbrook,
Nassau, NY, 11563
(ckorando@hotmail.com)

Dear Celeste Korando, 

Similarly, we also have a template for the company's letter: 
Celeste Korando
7 W Pinhook Rd, Lynbrook,
Nassau, NY, 11563
(ckorando@hotmail.com)

Dear Celeste Korando,
As you may have heard or read, last month we learned that criminals forced their way into our systems, 
and stole information about our customers. Late last week, as part of our ongoing investigation, 
we learned that the taken information includes names, mailing addresses, phone numbers or email addresses. 

I am writing to make you aware that your name, mailing address, phone number or email address may 
have been taken during the intrusion. 

I am truly sorry this incident occurred, and I sincerely regret any inconvenience it may cause you. 

Because we value you as a customer, and because your trust is important to us, our company is 
offering you one year of free credit monitoring through Experian’s ProtectMyID product, which includes 
identity theft insurance where available. Enclosed please find your additional information about your 
free credit card monitoring.


You can find additional information and FAQs about this incident at our website. If you have further questions, 
you may call us at 866-852-8680.
 
Thank you for your patience and your loyalty. 

Sincerely, 
Insurance Company CEO



Opryland Hotel.
Twana Felger
1 Commerce Way, Portland,
Washington, OR, 97224
(twana.felger@felger.org)

Dear Twana Felger, 

Similarly, we also have a template for the company's letter: 
Twana Felger
1 Commerce Way, Portland,
Washington, OR, 97224
(twana.felger@felger.org)

Dear Twana Felger,
As you may have heard or read, last month we learned that criminals forced their way into our systems, 
and stole information about our customers. Late last week, as part of our ongoing investigation, 
we learned that the taken information includes names, mailing addresses, phone numbers or email addresses. 

I am writing to make you aware that your name, mailing address, phone number or email address may 
have been taken during the intrusion. 

I am truly sorry this incident occurred, and I sincerely regret any inconvenience it may cause you. 

Because we value you as a customer, and because your trust is important to us, our company is 
offering you one year of free credit monitoring through Experian’s ProtectMyID product, which includes 
identity theft insurance where available. Enclosed please find your additional information about your 
free credit card monitoring.


You can find additional information and FAQs about this incident at our website. If you have further questions, 
you may call us at 866-852-8680.
 
Thank you for your patience and your loyalty. 

Sincerely, 
Insurance Company CEO



Marking Devices Pubg Co.
Estrella Samu
64 Lakeview Ave, Beloit,
Rock, WI, 53511
(estrella@aol.com)

Dear Estrella Samu, 

Similarly, we also have a template for the company's letter: 
Estrella Samu
64 Lakeview Ave, Beloit,
Rock, WI, 53511
(estrella@aol.com)

Dear Estrella Samu,
As you may have heard or read, last month we learned that criminals forced their way into our systems, 
and stole information about our customers. Late last week, as part of our ongoing investigation, 
we learned that the taken information includes names, mailing addresses, phone numbers or email addresses. 

I am writing to make you aware that your name, mailing address, phone number or email address may 
have been taken during the intrusion. 

I am truly sorry this incident occurred, and I sincerely regret any inconvenience it may cause you. 

Because we value you as a customer, and because your trust is important to us, our company is 
offering you one year of free credit monitoring through Experian’s ProtectMyID product, which includes 
identity theft insurance where available. Enclosed please find your additional information about your 
free credit card monitoring.


You can find additional information and FAQs about this incident at our website. If you have further questions, 
you may call us at 866-852-8680.
 
Thank you for your patience and your loyalty. 

Sincerely, 
Insurance Company CEO



W Tc Industries Inc.
Donte Kines
3 Aspen St, Worcester,
Worcester, MA, 01602
(dkines@hotmail.com)

Dear Donte Kines, 

Similarly, we also have a template for the company's letter: 
Donte Kines
3 Aspen St, Worcester,
Worcester, MA, 01602
(dkines@hotmail.com)

Dear Donte Kines,
As you may have heard or read, last month we learned that criminals forced their way into our systems, 
and stole information about our customers. Late last week, as part of our ongoing investigation, 
we learned that the taken information includes names, mailing addresses, phone numbers or email addresses. 

I am writing to make you aware that your name, mailing address, phone number or email address may 
have been taken during the intrusion. 

I am truly sorry this incident occurred, and I sincerely regret any inconvenience it may cause you. 

Because we value you as a customer, and because your trust is important to us, our company is 
offering you one year of free credit monitoring through Experian’s ProtectMyID product, which includes 
identity theft insurance where available. Enclosed please find your additional information about your 
free credit card monitoring.


You can find additional information and FAQs about this incident at our website. If you have further questions, 
you may call us at 866-852-8680.
 
Thank you for your patience and your loyalty. 

Sincerely, 
Insurance Company CEO



Whitehall Robbins Labs Divsn.
Tiffiny Steffensmeier
32860 Sierra Rd, Miami,
Miami-Dade, FL, 33133
(tiffiny_steffensmeier@cox.net)

Dear Tiffiny Steffensmeier, 

Similarly, we also have a template for the company's letter: 
Tiffiny Steffensmeier
32860 Sierra Rd, Miami,
Miami-Dade, FL, 33133
(tiffiny_steffensmeier@cox.net)

Dear Tiffiny Steffensmeier,
As you may have heard or read, last month we learned that criminals forced their way into our systems, 
and stole information about our customers. Late last week, as part of our ongoing investigation, 
we learned that the taken information includes names, mailing addresses, phone numbers or email addresses. 

I am writing to make you aware that your name, mailing address, phone number or email address may 
have been taken during the intrusion. 

I am truly sorry this incident occurred, and I sincerely regret any inconvenience it may cause you. 

Because we value you as a customer, and because your trust is important to us, our company is 
offering you one year of free credit monitoring through Experian’s ProtectMyID product, which includes 
identity theft insurance where available. Enclosed please find your additional information about your 
free credit card monitoring.


You can find additional information and FAQs about this incident at our website. If you have further questions, 
you may call us at 866-852-8680.
 
Thank you for your patience and your loyalty. 

Sincerely, 
Insurance Company CEO



Sampler.
Edna Miceli
555 Main St, Erie,
Erie, PA, 16502
(emiceli@miceli.org)

Dear Edna Miceli, 

Similarly, we also have a template for the company's letter: 
Edna Miceli
555 Main St, Erie,
Erie, PA, 16502
(emiceli@miceli.org)

Dear Edna Miceli,
As you may have heard or read, last month we learned that criminals forced their way into our systems, 
and stole information about our customers. Late last week, as part of our ongoing investigation, 
we learned that the taken information includes names, mailing addresses, phone numbers or email addresses. 

I am writing to make you aware that your name, mailing address, phone number or email address may 
have been taken during the intrusion. 

I am truly sorry this incident occurred, and I sincerely regret any inconvenience it may cause you. 

Because we value you as a customer, and because your trust is important to us, our company is 
offering you one year of free credit monitoring through Experian’s ProtectMyID product, which includes 
identity theft insurance where available. Enclosed please find your additional information about your 
free credit card monitoring.


You can find additional information and FAQs about this incident at our website. If you have further questions, 
you may call us at 866-852-8680.
 
Thank you for your patience and your loyalty. 

Sincerely, 
Insurance Company CEO



Juno Chefs Incorporated.
Sue Kownacki
2 Se 3rd Ave, Mesquite,
Dallas, TX, 75149
(sue@aol.com)

Dear Sue Kownacki, 

Similarly, we also have a template for the company's letter: 
Sue Kownacki
2 Se 3rd Ave, Mesquite,
Dallas, TX, 75149
(sue@aol.com)

Dear Sue Kownacki,
As you may have heard or read, last month we learned that criminals forced their way into our systems, 
and stole information about our customers. Late last week, as part of our ongoing investigation, 
we learned that the taken information includes names, mailing addresses, phone numbers or email addresses. 

I am writing to make you aware that your name, mailing address, phone number or email address may 
have been taken during the intrusion. 

I am truly sorry this incident occurred, and I sincerely regret any inconvenience it may cause you. 

Because we value you as a customer, and because your trust is important to us, our company is 
offering you one year of free credit monitoring through Experian’s ProtectMyID product, which includes 
identity theft insurance where available. Enclosed please find your additional information about your 
free credit card monitoring.


You can find additional information and FAQs about this incident at our website. If you have further questions, 
you may call us at 866-852-8680.
 
Thank you for your patience and your loyalty. 

Sincerely, 
Insurance Company CEO



Carroccio, A Thomas Esq.
Jesusa Shin
2239 Shawnee Mission Pky, Tullahoma,
Coffee, TN, 37388
(jshin@shin.com)

Dear Jesusa Shin, 

Similarly, we also have a template for the company's letter: 
Jesusa Shin
2239 Shawnee Mission Pky, Tullahoma,
Coffee, TN, 37388
(jshin@shin.com)

Dear Jesusa Shin,
As you may have heard or read, last month we learned that criminals forced their way into our systems, 
and stole information about our customers. Late last week, as part of our ongoing investigation, 
we learned that the taken information includes names, mailing addresses, phone numbers or email addresses. 

I am writing to make you aware that your name, mailing address, phone number or email address may 
have been taken during the intrusion. 

I am truly sorry this incident occurred, and I sincerely regret any inconvenience it may cause you. 

Because we value you as a customer, and because your trust is important to us, our company is 
offering you one year of free credit monitoring through Experian’s ProtectMyID product, which includes 
identity theft insurance where available. Enclosed please find your additional information about your 
free credit card monitoring.


You can find additional information and FAQs about this incident at our website. If you have further questions, 
you may call us at 866-852-8680.
 
Thank you for your patience and your loyalty. 

Sincerely, 
Insurance Company CEO



Stanley, Richard L Esq.
Rolland Francescon
2726 Charcot Ave, Paterson,
Passaic, NJ, 07501
(rolland@cox.net)

Dear Rolland Francescon, 

Similarly, we also have a template for the company's letter: 
Rolland Francescon
2726 Charcot Ave, Paterson,
Passaic, NJ, 07501
(rolland@cox.net)

Dear Rolland Francescon,
As you may have heard or read, last month we learned that criminals forced their way into our systems, 
and stole information about our customers. Late last week, as part of our ongoing investigation, 
we learned that the taken information includes names, mailing addresses, phone numbers or email addresses. 

I am writing to make you aware that your name, mailing address, phone number or email address may 
have been taken during the intrusion. 

I am truly sorry this incident occurred, and I sincerely regret any inconvenience it may cause you. 

Because we value you as a customer, and because your trust is important to us, our company is 
offering you one year of free credit monitoring through Experian’s ProtectMyID product, which includes 
identity theft insurance where available. Enclosed please find your additional information about your 
free credit card monitoring.


You can find additional information and FAQs about this incident at our website. If you have further questions, 
you may call us at 866-852-8680.
 
Thank you for your patience and your loyalty. 

Sincerely, 
Insurance Company CEO



K Cs Cstm Mouldings Windows.
Pamella Schmierer
5161 Dorsett Rd, Homestead,
Miami-Dade, FL, 33030
(pamella.schmierer@schmierer.org)

Dear Pamella Schmierer, 

Similarly, we also have a template for the company's letter: 
Pamella Schmierer
5161 Dorsett Rd, Homestead,
Miami-Dade, FL, 33030
(pamella.schmierer@schmierer.org)

Dear Pamella Schmierer,
As you may have heard or read, last month we learned that criminals forced their way into our systems, 
and stole information about our customers. Late last week, as part of our ongoing investigation, 
we learned that the taken information includes names, mailing addresses, phone numbers or email addresses. 

I am writing to make you aware that your name, mailing address, phone number or email address may 
have been taken during the intrusion. 

I am truly sorry this incident occurred, and I sincerely regret any inconvenience it may cause you. 

Because we value you as a customer, and because your trust is important to us, our company is 
offering you one year of free credit monitoring through Experian’s ProtectMyID product, which includes 
identity theft insurance where available. Enclosed please find your additional information about your 
free credit card monitoring.


You can find additional information and FAQs about this incident at our website. If you have further questions, 
you may call us at 866-852-8680.
 
Thank you for your patience and your loyalty. 

Sincerely, 
Insurance Company CEO



Comfort Inn.
Glory Kulzer
55892 Jacksonville Rd, Owings Mills,
Baltimore, MD, 21117
(gkulzer@kulzer.org)

Dear Glory Kulzer, 

Similarly, we also have a template for the company's letter: 
Glory Kulzer
55892 Jacksonville Rd, Owings Mills,
Baltimore, MD, 21117
(gkulzer@kulzer.org)

Dear Glory Kulzer,
As you may have heard or read, last month we learned that criminals forced their way into our systems, 
and stole information about our customers. Late last week, as part of our ongoing investigation, 
we learned that the taken information includes names, mailing addresses, phone numbers or email addresses. 

I am writing to make you aware that your name, mailing address, phone number or email address may 
have been taken during the intrusion. 

I am truly sorry this incident occurred, and I sincerely regret any inconvenience it may cause you. 

Because we value you as a customer, and because your trust is important to us, our company is 
offering you one year of free credit monitoring through Experian’s ProtectMyID product, which includes 
identity theft insurance where available. Enclosed please find your additional information about your 
free credit card monitoring.


You can find additional information and FAQs about this incident at our website. If you have further questions, 
you may call us at 866-852-8680.
 
Thank you for your patience and your loyalty. 

Sincerely, 
Insurance Company CEO



Windsor, James L Esq.
Shawna Palaspas
5 N Cleveland Massillon Rd, Thousand Oaks,
Ventura, CA, 91362
(shawna_palaspas@palaspas.org)

Dear Shawna Palaspas, 

Similarly, we also have a template for the company's letter: 
Shawna Palaspas
5 N Cleveland Massillon Rd, Thousand Oaks,
Ventura, CA, 91362
(shawna_palaspas@palaspas.org)

Dear Shawna Palaspas,
As you may have heard or read, last month we learned that criminals forced their way into our systems, 
and stole information about our customers. Late last week, as part of our ongoing investigation, 
we learned that the taken information includes names, mailing addresses, phone numbers or email addresses. 

I am writing to make you aware that your name, mailing address, phone number or email address may 
have been taken during the intrusion. 

I am truly sorry this incident occurred, and I sincerely regret any inconvenience it may cause you. 

Because we value you as a customer, and because your trust is important to us, our company is 
offering you one year of free credit monitoring through Experian’s ProtectMyID product, which includes 
identity theft insurance where available. Enclosed please find your additional information about your 
free credit card monitoring.


You can find additional information and FAQs about this incident at our website. If you have further questions, 
you may call us at 866-852-8680.
 
Thank you for your patience and your loyalty. 

Sincerely, 
Insurance Company CEO



Jackson Shields Yeiser.
Brandon Callaro
7 Benton Dr, Honolulu,
Honolulu, HI, 96819
(brandon_callaro@hotmail.com)

Dear Brandon Callaro, 

Similarly, we also have a template for the company's letter: 
Brandon Callaro
7 Benton Dr, Honolulu,
Honolulu, HI, 96819
(brandon_callaro@hotmail.com)

Dear Brandon Callaro,
As you may have heard or read, last month we learned that criminals forced their way into our systems, 
and stole information about our customers. Late last week, as part of our ongoing investigation, 
we learned that the taken information includes names, mailing addresses, phone numbers or email addresses. 

I am writing to make you aware that your name, mailing address, phone number or email address may 
have been taken during the intrusion. 

I am truly sorry this incident occurred, and I sincerely regret any inconvenience it may cause you. 

Because we value you as a customer, and because your trust is important to us, our company is 
offering you one year of free credit monitoring through Experian’s ProtectMyID product, which includes 
identity theft insurance where available. Enclosed please find your additional information about your 
free credit card monitoring.


You can find additional information and FAQs about this incident at our website. If you have further questions, 
you may call us at 866-852-8680.
 
Thank you for your patience and your loyalty. 

Sincerely, 
Insurance Company CEO



Box, J Calvin Esq.
Scarlet Cartan
9390 S Howell Ave, Albany,
Dougherty, GA, 31701
(scarlet.cartan@yahoo.com)

Dear Scarlet Cartan, 

Similarly, we also have a template for the company's letter: 
Scarlet Cartan
9390 S Howell Ave, Albany,
Dougherty, GA, 31701
(scarlet.cartan@yahoo.com)

Dear Scarlet Cartan,
As you may have heard or read, last month we learned that criminals forced their way into our systems, 
and stole information about our customers. Late last week, as part of our ongoing investigation, 
we learned that the taken information includes names, mailing addresses, phone numbers or email addresses. 

I am writing to make you aware that your name, mailing address, phone number or email address may 
have been taken during the intrusion. 

I am truly sorry this incident occurred, and I sincerely regret any inconvenience it may cause you. 

Because we value you as a customer, and because your trust is important to us, our company is 
offering you one year of free credit monitoring through Experian’s ProtectMyID product, which includes 
identity theft insurance where available. Enclosed please find your additional information about your 
free credit card monitoring.


You can find additional information and FAQs about this incident at our website. If you have further questions, 
you may call us at 866-852-8680.
 
Thank you for your patience and your loyalty. 

Sincerely, 
Insurance Company CEO



Custom Engineering Inc.
Oretha Menter
8 County Center Dr #647, Boston,
Suffolk, MA, 02210
(oretha_menter@yahoo.com)

Dear Oretha Menter, 

Similarly, we also have a template for the company's letter: 
Oretha Menter
8 County Center Dr #647, Boston,
Suffolk, MA, 02210
(oretha_menter@yahoo.com)

Dear Oretha Menter,
As you may have heard or read, last month we learned that criminals forced their way into our systems, 
and stole information about our customers. Late last week, as part of our ongoing investigation, 
we learned that the taken information includes names, mailing addresses, phone numbers or email addresses. 

I am writing to make you aware that your name, mailing address, phone number or email address may 
have been taken during the intrusion. 

I am truly sorry this incident occurred, and I sincerely regret any inconvenience it may cause you. 

Because we value you as a customer, and because your trust is important to us, our company is 
offering you one year of free credit monitoring through Experian’s ProtectMyID product, which includes 
identity theft insurance where available. Enclosed please find your additional information about your 
free credit card monitoring.


You can find additional information and FAQs about this incident at our website. If you have further questions, 
you may call us at 866-852-8680.
 
Thank you for your patience and your loyalty. 

Sincerely, 
Insurance Company CEO



Bresler Eitel Framg Gllry Ltd.
Ty Smith
4646 Kaahumanu St, Hackensack,
Bergen, NJ, 07601
(tsmith@aol.com)

Dear Ty Smith, 

Similarly, we also have a template for the company's letter: 
Ty Smith
4646 Kaahumanu St, Hackensack,
Bergen, NJ, 07601
(tsmith@aol.com)

Dear Ty Smith,
As you may have heard or read, last month we learned that criminals forced their way into our systems, 
and stole information about our customers. Late last week, as part of our ongoing investigation, 
we learned that the taken information includes names, mailing addresses, phone numbers or email addresses. 

I am writing to make you aware that your name, mailing address, phone number or email address may 
have been taken during the intrusion. 

I am truly sorry this incident occurred, and I sincerely regret any inconvenience it may cause you. 

Because we value you as a customer, and because your trust is important to us, our company is 
offering you one year of free credit monitoring through Experian’s ProtectMyID product, which includes 
identity theft insurance where available. Enclosed please find your additional information about your 
free credit card monitoring.


You can find additional information and FAQs about this incident at our website. If you have further questions, 
you may call us at 866-852-8680.
 
Thank you for your patience and your loyalty. 

Sincerely, 
Insurance Company CEO



Carol, Drake Sparks Esq.
Xuan Rochin
2 Monroe St, San Mateo,
San Mateo, CA, 94403
(xuan@gmail.com)

Dear Xuan Rochin, 

Similarly, we also have a template for the company's letter: 
Xuan Rochin
2 Monroe St, San Mateo,
San Mateo, CA, 94403
(xuan@gmail.com)

Dear Xuan Rochin,
As you may have heard or read, last month we learned that criminals forced their way into our systems, 
and stole information about our customers. Late last week, as part of our ongoing investigation, 
we learned that the taken information includes names, mailing addresses, phone numbers or email addresses. 

I am writing to make you aware that your name, mailing address, phone number or email address may 
have been taken during the intrusion. 

I am truly sorry this incident occurred, and I sincerely regret any inconvenience it may cause you. 

Because we value you as a customer, and because your trust is important to us, our company is 
offering you one year of free credit monitoring through Experian’s ProtectMyID product, which includes 
identity theft insurance where available. Enclosed please find your additional information about your 
free credit card monitoring.


You can find additional information and FAQs about this incident at our website. If you have further questions, 
you may call us at 866-852-8680.
 
Thank you for your patience and your loyalty. 

Sincerely, 
Insurance Company CEO



Biltmore Investors Bank.
Lindsey Dilello
52777 Leaders Heights Rd, Ontario,
San Bernardino, CA, 91761
(lindsey.dilello@hotmail.com)

Dear Lindsey Dilello, 

Similarly, we also have a template for the company's letter: 
Lindsey Dilello
52777 Leaders Heights Rd, Ontario,
San Bernardino, CA, 91761
(lindsey.dilello@hotmail.com)

Dear Lindsey Dilello,
As you may have heard or read, last month we learned that criminals forced their way into our systems, 
and stole information about our customers. Late last week, as part of our ongoing investigation, 
we learned that the taken information includes names, mailing addresses, phone numbers or email addresses. 

I am writing to make you aware that your name, mailing address, phone number or email address may 
have been taken during the intrusion. 

I am truly sorry this incident occurred, and I sincerely regret any inconvenience it may cause you. 

Because we value you as a customer, and because your trust is important to us, our company is 
offering you one year of free credit monitoring through Experian’s ProtectMyID product, which includes 
identity theft insurance where available. Enclosed please find your additional information about your 
free credit card monitoring.


You can find additional information and FAQs about this incident at our website. If you have further questions, 
you may call us at 866-852-8680.
 
Thank you for your patience and your loyalty. 

Sincerely, 
Insurance Company CEO



Desco Equipment Corp.
Devora Perez
72868 Blackington Ave, Oakland,
Alameda, CA, 94606
(devora_perez@perez.org)

Dear Devora Perez, 

Similarly, we also have a template for the company's letter: 
Devora Perez
72868 Blackington Ave, Oakland,
Alameda, CA, 94606
(devora_perez@perez.org)

Dear Devora Perez,
As you may have heard or read, last month we learned that criminals forced their way into our systems, 
and stole information about our customers. Late last week, as part of our ongoing investigation, 
we learned that the taken information includes names, mailing addresses, phone numbers or email addresses. 

I am writing to make you aware that your name, mailing address, phone number or email address may 
have been taken during the intrusion. 

I am truly sorry this incident occurred, and I sincerely regret any inconvenience it may cause you. 

Because we value you as a customer, and because your trust is important to us, our company is 
offering you one year of free credit monitoring through Experian’s ProtectMyID product, which includes 
identity theft insurance where available. Enclosed please find your additional information about your 
free credit card monitoring.


You can find additional information and FAQs about this incident at our website. If you have further questions, 
you may call us at 866-852-8680.
 
Thank you for your patience and your loyalty. 

Sincerely, 
Insurance Company CEO



Merlin Electric Co.
Herman Demesa
9 Norristown Rd, Troy,
Rensselaer, NY, 12180
(hdemesa@cox.net)

Dear Herman Demesa, 

Similarly, we also have a template for the company's letter: 
Herman Demesa
9 Norristown Rd, Troy,
Rensselaer, NY, 12180
(hdemesa@cox.net)

Dear Herman Demesa,
As you may have heard or read, last month we learned that criminals forced their way into our systems, 
and stole information about our customers. Late last week, as part of our ongoing investigation, 
we learned that the taken information includes names, mailing addresses, phone numbers or email addresses. 

I am writing to make you aware that your name, mailing address, phone number or email address may 
have been taken during the intrusion. 

I am truly sorry this incident occurred, and I sincerely regret any inconvenience it may cause you. 

Because we value you as a customer, and because your trust is important to us, our company is 
offering you one year of free credit monitoring through Experian’s ProtectMyID product, which includes 
identity theft insurance where available. Enclosed please find your additional information about your 
free credit card monitoring.


You can find additional information and FAQs about this incident at our website. If you have further questions, 
you may call us at 866-852-8680.
 
Thank you for your patience and your loyalty. 

Sincerely, 
Insurance Company CEO



Bailey Cntl Co Div Babcock.
Rory Papasergi
83 County Road 437 #8581, Clarks Summit,
Lackawanna, PA, 18411
(rpapasergi@cox.net)

Dear Rory Papasergi, 

Similarly, we also have a template for the company's letter: 
Rory Papasergi
83 County Road 437 #8581, Clarks Summit,
Lackawanna, PA, 18411
(rpapasergi@cox.net)

Dear Rory Papasergi,
As you may have heard or read, last month we learned that criminals forced their way into our systems, 
and stole information about our customers. Late last week, as part of our ongoing investigation, 
we learned that the taken information includes names, mailing addresses, phone numbers or email addresses. 

I am writing to make you aware that your name, mailing address, phone number or email address may 
have been taken during the intrusion. 

I am truly sorry this incident occurred, and I sincerely regret any inconvenience it may cause you. 

Because we value you as a customer, and because your trust is important to us, our company is 
offering you one year of free credit monitoring through Experian’s ProtectMyID product, which includes 
identity theft insurance where available. Enclosed please find your additional information about your 
free credit card monitoring.


You can find additional information and FAQs about this incident at our website. If you have further questions, 
you may call us at 866-852-8680.
 
Thank you for your patience and your loyalty. 

Sincerely, 
Insurance Company CEO



Ford Brothers Wholesale Inc.
Talia Riopelle
1 N Harlem Ave #9, Orange,
Essex, NJ, 07050
(talia_riopelle@aol.com)

Dear Talia Riopelle, 

Similarly, we also have a template for the company's letter: 
Talia Riopelle
1 N Harlem Ave #9, Orange,
Essex, NJ, 07050
(talia_riopelle@aol.com)

Dear Talia Riopelle,
As you may have heard or read, last month we learned that criminals forced their way into our systems, 
and stole information about our customers. Late last week, as part of our ongoing investigation, 
we learned that the taken information includes names, mailing addresses, phone numbers or email addresses. 

I am writing to make you aware that your name, mailing address, phone number or email address may 
have been taken during the intrusion. 

I am truly sorry this incident occurred, and I sincerely regret any inconvenience it may cause you. 

Because we value you as a customer, and because your trust is important to us, our company is 
offering you one year of free credit monitoring through Experian’s ProtectMyID product, which includes 
identity theft insurance where available. Enclosed please find your additional information about your 
free credit card monitoring.


You can find additional information and FAQs about this incident at our website. If you have further questions, 
you may call us at 866-852-8680.
 
Thank you for your patience and your loyalty. 

Sincerely, 
Insurance Company CEO



Cambridge Inn.
Van Shire
90131 J St, Pittstown,
Hunterdon, NJ, 08867
(van.shire@shire.com)

Dear Van Shire, 

Similarly, we also have a template for the company's letter: 
Van Shire
90131 J St, Pittstown,
Hunterdon, NJ, 08867
(van.shire@shire.com)

Dear Van Shire,
As you may have heard or read, last month we learned that criminals forced their way into our systems, 
and stole information about our customers. Late last week, as part of our ongoing investigation, 
we learned that the taken information includes names, mailing addresses, phone numbers or email addresses. 

I am writing to make you aware that your name, mailing address, phone number or email address may 
have been taken during the intrusion. 

I am truly sorry this incident occurred, and I sincerely regret any inconvenience it may cause you. 

Because we value you as a customer, and because your trust is important to us, our company is 
offering you one year of free credit monitoring through Experian’s ProtectMyID product, which includes 
identity theft insurance where available. Enclosed please find your additional information about your 
free credit card monitoring.


You can find additional information and FAQs about this incident at our website. If you have further questions, 
you may call us at 866-852-8680.
 
Thank you for your patience and your loyalty. 

Sincerely, 
Insurance Company CEO



Matricciani, Albert J Jr.
Lucina Lary
8597 W National Ave, Cocoa,
Brevard, FL, 32922
(lucina_lary@cox.net)

Dear Lucina Lary, 

Similarly, we also have a template for the company's letter: 
Lucina Lary
8597 W National Ave, Cocoa,
Brevard, FL, 32922
(lucina_lary@cox.net)

Dear Lucina Lary,
As you may have heard or read, last month we learned that criminals forced their way into our systems, 
and stole information about our customers. Late last week, as part of our ongoing investigation, 
we learned that the taken information includes names, mailing addresses, phone numbers or email addresses. 

I am writing to make you aware that your name, mailing address, phone number or email address may 
have been taken during the intrusion. 

I am truly sorry this incident occurred, and I sincerely regret any inconvenience it may cause you. 

Because we value you as a customer, and because your trust is important to us, our company is 
offering you one year of free credit monitoring through Experian’s ProtectMyID product, which includes 
identity theft insurance where available. Enclosed please find your additional information about your 
free credit card monitoring.


You can find additional information and FAQs about this incident at our website. If you have further questions, 
you may call us at 866-852-8680.
 
Thank you for your patience and your loyalty. 

Sincerely, 
Insurance Company CEO



Nelson Hawaiian Ltd.
Bok Isaacs
6 Gilson St, Bronx,
Bronx, NY, 10468
(bok.isaacs@aol.com)

Dear Bok Isaacs, 

Similarly, we also have a template for the company's letter: 
Bok Isaacs
6 Gilson St, Bronx,
Bronx, NY, 10468
(bok.isaacs@aol.com)

Dear Bok Isaacs,
As you may have heard or read, last month we learned that criminals forced their way into our systems, 
and stole information about our customers. Late last week, as part of our ongoing investigation, 
we learned that the taken information includes names, mailing addresses, phone numbers or email addresses. 

I am writing to make you aware that your name, mailing address, phone number or email address may 
have been taken during the intrusion. 

I am truly sorry this incident occurred, and I sincerely regret any inconvenience it may cause you. 

Because we value you as a customer, and because your trust is important to us, our company is 
offering you one year of free credit monitoring through Experian’s ProtectMyID product, which includes 
identity theft insurance where available. Enclosed please find your additional information about your 
free credit card monitoring.


You can find additional information and FAQs about this incident at our website. If you have further questions, 
you may call us at 866-852-8680.
 
Thank you for your patience and your loyalty. 

Sincerely, 
Insurance Company CEO



Neland Travel Agency.
Rolande Spickerman
65 W Maple Ave, Pearl City,
Honolulu, HI, 96782
(rolande.spickerman@spickerman.com)

Dear Rolande Spickerman, 

Similarly, we also have a template for the company's letter: 
Rolande Spickerman
65 W Maple Ave, Pearl City,
Honolulu, HI, 96782
(rolande.spickerman@spickerman.com)

Dear Rolande Spickerman,
As you may have heard or read, last month we learned that criminals forced their way into our systems, 
and stole information about our customers. Late last week, as part of our ongoing investigation, 
we learned that the taken information includes names, mailing addresses, phone numbers or email addresses. 

I am writing to make you aware that your name, mailing address, phone number or email address may 
have been taken during the intrusion. 

I am truly sorry this incident occurred, and I sincerely regret any inconvenience it may cause you. 

Because we value you as a customer, and because your trust is important to us, our company is 
offering you one year of free credit monitoring through Experian’s ProtectMyID product, which includes 
identity theft insurance where available. Enclosed please find your additional information about your 
free credit card monitoring.


You can find additional information and FAQs about this incident at our website. If you have further questions, 
you may call us at 866-852-8680.
 
Thank you for your patience and your loyalty. 

Sincerely, 
Insurance Company CEO



Asendorf, J Alan Esq.
Howard Paulas
866 34th Ave, Denver,
Denver, CO, 80231
(hpaulas@gmail.com)

Dear Howard Paulas, 

Similarly, we also have a template for the company's letter: 
Howard Paulas
866 34th Ave, Denver,
Denver, CO, 80231
(hpaulas@gmail.com)

Dear Howard Paulas,
As you may have heard or read, last month we learned that criminals forced their way into our systems, 
and stole information about our customers. Late last week, as part of our ongoing investigation, 
we learned that the taken information includes names, mailing addresses, phone numbers or email addresses. 

I am writing to make you aware that your name, mailing address, phone number or email address may 
have been taken during the intrusion. 

I am truly sorry this incident occurred, and I sincerely regret any inconvenience it may cause you. 

Because we value you as a customer, and because your trust is important to us, our company is 
offering you one year of free credit monitoring through Experian’s ProtectMyID product, which includes 
identity theft insurance where available. Enclosed please find your additional information about your 
free credit card monitoring.


You can find additional information and FAQs about this incident at our website. If you have further questions, 
you may call us at 866-852-8680.
 
Thank you for your patience and your loyalty. 

Sincerely, 
Insurance Company CEO



Silberman, Arthur L Esq.
Kimbery Madarang
798 Lund Farm Way, Rockaway,
Morris, NJ, 07866
(kimbery_madarang@cox.net)

Dear Kimbery Madarang, 

Similarly, we also have a template for the company's letter: 
Kimbery Madarang
798 Lund Farm Way, Rockaway,
Morris, NJ, 07866
(kimbery_madarang@cox.net)

Dear Kimbery Madarang,
As you may have heard or read, last month we learned that criminals forced their way into our systems, 
and stole information about our customers. Late last week, as part of our ongoing investigation, 
we learned that the taken information includes names, mailing addresses, phone numbers or email addresses. 

I am writing to make you aware that your name, mailing address, phone number or email address may 
have been taken during the intrusion. 

I am truly sorry this incident occurred, and I sincerely regret any inconvenience it may cause you. 

Because we value you as a customer, and because your trust is important to us, our company is 
offering you one year of free credit monitoring through Experian’s ProtectMyID product, which includes 
identity theft insurance where available. Enclosed please find your additional information about your 
free credit card monitoring.


You can find additional information and FAQs about this incident at our website. If you have further questions, 
you may call us at 866-852-8680.
 
Thank you for your patience and your loyalty. 

Sincerely, 
Insurance Company CEO



Honey Bee Breeding Genetics &.
Thurman Manno
9387 Charcot Ave, Absecon,
Atlantic, NJ, 08201
(thurman.manno@yahoo.com)

Dear Thurman Manno, 

Similarly, we also have a template for the company's letter: 
Thurman Manno
9387 Charcot Ave, Absecon,
Atlantic, NJ, 08201
(thurman.manno@yahoo.com)

Dear Thurman Manno,
As you may have heard or read, last month we learned that criminals forced their way into our systems, 
and stole information about our customers. Late last week, as part of our ongoing investigation, 
we learned that the taken information includes names, mailing addresses, phone numbers or email addresses. 

I am writing to make you aware that your name, mailing address, phone number or email address may 
have been taken during the intrusion. 

I am truly sorry this incident occurred, and I sincerely regret any inconvenience it may cause you. 

Because we value you as a customer, and because your trust is important to us, our company is 
offering you one year of free credit monitoring through Experian’s ProtectMyID product, which includes 
identity theft insurance where available. Enclosed please find your additional information about your 
free credit card monitoring.


You can find additional information and FAQs about this incident at our website. If you have further questions, 
you may call us at 866-852-8680.
 
Thank you for your patience and your loyalty. 

Sincerely, 
Insurance Company CEO



Wells Kravitz Schnitzer.
Becky Mirafuentes
30553 Washington Rd, Plainfield,
Union, NJ, 07062
(becky.mirafuentes@mirafuentes.com)

Dear Becky Mirafuentes, 

Similarly, we also have a template for the company's letter: 
Becky Mirafuentes
30553 Washington Rd, Plainfield,
Union, NJ, 07062
(becky.mirafuentes@mirafuentes.com)

Dear Becky Mirafuentes,
As you may have heard or read, last month we learned that criminals forced their way into our systems, 
and stole information about our customers. Late last week, as part of our ongoing investigation, 
we learned that the taken information includes names, mailing addresses, phone numbers or email addresses. 

I am writing to make you aware that your name, mailing address, phone number or email address may 
have been taken during the intrusion. 

I am truly sorry this incident occurred, and I sincerely regret any inconvenience it may cause you. 

Because we value you as a customer, and because your trust is important to us, our company is 
offering you one year of free credit monitoring through Experian’s ProtectMyID product, which includes 
identity theft insurance where available. Enclosed please find your additional information about your 
free credit card monitoring.


You can find additional information and FAQs about this incident at our website. If you have further questions, 
you may call us at 866-852-8680.
 
Thank you for your patience and your loyalty. 

Sincerely, 
Insurance Company CEO



Prohab Rehabilitation Servs.
Beatriz Corrington
481 W Lemon St, Middleboro,
Plymouth, MA, 02346
(beatriz@yahoo.com)

Dear Beatriz Corrington, 

Similarly, we also have a template for the company's letter: 
Beatriz Corrington
481 W Lemon St, Middleboro,
Plymouth, MA, 02346
(beatriz@yahoo.com)

Dear Beatriz Corrington,
As you may have heard or read, last month we learned that criminals forced their way into our systems, 
and stole information about our customers. Late last week, as part of our ongoing investigation, 
we learned that the taken information includes names, mailing addresses, phone numbers or email addresses. 

I am writing to make you aware that your name, mailing address, phone number or email address may 
have been taken during the intrusion. 

I am truly sorry this incident occurred, and I sincerely regret any inconvenience it may cause you. 

Because we value you as a customer, and because your trust is important to us, our company is 
offering you one year of free credit monitoring through Experian’s ProtectMyID product, which includes 
identity theft insurance where available. Enclosed please find your additional information about your 
free credit card monitoring.


You can find additional information and FAQs about this incident at our website. If you have further questions, 
you may call us at 866-852-8680.
 
Thank you for your patience and your loyalty. 

Sincerely, 
Insurance Company CEO



Eldridge, Kristin K Esq.
Marti Maybury
4 Warehouse Point Rd #7, Chicago,
Cook, IL, 60638
(marti.maybury@yahoo.com)

Dear Marti Maybury, 

Similarly, we also have a template for the company's letter: 
Marti Maybury
4 Warehouse Point Rd #7, Chicago,
Cook, IL, 60638
(marti.maybury@yahoo.com)

Dear Marti Maybury,
As you may have heard or read, last month we learned that criminals forced their way into our systems, 
and stole information about our customers. Late last week, as part of our ongoing investigation, 
we learned that the taken information includes names, mailing addresses, phone numbers or email addresses. 

I am writing to make you aware that your name, mailing address, phone number or email address may 
have been taken during the intrusion. 

I am truly sorry this incident occurred, and I sincerely regret any inconvenience it may cause you. 

Because we value you as a customer, and because your trust is important to us, our company is 
offering you one year of free credit monitoring through Experian’s ProtectMyID product, which includes 
identity theft insurance where available. Enclosed please find your additional information about your 
free credit card monitoring.


You can find additional information and FAQs about this incident at our website. If you have further questions, 
you may call us at 866-852-8680.
 
Thank you for your patience and your loyalty. 

Sincerely, 
Insurance Company CEO



Vlahos, John J Esq.
Nieves Gotter
4940 Pulaski Park Dr, Portland,
Multnomah, OR, 97202
(nieves_gotter@gmail.com)

Dear Nieves Gotter, 

Similarly, we also have a template for the company's letter: 
Nieves Gotter
4940 Pulaski Park Dr, Portland,
Multnomah, OR, 97202
(nieves_gotter@gmail.com)

Dear Nieves Gotter,
As you may have heard or read, last month we learned that criminals forced their way into our systems, 
and stole information about our customers. Late last week, as part of our ongoing investigation, 
we learned that the taken information includes names, mailing addresses, phone numbers or email addresses. 

I am writing to make you aware that your name, mailing address, phone number or email address may 
have been taken during the intrusion. 

I am truly sorry this incident occurred, and I sincerely regret any inconvenience it may cause you. 

Because we value you as a customer, and because your trust is important to us, our company is 
offering you one year of free credit monitoring through Experian’s ProtectMyID product, which includes 
identity theft insurance where available. Enclosed please find your additional information about your 
free credit card monitoring.


You can find additional information and FAQs about this incident at our website. If you have further questions, 
you may call us at 866-852-8680.
 
Thank you for your patience and your loyalty. 

Sincerely, 
Insurance Company CEO



Ninas Indian Grs & Videos.
Leatha Hagele
627 Walford Ave, Dallas,
Dallas, TX, 75227
(lhagele@cox.net)

Dear Leatha Hagele, 

Similarly, we also have a template for the company's letter: 
Leatha Hagele
627 Walford Ave, Dallas,
Dallas, TX, 75227
(lhagele@cox.net)

Dear Leatha Hagele,
As you may have heard or read, last month we learned that criminals forced their way into our systems, 
and stole information about our customers. Late last week, as part of our ongoing investigation, 
we learned that the taken information includes names, mailing addresses, phone numbers or email addresses. 

I am writing to make you aware that your name, mailing address, phone number or email address may 
have been taken during the intrusion. 

I am truly sorry this incident occurred, and I sincerely regret any inconvenience it may cause you. 

Because we value you as a customer, and because your trust is important to us, our company is 
offering you one year of free credit monitoring through Experian’s ProtectMyID product, which includes 
identity theft insurance where available. Enclosed please find your additional information about your 
free credit card monitoring.


You can find additional information and FAQs about this incident at our website. If you have further questions, 
you may call us at 866-852-8680.
 
Thank you for your patience and your loyalty. 

Sincerely, 
Insurance Company CEO



Schmid, Gayanne K Esq.
Valentin Klimek
137 Pioneer Way, Chicago,
Cook, IL, 60604
(vklimek@klimek.org)

Dear Valentin Klimek, 

Similarly, we also have a template for the company's letter: 
Valentin Klimek
137 Pioneer Way, Chicago,
Cook, IL, 60604
(vklimek@klimek.org)

Dear Valentin Klimek,
As you may have heard or read, last month we learned that criminals forced their way into our systems, 
and stole information about our customers. Late last week, as part of our ongoing investigation, 
we learned that the taken information includes names, mailing addresses, phone numbers or email addresses. 

I am writing to make you aware that your name, mailing address, phone number or email address may 
have been taken during the intrusion. 

I am truly sorry this incident occurred, and I sincerely regret any inconvenience it may cause you. 

Because we value you as a customer, and because your trust is important to us, our company is 
offering you one year of free credit monitoring through Experian’s ProtectMyID product, which includes 
identity theft insurance where available. Enclosed please find your additional information about your 
free credit card monitoring.


You can find additional information and FAQs about this incident at our website. If you have further questions, 
you may call us at 866-852-8680.
 
Thank you for your patience and your loyalty. 

Sincerely, 
Insurance Company CEO



Moapa Valley Federal Credit Un.
Melissa Wiklund
61 13 Stoneridge #835, Findlay,
Hancock, OH, 45840
(melissa@cox.net)

Dear Melissa Wiklund, 

Similarly, we also have a template for the company's letter: 
Melissa Wiklund
61 13 Stoneridge #835, Findlay,
Hancock, OH, 45840
(melissa@cox.net)

Dear Melissa Wiklund,
As you may have heard or read, last month we learned that criminals forced their way into our systems, 
and stole information about our customers. Late last week, as part of our ongoing investigation, 
we learned that the taken information includes names, mailing addresses, phone numbers or email addresses. 

I am writing to make you aware that your name, mailing address, phone number or email address may 
have been taken during the intrusion. 

I am truly sorry this incident occurred, and I sincerely regret any inconvenience it may cause you. 

Because we value you as a customer, and because your trust is important to us, our company is 
offering you one year of free credit monitoring through Experian’s ProtectMyID product, which includes 
identity theft insurance where available. Enclosed please find your additional information about your 
free credit card monitoring.


You can find additional information and FAQs about this incident at our website. If you have further questions, 
you may call us at 866-852-8680.
 
Thank you for your patience and your loyalty. 

Sincerely, 
Insurance Company CEO



Kentucky Tennessee Clay Co.
Sheridan Zane
2409 Alabama Rd, Riverside,
Riverside, CA, 92501
(sheridan.zane@zane.com)

Dear Sheridan Zane, 

Similarly, we also have a template for the company's letter: 
Sheridan Zane
2409 Alabama Rd, Riverside,
Riverside, CA, 92501
(sheridan.zane@zane.com)

Dear Sheridan Zane,
As you may have heard or read, last month we learned that criminals forced their way into our systems, 
and stole information about our customers. Late last week, as part of our ongoing investigation, 
we learned that the taken information includes names, mailing addresses, phone numbers or email addresses. 

I am writing to make you aware that your name, mailing address, phone number or email address may 
have been taken during the intrusion. 

I am truly sorry this incident occurred, and I sincerely regret any inconvenience it may cause you. 

Because we value you as a customer, and because your trust is important to us, our company is 
offering you one year of free credit monitoring through Experian’s ProtectMyID product, which includes 
identity theft insurance where available. Enclosed please find your additional information about your 
free credit card monitoring.


You can find additional information and FAQs about this incident at our website. If you have further questions, 
you may call us at 866-852-8680.
 
Thank you for your patience and your loyalty. 

Sincerely, 
Insurance Company CEO



Admiral Party Rentals & Sales.
Bulah Padilla
8927 Vandever Ave, Waco,
McLennan, TX, 76707
(bulah_padilla@hotmail.com)

Dear Bulah Padilla, 

Similarly, we also have a template for the company's letter: 
Bulah Padilla
8927 Vandever Ave, Waco,
McLennan, TX, 76707
(bulah_padilla@hotmail.com)

Dear Bulah Padilla,
As you may have heard or read, last month we learned that criminals forced their way into our systems, 
and stole information about our customers. Late last week, as part of our ongoing investigation, 
we learned that the taken information includes names, mailing addresses, phone numbers or email addresses. 

I am writing to make you aware that your name, mailing address, phone number or email address may 
have been taken during the intrusion. 

I am truly sorry this incident occurred, and I sincerely regret any inconvenience it may cause you. 

Because we value you as a customer, and because your trust is important to us, our company is 
offering you one year of free credit monitoring through Experian’s ProtectMyID product, which includes 
identity theft insurance where available. Enclosed please find your additional information about your 
free credit card monitoring.


You can find additional information and FAQs about this incident at our website. If you have further questions, 
you may call us at 866-852-8680.
 
Thank you for your patience and your loyalty. 

Sincerely, 
Insurance Company CEO



Nelson, Karolyn King Esq.
Audra Kohnert
134 Lewis Rd, Nashville,
Davidson, TN, 37211
(audra@kohnert.com)

Dear Audra Kohnert, 

Similarly, we also have a template for the company's letter: 
Audra Kohnert
134 Lewis Rd, Nashville,
Davidson, TN, 37211
(audra@kohnert.com)

Dear Audra Kohnert,
As you may have heard or read, last month we learned that criminals forced their way into our systems, 
and stole information about our customers. Late last week, as part of our ongoing investigation, 
we learned that the taken information includes names, mailing addresses, phone numbers or email addresses. 

I am writing to make you aware that your name, mailing address, phone number or email address may 
have been taken during the intrusion. 

I am truly sorry this incident occurred, and I sincerely regret any inconvenience it may cause you. 

Because we value you as a customer, and because your trust is important to us, our company is 
offering you one year of free credit monitoring through Experian’s ProtectMyID product, which includes 
identity theft insurance where available. Enclosed please find your additional information about your 
free credit card monitoring.


You can find additional information and FAQs about this incident at our website. If you have further questions, 
you may call us at 866-852-8680.
 
Thank you for your patience and your loyalty. 

Sincerely, 
Insurance Company CEO



Panasystems.
Daren Weirather
9 N College Ave #3, Milwaukee,
Milwaukee, WI, 53216
(dweirather@aol.com)

Dear Daren Weirather, 

Similarly, we also have a template for the company's letter: 
Daren Weirather
9 N College Ave #3, Milwaukee,
Milwaukee, WI, 53216
(dweirather@aol.com)

Dear Daren Weirather,
As you may have heard or read, last month we learned that criminals forced their way into our systems, 
and stole information about our customers. Late last week, as part of our ongoing investigation, 
we learned that the taken information includes names, mailing addresses, phone numbers or email addresses. 

I am writing to make you aware that your name, mailing address, phone number or email address may 
have been taken during the intrusion. 

I am truly sorry this incident occurred, and I sincerely regret any inconvenience it may cause you. 

Because we value you as a customer, and because your trust is important to us, our company is 
offering you one year of free credit monitoring through Experian’s ProtectMyID product, which includes 
identity theft insurance where available. Enclosed please find your additional information about your 
free credit card monitoring.


You can find additional information and FAQs about this incident at our website. If you have further questions, 
you may call us at 866-852-8680.
 
Thank you for your patience and your loyalty. 

Sincerely, 
Insurance Company CEO



Shank, Edward L Esq.
Fernanda Jillson
60480 Old Us Highway 51, Preston,
Caroline, MD, 21655
(fjillson@aol.com)

Dear Fernanda Jillson, 

Similarly, we also have a template for the company's letter: 
Fernanda Jillson
60480 Old Us Highway 51, Preston,
Caroline, MD, 21655
(fjillson@aol.com)

Dear Fernanda Jillson,
As you may have heard or read, last month we learned that criminals forced their way into our systems, 
and stole information about our customers. Late last week, as part of our ongoing investigation, 
we learned that the taken information includes names, mailing addresses, phone numbers or email addresses. 

I am writing to make you aware that your name, mailing address, phone number or email address may 
have been taken during the intrusion. 

I am truly sorry this incident occurred, and I sincerely regret any inconvenience it may cause you. 

Because we value you as a customer, and because your trust is important to us, our company is 
offering you one year of free credit monitoring through Experian’s ProtectMyID product, which includes 
identity theft insurance where available. Enclosed please find your additional information about your 
free credit card monitoring.


You can find additional information and FAQs about this incident at our website. If you have further questions, 
you may call us at 866-852-8680.
 
Thank you for your patience and your loyalty. 

Sincerely, 
Insurance Company CEO



Megibow & Edwards.
Gearldine Gellinger
4 Bloomfield Ave, Irving,
Dallas, TX, 75061
(gearldine_gellinger@gellinger.com)

Dear Gearldine Gellinger, 

Similarly, we also have a template for the company's letter: 
Gearldine Gellinger
4 Bloomfield Ave, Irving,
Dallas, TX, 75061
(gearldine_gellinger@gellinger.com)

Dear Gearldine Gellinger,
As you may have heard or read, last month we learned that criminals forced their way into our systems, 
and stole information about our customers. Late last week, as part of our ongoing investigation, 
we learned that the taken information includes names, mailing addresses, phone numbers or email addresses. 

I am writing to make you aware that your name, mailing address, phone number or email address may 
have been taken during the intrusion. 

I am truly sorry this incident occurred, and I sincerely regret any inconvenience it may cause you. 

Because we value you as a customer, and because your trust is important to us, our company is 
offering you one year of free credit monitoring through Experian’s ProtectMyID product, which includes 
identity theft insurance where available. Enclosed please find your additional information about your 
free credit card monitoring.


You can find additional information and FAQs about this incident at our website. If you have further questions, 
you may call us at 866-852-8680.
 
Thank you for your patience and your loyalty. 

Sincerely, 
Insurance Company CEO



Benoff, Edward Esq.
Chau Kitzman
429 Tiger Ln, Beverly Hills,
Los Angeles, CA, 90212
(chau@gmail.com)

Dear Chau Kitzman, 

Similarly, we also have a template for the company's letter: 
Chau Kitzman
429 Tiger Ln, Beverly Hills,
Los Angeles, CA, 90212
(chau@gmail.com)

Dear Chau Kitzman,
As you may have heard or read, last month we learned that criminals forced their way into our systems, 
and stole information about our customers. Late last week, as part of our ongoing investigation, 
we learned that the taken information includes names, mailing addresses, phone numbers or email addresses. 

I am writing to make you aware that your name, mailing address, phone number or email address may 
have been taken during the intrusion. 

I am truly sorry this incident occurred, and I sincerely regret any inconvenience it may cause you. 

Because we value you as a customer, and because your trust is important to us, our company is 
offering you one year of free credit monitoring through Experian’s ProtectMyID product, which includes 
identity theft insurance where available. Enclosed please find your additional information about your 
free credit card monitoring.


You can find additional information and FAQs about this incident at our website. If you have further questions, 
you may call us at 866-852-8680.
 
Thank you for your patience and your loyalty. 

Sincerely, 
Insurance Company CEO



Woodbridge Free Public Library.
Theola Frey
54169 N Main St, Massapequa,
Nassau, NY, 11758
(theola_frey@frey.com)

Dear Theola Frey, 

Similarly, we also have a template for the company's letter: 
Theola Frey
54169 N Main St, Massapequa,
Nassau, NY, 11758
(theola_frey@frey.com)

Dear Theola Frey,
As you may have heard or read, last month we learned that criminals forced their way into our systems, 
and stole information about our customers. Late last week, as part of our ongoing investigation, 
we learned that the taken information includes names, mailing addresses, phone numbers or email addresses. 

I am writing to make you aware that your name, mailing address, phone number or email address may 
have been taken during the intrusion. 

I am truly sorry this incident occurred, and I sincerely regret any inconvenience it may cause you. 

Because we value you as a customer, and because your trust is important to us, our company is 
offering you one year of free credit monitoring through Experian’s ProtectMyID product, which includes 
identity theft insurance where available. Enclosed please find your additional information about your 
free credit card monitoring.


You can find additional information and FAQs about this incident at our website. If you have further questions, 
you may call us at 866-852-8680.
 
Thank you for your patience and your loyalty. 

Sincerely, 
Insurance Company CEO



New York Life John Thune.
Cheryl Haroldson
92 Main St, Atlantic City,
Atlantic, NJ, 08401
(cheryl@haroldson.org)

Dear Cheryl Haroldson, 

Similarly, we also have a template for the company's letter: 
Cheryl Haroldson
92 Main St, Atlantic City,
Atlantic, NJ, 08401
(cheryl@haroldson.org)

Dear Cheryl Haroldson,
As you may have heard or read, last month we learned that criminals forced their way into our systems, 
and stole information about our customers. Late last week, as part of our ongoing investigation, 
we learned that the taken information includes names, mailing addresses, phone numbers or email addresses. 

I am writing to make you aware that your name, mailing address, phone number or email address may 
have been taken during the intrusion. 

I am truly sorry this incident occurred, and I sincerely regret any inconvenience it may cause you. 

Because we value you as a customer, and because your trust is important to us, our company is 
offering you one year of free credit monitoring through Experian’s ProtectMyID product, which includes 
identity theft insurance where available. Enclosed please find your additional information about your 
free credit card monitoring.


You can find additional information and FAQs about this incident at our website. If you have further questions, 
you may call us at 866-852-8680.
 
Thank you for your patience and your loyalty. 

Sincerely, 
Insurance Company CEO



Alinabal Inc.
Laticia Merced
72 Mannix Dr, Cincinnati,
Hamilton, OH, 45203
(lmerced@gmail.com)

Dear Laticia Merced, 

Similarly, we also have a template for the company's letter: 
Laticia Merced
72 Mannix Dr, Cincinnati,
Hamilton, OH, 45203
(lmerced@gmail.com)

Dear Laticia Merced,
As you may have heard or read, last month we learned that criminals forced their way into our systems, 
and stole information about our customers. Late last week, as part of our ongoing investigation, 
we learned that the taken information includes names, mailing addresses, phone numbers or email addresses. 

I am writing to make you aware that your name, mailing address, phone number or email address may 
have been taken during the intrusion. 

I am truly sorry this incident occurred, and I sincerely regret any inconvenience it may cause you. 

Because we value you as a customer, and because your trust is important to us, our company is 
offering you one year of free credit monitoring through Experian’s ProtectMyID product, which includes 
identity theft insurance where available. Enclosed please find your additional information about your 
free credit card monitoring.


You can find additional information and FAQs about this incident at our website. If you have further questions, 
you may call us at 866-852-8680.
 
Thank you for your patience and your loyalty. 

Sincerely, 
Insurance Company CEO



Poletto, Kim David Esq.
Carissa Batman
12270 Caton Center Dr, Eugene,
Lane, OR, 97401
(carissa.batman@yahoo.com)

Dear Carissa Batman, 

Similarly, we also have a template for the company's letter: 
Carissa Batman
12270 Caton Center Dr, Eugene,
Lane, OR, 97401
(carissa.batman@yahoo.com)

Dear Carissa Batman,
As you may have heard or read, last month we learned that criminals forced their way into our systems, 
and stole information about our customers. Late last week, as part of our ongoing investigation, 
we learned that the taken information includes names, mailing addresses, phone numbers or email addresses. 

I am writing to make you aware that your name, mailing address, phone number or email address may 
have been taken during the intrusion. 

I am truly sorry this incident occurred, and I sincerely regret any inconvenience it may cause you. 

Because we value you as a customer, and because your trust is important to us, our company is 
offering you one year of free credit monitoring through Experian’s ProtectMyID product, which includes 
identity theft insurance where available. Enclosed please find your additional information about your 
free credit card monitoring.


You can find additional information and FAQs about this incident at our website. If you have further questions, 
you may call us at 866-852-8680.
 
Thank you for your patience and your loyalty. 

Sincerely, 
Insurance Company CEO



Chang, Carolyn Esq.
Lezlie Craghead
749 W 18th St #45, Smithfield,
Johnston, NC, 27577
(lezlie.craghead@craghead.org)

Dear Lezlie Craghead, 

Similarly, we also have a template for the company's letter: 
Lezlie Craghead
749 W 18th St #45, Smithfield,
Johnston, NC, 27577
(lezlie.craghead@craghead.org)

Dear Lezlie Craghead,
As you may have heard or read, last month we learned that criminals forced their way into our systems, 
and stole information about our customers. Late last week, as part of our ongoing investigation, 
we learned that the taken information includes names, mailing addresses, phone numbers or email addresses. 

I am writing to make you aware that your name, mailing address, phone number or email address may 
have been taken during the intrusion. 

I am truly sorry this incident occurred, and I sincerely regret any inconvenience it may cause you. 

Because we value you as a customer, and because your trust is important to us, our company is 
offering you one year of free credit monitoring through Experian’s ProtectMyID product, which includes 
identity theft insurance where available. Enclosed please find your additional information about your 
free credit card monitoring.


You can find additional information and FAQs about this incident at our website. If you have further questions, 
you may call us at 866-852-8680.
 
Thank you for your patience and your loyalty. 

Sincerely, 
Insurance Company CEO



Silver Bros Inc.
Ozell Shealy
8 Industry Ln, New York,
New York, NY, 10002
(oshealy@hotmail.com)

Dear Ozell Shealy, 

Similarly, we also have a template for the company's letter: 
Ozell Shealy
8 Industry Ln, New York,
New York, NY, 10002
(oshealy@hotmail.com)

Dear Ozell Shealy,
As you may have heard or read, last month we learned that criminals forced their way into our systems, 
and stole information about our customers. Late last week, as part of our ongoing investigation, 
we learned that the taken information includes names, mailing addresses, phone numbers or email addresses. 

I am writing to make you aware that your name, mailing address, phone number or email address may 
have been taken during the intrusion. 

I am truly sorry this incident occurred, and I sincerely regret any inconvenience it may cause you. 

Because we value you as a customer, and because your trust is important to us, our company is 
offering you one year of free credit monitoring through Experian’s ProtectMyID product, which includes 
identity theft insurance where available. Enclosed please find your additional information about your 
free credit card monitoring.


You can find additional information and FAQs about this incident at our website. If you have further questions, 
you may call us at 866-852-8680.
 
Thank you for your patience and your loyalty. 

Sincerely, 
Insurance Company CEO



Newtec Inc.
Arminda Parvis
1 Huntwood Ave, Phoenix,
Maricopa, AZ, 85017
(arminda@parvis.com)

Dear Arminda Parvis, 

Similarly, we also have a template for the company's letter: 
Arminda Parvis
1 Huntwood Ave, Phoenix,
Maricopa, AZ, 85017
(arminda@parvis.com)

Dear Arminda Parvis,
As you may have heard or read, last month we learned that criminals forced their way into our systems, 
and stole information about our customers. Late last week, as part of our ongoing investigation, 
we learned that the taken information includes names, mailing addresses, phone numbers or email addresses. 

I am writing to make you aware that your name, mailing address, phone number or email address may 
have been taken during the intrusion. 

I am truly sorry this incident occurred, and I sincerely regret any inconvenience it may cause you. 

Because we value you as a customer, and because your trust is important to us, our company is 
offering you one year of free credit monitoring through Experian’s ProtectMyID product, which includes 
identity theft insurance where available. Enclosed please find your additional information about your 
free credit card monitoring.


You can find additional information and FAQs about this incident at our website. If you have further questions, 
you may call us at 866-852-8680.
 
Thank you for your patience and your loyalty. 

Sincerely, 
Insurance Company CEO



Creative Business Systems.
Reita Leto
55262 N French Rd, Indianapolis,
Marion, IN, 46240
(reita.leto@gmail.com)

Dear Reita Leto, 

Similarly, we also have a template for the company's letter: 
Reita Leto
55262 N French Rd, Indianapolis,
Marion, IN, 46240
(reita.leto@gmail.com)

Dear Reita Leto,
As you may have heard or read, last month we learned that criminals forced their way into our systems, 
and stole information about our customers. Late last week, as part of our ongoing investigation, 
we learned that the taken information includes names, mailing addresses, phone numbers or email addresses. 

I am writing to make you aware that your name, mailing address, phone number or email address may 
have been taken during the intrusion. 

I am truly sorry this incident occurred, and I sincerely regret any inconvenience it may cause you. 

Because we value you as a customer, and because your trust is important to us, our company is 
offering you one year of free credit monitoring through Experian’s ProtectMyID product, which includes 
identity theft insurance where available. Enclosed please find your additional information about your 
free credit card monitoring.


You can find additional information and FAQs about this incident at our website. If you have further questions, 
you may call us at 866-852-8680.
 
Thank you for your patience and your loyalty. 

Sincerely, 
Insurance Company CEO



Dal Tile Corporation.
Yolando Luczki
422 E 21st St, Syracuse,
Onondaga, NY, 13214
(yolando@cox.net)

Dear Yolando Luczki, 

Similarly, we also have a template for the company's letter: 
Yolando Luczki
422 E 21st St, Syracuse,
Onondaga, NY, 13214
(yolando@cox.net)

Dear Yolando Luczki,
As you may have heard or read, last month we learned that criminals forced their way into our systems, 
and stole information about our customers. Late last week, as part of our ongoing investigation, 
we learned that the taken information includes names, mailing addresses, phone numbers or email addresses. 

I am writing to make you aware that your name, mailing address, phone number or email address may 
have been taken during the intrusion. 

I am truly sorry this incident occurred, and I sincerely regret any inconvenience it may cause you. 

Because we value you as a customer, and because your trust is important to us, our company is 
offering you one year of free credit monitoring through Experian’s ProtectMyID product, which includes 
identity theft insurance where available. Enclosed please find your additional information about your 
free credit card monitoring.


You can find additional information and FAQs about this incident at our website. If you have further questions, 
you may call us at 866-852-8680.
 
Thank you for your patience and your loyalty. 

Sincerely, 
Insurance Company CEO



Edward S Katz.
Lizette Stem
501 N 19th Ave, Cherry Hill,
Camden, NJ, 08002
(lizette.stem@aol.com)

Dear Lizette Stem, 

Similarly, we also have a template for the company's letter: 
Lizette Stem
501 N 19th Ave, Cherry Hill,
Camden, NJ, 08002
(lizette.stem@aol.com)

Dear Lizette Stem,
As you may have heard or read, last month we learned that criminals forced their way into our systems, 
and stole information about our customers. Late last week, as part of our ongoing investigation, 
we learned that the taken information includes names, mailing addresses, phone numbers or email addresses. 

I am writing to make you aware that your name, mailing address, phone number or email address may 
have been taken during the intrusion. 

I am truly sorry this incident occurred, and I sincerely regret any inconvenience it may cause you. 

Because we value you as a customer, and because your trust is important to us, our company is 
offering you one year of free credit monitoring through Experian’s ProtectMyID product, which includes 
identity theft insurance where available. Enclosed please find your additional information about your 
free credit card monitoring.


You can find additional information and FAQs about this incident at our website. If you have further questions, 
you may call us at 866-852-8680.
 
Thank you for your patience and your loyalty. 

Sincerely, 
Insurance Company CEO



Oh My Goodknits Inc.
Gregoria Pawlowicz
455 N Main Ave, Garden City,
Nassau, NY, 11530
(gpawlowicz@yahoo.com)

Dear Gregoria Pawlowicz, 

Similarly, we also have a template for the company's letter: 
Gregoria Pawlowicz
455 N Main Ave, Garden City,
Nassau, NY, 11530
(gpawlowicz@yahoo.com)

Dear Gregoria Pawlowicz,
As you may have heard or read, last month we learned that criminals forced their way into our systems, 
and stole information about our customers. Late last week, as part of our ongoing investigation, 
we learned that the taken information includes names, mailing addresses, phone numbers or email addresses. 

I am writing to make you aware that your name, mailing address, phone number or email address may 
have been taken during the intrusion. 

I am truly sorry this incident occurred, and I sincerely regret any inconvenience it may cause you. 

Because we value you as a customer, and because your trust is important to us, our company is 
offering you one year of free credit monitoring through Experian’s ProtectMyID product, which includes 
identity theft insurance where available. Enclosed please find your additional information about your 
free credit card monitoring.


You can find additional information and FAQs about this incident at our website. If you have further questions, 
you may call us at 866-852-8680.
 
Thank you for your patience and your loyalty. 

Sincerely, 
Insurance Company CEO



Redeker, Debbie.
Carin Deleo
1844 Southern Blvd, Little Rock,
Pulaski, AR, 72202
(cdeleo@deleo.com)

Dear Carin Deleo, 

Similarly, we also have a template for the company's letter: 
Carin Deleo
1844 Southern Blvd, Little Rock,
Pulaski, AR, 72202
(cdeleo@deleo.com)

Dear Carin Deleo,
As you may have heard or read, last month we learned that criminals forced their way into our systems, 
and stole information about our customers. Late last week, as part of our ongoing investigation, 
we learned that the taken information includes names, mailing addresses, phone numbers or email addresses. 

I am writing to make you aware that your name, mailing address, phone number or email address may 
have been taken during the intrusion. 

I am truly sorry this incident occurred, and I sincerely regret any inconvenience it may cause you. 

Because we value you as a customer, and because your trust is important to us, our company is 
offering you one year of free credit monitoring through Experian’s ProtectMyID product, which includes 
identity theft insurance where available. Enclosed please find your additional information about your 
free credit card monitoring.


You can find additional information and FAQs about this incident at our website. If you have further questions, 
you may call us at 866-852-8680.
 
Thank you for your patience and your loyalty. 

Sincerely, 
Insurance Company CEO



Desert Sands Motel.
Chantell Maynerich
2023 Greg St, Saint Paul,
Ramsey, MN, 55101
(chantell@yahoo.com)

Dear Chantell Maynerich, 

Similarly, we also have a template for the company's letter: 
Chantell Maynerich
2023 Greg St, Saint Paul,
Ramsey, MN, 55101
(chantell@yahoo.com)

Dear Chantell Maynerich,
As you may have heard or read, last month we learned that criminals forced their way into our systems, 
and stole information about our customers. Late last week, as part of our ongoing investigation, 
we learned that the taken information includes names, mailing addresses, phone numbers or email addresses. 

I am writing to make you aware that your name, mailing address, phone number or email address may 
have been taken during the intrusion. 

I am truly sorry this incident occurred, and I sincerely regret any inconvenience it may cause you. 

Because we value you as a customer, and because your trust is important to us, our company is 
offering you one year of free credit monitoring through Experian’s ProtectMyID product, which includes 
identity theft insurance where available. Enclosed please find your additional information about your 
free credit card monitoring.


You can find additional information and FAQs about this incident at our website. If you have further questions, 
you may call us at 866-852-8680.
 
Thank you for your patience and your loyalty. 

Sincerely, 
Insurance Company CEO



Cummins Southern Plains Inc.
Dierdre Yum
63381 Jenks Ave, Philadelphia,
Philadelphia, PA, 19134
(dyum@yahoo.com)

Dear Dierdre Yum, 

Similarly, we also have a template for the company's letter: 
Dierdre Yum
63381 Jenks Ave, Philadelphia,
Philadelphia, PA, 19134
(dyum@yahoo.com)

Dear Dierdre Yum,
As you may have heard or read, last month we learned that criminals forced their way into our systems, 
and stole information about our customers. Late last week, as part of our ongoing investigation, 
we learned that the taken information includes names, mailing addresses, phone numbers or email addresses. 

I am writing to make you aware that your name, mailing address, phone number or email address may 
have been taken during the intrusion. 

I am truly sorry this incident occurred, and I sincerely regret any inconvenience it may cause you. 

Because we value you as a customer, and because your trust is important to us, our company is 
offering you one year of free credit monitoring through Experian’s ProtectMyID product, which includes 
identity theft insurance where available. Enclosed please find your additional information about your 
free credit card monitoring.


You can find additional information and FAQs about this incident at our website. If you have further questions, 
you may call us at 866-852-8680.
 
Thank you for your patience and your loyalty. 

Sincerely, 
Insurance Company CEO



Lehigh Furn Divsn Lehigh.
Larae Gudroe
6651 Municipal Rd, Houma,
Terrebonne, LA, 70360
(larae_gudroe@gmail.com)

Dear Larae Gudroe, 

Similarly, we also have a template for the company's letter: 
Larae Gudroe
6651 Municipal Rd, Houma,
Terrebonne, LA, 70360
(larae_gudroe@gmail.com)

Dear Larae Gudroe,
As you may have heard or read, last month we learned that criminals forced their way into our systems, 
and stole information about our customers. Late last week, as part of our ongoing investigation, 
we learned that the taken information includes names, mailing addresses, phone numbers or email addresses. 

I am writing to make you aware that your name, mailing address, phone number or email address may 
have been taken during the intrusion. 

I am truly sorry this incident occurred, and I sincerely regret any inconvenience it may cause you. 

Because we value you as a customer, and because your trust is important to us, our company is 
offering you one year of free credit monitoring through Experian’s ProtectMyID product, which includes 
identity theft insurance where available. Enclosed please find your additional information about your 
free credit card monitoring.


You can find additional information and FAQs about this incident at our website. If you have further questions, 
you may call us at 866-852-8680.
 
Thank you for your patience and your loyalty. 

Sincerely, 
Insurance Company CEO



United Van Lines Agent.
Latrice Tolfree
81 Norris Ave #525, Ronkonkoma,
Suffolk, NY, 11779
(latrice.tolfree@hotmail.com)

Dear Latrice Tolfree, 

Similarly, we also have a template for the company's letter: 
Latrice Tolfree
81 Norris Ave #525, Ronkonkoma,
Suffolk, NY, 11779
(latrice.tolfree@hotmail.com)

Dear Latrice Tolfree,
As you may have heard or read, last month we learned that criminals forced their way into our systems, 
and stole information about our customers. Late last week, as part of our ongoing investigation, 
we learned that the taken information includes names, mailing addresses, phone numbers or email addresses. 

I am writing to make you aware that your name, mailing address, phone number or email address may 
have been taken during the intrusion. 

I am truly sorry this incident occurred, and I sincerely regret any inconvenience it may cause you. 

Because we value you as a customer, and because your trust is important to us, our company is 
offering you one year of free credit monitoring through Experian’s ProtectMyID product, which includes 
identity theft insurance where available. Enclosed please find your additional information about your 
free credit card monitoring.


You can find additional information and FAQs about this incident at our website. If you have further questions, 
you may call us at 866-852-8680.
 
Thank you for your patience and your loyalty. 

Sincerely, 
Insurance Company CEO



Capitol Reporters.
Kerry Theodorov
6916 W Main St, Sacramento,
Sacramento, CA, 95827
(kerry.theodorov@gmail.com)

Dear Kerry Theodorov, 

Similarly, we also have a template for the company's letter: 
Kerry Theodorov
6916 W Main St, Sacramento,
Sacramento, CA, 95827
(kerry.theodorov@gmail.com)

Dear Kerry Theodorov,
As you may have heard or read, last month we learned that criminals forced their way into our systems, 
and stole information about our customers. Late last week, as part of our ongoing investigation, 
we learned that the taken information includes names, mailing addresses, phone numbers or email addresses. 

I am writing to make you aware that your name, mailing address, phone number or email address may 
have been taken during the intrusion. 

I am truly sorry this incident occurred, and I sincerely regret any inconvenience it may cause you. 

Because we value you as a customer, and because your trust is important to us, our company is 
offering you one year of free credit monitoring through Experian’s ProtectMyID product, which includes 
identity theft insurance where available. Enclosed please find your additional information about your 
free credit card monitoring.


You can find additional information and FAQs about this incident at our website. If you have further questions, 
you may call us at 866-852-8680.
 
Thank you for your patience and your loyalty. 

Sincerely, 
Insurance Company CEO



Kwik Kopy Printing.
Dorthy Hidvegi
9635 S Main St, Boise,
Ada, ID, 83704
(dhidvegi@yahoo.com)

Dear Dorthy Hidvegi, 

Similarly, we also have a template for the company's letter: 
Dorthy Hidvegi
9635 S Main St, Boise,
Ada, ID, 83704
(dhidvegi@yahoo.com)

Dear Dorthy Hidvegi,
As you may have heard or read, last month we learned that criminals forced their way into our systems, 
and stole information about our customers. Late last week, as part of our ongoing investigation, 
we learned that the taken information includes names, mailing addresses, phone numbers or email addresses. 

I am writing to make you aware that your name, mailing address, phone number or email address may 
have been taken during the intrusion. 

I am truly sorry this incident occurred, and I sincerely regret any inconvenience it may cause you. 

Because we value you as a customer, and because your trust is important to us, our company is 
offering you one year of free credit monitoring through Experian’s ProtectMyID product, which includes 
identity theft insurance where available. Enclosed please find your additional information about your 
free credit card monitoring.


You can find additional information and FAQs about this incident at our website. If you have further questions, 
you may call us at 866-852-8680.
 
Thank you for your patience and your loyalty. 

Sincerely, 
Insurance Company CEO



Centro Inc.
Fannie Lungren
17 Us Highway 111, Round Rock,
Williamson, TX, 78664
(fannie.lungren@yahoo.com)

Dear Fannie Lungren, 

Similarly, we also have a template for the company's letter: 
Fannie Lungren
17 Us Highway 111, Round Rock,
Williamson, TX, 78664
(fannie.lungren@yahoo.com)

Dear Fannie Lungren,
As you may have heard or read, last month we learned that criminals forced their way into our systems, 
and stole information about our customers. Late last week, as part of our ongoing investigation, 
we learned that the taken information includes names, mailing addresses, phone numbers or email addresses. 

I am writing to make you aware that your name, mailing address, phone number or email address may 
have been taken during the intrusion. 

I am truly sorry this incident occurred, and I sincerely regret any inconvenience it may cause you. 

Because we value you as a customer, and because your trust is important to us, our company is 
offering you one year of free credit monitoring through Experian’s ProtectMyID product, which includes 
identity theft insurance where available. Enclosed please find your additional information about your 
free credit card monitoring.


You can find additional information and FAQs about this incident at our website. If you have further questions, 
you may call us at 866-852-8680.
 
Thank you for your patience and your loyalty. 

Sincerely, 
Insurance Company CEO



Campbell, Jan Esq.
Evangelina Radde
992 Civic Center Dr, Philadelphia,
Philadelphia, PA, 19123
(evangelina@aol.com)

Dear Evangelina Radde, 

Similarly, we also have a template for the company's letter: 
Evangelina Radde
992 Civic Center Dr, Philadelphia,
Philadelphia, PA, 19123
(evangelina@aol.com)

Dear Evangelina Radde,
As you may have heard or read, last month we learned that criminals forced their way into our systems, 
and stole information about our customers. Late last week, as part of our ongoing investigation, 
we learned that the taken information includes names, mailing addresses, phone numbers or email addresses. 

I am writing to make you aware that your name, mailing address, phone number or email address may 
have been taken during the intrusion. 

I am truly sorry this incident occurred, and I sincerely regret any inconvenience it may cause you. 

Because we value you as a customer, and because your trust is important to us, our company is 
offering you one year of free credit monitoring through Experian’s ProtectMyID product, which includes 
identity theft insurance where available. Enclosed please find your additional information about your 
free credit card monitoring.


You can find additional information and FAQs about this incident at our website. If you have further questions, 
you may call us at 866-852-8680.
 
Thank you for your patience and your loyalty. 

Sincerely, 
Insurance Company CEO



Evans, C Kelly Esq.
Novella Degroot
303 N Radcliffe St, Hilo,
Hawaii, HI, 96720
(novella_degroot@degroot.org)

Dear Novella Degroot, 

Similarly, we also have a template for the company's letter: 
Novella Degroot
303 N Radcliffe St, Hilo,
Hawaii, HI, 96720
(novella_degroot@degroot.org)

Dear Novella Degroot,
As you may have heard or read, last month we learned that criminals forced their way into our systems, 
and stole information about our customers. Late last week, as part of our ongoing investigation, 
we learned that the taken information includes names, mailing addresses, phone numbers or email addresses. 

I am writing to make you aware that your name, mailing address, phone number or email address may 
have been taken during the intrusion. 

I am truly sorry this incident occurred, and I sincerely regret any inconvenience it may cause you. 

Because we value you as a customer, and because your trust is important to us, our company is 
offering you one year of free credit monitoring through Experian’s ProtectMyID product, which includes 
identity theft insurance where available. Enclosed please find your additional information about your 
free credit card monitoring.


You can find additional information and FAQs about this incident at our website. If you have further questions, 
you may call us at 866-852-8680.
 
Thank you for your patience and your loyalty. 

Sincerely, 
Insurance Company CEO



Scat Enterprises.
Clay Hoa
73 Saint Ann St #86, Reno,
Washoe, NV, 89502
(choa@hoa.org)

Dear Clay Hoa, 

Similarly, we also have a template for the company's letter: 
Clay Hoa
73 Saint Ann St #86, Reno,
Washoe, NV, 89502
(choa@hoa.org)

Dear Clay Hoa,
As you may have heard or read, last month we learned that criminals forced their way into our systems, 
and stole information about our customers. Late last week, as part of our ongoing investigation, 
we learned that the taken information includes names, mailing addresses, phone numbers or email addresses. 

I am writing to make you aware that your name, mailing address, phone number or email address may 
have been taken during the intrusion. 

I am truly sorry this incident occurred, and I sincerely regret any inconvenience it may cause you. 

Because we value you as a customer, and because your trust is important to us, our company is 
offering you one year of free credit monitoring through Experian’s ProtectMyID product, which includes 
identity theft insurance where available. Enclosed please find your additional information about your 
free credit card monitoring.


You can find additional information and FAQs about this incident at our website. If you have further questions, 
you may call us at 866-852-8680.
 
Thank you for your patience and your loyalty. 

Sincerely, 
Insurance Company CEO



Nagle, Daniel J Esq.
Jennifer Fallick
44 58th St, Wheeling,
Cook, IL, 60090
(jfallick@yahoo.com)

Dear Jennifer Fallick, 

Similarly, we also have a template for the company's letter: 
Jennifer Fallick
44 58th St, Wheeling,
Cook, IL, 60090
(jfallick@yahoo.com)

Dear Jennifer Fallick,
As you may have heard or read, last month we learned that criminals forced their way into our systems, 
and stole information about our customers. Late last week, as part of our ongoing investigation, 
we learned that the taken information includes names, mailing addresses, phone numbers or email addresses. 

I am writing to make you aware that your name, mailing address, phone number or email address may 
have been taken during the intrusion. 

I am truly sorry this incident occurred, and I sincerely regret any inconvenience it may cause you. 

Because we value you as a customer, and because your trust is important to us, our company is 
offering you one year of free credit monitoring through Experian’s ProtectMyID product, which includes 
identity theft insurance where available. Enclosed please find your additional information about your 
free credit card monitoring.


You can find additional information and FAQs about this incident at our website. If you have further questions, 
you may call us at 866-852-8680.
 
Thank you for your patience and your loyalty. 

Sincerely, 
Insurance Company CEO



Serendiquity Bed & Breakfast.
Irma Wolfgramm
9745 W Main St, Randolph,
Morris, NJ, 07869
(irma.wolfgramm@hotmail.com)

Dear Irma Wolfgramm, 

Similarly, we also have a template for the company's letter: 
Irma Wolfgramm
9745 W Main St, Randolph,
Morris, NJ, 07869
(irma.wolfgramm@hotmail.com)

Dear Irma Wolfgramm,
As you may have heard or read, last month we learned that criminals forced their way into our systems, 
and stole information about our customers. Late last week, as part of our ongoing investigation, 
we learned that the taken information includes names, mailing addresses, phone numbers or email addresses. 

I am writing to make you aware that your name, mailing address, phone number or email address may 
have been taken during the intrusion. 

I am truly sorry this incident occurred, and I sincerely regret any inconvenience it may cause you. 

Because we value you as a customer, and because your trust is important to us, our company is 
offering you one year of free credit monitoring through Experian’s ProtectMyID product, which includes 
identity theft insurance where available. Enclosed please find your additional information about your 
free credit card monitoring.


You can find additional information and FAQs about this incident at our website. If you have further questions, 
you may call us at 866-852-8680.
 
Thank you for your patience and your loyalty. 

Sincerely, 
Insurance Company CEO



Ray Carolyne Realty.
Eun Coody
84 Bloomfield Ave, Spartanburg,
Spartanburg, SC, 29301
(eun@yahoo.com)

Dear Eun Coody, 

Similarly, we also have a template for the company's letter: 
Eun Coody
84 Bloomfield Ave, Spartanburg,
Spartanburg, SC, 29301
(eun@yahoo.com)

Dear Eun Coody,
As you may have heard or read, last month we learned that criminals forced their way into our systems, 
and stole information about our customers. Late last week, as part of our ongoing investigation, 
we learned that the taken information includes names, mailing addresses, phone numbers or email addresses. 

I am writing to make you aware that your name, mailing address, phone number or email address may 
have been taken during the intrusion. 

I am truly sorry this incident occurred, and I sincerely regret any inconvenience it may cause you. 

Because we value you as a customer, and because your trust is important to us, our company is 
offering you one year of free credit monitoring through Experian’s ProtectMyID product, which includes 
identity theft insurance where available. Enclosed please find your additional information about your 
free credit card monitoring.


You can find additional information and FAQs about this incident at our website. If you have further questions, 
you may call us at 866-852-8680.
 
Thank you for your patience and your loyalty. 

Sincerely, 
Insurance Company CEO



Berg, Charles E.
Sylvia Cousey
287 Youngstown Warren Rd, Hampstead,
Carroll, MD, 21074
(sylvia_cousey@cousey.org)

Dear Sylvia Cousey, 

Similarly, we also have a template for the company's letter: 
Sylvia Cousey
287 Youngstown Warren Rd, Hampstead,
Carroll, MD, 21074
(sylvia_cousey@cousey.org)

Dear Sylvia Cousey,
As you may have heard or read, last month we learned that criminals forced their way into our systems, 
and stole information about our customers. Late last week, as part of our ongoing investigation, 
we learned that the taken information includes names, mailing addresses, phone numbers or email addresses. 

I am writing to make you aware that your name, mailing address, phone number or email address may 
have been taken during the intrusion. 

I am truly sorry this incident occurred, and I sincerely regret any inconvenience it may cause you. 

Because we value you as a customer, and because your trust is important to us, our company is 
offering you one year of free credit monitoring through Experian’s ProtectMyID product, which includes 
identity theft insurance where available. Enclosed please find your additional information about your 
free credit card monitoring.


You can find additional information and FAQs about this incident at our website. If you have further questions, 
you may call us at 866-852-8680.
 
Thank you for your patience and your loyalty. 

Sincerely, 
Insurance Company CEO



Ray, Milbern D.
Nana Wrinkles
6 Van Buren St, Mount Vernon,
Westchester, NY, 10553
(nana@aol.com)

Dear Nana Wrinkles, 

Similarly, we also have a template for the company's letter: 
Nana Wrinkles
6 Van Buren St, Mount Vernon,
Westchester, NY, 10553
(nana@aol.com)

Dear Nana Wrinkles,
As you may have heard or read, last month we learned that criminals forced their way into our systems, 
and stole information about our customers. Late last week, as part of our ongoing investigation, 
we learned that the taken information includes names, mailing addresses, phone numbers or email addresses. 

I am writing to make you aware that your name, mailing address, phone number or email address may 
have been taken during the intrusion. 

I am truly sorry this incident occurred, and I sincerely regret any inconvenience it may cause you. 

Because we value you as a customer, and because your trust is important to us, our company is 
offering you one year of free credit monitoring through Experian’s ProtectMyID product, which includes 
identity theft insurance where available. Enclosed please find your additional information about your 
free credit card monitoring.


You can find additional information and FAQs about this incident at our website. If you have further questions, 
you may call us at 866-852-8680.
 
Thank you for your patience and your loyalty. 

Sincerely, 
Insurance Company CEO



Chadds Ford Winery.
Layla Springe
229 N Forty Driv, New York,
New York, NY, 10011
(layla.springe@cox.net)

Dear Layla Springe, 

Similarly, we also have a template for the company's letter: 
Layla Springe
229 N Forty Driv, New York,
New York, NY, 10011
(layla.springe@cox.net)

Dear Layla Springe,
As you may have heard or read, last month we learned that criminals forced their way into our systems, 
and stole information about our customers. Late last week, as part of our ongoing investigation, 
we learned that the taken information includes names, mailing addresses, phone numbers or email addresses. 

I am writing to make you aware that your name, mailing address, phone number or email address may 
have been taken during the intrusion. 

I am truly sorry this incident occurred, and I sincerely regret any inconvenience it may cause you. 

Because we value you as a customer, and because your trust is important to us, our company is 
offering you one year of free credit monitoring through Experian’s ProtectMyID product, which includes 
identity theft insurance where available. Enclosed please find your additional information about your 
free credit card monitoring.


You can find additional information and FAQs about this incident at our website. If you have further questions, 
you may call us at 866-852-8680.
 
Thank you for your patience and your loyalty. 

Sincerely, 
Insurance Company CEO



A R Packaging.
Joesph Degonia
2887 Knowlton St #5435, Berkeley,
Alameda, CA, 94710
(joesph_degonia@degonia.org)

Dear Joesph Degonia, 

Similarly, we also have a template for the company's letter: 
Joesph Degonia
2887 Knowlton St #5435, Berkeley,
Alameda, CA, 94710
(joesph_degonia@degonia.org)

Dear Joesph Degonia,
As you may have heard or read, last month we learned that criminals forced their way into our systems, 
and stole information about our customers. Late last week, as part of our ongoing investigation, 
we learned that the taken information includes names, mailing addresses, phone numbers or email addresses. 

I am writing to make you aware that your name, mailing address, phone number or email address may 
have been taken during the intrusion. 

I am truly sorry this incident occurred, and I sincerely regret any inconvenience it may cause you. 

Because we value you as a customer, and because your trust is important to us, our company is 
offering you one year of free credit monitoring through Experian’s ProtectMyID product, which includes 
identity theft insurance where available. Enclosed please find your additional information about your 
free credit card monitoring.


You can find additional information and FAQs about this incident at our website. If you have further questions, 
you may call us at 866-852-8680.
 
Thank you for your patience and your loyalty. 

Sincerely, 
Insurance Company CEO



Corn Popper.
Annabelle Boord
523 Marquette Ave, Concord,
Middlesex, MA, 01742
(annabelle.boord@cox.net)

Dear Annabelle Boord, 

Similarly, we also have a template for the company's letter: 
Annabelle Boord
523 Marquette Ave, Concord,
Middlesex, MA, 01742
(annabelle.boord@cox.net)

Dear Annabelle Boord,
As you may have heard or read, last month we learned that criminals forced their way into our systems, 
and stole information about our customers. Late last week, as part of our ongoing investigation, 
we learned that the taken information includes names, mailing addresses, phone numbers or email addresses. 

I am writing to make you aware that your name, mailing address, phone number or email address may 
have been taken during the intrusion. 

I am truly sorry this incident occurred, and I sincerely regret any inconvenience it may cause you. 

Because we value you as a customer, and because your trust is important to us, our company is 
offering you one year of free credit monitoring through Experian’s ProtectMyID product, which includes 
identity theft insurance where available. Enclosed please find your additional information about your 
free credit card monitoring.


You can find additional information and FAQs about this incident at our website. If you have further questions, 
you may call us at 866-852-8680.
 
Thank you for your patience and your loyalty. 

Sincerely, 
Insurance Company CEO



Birite Foodservice Distr.
Stephaine Vinning
3717 Hamann Industrial Pky, San Francisco,
San Francisco, CA, 94104
(stephaine@cox.net)

Dear Stephaine Vinning, 

Similarly, we also have a template for the company's letter: 
Stephaine Vinning
3717 Hamann Industrial Pky, San Francisco,
San Francisco, CA, 94104
(stephaine@cox.net)

Dear Stephaine Vinning,
As you may have heard or read, last month we learned that criminals forced their way into our systems, 
and stole information about our customers. Late last week, as part of our ongoing investigation, 
we learned that the taken information includes names, mailing addresses, phone numbers or email addresses. 

I am writing to make you aware that your name, mailing address, phone number or email address may 
have been taken during the intrusion. 

I am truly sorry this incident occurred, and I sincerely regret any inconvenience it may cause you. 

Because we value you as a customer, and because your trust is important to us, our company is 
offering you one year of free credit monitoring through Experian’s ProtectMyID product, which includes 
identity theft insurance where available. Enclosed please find your additional information about your 
free credit card monitoring.


You can find additional information and FAQs about this incident at our website. If you have further questions, 
you may call us at 866-852-8680.
 
Thank you for your patience and your loyalty. 

Sincerely, 
Insurance Company CEO



Anchorage Museum Of Hist & Art.
Nelida Sawchuk
3 State Route 35 S, Paramus,
Bergen, NJ, 07652
(nelida@gmail.com)

Dear Nelida Sawchuk, 

Similarly, we also have a template for the company's letter: 
Nelida Sawchuk
3 State Route 35 S, Paramus,
Bergen, NJ, 07652
(nelida@gmail.com)

Dear Nelida Sawchuk,
As you may have heard or read, last month we learned that criminals forced their way into our systems, 
and stole information about our customers. Late last week, as part of our ongoing investigation, 
we learned that the taken information includes names, mailing addresses, phone numbers or email addresses. 

I am writing to make you aware that your name, mailing address, phone number or email address may 
have been taken during the intrusion. 

I am truly sorry this incident occurred, and I sincerely regret any inconvenience it may cause you. 

Because we value you as a customer, and because your trust is important to us, our company is 
offering you one year of free credit monitoring through Experian’s ProtectMyID product, which includes 
identity theft insurance where available. Enclosed please find your additional information about your 
free credit card monitoring.


You can find additional information and FAQs about this incident at our website. If you have further questions, 
you may call us at 866-852-8680.
 
Thank you for your patience and your loyalty. 

Sincerely, 
Insurance Company CEO



Haber, George D Md.
Marguerita Hiatt
82 N Highway 67, Oakley,
Contra Costa, CA, 94561
(marguerita.hiatt@gmail.com)

Dear Marguerita Hiatt, 

Similarly, we also have a template for the company's letter: 
Marguerita Hiatt
82 N Highway 67, Oakley,
Contra Costa, CA, 94561
(marguerita.hiatt@gmail.com)

Dear Marguerita Hiatt,
As you may have heard or read, last month we learned that criminals forced their way into our systems, 
and stole information about our customers. Late last week, as part of our ongoing investigation, 
we learned that the taken information includes names, mailing addresses, phone numbers or email addresses. 

I am writing to make you aware that your name, mailing address, phone number or email address may 
have been taken during the intrusion. 

I am truly sorry this incident occurred, and I sincerely regret any inconvenience it may cause you. 

Because we value you as a customer, and because your trust is important to us, our company is 
offering you one year of free credit monitoring through Experian’s ProtectMyID product, which includes 
identity theft insurance where available. Enclosed please find your additional information about your 
free credit card monitoring.


You can find additional information and FAQs about this incident at our website. If you have further questions, 
you may call us at 866-852-8680.
 
Thank you for your patience and your loyalty. 

Sincerely, 
Insurance Company CEO



Royal Pontiac Olds Inc.
Carmela Cookey
9 Murfreesboro Rd, Chicago,
Cook, IL, 60623
(ccookey@cookey.org)

Dear Carmela Cookey, 

Similarly, we also have a template for the company's letter: 
Carmela Cookey
9 Murfreesboro Rd, Chicago,
Cook, IL, 60623
(ccookey@cookey.org)

Dear Carmela Cookey,
As you may have heard or read, last month we learned that criminals forced their way into our systems, 
and stole information about our customers. Late last week, as part of our ongoing investigation, 
we learned that the taken information includes names, mailing addresses, phone numbers or email addresses. 

I am writing to make you aware that your name, mailing address, phone number or email address may 
have been taken during the intrusion. 

I am truly sorry this incident occurred, and I sincerely regret any inconvenience it may cause you. 

Because we value you as a customer, and because your trust is important to us, our company is 
offering you one year of free credit monitoring through Experian’s ProtectMyID product, which includes 
identity theft insurance where available. Enclosed please find your additional information about your 
free credit card monitoring.


You can find additional information and FAQs about this incident at our website. If you have further questions, 
you may call us at 866-852-8680.
 
Thank you for your patience and your loyalty. 

Sincerely, 
Insurance Company CEO



Leonards Antiques Inc.
Junita Brideau
6 S Broadway St, Cedar Grove,
Essex, NJ, 07009
(jbrideau@aol.com)

Dear Junita Brideau, 

Similarly, we also have a template for the company's letter: 
Junita Brideau
6 S Broadway St, Cedar Grove,
Essex, NJ, 07009
(jbrideau@aol.com)

Dear Junita Brideau,
As you may have heard or read, last month we learned that criminals forced their way into our systems, 
and stole information about our customers. Late last week, as part of our ongoing investigation, 
we learned that the taken information includes names, mailing addresses, phone numbers or email addresses. 

I am writing to make you aware that your name, mailing address, phone number or email address may 
have been taken during the intrusion. 

I am truly sorry this incident occurred, and I sincerely regret any inconvenience it may cause you. 

Because we value you as a customer, and because your trust is important to us, our company is 
offering you one year of free credit monitoring through Experian’s ProtectMyID product, which includes 
identity theft insurance where available. Enclosed please find your additional information about your 
free credit card monitoring.


You can find additional information and FAQs about this incident at our website. If you have further questions, 
you may call us at 866-852-8680.
 
Thank you for your patience and your loyalty. 

Sincerely, 
Insurance Company CEO



Meca.
Claribel Varriano
6 Harry L Dr #6327, Perrysburg,
Wood, OH, 43551
(claribel_varriano@cox.net)

Dear Claribel Varriano, 

Similarly, we also have a template for the company's letter: 
Claribel Varriano
6 Harry L Dr #6327, Perrysburg,
Wood, OH, 43551
(claribel_varriano@cox.net)

Dear Claribel Varriano,
As you may have heard or read, last month we learned that criminals forced their way into our systems, 
and stole information about our customers. Late last week, as part of our ongoing investigation, 
we learned that the taken information includes names, mailing addresses, phone numbers or email addresses. 

I am writing to make you aware that your name, mailing address, phone number or email address may 
have been taken during the intrusion. 

I am truly sorry this incident occurred, and I sincerely regret any inconvenience it may cause you. 

Because we value you as a customer, and because your trust is important to us, our company is 
offering you one year of free credit monitoring through Experian’s ProtectMyID product, which includes 
identity theft insurance where available. Enclosed please find your additional information about your 
free credit card monitoring.


You can find additional information and FAQs about this incident at our website. If you have further questions, 
you may call us at 866-852-8680.
 
Thank you for your patience and your loyalty. 

Sincerely, 
Insurance Company CEO



Nercon Engineering & Mfg Inc.
Benton Skursky
47939 Porter Ave, Gardena,
Los Angeles, CA, 90248
(benton.skursky@aol.com)

Dear Benton Skursky, 

Similarly, we also have a template for the company's letter: 
Benton Skursky
47939 Porter Ave, Gardena,
Los Angeles, CA, 90248
(benton.skursky@aol.com)

Dear Benton Skursky,
As you may have heard or read, last month we learned that criminals forced their way into our systems, 
and stole information about our customers. Late last week, as part of our ongoing investigation, 
we learned that the taken information includes names, mailing addresses, phone numbers or email addresses. 

I am writing to make you aware that your name, mailing address, phone number or email address may 
have been taken during the intrusion. 

I am truly sorry this incident occurred, and I sincerely regret any inconvenience it may cause you. 

Because we value you as a customer, and because your trust is important to us, our company is 
offering you one year of free credit monitoring through Experian’s ProtectMyID product, which includes 
identity theft insurance where available. Enclosed please find your additional information about your 
free credit card monitoring.


You can find additional information and FAQs about this incident at our website. If you have further questions, 
you may call us at 866-852-8680.
 
Thank you for your patience and your loyalty. 

Sincerely, 
Insurance Company CEO



Replica I.
Hillary Skulski
9 Wales Rd Ne #914, Homosassa,
Citrus, FL, 34448
(hillary.skulski@aol.com)

Dear Hillary Skulski, 

Similarly, we also have a template for the company's letter: 
Hillary Skulski
9 Wales Rd Ne #914, Homosassa,
Citrus, FL, 34448
(hillary.skulski@aol.com)

Dear Hillary Skulski,
As you may have heard or read, last month we learned that criminals forced their way into our systems, 
and stole information about our customers. Late last week, as part of our ongoing investigation, 
we learned that the taken information includes names, mailing addresses, phone numbers or email addresses. 

I am writing to make you aware that your name, mailing address, phone number or email address may 
have been taken during the intrusion. 

I am truly sorry this incident occurred, and I sincerely regret any inconvenience it may cause you. 

Because we value you as a customer, and because your trust is important to us, our company is 
offering you one year of free credit monitoring through Experian’s ProtectMyID product, which includes 
identity theft insurance where available. Enclosed please find your additional information about your 
free credit card monitoring.


You can find additional information and FAQs about this incident at our website. If you have further questions, 
you may call us at 866-852-8680.
 
Thank you for your patience and your loyalty. 

Sincerely, 
Insurance Company CEO



20 20 Printing Inc.
Merilyn Bayless
195 13n N, Santa Clara,
Santa Clara, CA, 95054
(merilyn_bayless@cox.net)

Dear Merilyn Bayless, 

Similarly, we also have a template for the company's letter: 
Merilyn Bayless
195 13n N, Santa Clara,
Santa Clara, CA, 95054
(merilyn_bayless@cox.net)

Dear Merilyn Bayless,
As you may have heard or read, last month we learned that criminals forced their way into our systems, 
and stole information about our customers. Late last week, as part of our ongoing investigation, 
we learned that the taken information includes names, mailing addresses, phone numbers or email addresses. 

I am writing to make you aware that your name, mailing address, phone number or email address may 
have been taken during the intrusion. 

I am truly sorry this incident occurred, and I sincerely regret any inconvenience it may cause you. 

Because we value you as a customer, and because your trust is important to us, our company is 
offering you one year of free credit monitoring through Experian’s ProtectMyID product, which includes 
identity theft insurance where available. Enclosed please find your additional information about your 
free credit card monitoring.


You can find additional information and FAQs about this incident at our website. If you have further questions, 
you may call us at 866-852-8680.
 
Thank you for your patience and your loyalty. 

Sincerely, 
Insurance Company CEO



Publishers Group West.
Teri Ennaco
99 Tank Farm Rd, Hazleton,
Luzerne, PA, 18201
(tennaco@gmail.com)

Dear Teri Ennaco, 

Similarly, we also have a template for the company's letter: 
Teri Ennaco
99 Tank Farm Rd, Hazleton,
Luzerne, PA, 18201
(tennaco@gmail.com)

Dear Teri Ennaco,
As you may have heard or read, last month we learned that criminals forced their way into our systems, 
and stole information about our customers. Late last week, as part of our ongoing investigation, 
we learned that the taken information includes names, mailing addresses, phone numbers or email addresses. 

I am writing to make you aware that your name, mailing address, phone number or email address may 
have been taken during the intrusion. 

I am truly sorry this incident occurred, and I sincerely regret any inconvenience it may cause you. 

Because we value you as a customer, and because your trust is important to us, our company is 
offering you one year of free credit monitoring through Experian’s ProtectMyID product, which includes 
identity theft insurance where available. Enclosed please find your additional information about your 
free credit card monitoring.


You can find additional information and FAQs about this incident at our website. If you have further questions, 
you may call us at 866-852-8680.
 
Thank you for your patience and your loyalty. 

Sincerely, 
Insurance Company CEO



Nischwitz, Jeffrey L Esq.
Merlyn Lawler
4671 Alemany Blvd, Jersey City,
Hudson, NJ, 07304
(merlyn_lawler@hotmail.com)

Dear Merlyn Lawler, 

Similarly, we also have a template for the company's letter: 
Merlyn Lawler
4671 Alemany Blvd, Jersey City,
Hudson, NJ, 07304
(merlyn_lawler@hotmail.com)

Dear Merlyn Lawler,
As you may have heard or read, last month we learned that criminals forced their way into our systems, 
and stole information about our customers. Late last week, as part of our ongoing investigation, 
we learned that the taken information includes names, mailing addresses, phone numbers or email addresses. 

I am writing to make you aware that your name, mailing address, phone number or email address may 
have been taken during the intrusion. 

I am truly sorry this incident occurred, and I sincerely regret any inconvenience it may cause you. 

Because we value you as a customer, and because your trust is important to us, our company is 
offering you one year of free credit monitoring through Experian’s ProtectMyID product, which includes 
identity theft insurance where available. Enclosed please find your additional information about your 
free credit card monitoring.


You can find additional information and FAQs about this incident at our website. If you have further questions, 
you may call us at 866-852-8680.
 
Thank you for your patience and your loyalty. 

Sincerely, 
Insurance Company CEO



Payne Blades & Wellborn Pa.
Georgene Montezuma
98 University Dr, San Ramon,
Contra Costa, CA, 94583
(gmontezuma@cox.net)

Dear Georgene Montezuma, 

Similarly, we also have a template for the company's letter: 
Georgene Montezuma
98 University Dr, San Ramon,
Contra Costa, CA, 94583
(gmontezuma@cox.net)

Dear Georgene Montezuma,
As you may have heard or read, last month we learned that criminals forced their way into our systems, 
and stole information about our customers. Late last week, as part of our ongoing investigation, 
we learned that the taken information includes names, mailing addresses, phone numbers or email addresses. 

I am writing to make you aware that your name, mailing address, phone number or email address may 
have been taken during the intrusion. 

I am truly sorry this incident occurred, and I sincerely regret any inconvenience it may cause you. 

Because we value you as a customer, and because your trust is important to us, our company is 
offering you one year of free credit monitoring through Experian’s ProtectMyID product, which includes 
identity theft insurance where available. Enclosed please find your additional information about your 
free credit card monitoring.


You can find additional information and FAQs about this incident at our website. If you have further questions, 
you may call us at 866-852-8680.
 
Thank you for your patience and your loyalty. 

Sincerely, 
Insurance Company CEO



Coldwell Bnkr Wright Real Est.
Jettie Mconnell
50 E Wacker Dr, Bridgewater,
Somerset, NJ, 08807
(jmconnell@hotmail.com)

Dear Jettie Mconnell, 

Similarly, we also have a template for the company's letter: 
Jettie Mconnell
50 E Wacker Dr, Bridgewater,
Somerset, NJ, 08807
(jmconnell@hotmail.com)

Dear Jettie Mconnell,
As you may have heard or read, last month we learned that criminals forced their way into our systems, 
and stole information about our customers. Late last week, as part of our ongoing investigation, 
we learned that the taken information includes names, mailing addresses, phone numbers or email addresses. 

I am writing to make you aware that your name, mailing address, phone number or email address may 
have been taken during the intrusion. 

I am truly sorry this incident occurred, and I sincerely regret any inconvenience it may cause you. 

Because we value you as a customer, and because your trust is important to us, our company is 
offering you one year of free credit monitoring through Experian’s ProtectMyID product, which includes 
identity theft insurance where available. Enclosed please find your additional information about your 
free credit card monitoring.


You can find additional information and FAQs about this incident at our website. If you have further questions, 
you may call us at 866-852-8680.
 
Thank you for your patience and your loyalty. 

Sincerely, 
Insurance Company CEO



Computer Repair Service.
Lemuel Latzke
70 Euclid Ave #722, Bohemia,
Suffolk, NY, 11716
(lemuel.latzke@gmail.com)

Dear Lemuel Latzke, 

Similarly, we also have a template for the company's letter: 
Lemuel Latzke
70 Euclid Ave #722, Bohemia,
Suffolk, NY, 11716
(lemuel.latzke@gmail.com)

Dear Lemuel Latzke,
As you may have heard or read, last month we learned that criminals forced their way into our systems, 
and stole information about our customers. Late last week, as part of our ongoing investigation, 
we learned that the taken information includes names, mailing addresses, phone numbers or email addresses. 

I am writing to make you aware that your name, mailing address, phone number or email address may 
have been taken during the intrusion. 

I am truly sorry this incident occurred, and I sincerely regret any inconvenience it may cause you. 

Because we value you as a customer, and because your trust is important to us, our company is 
offering you one year of free credit monitoring through Experian’s ProtectMyID product, which includes 
identity theft insurance where available. Enclosed please find your additional information about your 
free credit card monitoring.


You can find additional information and FAQs about this incident at our website. If you have further questions, 
you may call us at 866-852-8680.
 
Thank you for your patience and your loyalty. 

Sincerely, 
Insurance Company CEO



Fleetwood Building Block Inc.
Melodie Knipp
326 E Main St #6496, Thousand Oaks,
Ventura, CA, 91362
(mknipp@gmail.com)

Dear Melodie Knipp, 

Similarly, we also have a template for the company's letter: 
Melodie Knipp
326 E Main St #6496, Thousand Oaks,
Ventura, CA, 91362
(mknipp@gmail.com)

Dear Melodie Knipp,
As you may have heard or read, last month we learned that criminals forced their way into our systems, 
and stole information about our customers. Late last week, as part of our ongoing investigation, 
we learned that the taken information includes names, mailing addresses, phone numbers or email addresses. 

I am writing to make you aware that your name, mailing address, phone number or email address may 
have been taken during the intrusion. 

I am truly sorry this incident occurred, and I sincerely regret any inconvenience it may cause you. 

Because we value you as a customer, and because your trust is important to us, our company is 
offering you one year of free credit monitoring through Experian’s ProtectMyID product, which includes 
identity theft insurance where available. Enclosed please find your additional information about your 
free credit card monitoring.


You can find additional information and FAQs about this incident at our website. If you have further questions, 
you may call us at 866-852-8680.
 
Thank you for your patience and your loyalty. 

Sincerely, 
Insurance Company CEO



Colts Neck Medical Assocs Inc.
Candida Corbley
406 Main St, Somerville,
Somerset, NJ, 08876
(candida_corbley@hotmail.com)

Dear Candida Corbley, 

Similarly, we also have a template for the company's letter: 
Candida Corbley
406 Main St, Somerville,
Somerset, NJ, 08876
(candida_corbley@hotmail.com)

Dear Candida Corbley,
As you may have heard or read, last month we learned that criminals forced their way into our systems, 
and stole information about our customers. Late last week, as part of our ongoing investigation, 
we learned that the taken information includes names, mailing addresses, phone numbers or email addresses. 

I am writing to make you aware that your name, mailing address, phone number or email address may 
have been taken during the intrusion. 

I am truly sorry this incident occurred, and I sincerely regret any inconvenience it may cause you. 

Because we value you as a customer, and because your trust is important to us, our company is 
offering you one year of free credit monitoring through Experian’s ProtectMyID product, which includes 
identity theft insurance where available. Enclosed please find your additional information about your 
free credit card monitoring.


You can find additional information and FAQs about this incident at our website. If you have further questions, 
you may call us at 866-852-8680.
 
Thank you for your patience and your loyalty. 

Sincerely, 
Insurance Company CEO



New England Taxidermy.
Karan Karpin
3 Elmwood Dr, Beaverton,
Washington, OR, 97005
(karan_karpin@gmail.com)

Dear Karan Karpin, 

Similarly, we also have a template for the company's letter: 
Karan Karpin
3 Elmwood Dr, Beaverton,
Washington, OR, 97005
(karan_karpin@gmail.com)

Dear Karan Karpin,
As you may have heard or read, last month we learned that criminals forced their way into our systems, 
and stole information about our customers. Late last week, as part of our ongoing investigation, 
we learned that the taken information includes names, mailing addresses, phone numbers or email addresses. 

I am writing to make you aware that your name, mailing address, phone number or email address may 
have been taken during the intrusion. 

I am truly sorry this incident occurred, and I sincerely regret any inconvenience it may cause you. 

Because we value you as a customer, and because your trust is important to us, our company is 
offering you one year of free credit monitoring through Experian’s ProtectMyID product, which includes 
identity theft insurance where available. Enclosed please find your additional information about your 
free credit card monitoring.


You can find additional information and FAQs about this incident at our website. If you have further questions, 
you may call us at 866-852-8680.
 
Thank you for your patience and your loyalty. 

Sincerely, 
Insurance Company CEO



Ludcke, George O Esq.
Andra Scheyer
9 Church St, Salem,
Marion, OR, 97302
(andra@gmail.com)

Dear Andra Scheyer, 

Similarly, we also have a template for the company's letter: 
Andra Scheyer
9 Church St, Salem,
Marion, OR, 97302
(andra@gmail.com)

Dear Andra Scheyer,
As you may have heard or read, last month we learned that criminals forced their way into our systems, 
and stole information about our customers. Late last week, as part of our ongoing investigation, 
we learned that the taken information includes names, mailing addresses, phone numbers or email addresses. 

I am writing to make you aware that your name, mailing address, phone number or email address may 
have been taken during the intrusion. 

I am truly sorry this incident occurred, and I sincerely regret any inconvenience it may cause you. 

Because we value you as a customer, and because your trust is important to us, our company is 
offering you one year of free credit monitoring through Experian’s ProtectMyID product, which includes 
identity theft insurance where available. Enclosed please find your additional information about your 
free credit card monitoring.


You can find additional information and FAQs about this incident at our website. If you have further questions, 
you may call us at 866-852-8680.
 
Thank you for your patience and your loyalty. 

Sincerely, 
Insurance Company CEO



Mccorkle, Tom S Esq.
Felicidad Poullion
9939 N 14th St, Riverton,
Burlington, NJ, 08077
(fpoullion@poullion.com)

Dear Felicidad Poullion, 

Similarly, we also have a template for the company's letter: 
Felicidad Poullion
9939 N 14th St, Riverton,
Burlington, NJ, 08077
(fpoullion@poullion.com)

Dear Felicidad Poullion,
As you may have heard or read, last month we learned that criminals forced their way into our systems, 
and stole information about our customers. Late last week, as part of our ongoing investigation, 
we learned that the taken information includes names, mailing addresses, phone numbers or email addresses. 

I am writing to make you aware that your name, mailing address, phone number or email address may 
have been taken during the intrusion. 

I am truly sorry this incident occurred, and I sincerely regret any inconvenience it may cause you. 

Because we value you as a customer, and because your trust is important to us, our company is 
offering you one year of free credit monitoring through Experian’s ProtectMyID product, which includes 
identity theft insurance where available. Enclosed please find your additional information about your 
free credit card monitoring.


You can find additional information and FAQs about this incident at our website. If you have further questions, 
you may call us at 866-852-8680.
 
Thank you for your patience and your loyalty. 

Sincerely, 
Insurance Company CEO



Eagle Software Inc.
Belen Strassner
5384 Southwyck Blvd, Douglasville,
Douglas, GA, 30135
(belen_strassner@aol.com)

Dear Belen Strassner, 

Similarly, we also have a template for the company's letter: 
Belen Strassner
5384 Southwyck Blvd, Douglasville,
Douglas, GA, 30135
(belen_strassner@aol.com)

Dear Belen Strassner,
As you may have heard or read, last month we learned that criminals forced their way into our systems, 
and stole information about our customers. Late last week, as part of our ongoing investigation, 
we learned that the taken information includes names, mailing addresses, phone numbers or email addresses. 

I am writing to make you aware that your name, mailing address, phone number or email address may 
have been taken during the intrusion. 

I am truly sorry this incident occurred, and I sincerely regret any inconvenience it may cause you. 

Because we value you as a customer, and because your trust is important to us, our company is 
offering you one year of free credit monitoring through Experian’s ProtectMyID product, which includes 
identity theft insurance where available. Enclosed please find your additional information about your 
free credit card monitoring.


You can find additional information and FAQs about this incident at our website. If you have further questions, 
you may call us at 866-852-8680.
 
Thank you for your patience and your loyalty. 

Sincerely, 
Insurance Company CEO



Juvenile & Adult Super.
Gracia Melnyk
97 Airport Loop Dr, Jacksonville,
Duval, FL, 32216
(gracia@melnyk.com)

Dear Gracia Melnyk, 

Similarly, we also have a template for the company's letter: 
Gracia Melnyk
97 Airport Loop Dr, Jacksonville,
Duval, FL, 32216
(gracia@melnyk.com)

Dear Gracia Melnyk,
As you may have heard or read, last month we learned that criminals forced their way into our systems, 
and stole information about our customers. Late last week, as part of our ongoing investigation, 
we learned that the taken information includes names, mailing addresses, phone numbers or email addresses. 

I am writing to make you aware that your name, mailing address, phone number or email address may 
have been taken during the intrusion. 

I am truly sorry this incident occurred, and I sincerely regret any inconvenience it may cause you. 

Because we value you as a customer, and because your trust is important to us, our company is 
offering you one year of free credit monitoring through Experian’s ProtectMyID product, which includes 
identity theft insurance where available. Enclosed please find your additional information about your 
free credit card monitoring.


You can find additional information and FAQs about this incident at our website. If you have further questions, 
you may call us at 866-852-8680.
 
Thank you for your patience and your loyalty. 

Sincerely, 
Insurance Company CEO



Perez, Joseph J Esq.
Jolanda Hanafan
37855 Nolan Rd, Bangor,
Penobscot, ME, 04401
(jhanafan@gmail.com)

Dear Jolanda Hanafan, 

Similarly, we also have a template for the company's letter: 
Jolanda Hanafan
37855 Nolan Rd, Bangor,
Penobscot, ME, 04401
(jhanafan@gmail.com)

Dear Jolanda Hanafan,
As you may have heard or read, last month we learned that criminals forced their way into our systems, 
and stole information about our customers. Late last week, as part of our ongoing investigation, 
we learned that the taken information includes names, mailing addresses, phone numbers or email addresses. 

I am writing to make you aware that your name, mailing address, phone number or email address may 
have been taken during the intrusion. 

I am truly sorry this incident occurred, and I sincerely regret any inconvenience it may cause you. 

Because we value you as a customer, and because your trust is important to us, our company is 
offering you one year of free credit monitoring through Experian’s ProtectMyID product, which includes 
identity theft insurance where available. Enclosed please find your additional information about your 
free credit card monitoring.


You can find additional information and FAQs about this incident at our website. If you have further questions, 
you may call us at 866-852-8680.
 
Thank you for your patience and your loyalty. 

Sincerely, 
Insurance Company CEO



Case Foundation Co.
Barrett Toyama
4252 N Washington Ave #9, Kennedale,
Tarrant, TX, 76060
(barrett.toyama@toyama.org)

Dear Barrett Toyama, 

Similarly, we also have a template for the company's letter: 
Barrett Toyama
4252 N Washington Ave #9, Kennedale,
Tarrant, TX, 76060
(barrett.toyama@toyama.org)

Dear Barrett Toyama,
As you may have heard or read, last month we learned that criminals forced their way into our systems, 
and stole information about our customers. Late last week, as part of our ongoing investigation, 
we learned that the taken information includes names, mailing addresses, phone numbers or email addresses. 

I am writing to make you aware that your name, mailing address, phone number or email address may 
have been taken during the intrusion. 

I am truly sorry this incident occurred, and I sincerely regret any inconvenience it may cause you. 

Because we value you as a customer, and because your trust is important to us, our company is 
offering you one year of free credit monitoring through Experian’s ProtectMyID product, which includes 
identity theft insurance where available. Enclosed please find your additional information about your 
free credit card monitoring.


You can find additional information and FAQs about this incident at our website. If you have further questions, 
you may call us at 866-852-8680.
 
Thank you for your patience and your loyalty. 

Sincerely, 
Insurance Company CEO



Eis Environmental Engrs Inc.
Helga Fredicks
42754 S Ash Ave, Buffalo,
Erie, NY, 14228
(helga_fredicks@yahoo.com)

Dear Helga Fredicks, 

Similarly, we also have a template for the company's letter: 
Helga Fredicks
42754 S Ash Ave, Buffalo,
Erie, NY, 14228
(helga_fredicks@yahoo.com)

Dear Helga Fredicks,
As you may have heard or read, last month we learned that criminals forced their way into our systems, 
and stole information about our customers. Late last week, as part of our ongoing investigation, 
we learned that the taken information includes names, mailing addresses, phone numbers or email addresses. 

I am writing to make you aware that your name, mailing address, phone number or email address may 
have been taken during the intrusion. 

I am truly sorry this incident occurred, and I sincerely regret any inconvenience it may cause you. 

Because we value you as a customer, and because your trust is important to us, our company is 
offering you one year of free credit monitoring through Experian’s ProtectMyID product, which includes 
identity theft insurance where available. Enclosed please find your additional information about your 
free credit card monitoring.


You can find additional information and FAQs about this incident at our website. If you have further questions, 
you may call us at 866-852-8680.
 
Thank you for your patience and your loyalty. 

Sincerely, 
Insurance Company CEO



Art Crafters.
Ashlyn Pinilla
703 Beville Rd, Opa Locka,
Miami-Dade, FL, 33054
(apinilla@cox.net)

Dear Ashlyn Pinilla, 

Similarly, we also have a template for the company's letter: 
Ashlyn Pinilla
703 Beville Rd, Opa Locka,
Miami-Dade, FL, 33054
(apinilla@cox.net)

Dear Ashlyn Pinilla,
As you may have heard or read, last month we learned that criminals forced their way into our systems, 
and stole information about our customers. Late last week, as part of our ongoing investigation, 
we learned that the taken information includes names, mailing addresses, phone numbers or email addresses. 

I am writing to make you aware that your name, mailing address, phone number or email address may 
have been taken during the intrusion. 

I am truly sorry this incident occurred, and I sincerely regret any inconvenience it may cause you. 

Because we value you as a customer, and because your trust is important to us, our company is 
offering you one year of free credit monitoring through Experian’s ProtectMyID product, which includes 
identity theft insurance where available. Enclosed please find your additional information about your 
free credit card monitoring.


You can find additional information and FAQs about this incident at our website. If you have further questions, 
you may call us at 866-852-8680.
 
Thank you for your patience and your loyalty. 

Sincerely, 
Insurance Company CEO



Marriott Hotels Resorts Suites.
Fausto Agramonte
5 Harrison Rd, New York,
New York, NY, 10038
(fausto_agramonte@yahoo.com)

Dear Fausto Agramonte, 

Similarly, we also have a template for the company's letter: 
Fausto Agramonte
5 Harrison Rd, New York,
New York, NY, 10038
(fausto_agramonte@yahoo.com)

Dear Fausto Agramonte,
As you may have heard or read, last month we learned that criminals forced their way into our systems, 
and stole information about our customers. Late last week, as part of our ongoing investigation, 
we learned that the taken information includes names, mailing addresses, phone numbers or email addresses. 

I am writing to make you aware that your name, mailing address, phone number or email address may 
have been taken during the intrusion. 

I am truly sorry this incident occurred, and I sincerely regret any inconvenience it may cause you. 

Because we value you as a customer, and because your trust is important to us, our company is 
offering you one year of free credit monitoring through Experian’s ProtectMyID product, which includes 
identity theft insurance where available. Enclosed please find your additional information about your 
free credit card monitoring.


You can find additional information and FAQs about this incident at our website. If you have further questions, 
you may call us at 866-852-8680.
 
Thank you for your patience and your loyalty. 

Sincerely, 
Insurance Company CEO



Remaco Inc.
Ronny Caiafa
73 Southern Blvd, Philadelphia,
Philadelphia, PA, 19103
(ronny.caiafa@caiafa.org)

Dear Ronny Caiafa, 

Similarly, we also have a template for the company's letter: 
Ronny Caiafa
73 Southern Blvd, Philadelphia,
Philadelphia, PA, 19103
(ronny.caiafa@caiafa.org)

Dear Ronny Caiafa,
As you may have heard or read, last month we learned that criminals forced their way into our systems, 
and stole information about our customers. Late last week, as part of our ongoing investigation, 
we learned that the taken information includes names, mailing addresses, phone numbers or email addresses. 

I am writing to make you aware that your name, mailing address, phone number or email address may 
have been taken during the intrusion. 

I am truly sorry this incident occurred, and I sincerely regret any inconvenience it may cause you. 

Because we value you as a customer, and because your trust is important to us, our company is 
offering you one year of free credit monitoring through Experian’s ProtectMyID product, which includes 
identity theft insurance where available. Enclosed please find your additional information about your 
free credit card monitoring.


You can find additional information and FAQs about this incident at our website. If you have further questions, 
you may call us at 866-852-8680.
 
Thank you for your patience and your loyalty. 

Sincerely, 
Insurance Company CEO



Bjork, Robert D Jr.
Marge Limmel
189 Village Park Rd, Crestview,
Okaloosa, FL, 32536
(marge@gmail.com)

Dear Marge Limmel, 

Similarly, we also have a template for the company's letter: 
Marge Limmel
189 Village Park Rd, Crestview,
Okaloosa, FL, 32536
(marge@gmail.com)

Dear Marge Limmel,
As you may have heard or read, last month we learned that criminals forced their way into our systems, 
and stole information about our customers. Late last week, as part of our ongoing investigation, 
we learned that the taken information includes names, mailing addresses, phone numbers or email addresses. 

I am writing to make you aware that your name, mailing address, phone number or email address may 
have been taken during the intrusion. 

I am truly sorry this incident occurred, and I sincerely regret any inconvenience it may cause you. 

Because we value you as a customer, and because your trust is important to us, our company is 
offering you one year of free credit monitoring through Experian’s ProtectMyID product, which includes 
identity theft insurance where available. Enclosed please find your additional information about your 
free credit card monitoring.


You can find additional information and FAQs about this incident at our website. If you have further questions, 
you may call us at 866-852-8680.
 
Thank you for your patience and your loyalty. 

Sincerely, 
Insurance Company CEO



Carmichael, Jeffery L Esq.
Norah Waymire
6 Middlegate Rd #106, San Francisco,
San Francisco, CA, 94107
(norah.waymire@gmail.com)

Dear Norah Waymire, 

Similarly, we also have a template for the company's letter: 
Norah Waymire
6 Middlegate Rd #106, San Francisco,
San Francisco, CA, 94107
(norah.waymire@gmail.com)

Dear Norah Waymire,
As you may have heard or read, last month we learned that criminals forced their way into our systems, 
and stole information about our customers. Late last week, as part of our ongoing investigation, 
we learned that the taken information includes names, mailing addresses, phone numbers or email addresses. 

I am writing to make you aware that your name, mailing address, phone number or email address may 
have been taken during the intrusion. 

I am truly sorry this incident occurred, and I sincerely regret any inconvenience it may cause you. 

Because we value you as a customer, and because your trust is important to us, our company is 
offering you one year of free credit monitoring through Experian’s ProtectMyID product, which includes 
identity theft insurance where available. Enclosed please find your additional information about your 
free credit card monitoring.


You can find additional information and FAQs about this incident at our website. If you have further questions, 
you may call us at 866-852-8680.
 
Thank you for your patience and your loyalty. 

Sincerely, 
Insurance Company CEO



Andrews, J Robert Esq.
Aliza Baltimore
1128 Delaware St, San Jose,
Santa Clara, CA, 95132
(aliza@aol.com)

Dear Aliza Baltimore, 

Similarly, we also have a template for the company's letter: 
Aliza Baltimore
1128 Delaware St, San Jose,
Santa Clara, CA, 95132
(aliza@aol.com)

Dear Aliza Baltimore,
As you may have heard or read, last month we learned that criminals forced their way into our systems, 
and stole information about our customers. Late last week, as part of our ongoing investigation, 
we learned that the taken information includes names, mailing addresses, phone numbers or email addresses. 

I am writing to make you aware that your name, mailing address, phone number or email address may 
have been taken during the intrusion. 

I am truly sorry this incident occurred, and I sincerely regret any inconvenience it may cause you. 

Because we value you as a customer, and because your trust is important to us, our company is 
offering you one year of free credit monitoring through Experian’s ProtectMyID product, which includes 
identity theft insurance where available. Enclosed please find your additional information about your 
free credit card monitoring.


You can find additional information and FAQs about this incident at our website. If you have further questions, 
you may call us at 866-852-8680.
 
Thank you for your patience and your loyalty. 

Sincerely, 
Insurance Company CEO



Winship & Byrne.
Mozell Pelkowski
577 Parade St, South San Francisco,
San Mateo, CA, 94080
(mpelkowski@pelkowski.org)

Dear Mozell Pelkowski, 

Similarly, we also have a template for the company's letter: 
Mozell Pelkowski
577 Parade St, South San Francisco,
San Mateo, CA, 94080
(mpelkowski@pelkowski.org)

Dear Mozell Pelkowski,
As you may have heard or read, last month we learned that criminals forced their way into our systems, 
and stole information about our customers. Late last week, as part of our ongoing investigation, 
we learned that the taken information includes names, mailing addresses, phone numbers or email addresses. 

I am writing to make you aware that your name, mailing address, phone number or email address may 
have been taken during the intrusion. 

I am truly sorry this incident occurred, and I sincerely regret any inconvenience it may cause you. 

Because we value you as a customer, and because your trust is important to us, our company is 
offering you one year of free credit monitoring through Experian’s ProtectMyID product, which includes 
identity theft insurance where available. Enclosed please find your additional information about your 
free credit card monitoring.


You can find additional information and FAQs about this incident at our website. If you have further questions, 
you may call us at 866-852-8680.
 
Thank you for your patience and your loyalty. 

Sincerely, 
Insurance Company CEO



Burton & Davis.
Viola Bitsuie
70 Mechanic St, Northridge,
Los Angeles, CA, 91325
(viola@gmail.com)

Dear Viola Bitsuie, 

Similarly, we also have a template for the company's letter: 
Viola Bitsuie
70 Mechanic St, Northridge,
Los Angeles, CA, 91325
(viola@gmail.com)

Dear Viola Bitsuie,
As you may have heard or read, last month we learned that criminals forced their way into our systems, 
and stole information about our customers. Late last week, as part of our ongoing investigation, 
we learned that the taken information includes names, mailing addresses, phone numbers or email addresses. 

I am writing to make you aware that your name, mailing address, phone number or email address may 
have been taken during the intrusion. 

I am truly sorry this incident occurred, and I sincerely regret any inconvenience it may cause you. 

Because we value you as a customer, and because your trust is important to us, our company is 
offering you one year of free credit monitoring through Experian’s ProtectMyID product, which includes 
identity theft insurance where available. Enclosed please find your additional information about your 
free credit card monitoring.


You can find additional information and FAQs about this incident at our website. If you have further questions, 
you may call us at 866-852-8680.
 
Thank you for your patience and your loyalty. 

Sincerely, 
Insurance Company CEO



Olympic Graphic Arts.
Franklyn Emard
4379 Highway 116, Philadelphia,
Philadelphia, PA, 19103
(femard@emard.com)

Dear Franklyn Emard, 

Similarly, we also have a template for the company's letter: 
Franklyn Emard
4379 Highway 116, Philadelphia,
Philadelphia, PA, 19103
(femard@emard.com)

Dear Franklyn Emard,
As you may have heard or read, last month we learned that criminals forced their way into our systems, 
and stole information about our customers. Late last week, as part of our ongoing investigation, 
we learned that the taken information includes names, mailing addresses, phone numbers or email addresses. 

I am writing to make you aware that your name, mailing address, phone number or email address may 
have been taken during the intrusion. 

I am truly sorry this incident occurred, and I sincerely regret any inconvenience it may cause you. 

Because we value you as a customer, and because your trust is important to us, our company is 
offering you one year of free credit monitoring through Experian’s ProtectMyID product, which includes 
identity theft insurance where available. Enclosed please find your additional information about your 
free credit card monitoring.


You can find additional information and FAQs about this incident at our website. If you have further questions, 
you may call us at 866-852-8680.
 
Thank you for your patience and your loyalty. 

Sincerely, 
Insurance Company CEO



Magnuson.
Willodean Konopacki
55 Hawthorne Blvd, Lafayette,
Lafayette, LA, 70506
(willodean_konopacki@konopacki.org)

Dear Willodean Konopacki, 

Similarly, we also have a template for the company's letter: 
Willodean Konopacki
55 Hawthorne Blvd, Lafayette,
Lafayette, LA, 70506
(willodean_konopacki@konopacki.org)

Dear Willodean Konopacki,
As you may have heard or read, last month we learned that criminals forced their way into our systems, 
and stole information about our customers. Late last week, as part of our ongoing investigation, 
we learned that the taken information includes names, mailing addresses, phone numbers or email addresses. 

I am writing to make you aware that your name, mailing address, phone number or email address may 
have been taken during the intrusion. 

I am truly sorry this incident occurred, and I sincerely regret any inconvenience it may cause you. 

Because we value you as a customer, and because your trust is important to us, our company is 
offering you one year of free credit monitoring through Experian’s ProtectMyID product, which includes 
identity theft insurance where available. Enclosed please find your additional information about your 
free credit card monitoring.


You can find additional information and FAQs about this incident at our website. If you have further questions, 
you may call us at 866-852-8680.
 
Thank you for your patience and your loyalty. 

Sincerely, 
Insurance Company CEO



A All American Travel Inc.
Beckie Silvestrini
7116 Western Ave, Dearborn,
Wayne, MI, 48126
(beckie.silvestrini@silvestrini.com)

Dear Beckie Silvestrini, 

Similarly, we also have a template for the company's letter: 
Beckie Silvestrini
7116 Western Ave, Dearborn,
Wayne, MI, 48126
(beckie.silvestrini@silvestrini.com)

Dear Beckie Silvestrini,
As you may have heard or read, last month we learned that criminals forced their way into our systems, 
and stole information about our customers. Late last week, as part of our ongoing investigation, 
we learned that the taken information includes names, mailing addresses, phone numbers or email addresses. 

I am writing to make you aware that your name, mailing address, phone number or email address may 
have been taken during the intrusion. 

I am truly sorry this incident occurred, and I sincerely regret any inconvenience it may cause you. 

Because we value you as a customer, and because your trust is important to us, our company is 
offering you one year of free credit monitoring through Experian’s ProtectMyID product, which includes 
identity theft insurance where available. Enclosed please find your additional information about your 
free credit card monitoring.


You can find additional information and FAQs about this incident at our website. If you have further questions, 
you may call us at 866-852-8680.
 
Thank you for your patience and your loyalty. 

Sincerely, 
Insurance Company CEO



Polykote Inc.
Rebecka Gesick
2026 N Plankinton Ave #3, Austin,
Travis, TX, 78754
(rgesick@gesick.org)

Dear Rebecka Gesick, 

Similarly, we also have a template for the company's letter: 
Rebecka Gesick
2026 N Plankinton Ave #3, Austin,
Travis, TX, 78754
(rgesick@gesick.org)

Dear Rebecka Gesick,
As you may have heard or read, last month we learned that criminals forced their way into our systems, 
and stole information about our customers. Late last week, as part of our ongoing investigation, 
we learned that the taken information includes names, mailing addresses, phone numbers or email addresses. 

I am writing to make you aware that your name, mailing address, phone number or email address may 
have been taken during the intrusion. 

I am truly sorry this incident occurred, and I sincerely regret any inconvenience it may cause you. 

Because we value you as a customer, and because your trust is important to us, our company is 
offering you one year of free credit monitoring through Experian’s ProtectMyID product, which includes 
identity theft insurance where available. Enclosed please find your additional information about your 
free credit card monitoring.


You can find additional information and FAQs about this incident at our website. If you have further questions, 
you may call us at 866-852-8680.
 
Thank you for your patience and your loyalty. 

Sincerely, 
Insurance Company CEO



Jets Cybernetics.
Frederica Blunk
99586 Main St, Dallas,
Dallas, TX, 75207
(frederica_blunk@gmail.com)

Dear Frederica Blunk, 

Similarly, we also have a template for the company's letter: 
Frederica Blunk
99586 Main St, Dallas,
Dallas, TX, 75207
(frederica_blunk@gmail.com)

Dear Frederica Blunk,
As you may have heard or read, last month we learned that criminals forced their way into our systems, 
and stole information about our customers. Late last week, as part of our ongoing investigation, 
we learned that the taken information includes names, mailing addresses, phone numbers or email addresses. 

I am writing to make you aware that your name, mailing address, phone number or email address may 
have been taken during the intrusion. 

I am truly sorry this incident occurred, and I sincerely regret any inconvenience it may cause you. 

Because we value you as a customer, and because your trust is important to us, our company is 
offering you one year of free credit monitoring through Experian’s ProtectMyID product, which includes 
identity theft insurance where available. Enclosed please find your additional information about your 
free credit card monitoring.


You can find additional information and FAQs about this incident at our website. If you have further questions, 
you may call us at 866-852-8680.
 
Thank you for your patience and your loyalty. 

Sincerely, 
Insurance Company CEO



Metlab Testing Services.
Glen Bartolet
8739 Hudson St, Vashon,
King, WA, 98070
(glen_bartolet@hotmail.com)

Dear Glen Bartolet, 

Similarly, we also have a template for the company's letter: 
Glen Bartolet
8739 Hudson St, Vashon,
King, WA, 98070
(glen_bartolet@hotmail.com)

Dear Glen Bartolet,
As you may have heard or read, last month we learned that criminals forced their way into our systems, 
and stole information about our customers. Late last week, as part of our ongoing investigation, 
we learned that the taken information includes names, mailing addresses, phone numbers or email addresses. 

I am writing to make you aware that your name, mailing address, phone number or email address may 
have been taken during the intrusion. 

I am truly sorry this incident occurred, and I sincerely regret any inconvenience it may cause you. 

Because we value you as a customer, and because your trust is important to us, our company is 
offering you one year of free credit monitoring through Experian’s ProtectMyID product, which includes 
identity theft insurance where available. Enclosed please find your additional information about your 
free credit card monitoring.


You can find additional information and FAQs about this incident at our website. If you have further questions, 
you may call us at 866-852-8680.
 
Thank you for your patience and your loyalty. 

Sincerely, 
Insurance Company CEO



Kellermann, William T Esq.
Freeman Gochal
383 Gunderman Rd #197, Coatesville,
Chester, PA, 19320
(freeman_gochal@aol.com)

Dear Freeman Gochal, 

Similarly, we also have a template for the company's letter: 
Freeman Gochal
383 Gunderman Rd #197, Coatesville,
Chester, PA, 19320
(freeman_gochal@aol.com)

Dear Freeman Gochal,
As you may have heard or read, last month we learned that criminals forced their way into our systems, 
and stole information about our customers. Late last week, as part of our ongoing investigation, 
we learned that the taken information includes names, mailing addresses, phone numbers or email addresses. 

I am writing to make you aware that your name, mailing address, phone number or email address may 
have been taken during the intrusion. 

I am truly sorry this incident occurred, and I sincerely regret any inconvenience it may cause you. 

Because we value you as a customer, and because your trust is important to us, our company is 
offering you one year of free credit monitoring through Experian’s ProtectMyID product, which includes 
identity theft insurance where available. Enclosed please find your additional information about your 
free credit card monitoring.


You can find additional information and FAQs about this incident at our website. If you have further questions, 
you may call us at 866-852-8680.
 
Thank you for your patience and your loyalty. 

Sincerely, 
Insurance Company CEO



Arturi, Peter D Esq.
Vincent Meinerding
4441 Point Term Mkt, Philadelphia,
Philadelphia, PA, 19143
(vincent.meinerding@hotmail.com)

Dear Vincent Meinerding, 

Similarly, we also have a template for the company's letter: 
Vincent Meinerding
4441 Point Term Mkt, Philadelphia,
Philadelphia, PA, 19143
(vincent.meinerding@hotmail.com)

Dear Vincent Meinerding,
As you may have heard or read, last month we learned that criminals forced their way into our systems, 
and stole information about our customers. Late last week, as part of our ongoing investigation, 
we learned that the taken information includes names, mailing addresses, phone numbers or email addresses. 

I am writing to make you aware that your name, mailing address, phone number or email address may 
have been taken during the intrusion. 

I am truly sorry this incident occurred, and I sincerely regret any inconvenience it may cause you. 

Because we value you as a customer, and because your trust is important to us, our company is 
offering you one year of free credit monitoring through Experian’s ProtectMyID product, which includes 
identity theft insurance where available. Enclosed please find your additional information about your 
free credit card monitoring.


You can find additional information and FAQs about this incident at our website. If you have further questions, 
you may call us at 866-852-8680.
 
Thank you for your patience and your loyalty. 

Sincerely, 
Insurance Company CEO



Mcauley Mfg Co.
Rima Bevelacqua
2972 Lafayette Ave, Gardena,
Los Angeles, CA, 90248
(rima@cox.net)

Dear Rima Bevelacqua, 

Similarly, we also have a template for the company's letter: 
Rima Bevelacqua
2972 Lafayette Ave, Gardena,
Los Angeles, CA, 90248
(rima@cox.net)

Dear Rima Bevelacqua,
As you may have heard or read, last month we learned that criminals forced their way into our systems, 
and stole information about our customers. Late last week, as part of our ongoing investigation, 
we learned that the taken information includes names, mailing addresses, phone numbers or email addresses. 

I am writing to make you aware that your name, mailing address, phone number or email address may 
have been taken during the intrusion. 

I am truly sorry this incident occurred, and I sincerely regret any inconvenience it may cause you. 

Because we value you as a customer, and because your trust is important to us, our company is 
offering you one year of free credit monitoring through Experian’s ProtectMyID product, which includes 
identity theft insurance where available. Enclosed please find your additional information about your 
free credit card monitoring.


You can find additional information and FAQs about this incident at our website. If you have further questions, 
you may call us at 866-852-8680.
 
Thank you for your patience and your loyalty. 

Sincerely, 
Insurance Company CEO



Defur Voran Hanley Radcliff.
Glendora Sarbacher
2140 Diamond Blvd, Rohnert Park,
Sonoma, CA, 94928
(gsarbacher@gmail.com)

Dear Glendora Sarbacher, 

Similarly, we also have a template for the company's letter: 
Glendora Sarbacher
2140 Diamond Blvd, Rohnert Park,
Sonoma, CA, 94928
(gsarbacher@gmail.com)

Dear Glendora Sarbacher,
As you may have heard or read, last month we learned that criminals forced their way into our systems, 
and stole information about our customers. Late last week, as part of our ongoing investigation, 
we learned that the taken information includes names, mailing addresses, phone numbers or email addresses. 

I am writing to make you aware that your name, mailing address, phone number or email address may 
have been taken during the intrusion. 

I am truly sorry this incident occurred, and I sincerely regret any inconvenience it may cause you. 

Because we value you as a customer, and because your trust is important to us, our company is 
offering you one year of free credit monitoring through Experian’s ProtectMyID product, which includes 
identity theft insurance where available. Enclosed please find your additional information about your 
free credit card monitoring.


You can find additional information and FAQs about this incident at our website. If you have further questions, 
you may call us at 866-852-8680.
 
Thank you for your patience and your loyalty. 

Sincerely, 
Insurance Company CEO



Dill Dill Carr & Stonbraker Pc.
Avery Steier
93 Redmond Rd #492, Orlando,
Orange, FL, 32803
(avery@cox.net)

Dear Avery Steier, 

Similarly, we also have a template for the company's letter: 
Avery Steier
93 Redmond Rd #492, Orlando,
Orange, FL, 32803
(avery@cox.net)

Dear Avery Steier,
As you may have heard or read, last month we learned that criminals forced their way into our systems, 
and stole information about our customers. Late last week, as part of our ongoing investigation, 
we learned that the taken information includes names, mailing addresses, phone numbers or email addresses. 

I am writing to make you aware that your name, mailing address, phone number or email address may 
have been taken during the intrusion. 

I am truly sorry this incident occurred, and I sincerely regret any inconvenience it may cause you. 

Because we value you as a customer, and because your trust is important to us, our company is 
offering you one year of free credit monitoring through Experian’s ProtectMyID product, which includes 
identity theft insurance where available. Enclosed please find your additional information about your 
free credit card monitoring.


You can find additional information and FAQs about this incident at our website. If you have further questions, 
you may call us at 866-852-8680.
 
Thank you for your patience and your loyalty. 

Sincerely, 
Insurance Company CEO



Kleensteel.
Cristy Lother
3989 Portage Tr, Escondido,
San Diego, CA, 92025
(cristy@lother.com)

Dear Cristy Lother, 

Similarly, we also have a template for the company's letter: 
Cristy Lother
3989 Portage Tr, Escondido,
San Diego, CA, 92025
(cristy@lother.com)

Dear Cristy Lother,
As you may have heard or read, last month we learned that criminals forced their way into our systems, 
and stole information about our customers. Late last week, as part of our ongoing investigation, 
we learned that the taken information includes names, mailing addresses, phone numbers or email addresses. 

I am writing to make you aware that your name, mailing address, phone number or email address may 
have been taken during the intrusion. 

I am truly sorry this incident occurred, and I sincerely regret any inconvenience it may cause you. 

Because we value you as a customer, and because your trust is important to us, our company is 
offering you one year of free credit monitoring through Experian’s ProtectMyID product, which includes 
identity theft insurance where available. Enclosed please find your additional information about your 
free credit card monitoring.


You can find additional information and FAQs about this incident at our website. If you have further questions, 
you may call us at 866-852-8680.
 
Thank you for your patience and your loyalty. 

Sincerely, 
Insurance Company CEO



Goulds Pumps Inc Slurry Pump.
Nicolette Brossart
1 Midway Rd, Westborough,
Worcester, MA, 01581
(nicolette_brossart@brossart.com)

Dear Nicolette Brossart, 

Similarly, we also have a template for the company's letter: 
Nicolette Brossart
1 Midway Rd, Westborough,
Worcester, MA, 01581
(nicolette_brossart@brossart.com)

Dear Nicolette Brossart,
As you may have heard or read, last month we learned that criminals forced their way into our systems, 
and stole information about our customers. Late last week, as part of our ongoing investigation, 
we learned that the taken information includes names, mailing addresses, phone numbers or email addresses. 

I am writing to make you aware that your name, mailing address, phone number or email address may 
have been taken during the intrusion. 

I am truly sorry this incident occurred, and I sincerely regret any inconvenience it may cause you. 

Because we value you as a customer, and because your trust is important to us, our company is 
offering you one year of free credit monitoring through Experian’s ProtectMyID product, which includes 
identity theft insurance where available. Enclosed please find your additional information about your 
free credit card monitoring.


You can find additional information and FAQs about this incident at our website. If you have further questions, 
you may call us at 866-852-8680.
 
Thank you for your patience and your loyalty. 

Sincerely, 
Insurance Company CEO



Kansas City Insurance Report.
Tracey Modzelewski
77132 Coon Rapids Blvd Nw, Conroe,
Montgomery, TX, 77301
(tracey@hotmail.com)

Dear Tracey Modzelewski, 

Similarly, we also have a template for the company's letter: 
Tracey Modzelewski
77132 Coon Rapids Blvd Nw, Conroe,
Montgomery, TX, 77301
(tracey@hotmail.com)

Dear Tracey Modzelewski,
As you may have heard or read, last month we learned that criminals forced their way into our systems, 
and stole information about our customers. Late last week, as part of our ongoing investigation, 
we learned that the taken information includes names, mailing addresses, phone numbers or email addresses. 

I am writing to make you aware that your name, mailing address, phone number or email address may 
have been taken during the intrusion. 

I am truly sorry this incident occurred, and I sincerely regret any inconvenience it may cause you. 

Because we value you as a customer, and because your trust is important to us, our company is 
offering you one year of free credit monitoring through Experian’s ProtectMyID product, which includes 
identity theft insurance where available. Enclosed please find your additional information about your 
free credit card monitoring.


You can find additional information and FAQs about this incident at our website. If you have further questions, 
you may call us at 866-852-8680.
 
Thank you for your patience and your loyalty. 

Sincerely, 
Insurance Company CEO



Berhanu International Foods.
Virgina Tegarden
755 Harbor Way, Milwaukee,
Milwaukee, WI, 53226
(virgina_tegarden@tegarden.com)

Dear Virgina Tegarden, 

Similarly, we also have a template for the company's letter: 
Virgina Tegarden
755 Harbor Way, Milwaukee,
Milwaukee, WI, 53226
(virgina_tegarden@tegarden.com)

Dear Virgina Tegarden,
As you may have heard or read, last month we learned that criminals forced their way into our systems, 
and stole information about our customers. Late last week, as part of our ongoing investigation, 
we learned that the taken information includes names, mailing addresses, phone numbers or email addresses. 

I am writing to make you aware that your name, mailing address, phone number or email address may 
have been taken during the intrusion. 

I am truly sorry this incident occurred, and I sincerely regret any inconvenience it may cause you. 

Because we value you as a customer, and because your trust is important to us, our company is 
offering you one year of free credit monitoring through Experian’s ProtectMyID product, which includes 
identity theft insurance where available. Enclosed please find your additional information about your 
free credit card monitoring.


You can find additional information and FAQs about this incident at our website. If you have further questions, 
you may call us at 866-852-8680.
 
Thank you for your patience and your loyalty. 

Sincerely, 
Insurance Company CEO



Roland Ashcroft.
Tiera Frankel
87 Sierra Rd, El Monte,
Los Angeles, CA, 91731
(tfrankel@aol.com)

Dear Tiera Frankel, 

Similarly, we also have a template for the company's letter: 
Tiera Frankel
87 Sierra Rd, El Monte,
Los Angeles, CA, 91731
(tfrankel@aol.com)

Dear Tiera Frankel,
As you may have heard or read, last month we learned that criminals forced their way into our systems, 
and stole information about our customers. Late last week, as part of our ongoing investigation, 
we learned that the taken information includes names, mailing addresses, phone numbers or email addresses. 

I am writing to make you aware that your name, mailing address, phone number or email address may 
have been taken during the intrusion. 

I am truly sorry this incident occurred, and I sincerely regret any inconvenience it may cause you. 

Because we value you as a customer, and because your trust is important to us, our company is 
offering you one year of free credit monitoring through Experian’s ProtectMyID product, which includes 
identity theft insurance where available. Enclosed please find your additional information about your 
free credit card monitoring.


You can find additional information and FAQs about this incident at our website. If you have further questions, 
you may call us at 866-852-8680.
 
Thank you for your patience and your loyalty. 

Sincerely, 
Insurance Company CEO



Hispanic Magazine.
Alaine Bergesen
7667 S Hulen St #42, Yonkers,
Westchester, NY, 10701
(alaine_bergesen@cox.net)

Dear Alaine Bergesen, 

Similarly, we also have a template for the company's letter: 
Alaine Bergesen
7667 S Hulen St #42, Yonkers,
Westchester, NY, 10701
(alaine_bergesen@cox.net)

Dear Alaine Bergesen,
As you may have heard or read, last month we learned that criminals forced their way into our systems, 
and stole information about our customers. Late last week, as part of our ongoing investigation, 
we learned that the taken information includes names, mailing addresses, phone numbers or email addresses. 

I am writing to make you aware that your name, mailing address, phone number or email address may 
have been taken during the intrusion. 

I am truly sorry this incident occurred, and I sincerely regret any inconvenience it may cause you. 

Because we value you as a customer, and because your trust is important to us, our company is 
offering you one year of free credit monitoring through Experian’s ProtectMyID product, which includes 
identity theft insurance where available. Enclosed please find your additional information about your 
free credit card monitoring.


You can find additional information and FAQs about this incident at our website. If you have further questions, 
you may call us at 866-852-8680.
 
Thank you for your patience and your loyalty. 

Sincerely, 
Insurance Company CEO



Little Sheet Metal Co.
Earleen Mai
75684 S Withlapopka Dr #32, Dallas,
Dallas, TX, 75227
(earleen_mai@cox.net)

Dear Earleen Mai, 

Similarly, we also have a template for the company's letter: 
Earleen Mai
75684 S Withlapopka Dr #32, Dallas,
Dallas, TX, 75227
(earleen_mai@cox.net)

Dear Earleen Mai,
As you may have heard or read, last month we learned that criminals forced their way into our systems, 
and stole information about our customers. Late last week, as part of our ongoing investigation, 
we learned that the taken information includes names, mailing addresses, phone numbers or email addresses. 

I am writing to make you aware that your name, mailing address, phone number or email address may 
have been taken during the intrusion. 

I am truly sorry this incident occurred, and I sincerely regret any inconvenience it may cause you. 

Because we value you as a customer, and because your trust is important to us, our company is 
offering you one year of free credit monitoring through Experian’s ProtectMyID product, which includes 
identity theft insurance where available. Enclosed please find your additional information about your 
free credit card monitoring.


You can find additional information and FAQs about this incident at our website. If you have further questions, 
you may call us at 866-852-8680.
 
Thank you for your patience and your loyalty. 

Sincerely, 
Insurance Company CEO



Holmes, Armstead J Esq.
Leonida Gobern
5 Elmwood Park Blvd, Biloxi,
Harrison, MS, 39530
(leonida@gobern.org)

Dear Leonida Gobern, 

Similarly, we also have a template for the company's letter: 
Leonida Gobern
5 Elmwood Park Blvd, Biloxi,
Harrison, MS, 39530
(leonida@gobern.org)

Dear Leonida Gobern,
As you may have heard or read, last month we learned that criminals forced their way into our systems, 
and stole information about our customers. Late last week, as part of our ongoing investigation, 
we learned that the taken information includes names, mailing addresses, phone numbers or email addresses. 

I am writing to make you aware that your name, mailing address, phone number or email address may 
have been taken during the intrusion. 

I am truly sorry this incident occurred, and I sincerely regret any inconvenience it may cause you. 

Because we value you as a customer, and because your trust is important to us, our company is 
offering you one year of free credit monitoring through Experian’s ProtectMyID product, which includes 
identity theft insurance where available. Enclosed please find your additional information about your 
free credit card monitoring.


You can find additional information and FAQs about this incident at our website. If you have further questions, 
you may call us at 866-852-8680.
 
Thank you for your patience and your loyalty. 

Sincerely, 
Insurance Company CEO



Faw, James C Cpa.
Ressie Auffrey
23 Palo Alto Sq, Miami,
Miami-Dade, FL, 33134
(ressie.auffrey@yahoo.com)

Dear Ressie Auffrey, 

Similarly, we also have a template for the company's letter: 
Ressie Auffrey
23 Palo Alto Sq, Miami,
Miami-Dade, FL, 33134
(ressie.auffrey@yahoo.com)

Dear Ressie Auffrey,
As you may have heard or read, last month we learned that criminals forced their way into our systems, 
and stole information about our customers. Late last week, as part of our ongoing investigation, 
we learned that the taken information includes names, mailing addresses, phone numbers or email addresses. 

I am writing to make you aware that your name, mailing address, phone number or email address may 
have been taken during the intrusion. 

I am truly sorry this incident occurred, and I sincerely regret any inconvenience it may cause you. 

Because we value you as a customer, and because your trust is important to us, our company is 
offering you one year of free credit monitoring through Experian’s ProtectMyID product, which includes 
identity theft insurance where available. Enclosed please find your additional information about your 
free credit card monitoring.


You can find additional information and FAQs about this incident at our website. If you have further questions, 
you may call us at 866-852-8680.
 
Thank you for your patience and your loyalty. 

Sincerely, 
Insurance Company CEO



Evans Rule Company.
Justine Mugnolo
38062 E Main St, New York,
New York, NY, 10048
(jmugnolo@yahoo.com)

Dear Justine Mugnolo, 

Similarly, we also have a template for the company's letter: 
Justine Mugnolo
38062 E Main St, New York,
New York, NY, 10048
(jmugnolo@yahoo.com)

Dear Justine Mugnolo,
As you may have heard or read, last month we learned that criminals forced their way into our systems, 
and stole information about our customers. Late last week, as part of our ongoing investigation, 
we learned that the taken information includes names, mailing addresses, phone numbers or email addresses. 

I am writing to make you aware that your name, mailing address, phone number or email address may 
have been taken during the intrusion. 

I am truly sorry this incident occurred, and I sincerely regret any inconvenience it may cause you. 

Because we value you as a customer, and because your trust is important to us, our company is 
offering you one year of free credit monitoring through Experian’s ProtectMyID product, which includes 
identity theft insurance where available. Enclosed please find your additional information about your 
free credit card monitoring.


You can find additional information and FAQs about this incident at our website. If you have further questions, 
you may call us at 866-852-8680.
 
Thank you for your patience and your loyalty. 

Sincerely, 
Insurance Company CEO



Tyee Productions Inc.
Eladia Saulter
3958 S Dupont Hwy #7, Ramsey,
Bergen, NJ, 07446
(eladia@saulter.com)

Dear Eladia Saulter, 

Similarly, we also have a template for the company's letter: 
Eladia Saulter
3958 S Dupont Hwy #7, Ramsey,
Bergen, NJ, 07446
(eladia@saulter.com)

Dear Eladia Saulter,
As you may have heard or read, last month we learned that criminals forced their way into our systems, 
and stole information about our customers. Late last week, as part of our ongoing investigation, 
we learned that the taken information includes names, mailing addresses, phone numbers or email addresses. 

I am writing to make you aware that your name, mailing address, phone number or email address may 
have been taken during the intrusion. 

I am truly sorry this incident occurred, and I sincerely regret any inconvenience it may cause you. 

Because we value you as a customer, and because your trust is important to us, our company is 
offering you one year of free credit monitoring through Experian’s ProtectMyID product, which includes 
identity theft insurance where available. Enclosed please find your additional information about your 
free credit card monitoring.


You can find additional information and FAQs about this incident at our website. If you have further questions, 
you may call us at 866-852-8680.
 
Thank you for your patience and your loyalty. 

Sincerely, 
Insurance Company CEO



Dunnells & Duvall.
Chaya Malvin
560 Civic Center Dr, Ann Arbor,
Washtenaw, MI, 48103
(chaya@malvin.com)

Dear Chaya Malvin, 

Similarly, we also have a template for the company's letter: 
Chaya Malvin
560 Civic Center Dr, Ann Arbor,
Washtenaw, MI, 48103
(chaya@malvin.com)

Dear Chaya Malvin,
As you may have heard or read, last month we learned that criminals forced their way into our systems, 
and stole information about our customers. Late last week, as part of our ongoing investigation, 
we learned that the taken information includes names, mailing addresses, phone numbers or email addresses. 

I am writing to make you aware that your name, mailing address, phone number or email address may 
have been taken during the intrusion. 

I am truly sorry this incident occurred, and I sincerely regret any inconvenience it may cause you. 

Because we value you as a customer, and because your trust is important to us, our company is 
offering you one year of free credit monitoring through Experian’s ProtectMyID product, which includes 
identity theft insurance where available. Enclosed please find your additional information about your 
free credit card monitoring.


You can find additional information and FAQs about this incident at our website. If you have further questions, 
you may call us at 866-852-8680.
 
Thank you for your patience and your loyalty. 

Sincerely, 
Insurance Company CEO



Deltam Systems Inc.
Gwenn Suffield
3270 Dequindre Rd, Deer Park,
Suffolk, NY, 11729
(gwenn_suffield@suffield.org)

Dear Gwenn Suffield, 

Similarly, we also have a template for the company's letter: 
Gwenn Suffield
3270 Dequindre Rd, Deer Park,
Suffolk, NY, 11729
(gwenn_suffield@suffield.org)

Dear Gwenn Suffield,
As you may have heard or read, last month we learned that criminals forced their way into our systems, 
and stole information about our customers. Late last week, as part of our ongoing investigation, 
we learned that the taken information includes names, mailing addresses, phone numbers or email addresses. 

I am writing to make you aware that your name, mailing address, phone number or email address may 
have been taken during the intrusion. 

I am truly sorry this incident occurred, and I sincerely regret any inconvenience it may cause you. 

Because we value you as a customer, and because your trust is important to us, our company is 
offering you one year of free credit monitoring through Experian’s ProtectMyID product, which includes 
identity theft insurance where available. Enclosed please find your additional information about your 
free credit card monitoring.


You can find additional information and FAQs about this incident at our website. If you have further questions, 
you may call us at 866-852-8680.
 
Thank you for your patience and your loyalty. 

Sincerely, 
Insurance Company CEO



Hammill Mfg Co.
Salena Karpel
1 Garfield Ave #7, Canton,
Stark, OH, 44707
(skarpel@cox.net)

Dear Salena Karpel, 

Similarly, we also have a template for the company's letter: 
Salena Karpel
1 Garfield Ave #7, Canton,
Stark, OH, 44707
(skarpel@cox.net)

Dear Salena Karpel,
As you may have heard or read, last month we learned that criminals forced their way into our systems, 
and stole information about our customers. Late last week, as part of our ongoing investigation, 
we learned that the taken information includes names, mailing addresses, phone numbers or email addresses. 

I am writing to make you aware that your name, mailing address, phone number or email address may 
have been taken during the intrusion. 

I am truly sorry this incident occurred, and I sincerely regret any inconvenience it may cause you. 

Because we value you as a customer, and because your trust is important to us, our company is 
offering you one year of free credit monitoring through Experian’s ProtectMyID product, which includes 
identity theft insurance where available. Enclosed please find your additional information about your 
free credit card monitoring.


You can find additional information and FAQs about this incident at our website. If you have further questions, 
you may call us at 866-852-8680.
 
Thank you for your patience and your loyalty. 

Sincerely, 
Insurance Company CEO



Sams Corner Store.
Yoko Fishburne
9122 Carpenter Ave, New Haven,
New Haven, CT, 06511
(yoko@fishburne.com)

Dear Yoko Fishburne, 

Similarly, we also have a template for the company's letter: 
Yoko Fishburne
9122 Carpenter Ave, New Haven,
New Haven, CT, 06511
(yoko@fishburne.com)

Dear Yoko Fishburne,
As you may have heard or read, last month we learned that criminals forced their way into our systems, 
and stole information about our customers. Late last week, as part of our ongoing investigation, 
we learned that the taken information includes names, mailing addresses, phone numbers or email addresses. 

I am writing to make you aware that your name, mailing address, phone number or email address may 
have been taken during the intrusion. 

I am truly sorry this incident occurred, and I sincerely regret any inconvenience it may cause you. 

Because we value you as a customer, and because your trust is important to us, our company is 
offering you one year of free credit monitoring through Experian’s ProtectMyID product, which includes 
identity theft insurance where available. Enclosed please find your additional information about your 
free credit card monitoring.


You can find additional information and FAQs about this incident at our website. If you have further questions, 
you may call us at 866-852-8680.
 
Thank you for your patience and your loyalty. 

Sincerely, 
Insurance Company CEO



Siskin, Mark J Esq.
Taryn Moyd
48 Lenox St, Fairfax,
Fairfax City, VA, 22030
(taryn.moyd@hotmail.com)

Dear Taryn Moyd, 

Similarly, we also have a template for the company's letter: 
Taryn Moyd
48 Lenox St, Fairfax,
Fairfax City, VA, 22030
(taryn.moyd@hotmail.com)

Dear Taryn Moyd,
As you may have heard or read, last month we learned that criminals forced their way into our systems, 
and stole information about our customers. Late last week, as part of our ongoing investigation, 
we learned that the taken information includes names, mailing addresses, phone numbers or email addresses. 

I am writing to make you aware that your name, mailing address, phone number or email address may 
have been taken during the intrusion. 

I am truly sorry this incident occurred, and I sincerely regret any inconvenience it may cause you. 

Because we value you as a customer, and because your trust is important to us, our company is 
offering you one year of free credit monitoring through Experian’s ProtectMyID product, which includes 
identity theft insurance where available. Enclosed please find your additional information about your 
free credit card monitoring.


You can find additional information and FAQs about this incident at our website. If you have further questions, 
you may call us at 866-852-8680.
 
Thank you for your patience and your loyalty. 

Sincerely, 
Insurance Company CEO



Cape & Associates Real Estate.
Katina Polidori
5 Little River Tpke, Wilmington,
Middlesex, MA, 01887
(katina_polidori@aol.com)

Dear Katina Polidori, 

Similarly, we also have a template for the company's letter: 
Katina Polidori
5 Little River Tpke, Wilmington,
Middlesex, MA, 01887
(katina_polidori@aol.com)

Dear Katina Polidori,
As you may have heard or read, last month we learned that criminals forced their way into our systems, 
and stole information about our customers. Late last week, as part of our ongoing investigation, 
we learned that the taken information includes names, mailing addresses, phone numbers or email addresses. 

I am writing to make you aware that your name, mailing address, phone number or email address may 
have been taken during the intrusion. 

I am truly sorry this incident occurred, and I sincerely regret any inconvenience it may cause you. 

Because we value you as a customer, and because your trust is important to us, our company is 
offering you one year of free credit monitoring through Experian’s ProtectMyID product, which includes 
identity theft insurance where available. Enclosed please find your additional information about your 
free credit card monitoring.


You can find additional information and FAQs about this incident at our website. If you have further questions, 
you may call us at 866-852-8680.
 
Thank you for your patience and your loyalty. 

Sincerely, 
Insurance Company CEO



Merrill Lynch.
Rickie Plumer
3 N Groesbeck Hwy, Toledo,
Lucas, OH, 43613
(rickie.plumer@aol.com)

Dear Rickie Plumer, 

Similarly, we also have a template for the company's letter: 
Rickie Plumer
3 N Groesbeck Hwy, Toledo,
Lucas, OH, 43613
(rickie.plumer@aol.com)

Dear Rickie Plumer,
As you may have heard or read, last month we learned that criminals forced their way into our systems, 
and stole information about our customers. Late last week, as part of our ongoing investigation, 
we learned that the taken information includes names, mailing addresses, phone numbers or email addresses. 

I am writing to make you aware that your name, mailing address, phone number or email address may 
have been taken during the intrusion. 

I am truly sorry this incident occurred, and I sincerely regret any inconvenience it may cause you. 

Because we value you as a customer, and because your trust is important to us, our company is 
offering you one year of free credit monitoring through Experian’s ProtectMyID product, which includes 
identity theft insurance where available. Enclosed please find your additional information about your 
free credit card monitoring.


You can find additional information and FAQs about this incident at our website. If you have further questions, 
you may call us at 866-852-8680.
 
Thank you for your patience and your loyalty. 

Sincerely, 
Insurance Company CEO



Sublett, Scott Esq.
Alex Loader
37 N Elm St #916, Tacoma,
Pierce, WA, 98409
(alex@loader.com)

Dear Alex Loader, 

Similarly, we also have a template for the company's letter: 
Alex Loader
37 N Elm St #916, Tacoma,
Pierce, WA, 98409
(alex@loader.com)

Dear Alex Loader,
As you may have heard or read, last month we learned that criminals forced their way into our systems, 
and stole information about our customers. Late last week, as part of our ongoing investigation, 
we learned that the taken information includes names, mailing addresses, phone numbers or email addresses. 

I am writing to make you aware that your name, mailing address, phone number or email address may 
have been taken during the intrusion. 

I am truly sorry this incident occurred, and I sincerely regret any inconvenience it may cause you. 

Because we value you as a customer, and because your trust is important to us, our company is 
offering you one year of free credit monitoring through Experian’s ProtectMyID product, which includes 
identity theft insurance where available. Enclosed please find your additional information about your 
free credit card monitoring.


You can find additional information and FAQs about this incident at our website. If you have further questions, 
you may call us at 866-852-8680.
 
Thank you for your patience and your loyalty. 

Sincerely, 
Insurance Company CEO



Sentry Signs.
Lashon Vizarro
433 Westminster Blvd #590, Roseville,
Placer, CA, 95661
(lashon@aol.com)

Dear Lashon Vizarro, 

Similarly, we also have a template for the company's letter: 
Lashon Vizarro
433 Westminster Blvd #590, Roseville,
Placer, CA, 95661
(lashon@aol.com)

Dear Lashon Vizarro,
As you may have heard or read, last month we learned that criminals forced their way into our systems, 
and stole information about our customers. Late last week, as part of our ongoing investigation, 
we learned that the taken information includes names, mailing addresses, phone numbers or email addresses. 

I am writing to make you aware that your name, mailing address, phone number or email address may 
have been taken during the intrusion. 

I am truly sorry this incident occurred, and I sincerely regret any inconvenience it may cause you. 

Because we value you as a customer, and because your trust is important to us, our company is 
offering you one year of free credit monitoring through Experian’s ProtectMyID product, which includes 
identity theft insurance where available. Enclosed please find your additional information about your 
free credit card monitoring.


You can find additional information and FAQs about this incident at our website. If you have further questions, 
you may call us at 866-852-8680.
 
Thank you for your patience and your loyalty. 

Sincerely, 
Insurance Company CEO



Professionals Unlimited.
Lauran Burnard
66697 Park Pl #3224, Riverton,
Fremont, WY, 82501
(lburnard@burnard.com)

Dear Lauran Burnard, 

Similarly, we also have a template for the company's letter: 
Lauran Burnard
66697 Park Pl #3224, Riverton,
Fremont, WY, 82501
(lburnard@burnard.com)

Dear Lauran Burnard,
As you may have heard or read, last month we learned that criminals forced their way into our systems, 
and stole information about our customers. Late last week, as part of our ongoing investigation, 
we learned that the taken information includes names, mailing addresses, phone numbers or email addresses. 

I am writing to make you aware that your name, mailing address, phone number or email address may 
have been taken during the intrusion. 

I am truly sorry this incident occurred, and I sincerely regret any inconvenience it may cause you. 

Because we value you as a customer, and because your trust is important to us, our company is 
offering you one year of free credit monitoring through Experian’s ProtectMyID product, which includes 
identity theft insurance where available. Enclosed please find your additional information about your 
free credit card monitoring.


You can find additional information and FAQs about this incident at our website. If you have further questions, 
you may call us at 866-852-8680.
 
Thank you for your patience and your loyalty. 

Sincerely, 
Insurance Company CEO



Southern Steel Shelving Co.
Ceola Setter
96263 Greenwood Pl, Warren,
Knox, ME, 04864
(ceola.setter@setter.org)

Dear Ceola Setter, 

Similarly, we also have a template for the company's letter: 
Ceola Setter
96263 Greenwood Pl, Warren,
Knox, ME, 04864
(ceola.setter@setter.org)

Dear Ceola Setter,
As you may have heard or read, last month we learned that criminals forced their way into our systems, 
and stole information about our customers. Late last week, as part of our ongoing investigation, 
we learned that the taken information includes names, mailing addresses, phone numbers or email addresses. 

I am writing to make you aware that your name, mailing address, phone number or email address may 
have been taken during the intrusion. 

I am truly sorry this incident occurred, and I sincerely regret any inconvenience it may cause you. 

Because we value you as a customer, and because your trust is important to us, our company is 
offering you one year of free credit monitoring through Experian’s ProtectMyID product, which includes 
identity theft insurance where available. Enclosed please find your additional information about your 
free credit card monitoring.


You can find additional information and FAQs about this incident at our website. If you have further questions, 
you may call us at 866-852-8680.
 
Thank you for your patience and your loyalty. 

Sincerely, 
Insurance Company CEO



Bosco, Paul J.
My Rantanen
8 Mcarthur Ln, Richboro,
Bucks, PA, 18954
(my@hotmail.com)

Dear My Rantanen, 

Similarly, we also have a template for the company's letter: 
My Rantanen
8 Mcarthur Ln, Richboro,
Bucks, PA, 18954
(my@hotmail.com)

Dear My Rantanen,
As you may have heard or read, last month we learned that criminals forced their way into our systems, 
and stole information about our customers. Late last week, as part of our ongoing investigation, 
we learned that the taken information includes names, mailing addresses, phone numbers or email addresses. 

I am writing to make you aware that your name, mailing address, phone number or email address may 
have been taken during the intrusion. 

I am truly sorry this incident occurred, and I sincerely regret any inconvenience it may cause you. 

Because we value you as a customer, and because your trust is important to us, our company is 
offering you one year of free credit monitoring through Experian’s ProtectMyID product, which includes 
identity theft insurance where available. Enclosed please find your additional information about your 
free credit card monitoring.


You can find additional information and FAQs about this incident at our website. If you have further questions, 
you may call us at 866-852-8680.
 
Thank you for your patience and your loyalty. 

Sincerely, 
Insurance Company CEO



Longo, Nicholas J Esq.
Lorrine Worlds
8 Fair Lawn Ave, Tampa,
Hillsborough, FL, 33614
(lorrine.worlds@worlds.com)

Dear Lorrine Worlds, 

Similarly, we also have a template for the company's letter: 
Lorrine Worlds
8 Fair Lawn Ave, Tampa,
Hillsborough, FL, 33614
(lorrine.worlds@worlds.com)

Dear Lorrine Worlds,
As you may have heard or read, last month we learned that criminals forced their way into our systems, 
and stole information about our customers. Late last week, as part of our ongoing investigation, 
we learned that the taken information includes names, mailing addresses, phone numbers or email addresses. 

I am writing to make you aware that your name, mailing address, phone number or email address may 
have been taken during the intrusion. 

I am truly sorry this incident occurred, and I sincerely regret any inconvenience it may cause you. 

Because we value you as a customer, and because your trust is important to us, our company is 
offering you one year of free credit monitoring through Experian’s ProtectMyID product, which includes 
identity theft insurance where available. Enclosed please find your additional information about your 
free credit card monitoring.


You can find additional information and FAQs about this incident at our website. If you have further questions, 
you may call us at 866-852-8680.
 
Thank you for your patience and your loyalty. 

Sincerely, 
Insurance Company CEO



Henry County Middle School.
Peggie Sturiale
9 N 14th St, El Cajon,
San Diego, CA, 92020
(peggie@cox.net)

Dear Peggie Sturiale, 

Similarly, we also have a template for the company's letter: 
Peggie Sturiale
9 N 14th St, El Cajon,
San Diego, CA, 92020
(peggie@cox.net)

Dear Peggie Sturiale,
As you may have heard or read, last month we learned that criminals forced their way into our systems, 
and stole information about our customers. Late last week, as part of our ongoing investigation, 
we learned that the taken information includes names, mailing addresses, phone numbers or email addresses. 

I am writing to make you aware that your name, mailing address, phone number or email address may 
have been taken during the intrusion. 

I am truly sorry this incident occurred, and I sincerely regret any inconvenience it may cause you. 

Because we value you as a customer, and because your trust is important to us, our company is 
offering you one year of free credit monitoring through Experian’s ProtectMyID product, which includes 
identity theft insurance where available. Enclosed please find your additional information about your 
free credit card monitoring.


You can find additional information and FAQs about this incident at our website. If you have further questions, 
you may call us at 866-852-8680.
 
Thank you for your patience and your loyalty. 

Sincerely, 
Insurance Company CEO



Edison Supply & Equipment Co.
Marvel Raymo
9 Vanowen St, College Station,
Brazos, TX, 77840
(mraymo@yahoo.com)

Dear Marvel Raymo, 

Similarly, we also have a template for the company's letter: 
Marvel Raymo
9 Vanowen St, College Station,
Brazos, TX, 77840
(mraymo@yahoo.com)

Dear Marvel Raymo,
As you may have heard or read, last month we learned that criminals forced their way into our systems, 
and stole information about our customers. Late last week, as part of our ongoing investigation, 
we learned that the taken information includes names, mailing addresses, phone numbers or email addresses. 

I am writing to make you aware that your name, mailing address, phone number or email address may 
have been taken during the intrusion. 

I am truly sorry this incident occurred, and I sincerely regret any inconvenience it may cause you. 

Because we value you as a customer, and because your trust is important to us, our company is 
offering you one year of free credit monitoring through Experian’s ProtectMyID product, which includes 
identity theft insurance where available. Enclosed please find your additional information about your 
free credit card monitoring.


You can find additional information and FAQs about this incident at our website. If you have further questions, 
you may call us at 866-852-8680.
 
Thank you for your patience and your loyalty. 

Sincerely, 
Insurance Company CEO



Wolf, Warren R Esq.
Daron Dinos
18 Waterloo Geneva Rd, Highland Park,
Lake, IL, 60035
(daron_dinos@cox.net)

Dear Daron Dinos, 

Similarly, we also have a template for the company's letter: 
Daron Dinos
18 Waterloo Geneva Rd, Highland Park,
Lake, IL, 60035
(daron_dinos@cox.net)

Dear Daron Dinos,
As you may have heard or read, last month we learned that criminals forced their way into our systems, 
and stole information about our customers. Late last week, as part of our ongoing investigation, 
we learned that the taken information includes names, mailing addresses, phone numbers or email addresses. 

I am writing to make you aware that your name, mailing address, phone number or email address may 
have been taken during the intrusion. 

I am truly sorry this incident occurred, and I sincerely regret any inconvenience it may cause you. 

Because we value you as a customer, and because your trust is important to us, our company is 
offering you one year of free credit monitoring through Experian’s ProtectMyID product, which includes 
identity theft insurance where available. Enclosed please find your additional information about your 
free credit card monitoring.


You can find additional information and FAQs about this incident at our website. If you have further questions, 
you may call us at 866-852-8680.
 
Thank you for your patience and your loyalty. 

Sincerely, 
Insurance Company CEO



Linguistic Systems Inc.
An Fritz
506 S Hacienda Dr, Atlantic City,
Atlantic, NJ, 08401
(an_fritz@hotmail.com)

Dear An Fritz, 

Similarly, we also have a template for the company's letter: 
An Fritz
506 S Hacienda Dr, Atlantic City,
Atlantic, NJ, 08401
(an_fritz@hotmail.com)

Dear An Fritz,
As you may have heard or read, last month we learned that criminals forced their way into our systems, 
and stole information about our customers. Late last week, as part of our ongoing investigation, 
we learned that the taken information includes names, mailing addresses, phone numbers or email addresses. 

I am writing to make you aware that your name, mailing address, phone number or email address may 
have been taken during the intrusion. 

I am truly sorry this incident occurred, and I sincerely regret any inconvenience it may cause you. 

Because we value you as a customer, and because your trust is important to us, our company is 
offering you one year of free credit monitoring through Experian’s ProtectMyID product, which includes 
identity theft insurance where available. Enclosed please find your additional information about your 
free credit card monitoring.


You can find additional information and FAQs about this incident at our website. If you have further questions, 
you may call us at 866-852-8680.
 
Thank you for your patience and your loyalty. 

Sincerely, 
Insurance Company CEO



Peace Christian Center.
Portia Stimmel
3732 Sherman Ave, Bridgewater,
Somerset, NJ, 08807
(portia.stimmel@aol.com)

Dear Portia Stimmel, 

Similarly, we also have a template for the company's letter: 
Portia Stimmel
3732 Sherman Ave, Bridgewater,
Somerset, NJ, 08807
(portia.stimmel@aol.com)

Dear Portia Stimmel,
As you may have heard or read, last month we learned that criminals forced their way into our systems, 
and stole information about our customers. Late last week, as part of our ongoing investigation, 
we learned that the taken information includes names, mailing addresses, phone numbers or email addresses. 

I am writing to make you aware that your name, mailing address, phone number or email address may 
have been taken during the intrusion. 

I am truly sorry this incident occurred, and I sincerely regret any inconvenience it may cause you. 

Because we value you as a customer, and because your trust is important to us, our company is 
offering you one year of free credit monitoring through Experian’s ProtectMyID product, which includes 
identity theft insurance where available. Enclosed please find your additional information about your 
free credit card monitoring.


You can find additional information and FAQs about this incident at our website. If you have further questions, 
you may call us at 866-852-8680.
 
Thank you for your patience and your loyalty. 

Sincerely, 
Insurance Company CEO



Double B Foods Inc.
Rhea Aredondo
25657 Live Oak St, Brooklyn,
Kings, NY, 11226
(rhea_aredondo@cox.net)

Dear Rhea Aredondo, 

Similarly, we also have a template for the company's letter: 
Rhea Aredondo
25657 Live Oak St, Brooklyn,
Kings, NY, 11226
(rhea_aredondo@cox.net)

Dear Rhea Aredondo,
As you may have heard or read, last month we learned that criminals forced their way into our systems, 
and stole information about our customers. Late last week, as part of our ongoing investigation, 
we learned that the taken information includes names, mailing addresses, phone numbers or email addresses. 

I am writing to make you aware that your name, mailing address, phone number or email address may 
have been taken during the intrusion. 

I am truly sorry this incident occurred, and I sincerely regret any inconvenience it may cause you. 

Because we value you as a customer, and because your trust is important to us, our company is 
offering you one year of free credit monitoring through Experian’s ProtectMyID product, which includes 
identity theft insurance where available. Enclosed please find your additional information about your 
free credit card monitoring.


You can find additional information and FAQs about this incident at our website. If you have further questions, 
you may call us at 866-852-8680.
 
Thank you for your patience and your loyalty. 

Sincerely, 
Insurance Company CEO



Alexander & Alexander Inc.
Benedict Sama
4923 Carey Ave, Saint Louis,
Saint Louis City, MO, 63104
(bsama@cox.net)

Dear Benedict Sama, 

Similarly, we also have a template for the company's letter: 
Benedict Sama
4923 Carey Ave, Saint Louis,
Saint Louis City, MO, 63104
(bsama@cox.net)

Dear Benedict Sama,
As you may have heard or read, last month we learned that criminals forced their way into our systems, 
and stole information about our customers. Late last week, as part of our ongoing investigation, 
we learned that the taken information includes names, mailing addresses, phone numbers or email addresses. 

I am writing to make you aware that your name, mailing address, phone number or email address may 
have been taken during the intrusion. 

I am truly sorry this incident occurred, and I sincerely regret any inconvenience it may cause you. 

Because we value you as a customer, and because your trust is important to us, our company is 
offering you one year of free credit monitoring through Experian’s ProtectMyID product, which includes 
identity theft insurance where available. Enclosed please find your additional information about your 
free credit card monitoring.


You can find additional information and FAQs about this incident at our website. If you have further questions, 
you may call us at 866-852-8680.
 
Thank you for your patience and your loyalty. 

Sincerely, 
Insurance Company CEO



Fairbanks Scales.
Alyce Arias
3196 S Rider Trl, Stockton,
San Joaquin, CA, 95207
(alyce@arias.org)

Dear Alyce Arias, 

Similarly, we also have a template for the company's letter: 
Alyce Arias
3196 S Rider Trl, Stockton,
San Joaquin, CA, 95207
(alyce@arias.org)

Dear Alyce Arias,
As you may have heard or read, last month we learned that criminals forced their way into our systems, 
and stole information about our customers. Late last week, as part of our ongoing investigation, 
we learned that the taken information includes names, mailing addresses, phone numbers or email addresses. 

I am writing to make you aware that your name, mailing address, phone number or email address may 
have been taken during the intrusion. 

I am truly sorry this incident occurred, and I sincerely regret any inconvenience it may cause you. 

Because we value you as a customer, and because your trust is important to us, our company is 
offering you one year of free credit monitoring through Experian’s ProtectMyID product, which includes 
identity theft insurance where available. Enclosed please find your additional information about your 
free credit card monitoring.


You can find additional information and FAQs about this incident at our website. If you have further questions, 
you may call us at 866-852-8680.
 
Thank you for your patience and your loyalty. 

Sincerely, 
Insurance Company CEO



Cali Sportswear Cutting Dept.
Heike Berganza
3 Railway Ave #75, Little Falls,
Passaic, NJ, 07424
(heike@gmail.com)

Dear Heike Berganza, 

Similarly, we also have a template for the company's letter: 
Heike Berganza
3 Railway Ave #75, Little Falls,
Passaic, NJ, 07424
(heike@gmail.com)

Dear Heike Berganza,
As you may have heard or read, last month we learned that criminals forced their way into our systems, 
and stole information about our customers. Late last week, as part of our ongoing investigation, 
we learned that the taken information includes names, mailing addresses, phone numbers or email addresses. 

I am writing to make you aware that your name, mailing address, phone number or email address may 
have been taken during the intrusion. 

I am truly sorry this incident occurred, and I sincerely regret any inconvenience it may cause you. 

Because we value you as a customer, and because your trust is important to us, our company is 
offering you one year of free credit monitoring through Experian’s ProtectMyID product, which includes 
identity theft insurance where available. Enclosed please find your additional information about your 
free credit card monitoring.


You can find additional information and FAQs about this incident at our website. If you have further questions, 
you may call us at 866-852-8680.
 
Thank you for your patience and your loyalty. 

Sincerely, 
Insurance Company CEO



Garofani, John Esq.
Carey Dopico
87393 E Highland Rd, Indianapolis,
Marion, IN, 46220
(carey_dopico@dopico.org)

Dear Carey Dopico, 

Similarly, we also have a template for the company's letter: 
Carey Dopico
87393 E Highland Rd, Indianapolis,
Marion, IN, 46220
(carey_dopico@dopico.org)

Dear Carey Dopico,
As you may have heard or read, last month we learned that criminals forced their way into our systems, 
and stole information about our customers. Late last week, as part of our ongoing investigation, 
we learned that the taken information includes names, mailing addresses, phone numbers or email addresses. 

I am writing to make you aware that your name, mailing address, phone number or email address may 
have been taken during the intrusion. 

I am truly sorry this incident occurred, and I sincerely regret any inconvenience it may cause you. 

Because we value you as a customer, and because your trust is important to us, our company is 
offering you one year of free credit monitoring through Experian’s ProtectMyID product, which includes 
identity theft insurance where available. Enclosed please find your additional information about your 
free credit card monitoring.


You can find additional information and FAQs about this incident at our website. If you have further questions, 
you may call us at 866-852-8680.
 
Thank you for your patience and your loyalty. 

Sincerely, 
Insurance Company CEO



Thompson Fabricating Co.
Dottie Hellickson
67 E Chestnut Hill Rd, Seattle,
King, WA, 98133
(dottie@hellickson.org)

Dear Dottie Hellickson, 

Similarly, we also have a template for the company's letter: 
Dottie Hellickson
67 E Chestnut Hill Rd, Seattle,
King, WA, 98133
(dottie@hellickson.org)

Dear Dottie Hellickson,
As you may have heard or read, last month we learned that criminals forced their way into our systems, 
and stole information about our customers. Late last week, as part of our ongoing investigation, 
we learned that the taken information includes names, mailing addresses, phone numbers or email addresses. 

I am writing to make you aware that your name, mailing address, phone number or email address may 
have been taken during the intrusion. 

I am truly sorry this incident occurred, and I sincerely regret any inconvenience it may cause you. 

Because we value you as a customer, and because your trust is important to us, our company is 
offering you one year of free credit monitoring through Experian’s ProtectMyID product, which includes 
identity theft insurance where available. Enclosed please find your additional information about your 
free credit card monitoring.


You can find additional information and FAQs about this incident at our website. If you have further questions, 
you may call us at 866-852-8680.
 
Thank you for your patience and your loyalty. 

Sincerely, 
Insurance Company CEO



Century 21 Krall Real Estate.
Deandrea Hughey
33 Lewis Rd #46, Burlington,
Alamance, NC, 27215
(deandrea@yahoo.com)

Dear Deandrea Hughey, 

Similarly, we also have a template for the company's letter: 
Deandrea Hughey
33 Lewis Rd #46, Burlington,
Alamance, NC, 27215
(deandrea@yahoo.com)

Dear Deandrea Hughey,
As you may have heard or read, last month we learned that criminals forced their way into our systems, 
and stole information about our customers. Late last week, as part of our ongoing investigation, 
we learned that the taken information includes names, mailing addresses, phone numbers or email addresses. 

I am writing to make you aware that your name, mailing address, phone number or email address may 
have been taken during the intrusion. 

I am truly sorry this incident occurred, and I sincerely regret any inconvenience it may cause you. 

Because we value you as a customer, and because your trust is important to us, our company is 
offering you one year of free credit monitoring through Experian’s ProtectMyID product, which includes 
identity theft insurance where available. Enclosed please find your additional information about your 
free credit card monitoring.


You can find additional information and FAQs about this incident at our website. If you have further questions, 
you may call us at 866-852-8680.
 
Thank you for your patience and your loyalty. 

Sincerely, 
Insurance Company CEO



Mid Contntl Rlty & Prop Mgmt.
Kimberlie Duenas
8100 Jacksonville Rd #7, Hays,
Ellis, KS, 67601
(kimberlie_duenas@yahoo.com)

Dear Kimberlie Duenas, 

Similarly, we also have a template for the company's letter: 
Kimberlie Duenas
8100 Jacksonville Rd #7, Hays,
Ellis, KS, 67601
(kimberlie_duenas@yahoo.com)

Dear Kimberlie Duenas,
As you may have heard or read, last month we learned that criminals forced their way into our systems, 
and stole information about our customers. Late last week, as part of our ongoing investigation, 
we learned that the taken information includes names, mailing addresses, phone numbers or email addresses. 

I am writing to make you aware that your name, mailing address, phone number or email address may 
have been taken during the intrusion. 

I am truly sorry this incident occurred, and I sincerely regret any inconvenience it may cause you. 

Because we value you as a customer, and because your trust is important to us, our company is 
offering you one year of free credit monitoring through Experian’s ProtectMyID product, which includes 
identity theft insurance where available. Enclosed please find your additional information about your 
free credit card monitoring.


You can find additional information and FAQs about this incident at our website. If you have further questions, 
you may call us at 866-852-8680.
 
Thank you for your patience and your loyalty. 

Sincerely, 
Insurance Company CEO



Ace Signs Inc.
Martina Staback
7 W Wabansia Ave #227, Orlando,
Orange, FL, 32822
(martina_staback@staback.com)

Dear Martina Staback, 

Similarly, we also have a template for the company's letter: 
Martina Staback
7 W Wabansia Ave #227, Orlando,
Orange, FL, 32822
(martina_staback@staback.com)

Dear Martina Staback,
As you may have heard or read, last month we learned that criminals forced their way into our systems, 
and stole information about our customers. Late last week, as part of our ongoing investigation, 
we learned that the taken information includes names, mailing addresses, phone numbers or email addresses. 

I am writing to make you aware that your name, mailing address, phone number or email address may 
have been taken during the intrusion. 

I am truly sorry this incident occurred, and I sincerely regret any inconvenience it may cause you. 

Because we value you as a customer, and because your trust is important to us, our company is 
offering you one year of free credit monitoring through Experian’s ProtectMyID product, which includes 
identity theft insurance where available. Enclosed please find your additional information about your 
free credit card monitoring.


You can find additional information and FAQs about this incident at our website. If you have further questions, 
you may call us at 866-852-8680.
 
Thank you for your patience and your loyalty. 

Sincerely, 
Insurance Company CEO



Rodeway Inn.
Skye Fillingim
25 Minters Chapel Rd #9, Minneapolis,
Hennepin, MN, 55401
(skye_fillingim@yahoo.com)

Dear Skye Fillingim, 

Similarly, we also have a template for the company's letter: 
Skye Fillingim
25 Minters Chapel Rd #9, Minneapolis,
Hennepin, MN, 55401
(skye_fillingim@yahoo.com)

Dear Skye Fillingim,
As you may have heard or read, last month we learned that criminals forced their way into our systems, 
and stole information about our customers. Late last week, as part of our ongoing investigation, 
we learned that the taken information includes names, mailing addresses, phone numbers or email addresses. 

I am writing to make you aware that your name, mailing address, phone number or email address may 
have been taken during the intrusion. 

I am truly sorry this incident occurred, and I sincerely regret any inconvenience it may cause you. 

Because we value you as a customer, and because your trust is important to us, our company is 
offering you one year of free credit monitoring through Experian’s ProtectMyID product, which includes 
identity theft insurance where available. Enclosed please find your additional information about your 
free credit card monitoring.


You can find additional information and FAQs about this incident at our website. If you have further questions, 
you may call us at 866-852-8680.
 
Thank you for your patience and your loyalty. 

Sincerely, 
Insurance Company CEO



Bonnet & Daughter.
Jade Farrar
6882 Torresdale Ave, Columbia,
Richland, SC, 29201
(jade.farrar@yahoo.com)

Dear Jade Farrar, 

Similarly, we also have a template for the company's letter: 
Jade Farrar
6882 Torresdale Ave, Columbia,
Richland, SC, 29201
(jade.farrar@yahoo.com)

Dear Jade Farrar,
As you may have heard or read, last month we learned that criminals forced their way into our systems, 
and stole information about our customers. Late last week, as part of our ongoing investigation, 
we learned that the taken information includes names, mailing addresses, phone numbers or email addresses. 

I am writing to make you aware that your name, mailing address, phone number or email address may 
have been taken during the intrusion. 

I am truly sorry this incident occurred, and I sincerely regret any inconvenience it may cause you. 

Because we value you as a customer, and because your trust is important to us, our company is 
offering you one year of free credit monitoring through Experian’s ProtectMyID product, which includes 
identity theft insurance where available. Enclosed please find your additional information about your 
free credit card monitoring.


You can find additional information and FAQs about this incident at our website. If you have further questions, 
you may call us at 866-852-8680.
 
Thank you for your patience and your loyalty. 

Sincerely, 
Insurance Company CEO



Oshins & Gibbons.
Charlene Hamilton
985 E 6th Ave, Santa Rosa,
Sonoma, CA, 95407
(charlene.hamilton@hotmail.com)

Dear Charlene Hamilton, 

Similarly, we also have a template for the company's letter: 
Charlene Hamilton
985 E 6th Ave, Santa Rosa,
Sonoma, CA, 95407
(charlene.hamilton@hotmail.com)

Dear Charlene Hamilton,
As you may have heard or read, last month we learned that criminals forced their way into our systems, 
and stole information about our customers. Late last week, as part of our ongoing investigation, 
we learned that the taken information includes names, mailing addresses, phone numbers or email addresses. 

I am writing to make you aware that your name, mailing address, phone number or email address may 
have been taken during the intrusion. 

I am truly sorry this incident occurred, and I sincerely regret any inconvenience it may cause you. 

Because we value you as a customer, and because your trust is important to us, our company is 
offering you one year of free credit monitoring through Experian’s ProtectMyID product, which includes 
identity theft insurance where available. Enclosed please find your additional information about your 
free credit card monitoring.


You can find additional information and FAQs about this incident at our website. If you have further questions, 
you may call us at 866-852-8680.
 
Thank you for your patience and your loyalty. 

Sincerely, 
Insurance Company CEO



Price Business Services.
Geoffrey Acey
7 West Ave #1, Palatine,
Cook, IL, 60067
(geoffrey@gmail.com)

Dear Geoffrey Acey, 

Similarly, we also have a template for the company's letter: 
Geoffrey Acey
7 West Ave #1, Palatine,
Cook, IL, 60067
(geoffrey@gmail.com)

Dear Geoffrey Acey,
As you may have heard or read, last month we learned that criminals forced their way into our systems, 
and stole information about our customers. Late last week, as part of our ongoing investigation, 
we learned that the taken information includes names, mailing addresses, phone numbers or email addresses. 

I am writing to make you aware that your name, mailing address, phone number or email address may 
have been taken during the intrusion. 

I am truly sorry this incident occurred, and I sincerely regret any inconvenience it may cause you. 

Because we value you as a customer, and because your trust is important to us, our company is 
offering you one year of free credit monitoring through Experian’s ProtectMyID product, which includes 
identity theft insurance where available. Enclosed please find your additional information about your 
free credit card monitoring.


You can find additional information and FAQs about this incident at our website. If you have further questions, 
you may call us at 866-852-8680.
 
Thank you for your patience and your loyalty. 

Sincerely, 
Insurance Company CEO



Wise, Dennis W Md.
Stevie Westerbeck
26659 N 13th St, Costa Mesa,
Orange, CA, 92626
(stevie.westerbeck@yahoo.com)

Dear Stevie Westerbeck, 

Similarly, we also have a template for the company's letter: 
Stevie Westerbeck
26659 N 13th St, Costa Mesa,
Orange, CA, 92626
(stevie.westerbeck@yahoo.com)

Dear Stevie Westerbeck,
As you may have heard or read, last month we learned that criminals forced their way into our systems, 
and stole information about our customers. Late last week, as part of our ongoing investigation, 
we learned that the taken information includes names, mailing addresses, phone numbers or email addresses. 

I am writing to make you aware that your name, mailing address, phone number or email address may 
have been taken during the intrusion. 

I am truly sorry this incident occurred, and I sincerely regret any inconvenience it may cause you. 

Because we value you as a customer, and because your trust is important to us, our company is 
offering you one year of free credit monitoring through Experian’s ProtectMyID product, which includes 
identity theft insurance where available. Enclosed please find your additional information about your 
free credit card monitoring.


You can find additional information and FAQs about this incident at our website. If you have further questions, 
you may call us at 866-852-8680.
 
Thank you for your patience and your loyalty. 

Sincerely, 
Insurance Company CEO



Super 8 Motel.
Pamella Fortino
669 Packerland Dr #1438, Denver,
Denver, CO, 80212
(pamella@fortino.com)

Dear Pamella Fortino, 

Similarly, we also have a template for the company's letter: 
Pamella Fortino
669 Packerland Dr #1438, Denver,
Denver, CO, 80212
(pamella@fortino.com)

Dear Pamella Fortino,
As you may have heard or read, last month we learned that criminals forced their way into our systems, 
and stole information about our customers. Late last week, as part of our ongoing investigation, 
we learned that the taken information includes names, mailing addresses, phone numbers or email addresses. 

I am writing to make you aware that your name, mailing address, phone number or email address may 
have been taken during the intrusion. 

I am truly sorry this incident occurred, and I sincerely regret any inconvenience it may cause you. 

Because we value you as a customer, and because your trust is important to us, our company is 
offering you one year of free credit monitoring through Experian’s ProtectMyID product, which includes 
identity theft insurance where available. Enclosed please find your additional information about your 
free credit card monitoring.


You can find additional information and FAQs about this incident at our website. If you have further questions, 
you may call us at 866-852-8680.
 
Thank you for your patience and your loyalty. 

Sincerely, 
Insurance Company CEO



John Wagner Associates.
Harrison Haufler
759 Eldora St, New Haven,
New Haven, CT, 06515
(hhaufler@hotmail.com)

Dear Harrison Haufler, 

Similarly, we also have a template for the company's letter: 
Harrison Haufler
759 Eldora St, New Haven,
New Haven, CT, 06515
(hhaufler@hotmail.com)

Dear Harrison Haufler,
As you may have heard or read, last month we learned that criminals forced their way into our systems, 
and stole information about our customers. Late last week, as part of our ongoing investigation, 
we learned that the taken information includes names, mailing addresses, phone numbers or email addresses. 

I am writing to make you aware that your name, mailing address, phone number or email address may 
have been taken during the intrusion. 

I am truly sorry this incident occurred, and I sincerely regret any inconvenience it may cause you. 

Because we value you as a customer, and because your trust is important to us, our company is 
offering you one year of free credit monitoring through Experian’s ProtectMyID product, which includes 
identity theft insurance where available. Enclosed please find your additional information about your 
free credit card monitoring.


You can find additional information and FAQs about this incident at our website. If you have further questions, 
you may call us at 866-852-8680.
 
Thank you for your patience and your loyalty. 

Sincerely, 
Insurance Company CEO



Thrifty Oil Co.
Johnna Engelberg
5 S Colorado Blvd #449, Bothell,
Snohomish, WA, 98021
(jengelberg@engelberg.org)

Dear Johnna Engelberg, 

Similarly, we also have a template for the company's letter: 
Johnna Engelberg
5 S Colorado Blvd #449, Bothell,
Snohomish, WA, 98021
(jengelberg@engelberg.org)

Dear Johnna Engelberg,
As you may have heard or read, last month we learned that criminals forced their way into our systems, 
and stole information about our customers. Late last week, as part of our ongoing investigation, 
we learned that the taken information includes names, mailing addresses, phone numbers or email addresses. 

I am writing to make you aware that your name, mailing address, phone number or email address may 
have been taken during the intrusion. 

I am truly sorry this incident occurred, and I sincerely regret any inconvenience it may cause you. 

Because we value you as a customer, and because your trust is important to us, our company is 
offering you one year of free credit monitoring through Experian’s ProtectMyID product, which includes 
identity theft insurance where available. Enclosed please find your additional information about your 
free credit card monitoring.


You can find additional information and FAQs about this incident at our website. If you have further questions, 
you may call us at 866-852-8680.
 
Thank you for your patience and your loyalty. 

Sincerely, 
Insurance Company CEO



Larkfield Photo.
Buddy Cloney
944 Gaither Dr, Strongsville,
Cuyahoga, OH, 44136
(buddy.cloney@yahoo.com)

Dear Buddy Cloney, 

Similarly, we also have a template for the company's letter: 
Buddy Cloney
944 Gaither Dr, Strongsville,
Cuyahoga, OH, 44136
(buddy.cloney@yahoo.com)

Dear Buddy Cloney,
As you may have heard or read, last month we learned that criminals forced their way into our systems, 
and stole information about our customers. Late last week, as part of our ongoing investigation, 
we learned that the taken information includes names, mailing addresses, phone numbers or email addresses. 

I am writing to make you aware that your name, mailing address, phone number or email address may 
have been taken during the intrusion. 

I am truly sorry this incident occurred, and I sincerely regret any inconvenience it may cause you. 

Because we value you as a customer, and because your trust is important to us, our company is 
offering you one year of free credit monitoring through Experian’s ProtectMyID product, which includes 
identity theft insurance where available. Enclosed please find your additional information about your 
free credit card monitoring.


You can find additional information and FAQs about this incident at our website. If you have further questions, 
you may call us at 866-852-8680.
 
Thank you for your patience and your loyalty. 

Sincerely, 
Insurance Company CEO



Silverman Planetarium.
Dalene Riden
66552 Malone Rd, Plaistow,
Rockingham, NH, 03865
(dalene.riden@aol.com)

Dear Dalene Riden, 

Similarly, we also have a template for the company's letter: 
Dalene Riden
66552 Malone Rd, Plaistow,
Rockingham, NH, 03865
(dalene.riden@aol.com)

Dear Dalene Riden,
As you may have heard or read, last month we learned that criminals forced their way into our systems, 
and stole information about our customers. Late last week, as part of our ongoing investigation, 
we learned that the taken information includes names, mailing addresses, phone numbers or email addresses. 

I am writing to make you aware that your name, mailing address, phone number or email address may 
have been taken during the intrusion. 

I am truly sorry this incident occurred, and I sincerely regret any inconvenience it may cause you. 

Because we value you as a customer, and because your trust is important to us, our company is 
offering you one year of free credit monitoring through Experian’s ProtectMyID product, which includes 
identity theft insurance where available. Enclosed please find your additional information about your 
free credit card monitoring.


You can find additional information and FAQs about this incident at our website. If you have further questions, 
you may call us at 866-852-8680.
 
Thank you for your patience and your loyalty. 

Sincerely, 
Insurance Company CEO



J & F Lumber.
Jerry Zurcher
77 Massillon Rd #822, Satellite Beach,
Brevard, FL, 32937
(jzurcher@zurcher.org)

Dear Jerry Zurcher, 

Similarly, we also have a template for the company's letter: 
Jerry Zurcher
77 Massillon Rd #822, Satellite Beach,
Brevard, FL, 32937
(jzurcher@zurcher.org)

Dear Jerry Zurcher,
As you may have heard or read, last month we learned that criminals forced their way into our systems, 
and stole information about our customers. Late last week, as part of our ongoing investigation, 
we learned that the taken information includes names, mailing addresses, phone numbers or email addresses. 

I am writing to make you aware that your name, mailing address, phone number or email address may 
have been taken during the intrusion. 

I am truly sorry this incident occurred, and I sincerely regret any inconvenience it may cause you. 

Because we value you as a customer, and because your trust is important to us, our company is 
offering you one year of free credit monitoring through Experian’s ProtectMyID product, which includes 
identity theft insurance where available. Enclosed please find your additional information about your 
free credit card monitoring.


You can find additional information and FAQs about this incident at our website. If you have further questions, 
you may call us at 866-852-8680.
 
Thank you for your patience and your loyalty. 

Sincerely, 
Insurance Company CEO



Cleaning Station Inc.
Haydee Denooyer
25346 New Rd, New York,
New York, NY, 10016
(hdenooyer@denooyer.org)

Dear Haydee Denooyer, 

Similarly, we also have a template for the company's letter: 
Haydee Denooyer
25346 New Rd, New York,
New York, NY, 10016
(hdenooyer@denooyer.org)

Dear Haydee Denooyer,
As you may have heard or read, last month we learned that criminals forced their way into our systems, 
and stole information about our customers. Late last week, as part of our ongoing investigation, 
we learned that the taken information includes names, mailing addresses, phone numbers or email addresses. 

I am writing to make you aware that your name, mailing address, phone number or email address may 
have been taken during the intrusion. 

I am truly sorry this incident occurred, and I sincerely regret any inconvenience it may cause you. 

Because we value you as a customer, and because your trust is important to us, our company is 
offering you one year of free credit monitoring through Experian’s ProtectMyID product, which includes 
identity theft insurance where available. Enclosed please find your additional information about your 
free credit card monitoring.


You can find additional information and FAQs about this incident at our website. If you have further questions, 
you may call us at 866-852-8680.
 
Thank you for your patience and your loyalty. 

Sincerely, 
Insurance Company CEO



Ames Stationers.
Joseph Cryer
60 Fillmore Ave, Huntington Beach,
Orange, CA, 92647
(joseph_cryer@cox.net)

Dear Joseph Cryer, 

Similarly, we also have a template for the company's letter: 
Joseph Cryer
60 Fillmore Ave, Huntington Beach,
Orange, CA, 92647
(joseph_cryer@cox.net)

Dear Joseph Cryer,
As you may have heard or read, last month we learned that criminals forced their way into our systems, 
and stole information about our customers. Late last week, as part of our ongoing investigation, 
we learned that the taken information includes names, mailing addresses, phone numbers or email addresses. 

I am writing to make you aware that your name, mailing address, phone number or email address may 
have been taken during the intrusion. 

I am truly sorry this incident occurred, and I sincerely regret any inconvenience it may cause you. 

Because we value you as a customer, and because your trust is important to us, our company is 
offering you one year of free credit monitoring through Experian’s ProtectMyID product, which includes 
identity theft insurance where available. Enclosed please find your additional information about your 
free credit card monitoring.


You can find additional information and FAQs about this incident at our website. If you have further questions, 
you may call us at 866-852-8680.
 
Thank you for your patience and your loyalty. 

Sincerely, 
Insurance Company CEO



Midas Muffler Shops.
Deonna Kippley
57 Haven Ave #90, Southfield,
Oakland, MI, 48075
(deonna_kippley@hotmail.com)

Dear Deonna Kippley, 

Similarly, we also have a template for the company's letter: 
Deonna Kippley
57 Haven Ave #90, Southfield,
Oakland, MI, 48075
(deonna_kippley@hotmail.com)

Dear Deonna Kippley,
As you may have heard or read, last month we learned that criminals forced their way into our systems, 
and stole information about our customers. Late last week, as part of our ongoing investigation, 
we learned that the taken information includes names, mailing addresses, phone numbers or email addresses. 

I am writing to make you aware that your name, mailing address, phone number or email address may 
have been taken during the intrusion. 

I am truly sorry this incident occurred, and I sincerely regret any inconvenience it may cause you. 

Because we value you as a customer, and because your trust is important to us, our company is 
offering you one year of free credit monitoring through Experian’s ProtectMyID product, which includes 
identity theft insurance where available. Enclosed please find your additional information about your 
free credit card monitoring.


You can find additional information and FAQs about this incident at our website. If you have further questions, 
you may call us at 866-852-8680.
 
Thank you for your patience and your loyalty. 

Sincerely, 
Insurance Company CEO



Seaboard Securities Inc.
Raymon Calvaresi
6538 E Pomona St #60, Indianapolis,
Marion, IN, 46222
(raymon.calvaresi@gmail.com)

Dear Raymon Calvaresi, 

Similarly, we also have a template for the company's letter: 
Raymon Calvaresi
6538 E Pomona St #60, Indianapolis,
Marion, IN, 46222
(raymon.calvaresi@gmail.com)

Dear Raymon Calvaresi,
As you may have heard or read, last month we learned that criminals forced their way into our systems, 
and stole information about our customers. Late last week, as part of our ongoing investigation, 
we learned that the taken information includes names, mailing addresses, phone numbers or email addresses. 

I am writing to make you aware that your name, mailing address, phone number or email address may 
have been taken during the intrusion. 

I am truly sorry this incident occurred, and I sincerely regret any inconvenience it may cause you. 

Because we value you as a customer, and because your trust is important to us, our company is 
offering you one year of free credit monitoring through Experian’s ProtectMyID product, which includes 
identity theft insurance where available. Enclosed please find your additional information about your 
free credit card monitoring.


You can find additional information and FAQs about this incident at our website. If you have further questions, 
you may call us at 866-852-8680.
 
Thank you for your patience and your loyalty. 

Sincerely, 
Insurance Company CEO



Petersen, James E Esq.
Alecia Bubash
6535 Joyce St, Wichita Falls,
Wichita, TX, 76301
(alecia@aol.com)

Dear Alecia Bubash, 

Similarly, we also have a template for the company's letter: 
Alecia Bubash
6535 Joyce St, Wichita Falls,
Wichita, TX, 76301
(alecia@aol.com)

Dear Alecia Bubash,
As you may have heard or read, last month we learned that criminals forced their way into our systems, 
and stole information about our customers. Late last week, as part of our ongoing investigation, 
we learned that the taken information includes names, mailing addresses, phone numbers or email addresses. 

I am writing to make you aware that your name, mailing address, phone number or email address may 
have been taken during the intrusion. 

I am truly sorry this incident occurred, and I sincerely regret any inconvenience it may cause you. 

Because we value you as a customer, and because your trust is important to us, our company is 
offering you one year of free credit monitoring through Experian’s ProtectMyID product, which includes 
identity theft insurance where available. Enclosed please find your additional information about your 
free credit card monitoring.


You can find additional information and FAQs about this incident at our website. If you have further questions, 
you may call us at 866-852-8680.
 
Thank you for your patience and your loyalty. 

Sincerely, 
Insurance Company CEO



Development Authority.
Ma Layous
78112 Morris Ave, North Haven,
New Haven, CT, 06473
(mlayous@hotmail.com)

Dear Ma Layous, 

Similarly, we also have a template for the company's letter: 
Ma Layous
78112 Morris Ave, North Haven,
New Haven, CT, 06473
(mlayous@hotmail.com)

Dear Ma Layous,
As you may have heard or read, last month we learned that criminals forced their way into our systems, 
and stole information about our customers. Late last week, as part of our ongoing investigation, 
we learned that the taken information includes names, mailing addresses, phone numbers or email addresses. 

I am writing to make you aware that your name, mailing address, phone number or email address may 
have been taken during the intrusion. 

I am truly sorry this incident occurred, and I sincerely regret any inconvenience it may cause you. 

Because we value you as a customer, and because your trust is important to us, our company is 
offering you one year of free credit monitoring through Experian’s ProtectMyID product, which includes 
identity theft insurance where available. Enclosed please find your additional information about your 
free credit card monitoring.


You can find additional information and FAQs about this incident at our website. If you have further questions, 
you may call us at 866-852-8680.
 
Thank you for your patience and your loyalty. 

Sincerely, 
Insurance Company CEO



Schott Fiber Optics Inc.
Detra Coyier
96950 Hidden Ln, Aberdeen,
Harford, MD, 21001
(detra@aol.com)

Dear Detra Coyier, 

Similarly, we also have a template for the company's letter: 
Detra Coyier
96950 Hidden Ln, Aberdeen,
Harford, MD, 21001
(detra@aol.com)

Dear Detra Coyier,
As you may have heard or read, last month we learned that criminals forced their way into our systems, 
and stole information about our customers. Late last week, as part of our ongoing investigation, 
we learned that the taken information includes names, mailing addresses, phone numbers or email addresses. 

I am writing to make you aware that your name, mailing address, phone number or email address may 
have been taken during the intrusion. 

I am truly sorry this incident occurred, and I sincerely regret any inconvenience it may cause you. 

Because we value you as a customer, and because your trust is important to us, our company is 
offering you one year of free credit monitoring through Experian’s ProtectMyID product, which includes 
identity theft insurance where available. Enclosed please find your additional information about your 
free credit card monitoring.


You can find additional information and FAQs about this incident at our website. If you have further questions, 
you may call us at 866-852-8680.
 
Thank you for your patience and your loyalty. 

Sincerely, 
Insurance Company CEO



Stuart J Agins.
Terrilyn Rodeigues
3718 S Main St, New Orleans,
Orleans, LA, 70130
(terrilyn.rodeigues@cox.net)

Dear Terrilyn Rodeigues, 

Similarly, we also have a template for the company's letter: 
Terrilyn Rodeigues
3718 S Main St, New Orleans,
Orleans, LA, 70130
(terrilyn.rodeigues@cox.net)

Dear Terrilyn Rodeigues,
As you may have heard or read, last month we learned that criminals forced their way into our systems, 
and stole information about our customers. Late last week, as part of our ongoing investigation, 
we learned that the taken information includes names, mailing addresses, phone numbers or email addresses. 

I am writing to make you aware that your name, mailing address, phone number or email address may 
have been taken during the intrusion. 

I am truly sorry this incident occurred, and I sincerely regret any inconvenience it may cause you. 

Because we value you as a customer, and because your trust is important to us, our company is 
offering you one year of free credit monitoring through Experian’s ProtectMyID product, which includes 
identity theft insurance where available. Enclosed please find your additional information about your 
free credit card monitoring.


You can find additional information and FAQs about this incident at our website. If you have further questions, 
you may call us at 866-852-8680.
 
Thank you for your patience and your loyalty. 

Sincerely, 
Insurance Company CEO



Mitsumi Electronics Corp.
Salome Lacovara
9677 Commerce Dr, Richmond,
Richmond City, VA, 23219
(slacovara@gmail.com)

Dear Salome Lacovara, 

Similarly, we also have a template for the company's letter: 
Salome Lacovara
9677 Commerce Dr, Richmond,
Richmond City, VA, 23219
(slacovara@gmail.com)

Dear Salome Lacovara,
As you may have heard or read, last month we learned that criminals forced their way into our systems, 
and stole information about our customers. Late last week, as part of our ongoing investigation, 
we learned that the taken information includes names, mailing addresses, phone numbers or email addresses. 

I am writing to make you aware that your name, mailing address, phone number or email address may 
have been taken during the intrusion. 

I am truly sorry this incident occurred, and I sincerely regret any inconvenience it may cause you. 

Because we value you as a customer, and because your trust is important to us, our company is 
offering you one year of free credit monitoring through Experian’s ProtectMyID product, which includes 
identity theft insurance where available. Enclosed please find your additional information about your 
free credit card monitoring.


You can find additional information and FAQs about this incident at our website. If you have further questions, 
you may call us at 866-852-8680.
 
Thank you for your patience and your loyalty. 

Sincerely, 
Insurance Company CEO



Italian Express Franchise Corp.
Garry Keetch
5 Green Pond Rd #4, Southampton,
Bucks, PA, 18966
(garry_keetch@hotmail.com)

Dear Garry Keetch, 

Similarly, we also have a template for the company's letter: 
Garry Keetch
5 Green Pond Rd #4, Southampton,
Bucks, PA, 18966
(garry_keetch@hotmail.com)

Dear Garry Keetch,
As you may have heard or read, last month we learned that criminals forced their way into our systems, 
and stole information about our customers. Late last week, as part of our ongoing investigation, 
we learned that the taken information includes names, mailing addresses, phone numbers or email addresses. 

I am writing to make you aware that your name, mailing address, phone number or email address may 
have been taken during the intrusion. 

I am truly sorry this incident occurred, and I sincerely regret any inconvenience it may cause you. 

Because we value you as a customer, and because your trust is important to us, our company is 
offering you one year of free credit monitoring through Experian’s ProtectMyID product, which includes 
identity theft insurance where available. Enclosed please find your additional information about your 
free credit card monitoring.


You can find additional information and FAQs about this incident at our website. If you have further questions, 
you may call us at 866-852-8680.
 
Thank you for your patience and your loyalty. 

Sincerely, 
Insurance Company CEO



American Council On Sci & Hlth.
Matthew Neither
636 Commerce Dr #42, Shakopee,
Scott, MN, 55379
(mneither@yahoo.com)

Dear Matthew Neither, 

Similarly, we also have a template for the company's letter: 
Matthew Neither
636 Commerce Dr #42, Shakopee,
Scott, MN, 55379
(mneither@yahoo.com)

Dear Matthew Neither,
As you may have heard or read, last month we learned that criminals forced their way into our systems, 
and stole information about our customers. Late last week, as part of our ongoing investigation, 
we learned that the taken information includes names, mailing addresses, phone numbers or email addresses. 

I am writing to make you aware that your name, mailing address, phone number or email address may 
have been taken during the intrusion. 

I am truly sorry this incident occurred, and I sincerely regret any inconvenience it may cause you. 

Because we value you as a customer, and because your trust is important to us, our company is 
offering you one year of free credit monitoring through Experian’s ProtectMyID product, which includes 
identity theft insurance where available. Enclosed please find your additional information about your 
free credit card monitoring.


You can find additional information and FAQs about this incident at our website. If you have further questions, 
you may call us at 866-852-8680.
 
Thank you for your patience and your loyalty. 

Sincerely, 
Insurance Company CEO



Kleri, Patricia S Esq.
Theodora Restrepo
42744 Hamann Industrial Pky #82, Miami,
Miami-Dade, FL, 33136
(theodora.restrepo@restrepo.com)

Dear Theodora Restrepo, 

Similarly, we also have a template for the company's letter: 
Theodora Restrepo
42744 Hamann Industrial Pky #82, Miami,
Miami-Dade, FL, 33136
(theodora.restrepo@restrepo.com)

Dear Theodora Restrepo,
As you may have heard or read, last month we learned that criminals forced their way into our systems, 
and stole information about our customers. Late last week, as part of our ongoing investigation, 
we learned that the taken information includes names, mailing addresses, phone numbers or email addresses. 

I am writing to make you aware that your name, mailing address, phone number or email address may 
have been taken during the intrusion. 

I am truly sorry this incident occurred, and I sincerely regret any inconvenience it may cause you. 

Because we value you as a customer, and because your trust is important to us, our company is 
offering you one year of free credit monitoring through Experian’s ProtectMyID product, which includes 
identity theft insurance where available. Enclosed please find your additional information about your 
free credit card monitoring.


You can find additional information and FAQs about this incident at our website. If you have further questions, 
you may call us at 866-852-8680.
 
Thank you for your patience and your loyalty. 

Sincerely, 
Insurance Company CEO



Twiggs Abrams Blanchard.
Noah Kalafatis
1950 5th Ave, Milwaukee,
Milwaukee, WI, 53209
(noah.kalafatis@aol.com)

Dear Noah Kalafatis, 

Similarly, we also have a template for the company's letter: 
Noah Kalafatis
1950 5th Ave, Milwaukee,
Milwaukee, WI, 53209
(noah.kalafatis@aol.com)

Dear Noah Kalafatis,
As you may have heard or read, last month we learned that criminals forced their way into our systems, 
and stole information about our customers. Late last week, as part of our ongoing investigation, 
we learned that the taken information includes names, mailing addresses, phone numbers or email addresses. 

I am writing to make you aware that your name, mailing address, phone number or email address may 
have been taken during the intrusion. 

I am truly sorry this incident occurred, and I sincerely regret any inconvenience it may cause you. 

Because we value you as a customer, and because your trust is important to us, our company is 
offering you one year of free credit monitoring through Experian’s ProtectMyID product, which includes 
identity theft insurance where available. Enclosed please find your additional information about your 
free credit card monitoring.


You can find additional information and FAQs about this incident at our website. If you have further questions, 
you may call us at 866-852-8680.
 
Thank you for your patience and your loyalty. 

Sincerely, 
Insurance Company CEO



Maui Research & Technology Pk.
Carmen Sweigard
61304 N French Rd, Somerset,
Somerset, NJ, 08873
(csweigard@sweigard.com)

Dear Carmen Sweigard, 

Similarly, we also have a template for the company's letter: 
Carmen Sweigard
61304 N French Rd, Somerset,
Somerset, NJ, 08873
(csweigard@sweigard.com)

Dear Carmen Sweigard,
As you may have heard or read, last month we learned that criminals forced their way into our systems, 
and stole information about our customers. Late last week, as part of our ongoing investigation, 
we learned that the taken information includes names, mailing addresses, phone numbers or email addresses. 

I am writing to make you aware that your name, mailing address, phone number or email address may 
have been taken during the intrusion. 

I am truly sorry this incident occurred, and I sincerely regret any inconvenience it may cause you. 

Because we value you as a customer, and because your trust is important to us, our company is 
offering you one year of free credit monitoring through Experian’s ProtectMyID product, which includes 
identity theft insurance where available. Enclosed please find your additional information about your 
free credit card monitoring.


You can find additional information and FAQs about this incident at our website. If you have further questions, 
you may call us at 866-852-8680.
 
Thank you for your patience and your loyalty. 

Sincerely, 
Insurance Company CEO



Bradley Nameplate Corp.
Lavonda Hengel
87 Imperial Ct #79, Fargo,
Cass, ND, 58102
(lavonda@cox.net)

Dear Lavonda Hengel, 

Similarly, we also have a template for the company's letter: 
Lavonda Hengel
87 Imperial Ct #79, Fargo,
Cass, ND, 58102
(lavonda@cox.net)

Dear Lavonda Hengel,
As you may have heard or read, last month we learned that criminals forced their way into our systems, 
and stole information about our customers. Late last week, as part of our ongoing investigation, 
we learned that the taken information includes names, mailing addresses, phone numbers or email addresses. 

I am writing to make you aware that your name, mailing address, phone number or email address may 
have been taken during the intrusion. 

I am truly sorry this incident occurred, and I sincerely regret any inconvenience it may cause you. 

Because we value you as a customer, and because your trust is important to us, our company is 
offering you one year of free credit monitoring through Experian’s ProtectMyID product, which includes 
identity theft insurance where available. Enclosed please find your additional information about your 
free credit card monitoring.


You can find additional information and FAQs about this incident at our website. If you have further questions, 
you may call us at 866-852-8680.
 
Thank you for your patience and your loyalty. 

Sincerely, 
Insurance Company CEO



Geonex Martel Inc.
Junita Stoltzman
94 W Dodge Rd, Carson City,
Carson City, NV, 89701
(junita@aol.com)

Dear Junita Stoltzman, 

Similarly, we also have a template for the company's letter: 
Junita Stoltzman
94 W Dodge Rd, Carson City,
Carson City, NV, 89701
(junita@aol.com)

Dear Junita Stoltzman,
As you may have heard or read, last month we learned that criminals forced their way into our systems, 
and stole information about our customers. Late last week, as part of our ongoing investigation, 
we learned that the taken information includes names, mailing addresses, phone numbers or email addresses. 

I am writing to make you aware that your name, mailing address, phone number or email address may 
have been taken during the intrusion. 

I am truly sorry this incident occurred, and I sincerely regret any inconvenience it may cause you. 

Because we value you as a customer, and because your trust is important to us, our company is 
offering you one year of free credit monitoring through Experian’s ProtectMyID product, which includes 
identity theft insurance where available. Enclosed please find your additional information about your 
free credit card monitoring.


You can find additional information and FAQs about this incident at our website. If you have further questions, 
you may call us at 866-852-8680.
 
Thank you for your patience and your loyalty. 

Sincerely, 
Insurance Company CEO



Sea Island Div Of Fstr Ind Inc.
Herminia Nicolozakes
4 58th St #3519, Scottsdale,
Maricopa, AZ, 85254
(herminia@nicolozakes.org)

Dear Herminia Nicolozakes, 

Similarly, we also have a template for the company's letter: 
Herminia Nicolozakes
4 58th St #3519, Scottsdale,
Maricopa, AZ, 85254
(herminia@nicolozakes.org)

Dear Herminia Nicolozakes,
As you may have heard or read, last month we learned that criminals forced their way into our systems, 
and stole information about our customers. Late last week, as part of our ongoing investigation, 
we learned that the taken information includes names, mailing addresses, phone numbers or email addresses. 

I am writing to make you aware that your name, mailing address, phone number or email address may 
have been taken during the intrusion. 

I am truly sorry this incident occurred, and I sincerely regret any inconvenience it may cause you. 

Because we value you as a customer, and because your trust is important to us, our company is 
offering you one year of free credit monitoring through Experian’s ProtectMyID product, which includes 
identity theft insurance where available. Enclosed please find your additional information about your 
free credit card monitoring.


You can find additional information and FAQs about this incident at our website. If you have further questions, 
you may call us at 866-852-8680.
 
Thank you for your patience and your loyalty. 

Sincerely, 
Insurance Company CEO



Papay, Debbie J Esq.
Casie Good
5221 Bear Valley Rd, Nashville,
Davidson, TN, 37211
(casie.good@aol.com)

Dear Casie Good, 

Similarly, we also have a template for the company's letter: 
Casie Good
5221 Bear Valley Rd, Nashville,
Davidson, TN, 37211
(casie.good@aol.com)

Dear Casie Good,
As you may have heard or read, last month we learned that criminals forced their way into our systems, 
and stole information about our customers. Late last week, as part of our ongoing investigation, 
we learned that the taken information includes names, mailing addresses, phone numbers or email addresses. 

I am writing to make you aware that your name, mailing address, phone number or email address may 
have been taken during the intrusion. 

I am truly sorry this incident occurred, and I sincerely regret any inconvenience it may cause you. 

Because we value you as a customer, and because your trust is important to us, our company is 
offering you one year of free credit monitoring through Experian’s ProtectMyID product, which includes 
identity theft insurance where available. Enclosed please find your additional information about your 
free credit card monitoring.


You can find additional information and FAQs about this incident at our website. If you have further questions, 
you may call us at 866-852-8680.
 
Thank you for your patience and your loyalty. 

Sincerely, 
Insurance Company CEO



Lane Promotions.
Reena Maisto
9648 S Main, Salisbury,
Wicomico, MD, 21801
(reena@hotmail.com)

Dear Reena Maisto, 

Similarly, we also have a template for the company's letter: 
Reena Maisto
9648 S Main, Salisbury,
Wicomico, MD, 21801
(reena@hotmail.com)

Dear Reena Maisto,
As you may have heard or read, last month we learned that criminals forced their way into our systems, 
and stole information about our customers. Late last week, as part of our ongoing investigation, 
we learned that the taken information includes names, mailing addresses, phone numbers or email addresses. 

I am writing to make you aware that your name, mailing address, phone number or email address may 
have been taken during the intrusion. 

I am truly sorry this incident occurred, and I sincerely regret any inconvenience it may cause you. 

Because we value you as a customer, and because your trust is important to us, our company is 
offering you one year of free credit monitoring through Experian’s ProtectMyID product, which includes 
identity theft insurance where available. Enclosed please find your additional information about your 
free credit card monitoring.


You can find additional information and FAQs about this incident at our website. If you have further questions, 
you may call us at 866-852-8680.
 
Thank you for your patience and your loyalty. 

Sincerely, 
Insurance Company CEO



Stephen Kennerly Archts Inc Pc.
Mirta Mallett
7 S San Marcos Rd, New York,
New York, NY, 10004
(mirta_mallett@gmail.com)

Dear Mirta Mallett, 

Similarly, we also have a template for the company's letter: 
Mirta Mallett
7 S San Marcos Rd, New York,
New York, NY, 10004
(mirta_mallett@gmail.com)

Dear Mirta Mallett,
As you may have heard or read, last month we learned that criminals forced their way into our systems, 
and stole information about our customers. Late last week, as part of our ongoing investigation, 
we learned that the taken information includes names, mailing addresses, phone numbers or email addresses. 

I am writing to make you aware that your name, mailing address, phone number or email address may 
have been taken during the intrusion. 

I am truly sorry this incident occurred, and I sincerely regret any inconvenience it may cause you. 

Because we value you as a customer, and because your trust is important to us, our company is 
offering you one year of free credit monitoring through Experian’s ProtectMyID product, which includes 
identity theft insurance where available. Enclosed please find your additional information about your 
free credit card monitoring.


You can find additional information and FAQs about this incident at our website. If you have further questions, 
you may call us at 866-852-8680.
 
Thank you for your patience and your loyalty. 

Sincerely, 
Insurance Company CEO



Business Systems Of Wis Inc.
Cathrine Pontoriero
812 S Haven St, Amarillo,
Randall, TX, 79109
(cathrine.pontoriero@pontoriero.com)

Dear Cathrine Pontoriero, 

Similarly, we also have a template for the company's letter: 
Cathrine Pontoriero
812 S Haven St, Amarillo,
Randall, TX, 79109
(cathrine.pontoriero@pontoriero.com)

Dear Cathrine Pontoriero,
As you may have heard or read, last month we learned that criminals forced their way into our systems, 
and stole information about our customers. Late last week, as part of our ongoing investigation, 
we learned that the taken information includes names, mailing addresses, phone numbers or email addresses. 

I am writing to make you aware that your name, mailing address, phone number or email address may 
have been taken during the intrusion. 

I am truly sorry this incident occurred, and I sincerely regret any inconvenience it may cause you. 

Because we value you as a customer, and because your trust is important to us, our company is 
offering you one year of free credit monitoring through Experian’s ProtectMyID product, which includes 
identity theft insurance where available. Enclosed please find your additional information about your 
free credit card monitoring.


You can find additional information and FAQs about this incident at our website. If you have further questions, 
you may call us at 866-852-8680.
 
Thank you for your patience and your loyalty. 

Sincerely, 
Insurance Company CEO



Flash, Elena Salerno Esq.
Filiberto Tawil
3882 W Congress St #799, Los Angeles,
Los Angeles, CA, 90016
(ftawil@hotmail.com)

Dear Filiberto Tawil, 

Similarly, we also have a template for the company's letter: 
Filiberto Tawil
3882 W Congress St #799, Los Angeles,
Los Angeles, CA, 90016
(ftawil@hotmail.com)

Dear Filiberto Tawil,
As you may have heard or read, last month we learned that criminals forced their way into our systems, 
and stole information about our customers. Late last week, as part of our ongoing investigation, 
we learned that the taken information includes names, mailing addresses, phone numbers or email addresses. 

I am writing to make you aware that your name, mailing address, phone number or email address may 
have been taken during the intrusion. 

I am truly sorry this incident occurred, and I sincerely regret any inconvenience it may cause you. 

Because we value you as a customer, and because your trust is important to us, our company is 
offering you one year of free credit monitoring through Experian’s ProtectMyID product, which includes 
identity theft insurance where available. Enclosed please find your additional information about your 
free credit card monitoring.


You can find additional information and FAQs about this incident at our website. If you have further questions, 
you may call us at 866-852-8680.
 
Thank you for your patience and your loyalty. 

Sincerely, 
Insurance Company CEO



Neeley, Gregory W Esq.
Raul Upthegrove
4 E Colonial Dr, La Mesa,
San Diego, CA, 91942
(rupthegrove@yahoo.com)

Dear Raul Upthegrove, 

Similarly, we also have a template for the company's letter: 
Raul Upthegrove
4 E Colonial Dr, La Mesa,
San Diego, CA, 91942
(rupthegrove@yahoo.com)

Dear Raul Upthegrove,
As you may have heard or read, last month we learned that criminals forced their way into our systems, 
and stole information about our customers. Late last week, as part of our ongoing investigation, 
we learned that the taken information includes names, mailing addresses, phone numbers or email addresses. 

I am writing to make you aware that your name, mailing address, phone number or email address may 
have been taken during the intrusion. 

I am truly sorry this incident occurred, and I sincerely regret any inconvenience it may cause you. 

Because we value you as a customer, and because your trust is important to us, our company is 
offering you one year of free credit monitoring through Experian’s ProtectMyID product, which includes 
identity theft insurance where available. Enclosed please find your additional information about your 
free credit card monitoring.


You can find additional information and FAQs about this incident at our website. If you have further questions, 
you may call us at 866-852-8680.
 
Thank you for your patience and your loyalty. 

Sincerely, 
Insurance Company CEO



Alabama Educational Tv Comm.
Sarah Candlish
45 2nd Ave #9759, Atlanta,
Fulton, GA, 30328
(sarah.candlish@gmail.com)

Dear Sarah Candlish, 

Similarly, we also have a template for the company's letter: 
Sarah Candlish
45 2nd Ave #9759, Atlanta,
Fulton, GA, 30328
(sarah.candlish@gmail.com)

Dear Sarah Candlish,
As you may have heard or read, last month we learned that criminals forced their way into our systems, 
and stole information about our customers. Late last week, as part of our ongoing investigation, 
we learned that the taken information includes names, mailing addresses, phone numbers or email addresses. 

I am writing to make you aware that your name, mailing address, phone number or email address may 
have been taken during the intrusion. 

I am truly sorry this incident occurred, and I sincerely regret any inconvenience it may cause you. 

Because we value you as a customer, and because your trust is important to us, our company is 
offering you one year of free credit monitoring through Experian’s ProtectMyID product, which includes 
identity theft insurance where available. Enclosed please find your additional information about your 
free credit card monitoring.


You can find additional information and FAQs about this incident at our website. If you have further questions, 
you may call us at 866-852-8680.
 
Thank you for your patience and your loyalty. 

Sincerely, 
Insurance Company CEO



Franz Inc.
Lucy Treston
57254 Brickell Ave #372, Worcester,
Worcester, MA, 01602
(lucy@cox.net)

Dear Lucy Treston, 

Similarly, we also have a template for the company's letter: 
Lucy Treston
57254 Brickell Ave #372, Worcester,
Worcester, MA, 01602
(lucy@cox.net)

Dear Lucy Treston,
As you may have heard or read, last month we learned that criminals forced their way into our systems, 
and stole information about our customers. Late last week, as part of our ongoing investigation, 
we learned that the taken information includes names, mailing addresses, phone numbers or email addresses. 

I am writing to make you aware that your name, mailing address, phone number or email address may 
have been taken during the intrusion. 

I am truly sorry this incident occurred, and I sincerely regret any inconvenience it may cause you. 

Because we value you as a customer, and because your trust is important to us, our company is 
offering you one year of free credit monitoring through Experian’s ProtectMyID product, which includes 
identity theft insurance where available. Enclosed please find your additional information about your 
free credit card monitoring.


You can find additional information and FAQs about this incident at our website. If you have further questions, 
you may call us at 866-852-8680.
 
Thank you for your patience and your loyalty. 

Sincerely, 
Insurance Company CEO



Plantation Restaurant.
Judy Aquas
8977 Connecticut Ave Nw #3, Niles,
Berrien, MI, 49120
(jaquas@aquas.com)

Dear Judy Aquas, 

Similarly, we also have a template for the company's letter: 
Judy Aquas
8977 Connecticut Ave Nw #3, Niles,
Berrien, MI, 49120
(jaquas@aquas.com)

Dear Judy Aquas,
As you may have heard or read, last month we learned that criminals forced their way into our systems, 
and stole information about our customers. Late last week, as part of our ongoing investigation, 
we learned that the taken information includes names, mailing addresses, phone numbers or email addresses. 

I am writing to make you aware that your name, mailing address, phone number or email address may 
have been taken during the intrusion. 

I am truly sorry this incident occurred, and I sincerely regret any inconvenience it may cause you. 

Because we value you as a customer, and because your trust is important to us, our company is 
offering you one year of free credit monitoring through Experian’s ProtectMyID product, which includes 
identity theft insurance where available. Enclosed please find your additional information about your 
free credit card monitoring.


You can find additional information and FAQs about this incident at our website. If you have further questions, 
you may call us at 866-852-8680.
 
Thank you for your patience and your loyalty. 

Sincerely, 
Insurance Company CEO



Radio Communications Co.
Yvonne Tjepkema
9 Waydell St, Fairfield,
Essex, NJ, 07004
(yvonne.tjepkema@hotmail.com)

Dear Yvonne Tjepkema, 

Similarly, we also have a template for the company's letter: 
Yvonne Tjepkema
9 Waydell St, Fairfield,
Essex, NJ, 07004
(yvonne.tjepkema@hotmail.com)

Dear Yvonne Tjepkema,
As you may have heard or read, last month we learned that criminals forced their way into our systems, 
and stole information about our customers. Late last week, as part of our ongoing investigation, 
we learned that the taken information includes names, mailing addresses, phone numbers or email addresses. 

I am writing to make you aware that your name, mailing address, phone number or email address may 
have been taken during the intrusion. 

I am truly sorry this incident occurred, and I sincerely regret any inconvenience it may cause you. 

Because we value you as a customer, and because your trust is important to us, our company is 
offering you one year of free credit monitoring through Experian’s ProtectMyID product, which includes 
identity theft insurance where available. Enclosed please find your additional information about your 
free credit card monitoring.


You can find additional information and FAQs about this incident at our website. If you have further questions, 
you may call us at 866-852-8680.
 
Thank you for your patience and your loyalty. 

Sincerely, 
Insurance Company CEO



Dentalaw Divsn Hlth Care.
Kayleigh Lace
43 Huey P Long Ave, Lafayette,
Lafayette, LA, 70508
(kayleigh.lace@yahoo.com)

Dear Kayleigh Lace, 

Similarly, we also have a template for the company's letter: 
Kayleigh Lace
43 Huey P Long Ave, Lafayette,
Lafayette, LA, 70508
(kayleigh.lace@yahoo.com)

Dear Kayleigh Lace,
As you may have heard or read, last month we learned that criminals forced their way into our systems, 
and stole information about our customers. Late last week, as part of our ongoing investigation, 
we learned that the taken information includes names, mailing addresses, phone numbers or email addresses. 

I am writing to make you aware that your name, mailing address, phone number or email address may 
have been taken during the intrusion. 

I am truly sorry this incident occurred, and I sincerely regret any inconvenience it may cause you. 

Because we value you as a customer, and because your trust is important to us, our company is 
offering you one year of free credit monitoring through Experian’s ProtectMyID product, which includes 
identity theft insurance where available. Enclosed please find your additional information about your 
free credit card monitoring.


You can find additional information and FAQs about this incident at our website. If you have further questions, 
you may call us at 866-852-8680.
 
Thank you for your patience and your loyalty. 

Sincerely, 
Insurance Company CEO



American Speedy Printing Ctrs.
Felix Hirpara
7563 Cornwall Rd #4462, Denver,
Lancaster, PA, 17517
(felix_hirpara@cox.net)

Dear Felix Hirpara, 

Similarly, we also have a template for the company's letter: 
Felix Hirpara
7563 Cornwall Rd #4462, Denver,
Lancaster, PA, 17517
(felix_hirpara@cox.net)

Dear Felix Hirpara,
As you may have heard or read, last month we learned that criminals forced their way into our systems, 
and stole information about our customers. Late last week, as part of our ongoing investigation, 
we learned that the taken information includes names, mailing addresses, phone numbers or email addresses. 

I am writing to make you aware that your name, mailing address, phone number or email address may 
have been taken during the intrusion. 

I am truly sorry this incident occurred, and I sincerely regret any inconvenience it may cause you. 

Because we value you as a customer, and because your trust is important to us, our company is 
offering you one year of free credit monitoring through Experian’s ProtectMyID product, which includes 
identity theft insurance where available. Enclosed please find your additional information about your 
free credit card monitoring.


You can find additional information and FAQs about this incident at our website. If you have further questions, 
you may call us at 866-852-8680.
 
Thank you for your patience and your loyalty. 

Sincerely, 
Insurance Company CEO



Grayson, Grant S Esq.
Tresa Sweely
22 Bridle Ln, Valley Park,
Saint Louis, MO, 63088
(tresa_sweely@hotmail.com)

Dear Tresa Sweely, 

Similarly, we also have a template for the company's letter: 
Tresa Sweely
22 Bridle Ln, Valley Park,
Saint Louis, MO, 63088
(tresa_sweely@hotmail.com)

Dear Tresa Sweely,
As you may have heard or read, last month we learned that criminals forced their way into our systems, 
and stole information about our customers. Late last week, as part of our ongoing investigation, 
we learned that the taken information includes names, mailing addresses, phone numbers or email addresses. 

I am writing to make you aware that your name, mailing address, phone number or email address may 
have been taken during the intrusion. 

I am truly sorry this incident occurred, and I sincerely regret any inconvenience it may cause you. 

Because we value you as a customer, and because your trust is important to us, our company is 
offering you one year of free credit monitoring through Experian’s ProtectMyID product, which includes 
identity theft insurance where available. Enclosed please find your additional information about your 
free credit card monitoring.


You can find additional information and FAQs about this incident at our website. If you have further questions, 
you may call us at 866-852-8680.
 
Thank you for your patience and your loyalty. 

Sincerely, 
Insurance Company CEO



Jeanerette Middle School.
Kristeen Turinetti
70099 E North Ave, Arlington,
Tarrant, TX, 76013
(kristeen@gmail.com)

Dear Kristeen Turinetti, 

Similarly, we also have a template for the company's letter: 
Kristeen Turinetti
70099 E North Ave, Arlington,
Tarrant, TX, 76013
(kristeen@gmail.com)

Dear Kristeen Turinetti,
As you may have heard or read, last month we learned that criminals forced their way into our systems, 
and stole information about our customers. Late last week, as part of our ongoing investigation, 
we learned that the taken information includes names, mailing addresses, phone numbers or email addresses. 

I am writing to make you aware that your name, mailing address, phone number or email address may 
have been taken during the intrusion. 

I am truly sorry this incident occurred, and I sincerely regret any inconvenience it may cause you. 

Because we value you as a customer, and because your trust is important to us, our company is 
offering you one year of free credit monitoring through Experian’s ProtectMyID product, which includes 
identity theft insurance where available. Enclosed please find your additional information about your 
free credit card monitoring.


You can find additional information and FAQs about this incident at our website. If you have further questions, 
you may call us at 866-852-8680.
 
Thank you for your patience and your loyalty. 

Sincerely, 
Insurance Company CEO



Haavisto, Brian F Esq.
Jenelle Regusters
3211 E Northeast Loop, Tampa,
Hillsborough, FL, 33619
(jregusters@regusters.com)

Dear Jenelle Regusters, 

Similarly, we also have a template for the company's letter: 
Jenelle Regusters
3211 E Northeast Loop, Tampa,
Hillsborough, FL, 33619
(jregusters@regusters.com)

Dear Jenelle Regusters,
As you may have heard or read, last month we learned that criminals forced their way into our systems, 
and stole information about our customers. Late last week, as part of our ongoing investigation, 
we learned that the taken information includes names, mailing addresses, phone numbers or email addresses. 

I am writing to make you aware that your name, mailing address, phone number or email address may 
have been taken during the intrusion. 

I am truly sorry this incident occurred, and I sincerely regret any inconvenience it may cause you. 

Because we value you as a customer, and because your trust is important to us, our company is 
offering you one year of free credit monitoring through Experian’s ProtectMyID product, which includes 
identity theft insurance where available. Enclosed please find your additional information about your 
free credit card monitoring.


You can find additional information and FAQs about this incident at our website. If you have further questions, 
you may call us at 866-852-8680.
 
Thank you for your patience and your loyalty. 

Sincerely, 
Insurance Company CEO



Wmmt Radio Station.
Renea Monterrubio
26 Montgomery St, Atlanta,
Fulton, GA, 30328
(renea@hotmail.com)

Dear Renea Monterrubio, 

Similarly, we also have a template for the company's letter: 
Renea Monterrubio
26 Montgomery St, Atlanta,
Fulton, GA, 30328
(renea@hotmail.com)

Dear Renea Monterrubio,
As you may have heard or read, last month we learned that criminals forced their way into our systems, 
and stole information about our customers. Late last week, as part of our ongoing investigation, 
we learned that the taken information includes names, mailing addresses, phone numbers or email addresses. 

I am writing to make you aware that your name, mailing address, phone number or email address may 
have been taken during the intrusion. 

I am truly sorry this incident occurred, and I sincerely regret any inconvenience it may cause you. 

Because we value you as a customer, and because your trust is important to us, our company is 
offering you one year of free credit monitoring through Experian’s ProtectMyID product, which includes 
identity theft insurance where available. Enclosed please find your additional information about your 
free credit card monitoring.


You can find additional information and FAQs about this incident at our website. If you have further questions, 
you may call us at 866-852-8680.
 
Thank you for your patience and your loyalty. 

Sincerely, 
Insurance Company CEO



Colony Paints Sales Ofc & Plnt.
Olive Matuszak
13252 Lighthouse Ave, Cathedral City,
Riverside, CA, 92234
(olive@aol.com)

Dear Olive Matuszak, 

Similarly, we also have a template for the company's letter: 
Olive Matuszak
13252 Lighthouse Ave, Cathedral City,
Riverside, CA, 92234
(olive@aol.com)

Dear Olive Matuszak,
As you may have heard or read, last month we learned that criminals forced their way into our systems, 
and stole information about our customers. Late last week, as part of our ongoing investigation, 
we learned that the taken information includes names, mailing addresses, phone numbers or email addresses. 

I am writing to make you aware that your name, mailing address, phone number or email address may 
have been taken during the intrusion. 

I am truly sorry this incident occurred, and I sincerely regret any inconvenience it may cause you. 

Because we value you as a customer, and because your trust is important to us, our company is 
offering you one year of free credit monitoring through Experian’s ProtectMyID product, which includes 
identity theft insurance where available. Enclosed please find your additional information about your 
free credit card monitoring.


You can find additional information and FAQs about this incident at our website. If you have further questions, 
you may call us at 866-852-8680.
 
Thank you for your patience and your loyalty. 

Sincerely, 
Insurance Company CEO



Floral Expressions.
Ligia Reiber
206 Main St #2804, Lansing,
Ingham, MI, 48933
(lreiber@cox.net)

Dear Ligia Reiber, 

Similarly, we also have a template for the company's letter: 
Ligia Reiber
206 Main St #2804, Lansing,
Ingham, MI, 48933
(lreiber@cox.net)

Dear Ligia Reiber,
As you may have heard or read, last month we learned that criminals forced their way into our systems, 
and stole information about our customers. Late last week, as part of our ongoing investigation, 
we learned that the taken information includes names, mailing addresses, phone numbers or email addresses. 

I am writing to make you aware that your name, mailing address, phone number or email address may 
have been taken during the intrusion. 

I am truly sorry this incident occurred, and I sincerely regret any inconvenience it may cause you. 

Because we value you as a customer, and because your trust is important to us, our company is 
offering you one year of free credit monitoring through Experian’s ProtectMyID product, which includes 
identity theft insurance where available. Enclosed please find your additional information about your 
free credit card monitoring.


You can find additional information and FAQs about this incident at our website. If you have further questions, 
you may call us at 866-852-8680.
 
Thank you for your patience and your loyalty. 

Sincerely, 
Insurance Company CEO



Casco Services Inc.
Christiane Eschberger
96541 W Central Blvd, Phoenix,
Maricopa, AZ, 85034
(christiane.eschberger@yahoo.com)

Dear Christiane Eschberger, 

Similarly, we also have a template for the company's letter: 
Christiane Eschberger
96541 W Central Blvd, Phoenix,
Maricopa, AZ, 85034
(christiane.eschberger@yahoo.com)

Dear Christiane Eschberger,
As you may have heard or read, last month we learned that criminals forced their way into our systems, 
and stole information about our customers. Late last week, as part of our ongoing investigation, 
we learned that the taken information includes names, mailing addresses, phone numbers or email addresses. 

I am writing to make you aware that your name, mailing address, phone number or email address may 
have been taken during the intrusion. 

I am truly sorry this incident occurred, and I sincerely regret any inconvenience it may cause you. 

Because we value you as a customer, and because your trust is important to us, our company is 
offering you one year of free credit monitoring through Experian’s ProtectMyID product, which includes 
identity theft insurance where available. Enclosed please find your additional information about your 
free credit card monitoring.


You can find additional information and FAQs about this incident at our website. If you have further questions, 
you may call us at 866-852-8680.
 
Thank you for your patience and your loyalty. 

Sincerely, 
Insurance Company CEO



Reuter, Arthur C Jr.
Goldie Schirpke
34 Saint George Ave #2, Bangor,
Penobscot, ME, 04401
(goldie.schirpke@yahoo.com)

Dear Goldie Schirpke, 

Similarly, we also have a template for the company's letter: 
Goldie Schirpke
34 Saint George Ave #2, Bangor,
Penobscot, ME, 04401
(goldie.schirpke@yahoo.com)

Dear Goldie Schirpke,
As you may have heard or read, last month we learned that criminals forced their way into our systems, 
and stole information about our customers. Late last week, as part of our ongoing investigation, 
we learned that the taken information includes names, mailing addresses, phone numbers or email addresses. 

I am writing to make you aware that your name, mailing address, phone number or email address may 
have been taken during the intrusion. 

I am truly sorry this incident occurred, and I sincerely regret any inconvenience it may cause you. 

Because we value you as a customer, and because your trust is important to us, our company is 
offering you one year of free credit monitoring through Experian’s ProtectMyID product, which includes 
identity theft insurance where available. Enclosed please find your additional information about your 
free credit card monitoring.


You can find additional information and FAQs about this incident at our website. If you have further questions, 
you may call us at 866-852-8680.
 
Thank you for your patience and your loyalty. 

Sincerely, 
Insurance Company CEO



Kaminski, Katherine Andritsaki.
Loreta Timenez
47857 Coney Island Ave, Clinton,
Prince Georges, MD, 20735
(loreta.timenez@hotmail.com)

Dear Loreta Timenez, 

Similarly, we also have a template for the company's letter: 
Loreta Timenez
47857 Coney Island Ave, Clinton,
Prince Georges, MD, 20735
(loreta.timenez@hotmail.com)

Dear Loreta Timenez,
As you may have heard or read, last month we learned that criminals forced their way into our systems, 
and stole information about our customers. Late last week, as part of our ongoing investigation, 
we learned that the taken information includes names, mailing addresses, phone numbers or email addresses. 

I am writing to make you aware that your name, mailing address, phone number or email address may 
have been taken during the intrusion. 

I am truly sorry this incident occurred, and I sincerely regret any inconvenience it may cause you. 

Because we value you as a customer, and because your trust is important to us, our company is 
offering you one year of free credit monitoring through Experian’s ProtectMyID product, which includes 
identity theft insurance where available. Enclosed please find your additional information about your 
free credit card monitoring.


You can find additional information and FAQs about this incident at our website. If you have further questions, 
you may call us at 866-852-8680.
 
Thank you for your patience and your loyalty. 

Sincerely, 
Insurance Company CEO



Sidewinder Products Corp.
Fabiola Hauenstein
8573 Lincoln Blvd, York,
York, PA, 17404
(fabiola.hauenstein@hauenstein.org)

Dear Fabiola Hauenstein, 

Similarly, we also have a template for the company's letter: 
Fabiola Hauenstein
8573 Lincoln Blvd, York,
York, PA, 17404
(fabiola.hauenstein@hauenstein.org)

Dear Fabiola Hauenstein,
As you may have heard or read, last month we learned that criminals forced their way into our systems, 
and stole information about our customers. Late last week, as part of our ongoing investigation, 
we learned that the taken information includes names, mailing addresses, phone numbers or email addresses. 

I am writing to make you aware that your name, mailing address, phone number or email address may 
have been taken during the intrusion. 

I am truly sorry this incident occurred, and I sincerely regret any inconvenience it may cause you. 

Because we value you as a customer, and because your trust is important to us, our company is 
offering you one year of free credit monitoring through Experian’s ProtectMyID product, which includes 
identity theft insurance where available. Enclosed please find your additional information about your 
free credit card monitoring.


You can find additional information and FAQs about this incident at our website. If you have further questions, 
you may call us at 866-852-8680.
 
Thank you for your patience and your loyalty. 

Sincerely, 
Insurance Company CEO



General Foam Corporation.
Amie Perigo
596 Santa Maria Ave #7913, Mesquite,
Dallas, TX, 75150
(amie.perigo@yahoo.com)

Dear Amie Perigo, 

Similarly, we also have a template for the company's letter: 
Amie Perigo
596 Santa Maria Ave #7913, Mesquite,
Dallas, TX, 75150
(amie.perigo@yahoo.com)

Dear Amie Perigo,
As you may have heard or read, last month we learned that criminals forced their way into our systems, 
and stole information about our customers. Late last week, as part of our ongoing investigation, 
we learned that the taken information includes names, mailing addresses, phone numbers or email addresses. 

I am writing to make you aware that your name, mailing address, phone number or email address may 
have been taken during the intrusion. 

I am truly sorry this incident occurred, and I sincerely regret any inconvenience it may cause you. 

Because we value you as a customer, and because your trust is important to us, our company is 
offering you one year of free credit monitoring through Experian’s ProtectMyID product, which includes 
identity theft insurance where available. Enclosed please find your additional information about your 
free credit card monitoring.


You can find additional information and FAQs about this incident at our website. If you have further questions, 
you may call us at 866-852-8680.
 
Thank you for your patience and your loyalty. 

Sincerely, 
Insurance Company CEO



Ikg Borden Divsn Harsco Corp.
Raina Brachle
3829 Ventura Blvd, Butte,
Silver Bow, MT, 59701
(raina.brachle@brachle.org)

Dear Raina Brachle, 

Similarly, we also have a template for the company's letter: 
Raina Brachle
3829 Ventura Blvd, Butte,
Silver Bow, MT, 59701
(raina.brachle@brachle.org)

Dear Raina Brachle,
As you may have heard or read, last month we learned that criminals forced their way into our systems, 
and stole information about our customers. Late last week, as part of our ongoing investigation, 
we learned that the taken information includes names, mailing addresses, phone numbers or email addresses. 

I am writing to make you aware that your name, mailing address, phone number or email address may 
have been taken during the intrusion. 

I am truly sorry this incident occurred, and I sincerely regret any inconvenience it may cause you. 

Because we value you as a customer, and because your trust is important to us, our company is 
offering you one year of free credit monitoring through Experian’s ProtectMyID product, which includes 
identity theft insurance where available. Enclosed please find your additional information about your 
free credit card monitoring.


You can find additional information and FAQs about this incident at our website. If you have further questions, 
you may call us at 866-852-8680.
 
Thank you for your patience and your loyalty. 

Sincerely, 
Insurance Company CEO



Anchor Computer Inc.
Erinn Canlas
13 S Hacienda Dr, Livingston,
Essex, NJ, 07039
(erinn.canlas@canlas.com)

Dear Erinn Canlas, 

Similarly, we also have a template for the company's letter: 
Erinn Canlas
13 S Hacienda Dr, Livingston,
Essex, NJ, 07039
(erinn.canlas@canlas.com)

Dear Erinn Canlas,
As you may have heard or read, last month we learned that criminals forced their way into our systems, 
and stole information about our customers. Late last week, as part of our ongoing investigation, 
we learned that the taken information includes names, mailing addresses, phone numbers or email addresses. 

I am writing to make you aware that your name, mailing address, phone number or email address may 
have been taken during the intrusion. 

I am truly sorry this incident occurred, and I sincerely regret any inconvenience it may cause you. 

Because we value you as a customer, and because your trust is important to us, our company is 
offering you one year of free credit monitoring through Experian’s ProtectMyID product, which includes 
identity theft insurance where available. Enclosed please find your additional information about your 
free credit card monitoring.


You can find additional information and FAQs about this incident at our website. If you have further questions, 
you may call us at 866-852-8680.
 
Thank you for your patience and your loyalty. 

Sincerely, 
Insurance Company CEO



Sebring & Co.
Cherry Lietz
40 9th Ave Sw #91, Waterford,
Oakland, MI, 48329
(cherry@lietz.com)

Dear Cherry Lietz, 

Similarly, we also have a template for the company's letter: 
Cherry Lietz
40 9th Ave Sw #91, Waterford,
Oakland, MI, 48329
(cherry@lietz.com)

Dear Cherry Lietz,
As you may have heard or read, last month we learned that criminals forced their way into our systems, 
and stole information about our customers. Late last week, as part of our ongoing investigation, 
we learned that the taken information includes names, mailing addresses, phone numbers or email addresses. 

I am writing to make you aware that your name, mailing address, phone number or email address may 
have been taken during the intrusion. 

I am truly sorry this incident occurred, and I sincerely regret any inconvenience it may cause you. 

Because we value you as a customer, and because your trust is important to us, our company is 
offering you one year of free credit monitoring through Experian’s ProtectMyID product, which includes 
identity theft insurance where available. Enclosed please find your additional information about your 
free credit card monitoring.


You can find additional information and FAQs about this incident at our website. If you have further questions, 
you may call us at 866-852-8680.
 
Thank you for your patience and your loyalty. 

Sincerely, 
Insurance Company CEO



H A C Farm Lines Co Optv Assoc.
Kattie Vonasek
2845 Boulder Crescent St, Cleveland,
Cuyahoga, OH, 44103
(kattie@vonasek.org)

Dear Kattie Vonasek, 

Similarly, we also have a template for the company's letter: 
Kattie Vonasek
2845 Boulder Crescent St, Cleveland,
Cuyahoga, OH, 44103
(kattie@vonasek.org)

Dear Kattie Vonasek,
As you may have heard or read, last month we learned that criminals forced their way into our systems, 
and stole information about our customers. Late last week, as part of our ongoing investigation, 
we learned that the taken information includes names, mailing addresses, phone numbers or email addresses. 

I am writing to make you aware that your name, mailing address, phone number or email address may 
have been taken during the intrusion. 

I am truly sorry this incident occurred, and I sincerely regret any inconvenience it may cause you. 

Because we value you as a customer, and because your trust is important to us, our company is 
offering you one year of free credit monitoring through Experian’s ProtectMyID product, which includes 
identity theft insurance where available. Enclosed please find your additional information about your 
free credit card monitoring.


You can find additional information and FAQs about this incident at our website. If you have further questions, 
you may call us at 866-852-8680.
 
Thank you for your patience and your loyalty. 

Sincerely, 
Insurance Company CEO



Hunter, John J Esq.
Lilli Scriven
33 State St, Abilene,
Taylor, TX, 79601
(lilli@aol.com)

Dear Lilli Scriven, 

Similarly, we also have a template for the company's letter: 
Lilli Scriven
33 State St, Abilene,
Taylor, TX, 79601
(lilli@aol.com)

Dear Lilli Scriven,
As you may have heard or read, last month we learned that criminals forced their way into our systems, 
and stole information about our customers. Late last week, as part of our ongoing investigation, 
we learned that the taken information includes names, mailing addresses, phone numbers or email addresses. 

I am writing to make you aware that your name, mailing address, phone number or email address may 
have been taken during the intrusion. 

I am truly sorry this incident occurred, and I sincerely regret any inconvenience it may cause you. 

Because we value you as a customer, and because your trust is important to us, our company is 
offering you one year of free credit monitoring through Experian’s ProtectMyID product, which includes 
identity theft insurance where available. Enclosed please find your additional information about your 
free credit card monitoring.


You can find additional information and FAQs about this incident at our website. If you have further questions, 
you may call us at 866-852-8680.
 
Thank you for your patience and your loyalty. 

Sincerely, 
Insurance Company CEO



Freehold Fence Co.
Whitley Tomasulo
2 S 15th St, Fort Worth,
Tarrant, TX, 76107
(whitley.tomasulo@aol.com)

Dear Whitley Tomasulo, 

Similarly, we also have a template for the company's letter: 
Whitley Tomasulo
2 S 15th St, Fort Worth,
Tarrant, TX, 76107
(whitley.tomasulo@aol.com)

Dear Whitley Tomasulo,
As you may have heard or read, last month we learned that criminals forced their way into our systems, 
and stole information about our customers. Late last week, as part of our ongoing investigation, 
we learned that the taken information includes names, mailing addresses, phone numbers or email addresses. 

I am writing to make you aware that your name, mailing address, phone number or email address may 
have been taken during the intrusion. 

I am truly sorry this incident occurred, and I sincerely regret any inconvenience it may cause you. 

Because we value you as a customer, and because your trust is important to us, our company is 
offering you one year of free credit monitoring through Experian’s ProtectMyID product, which includes 
identity theft insurance where available. Enclosed please find your additional information about your 
free credit card monitoring.


You can find additional information and FAQs about this incident at our website. If you have further questions, 
you may call us at 866-852-8680.
 
Thank you for your patience and your loyalty. 

Sincerely, 
Insurance Company CEO



Binswanger.
Barbra Adkin
4 Kohler Memorial Dr, Brooklyn,
Kings, NY, 11230
(badkin@hotmail.com)

Dear Barbra Adkin, 

Similarly, we also have a template for the company's letter: 
Barbra Adkin
4 Kohler Memorial Dr, Brooklyn,
Kings, NY, 11230
(badkin@hotmail.com)

Dear Barbra Adkin,
As you may have heard or read, last month we learned that criminals forced their way into our systems, 
and stole information about our customers. Late last week, as part of our ongoing investigation, 
we learned that the taken information includes names, mailing addresses, phone numbers or email addresses. 

I am writing to make you aware that your name, mailing address, phone number or email address may 
have been taken during the intrusion. 

I am truly sorry this incident occurred, and I sincerely regret any inconvenience it may cause you. 

Because we value you as a customer, and because your trust is important to us, our company is 
offering you one year of free credit monitoring through Experian’s ProtectMyID product, which includes 
identity theft insurance where available. Enclosed please find your additional information about your 
free credit card monitoring.


You can find additional information and FAQs about this incident at our website. If you have further questions, 
you may call us at 866-852-8680.
 
Thank you for your patience and your loyalty. 

Sincerely, 
Insurance Company CEO



Chilton Malting Co.
Hermila Thyberg
1 Rancho Del Mar Shopping C, Providence,
Providence, RI, 02903
(hermila_thyberg@hotmail.com)

Dear Hermila Thyberg, 

Similarly, we also have a template for the company's letter: 
Hermila Thyberg
1 Rancho Del Mar Shopping C, Providence,
Providence, RI, 02903
(hermila_thyberg@hotmail.com)

Dear Hermila Thyberg,
As you may have heard or read, last month we learned that criminals forced their way into our systems, 
and stole information about our customers. Late last week, as part of our ongoing investigation, 
we learned that the taken information includes names, mailing addresses, phone numbers or email addresses. 

I am writing to make you aware that your name, mailing address, phone number or email address may 
have been taken during the intrusion. 

I am truly sorry this incident occurred, and I sincerely regret any inconvenience it may cause you. 

Because we value you as a customer, and because your trust is important to us, our company is 
offering you one year of free credit monitoring through Experian’s ProtectMyID product, which includes 
identity theft insurance where available. Enclosed please find your additional information about your 
free credit card monitoring.


You can find additional information and FAQs about this incident at our website. If you have further questions, 
you may call us at 866-852-8680.
 
Thank you for your patience and your loyalty. 

Sincerely, 
Insurance Company CEO



Schoen, Edward J Jr.
Jesusita Flister
3943 N Highland Ave, Lancaster,
Lancaster, PA, 17601
(jesusita.flister@hotmail.com)

Dear Jesusita Flister, 

Similarly, we also have a template for the company's letter: 
Jesusita Flister
3943 N Highland Ave, Lancaster,
Lancaster, PA, 17601
(jesusita.flister@hotmail.com)

Dear Jesusita Flister,
As you may have heard or read, last month we learned that criminals forced their way into our systems, 
and stole information about our customers. Late last week, as part of our ongoing investigation, 
we learned that the taken information includes names, mailing addresses, phone numbers or email addresses. 

I am writing to make you aware that your name, mailing address, phone number or email address may 
have been taken during the intrusion. 

I am truly sorry this incident occurred, and I sincerely regret any inconvenience it may cause you. 

Because we value you as a customer, and because your trust is important to us, our company is 
offering you one year of free credit monitoring through Experian’s ProtectMyID product, which includes 
identity theft insurance where available. Enclosed please find your additional information about your 
free credit card monitoring.


You can find additional information and FAQs about this incident at our website. If you have further questions, 
you may call us at 866-852-8680.
 
Thank you for your patience and your loyalty. 

Sincerely, 
Insurance Company CEO



Helderman, Seymour Cpa.
Caitlin Julia
5 Williams St, Johnston,
Providence, RI, 02919
(caitlin.julia@julia.org)

Dear Caitlin Julia, 

Similarly, we also have a template for the company's letter: 
Caitlin Julia
5 Williams St, Johnston,
Providence, RI, 02919
(caitlin.julia@julia.org)

Dear Caitlin Julia,
As you may have heard or read, last month we learned that criminals forced their way into our systems, 
and stole information about our customers. Late last week, as part of our ongoing investigation, 
we learned that the taken information includes names, mailing addresses, phone numbers or email addresses. 

I am writing to make you aware that your name, mailing address, phone number or email address may 
have been taken during the intrusion. 

I am truly sorry this incident occurred, and I sincerely regret any inconvenience it may cause you. 

Because we value you as a customer, and because your trust is important to us, our company is 
offering you one year of free credit monitoring through Experian’s ProtectMyID product, which includes 
identity theft insurance where available. Enclosed please find your additional information about your 
free credit card monitoring.


You can find additional information and FAQs about this incident at our website. If you have further questions, 
you may call us at 866-852-8680.
 
Thank you for your patience and your loyalty. 

Sincerely, 
Insurance Company CEO



Denbrook, Myron.
Roosevelt Hoffis
60 Old Dover Rd, Hialeah,
Miami-Dade, FL, 33014
(roosevelt.hoffis@aol.com)

Dear Roosevelt Hoffis, 

Similarly, we also have a template for the company's letter: 
Roosevelt Hoffis
60 Old Dover Rd, Hialeah,
Miami-Dade, FL, 33014
(roosevelt.hoffis@aol.com)

Dear Roosevelt Hoffis,
As you may have heard or read, last month we learned that criminals forced their way into our systems, 
and stole information about our customers. Late last week, as part of our ongoing investigation, 
we learned that the taken information includes names, mailing addresses, phone numbers or email addresses. 

I am writing to make you aware that your name, mailing address, phone number or email address may 
have been taken during the intrusion. 

I am truly sorry this incident occurred, and I sincerely regret any inconvenience it may cause you. 

Because we value you as a customer, and because your trust is important to us, our company is 
offering you one year of free credit monitoring through Experian’s ProtectMyID product, which includes 
identity theft insurance where available. Enclosed please find your additional information about your 
free credit card monitoring.


You can find additional information and FAQs about this incident at our website. If you have further questions, 
you may call us at 866-852-8680.
 
Thank you for your patience and your loyalty. 

Sincerely, 
Insurance Company CEO



Lippitt, Mike.
Helaine Halter
8 Sheridan Rd, Jersey City,
Hudson, NJ, 07304
(hhalter@yahoo.com)

Dear Helaine Halter, 

Similarly, we also have a template for the company's letter: 
Helaine Halter
8 Sheridan Rd, Jersey City,
Hudson, NJ, 07304
(hhalter@yahoo.com)

Dear Helaine Halter,
As you may have heard or read, last month we learned that criminals forced their way into our systems, 
and stole information about our customers. Late last week, as part of our ongoing investigation, 
we learned that the taken information includes names, mailing addresses, phone numbers or email addresses. 

I am writing to make you aware that your name, mailing address, phone number or email address may 
have been taken during the intrusion. 

I am truly sorry this incident occurred, and I sincerely regret any inconvenience it may cause you. 

Because we value you as a customer, and because your trust is important to us, our company is 
offering you one year of free credit monitoring through Experian’s ProtectMyID product, which includes 
identity theft insurance where available. Enclosed please find your additional information about your 
free credit card monitoring.


You can find additional information and FAQs about this incident at our website. If you have further questions, 
you may call us at 866-852-8680.
 
Thank you for your patience and your loyalty. 

Sincerely, 
Insurance Company CEO



Hiram, Hogg P Esq.
Lorean Martabano
85092 Southern Blvd, San Antonio,
Bexar, TX, 78204
(lorean.martabano@hotmail.com)

Dear Lorean Martabano, 

Similarly, we also have a template for the company's letter: 
Lorean Martabano
85092 Southern Blvd, San Antonio,
Bexar, TX, 78204
(lorean.martabano@hotmail.com)

Dear Lorean Martabano,
As you may have heard or read, last month we learned that criminals forced their way into our systems, 
and stole information about our customers. Late last week, as part of our ongoing investigation, 
we learned that the taken information includes names, mailing addresses, phone numbers or email addresses. 

I am writing to make you aware that your name, mailing address, phone number or email address may 
have been taken during the intrusion. 

I am truly sorry this incident occurred, and I sincerely regret any inconvenience it may cause you. 

Because we value you as a customer, and because your trust is important to us, our company is 
offering you one year of free credit monitoring through Experian’s ProtectMyID product, which includes 
identity theft insurance where available. Enclosed please find your additional information about your 
free credit card monitoring.


You can find additional information and FAQs about this incident at our website. If you have further questions, 
you may call us at 866-852-8680.
 
Thank you for your patience and your loyalty. 

Sincerely, 
Insurance Company CEO



In Travel Agency.
France Buzick
64 Newman Springs Rd E, Brooklyn,
Kings, NY, 11219
(france.buzick@yahoo.com)

Dear France Buzick, 

Similarly, we also have a template for the company's letter: 
France Buzick
64 Newman Springs Rd E, Brooklyn,
Kings, NY, 11219
(france.buzick@yahoo.com)

Dear France Buzick,
As you may have heard or read, last month we learned that criminals forced their way into our systems, 
and stole information about our customers. Late last week, as part of our ongoing investigation, 
we learned that the taken information includes names, mailing addresses, phone numbers or email addresses. 

I am writing to make you aware that your name, mailing address, phone number or email address may 
have been taken during the intrusion. 

I am truly sorry this incident occurred, and I sincerely regret any inconvenience it may cause you. 

Because we value you as a customer, and because your trust is important to us, our company is 
offering you one year of free credit monitoring through Experian’s ProtectMyID product, which includes 
identity theft insurance where available. Enclosed please find your additional information about your 
free credit card monitoring.


You can find additional information and FAQs about this incident at our website. If you have further questions, 
you may call us at 866-852-8680.
 
Thank you for your patience and your loyalty. 

Sincerely, 
Insurance Company CEO



Newhart Foods Inc.
Justine Ferrario
48 Stratford Ave, Pomona,
Los Angeles, CA, 91768
(jferrario@hotmail.com)

Dear Justine Ferrario, 

Similarly, we also have a template for the company's letter: 
Justine Ferrario
48 Stratford Ave, Pomona,
Los Angeles, CA, 91768
(jferrario@hotmail.com)

Dear Justine Ferrario,
As you may have heard or read, last month we learned that criminals forced their way into our systems, 
and stole information about our customers. Late last week, as part of our ongoing investigation, 
we learned that the taken information includes names, mailing addresses, phone numbers or email addresses. 

I am writing to make you aware that your name, mailing address, phone number or email address may 
have been taken during the intrusion. 

I am truly sorry this incident occurred, and I sincerely regret any inconvenience it may cause you. 

Because we value you as a customer, and because your trust is important to us, our company is 
offering you one year of free credit monitoring through Experian’s ProtectMyID product, which includes 
identity theft insurance where available. Enclosed please find your additional information about your 
free credit card monitoring.


You can find additional information and FAQs about this incident at our website. If you have further questions, 
you may call us at 866-852-8680.
 
Thank you for your patience and your loyalty. 

Sincerely, 
Insurance Company CEO



Courtyard By Marriott.
Adelina Nabours
80 Pittsford Victor Rd #9, Cleveland,
Cuyahoga, OH, 44103
(adelina_nabours@gmail.com)

Dear Adelina Nabours, 

Similarly, we also have a template for the company's letter: 
Adelina Nabours
80 Pittsford Victor Rd #9, Cleveland,
Cuyahoga, OH, 44103
(adelina_nabours@gmail.com)

Dear Adelina Nabours,
As you may have heard or read, last month we learned that criminals forced their way into our systems, 
and stole information about our customers. Late last week, as part of our ongoing investigation, 
we learned that the taken information includes names, mailing addresses, phone numbers or email addresses. 

I am writing to make you aware that your name, mailing address, phone number or email address may 
have been taken during the intrusion. 

I am truly sorry this incident occurred, and I sincerely regret any inconvenience it may cause you. 

Because we value you as a customer, and because your trust is important to us, our company is 
offering you one year of free credit monitoring through Experian’s ProtectMyID product, which includes 
identity theft insurance where available. Enclosed please find your additional information about your 
free credit card monitoring.


You can find additional information and FAQs about this incident at our website. If you have further questions, 
you may call us at 866-852-8680.
 
Thank you for your patience and your loyalty. 

Sincerely, 
Insurance Company CEO



Studer, Eugene A Esq.
Derick Dhamer
87163 N Main Ave, New York,
New York, NY, 10013
(ddhamer@cox.net)

Dear Derick Dhamer, 

Similarly, we also have a template for the company's letter: 
Derick Dhamer
87163 N Main Ave, New York,
New York, NY, 10013
(ddhamer@cox.net)

Dear Derick Dhamer,
As you may have heard or read, last month we learned that criminals forced their way into our systems, 
and stole information about our customers. Late last week, as part of our ongoing investigation, 
we learned that the taken information includes names, mailing addresses, phone numbers or email addresses. 

I am writing to make you aware that your name, mailing address, phone number or email address may 
have been taken during the intrusion. 

I am truly sorry this incident occurred, and I sincerely regret any inconvenience it may cause you. 

Because we value you as a customer, and because your trust is important to us, our company is 
offering you one year of free credit monitoring through Experian’s ProtectMyID product, which includes 
identity theft insurance where available. Enclosed please find your additional information about your 
free credit card monitoring.


You can find additional information and FAQs about this incident at our website. If you have further questions, 
you may call us at 866-852-8680.
 
Thank you for your patience and your loyalty. 

Sincerely, 
Insurance Company CEO



Seashore Supply Co Waretown.
Jerry Dallen
393 Lafayette Ave, Richmond,
Richmond City, VA, 23219
(jerry.dallen@yahoo.com)

Dear Jerry Dallen, 

Similarly, we also have a template for the company's letter: 
Jerry Dallen
393 Lafayette Ave, Richmond,
Richmond City, VA, 23219
(jerry.dallen@yahoo.com)

Dear Jerry Dallen,
As you may have heard or read, last month we learned that criminals forced their way into our systems, 
and stole information about our customers. Late last week, as part of our ongoing investigation, 
we learned that the taken information includes names, mailing addresses, phone numbers or email addresses. 

I am writing to make you aware that your name, mailing address, phone number or email address may 
have been taken during the intrusion. 

I am truly sorry this incident occurred, and I sincerely regret any inconvenience it may cause you. 

Because we value you as a customer, and because your trust is important to us, our company is 
offering you one year of free credit monitoring through Experian’s ProtectMyID product, which includes 
identity theft insurance where available. Enclosed please find your additional information about your 
free credit card monitoring.


You can find additional information and FAQs about this incident at our website. If you have further questions, 
you may call us at 866-852-8680.
 
Thank you for your patience and your loyalty. 

Sincerely, 
Insurance Company CEO



Mayar Silk Inc.
Leota Ragel
99 5th Ave #33, Trion,
Chattooga, GA, 30753
(leota.ragel@gmail.com)

Dear Leota Ragel, 

Similarly, we also have a template for the company's letter: 
Leota Ragel
99 5th Ave #33, Trion,
Chattooga, GA, 30753
(leota.ragel@gmail.com)

Dear Leota Ragel,
As you may have heard or read, last month we learned that criminals forced their way into our systems, 
and stole information about our customers. Late last week, as part of our ongoing investigation, 
we learned that the taken information includes names, mailing addresses, phone numbers or email addresses. 

I am writing to make you aware that your name, mailing address, phone number or email address may 
have been taken during the intrusion. 

I am truly sorry this incident occurred, and I sincerely regret any inconvenience it may cause you. 

Because we value you as a customer, and because your trust is important to us, our company is 
offering you one year of free credit monitoring through Experian’s ProtectMyID product, which includes 
identity theft insurance where available. Enclosed please find your additional information about your 
free credit card monitoring.


You can find additional information and FAQs about this incident at our website. If you have further questions, 
you may call us at 866-852-8680.
 
Thank you for your patience and your loyalty. 

Sincerely, 
Insurance Company CEO



National Medical Excess Corp.
Jutta Amyot
49 N Mays St, Broussard,
Lafayette, LA, 70518
(jamyot@hotmail.com)

Dear Jutta Amyot, 

Similarly, we also have a template for the company's letter: 
Jutta Amyot
49 N Mays St, Broussard,
Lafayette, LA, 70518
(jamyot@hotmail.com)

Dear Jutta Amyot,
As you may have heard or read, last month we learned that criminals forced their way into our systems, 
and stole information about our customers. Late last week, as part of our ongoing investigation, 
we learned that the taken information includes names, mailing addresses, phone numbers or email addresses. 

I am writing to make you aware that your name, mailing address, phone number or email address may 
have been taken during the intrusion. 

I am truly sorry this incident occurred, and I sincerely regret any inconvenience it may cause you. 

Because we value you as a customer, and because your trust is important to us, our company is 
offering you one year of free credit monitoring through Experian’s ProtectMyID product, which includes 
identity theft insurance where available. Enclosed please find your additional information about your 
free credit card monitoring.


You can find additional information and FAQs about this incident at our website. If you have further questions, 
you may call us at 866-852-8680.
 
Thank you for your patience and your loyalty. 

Sincerely, 
Insurance Company CEO



Stero Company.
Aja Gehrett
993 Washington Ave, Nutley,
Essex, NJ, 07110
(aja_gehrett@hotmail.com)

Dear Aja Gehrett, 

Similarly, we also have a template for the company's letter: 
Aja Gehrett
993 Washington Ave, Nutley,
Essex, NJ, 07110
(aja_gehrett@hotmail.com)

Dear Aja Gehrett,
As you may have heard or read, last month we learned that criminals forced their way into our systems, 
and stole information about our customers. Late last week, as part of our ongoing investigation, 
we learned that the taken information includes names, mailing addresses, phone numbers or email addresses. 

I am writing to make you aware that your name, mailing address, phone number or email address may 
have been taken during the intrusion. 

I am truly sorry this incident occurred, and I sincerely regret any inconvenience it may cause you. 

Because we value you as a customer, and because your trust is important to us, our company is 
offering you one year of free credit monitoring through Experian’s ProtectMyID product, which includes 
identity theft insurance where available. Enclosed please find your additional information about your 
free credit card monitoring.


You can find additional information and FAQs about this incident at our website. If you have further questions, 
you may call us at 866-852-8680.
 
Thank you for your patience and your loyalty. 

Sincerely, 
Insurance Company CEO



Hasting, H Duane Esq.
Kirk Herritt
88 15th Ave Ne, Vestal,
Broome, NY, 13850
(kirk.herritt@aol.com)

Dear Kirk Herritt, 

Similarly, we also have a template for the company's letter: 
Kirk Herritt
88 15th Ave Ne, Vestal,
Broome, NY, 13850
(kirk.herritt@aol.com)

Dear Kirk Herritt,
As you may have heard or read, last month we learned that criminals forced their way into our systems, 
and stole information about our customers. Late last week, as part of our ongoing investigation, 
we learned that the taken information includes names, mailing addresses, phone numbers or email addresses. 

I am writing to make you aware that your name, mailing address, phone number or email address may 
have been taken during the intrusion. 

I am truly sorry this incident occurred, and I sincerely regret any inconvenience it may cause you. 

Because we value you as a customer, and because your trust is important to us, our company is 
offering you one year of free credit monitoring through Experian’s ProtectMyID product, which includes 
identity theft insurance where available. Enclosed please find your additional information about your 
free credit card monitoring.


You can find additional information and FAQs about this incident at our website. If you have further questions, 
you may call us at 866-852-8680.
 
Thank you for your patience and your loyalty. 

Sincerely, 
Insurance Company CEO



Insty Prints.
Leonora Mauson
3381 E 40th Ave, Passaic,
Passaic, NJ, 07055
(leonora@yahoo.com)

Dear Leonora Mauson, 

Similarly, we also have a template for the company's letter: 
Leonora Mauson
3381 E 40th Ave, Passaic,
Passaic, NJ, 07055
(leonora@yahoo.com)

Dear Leonora Mauson,
As you may have heard or read, last month we learned that criminals forced their way into our systems, 
and stole information about our customers. Late last week, as part of our ongoing investigation, 
we learned that the taken information includes names, mailing addresses, phone numbers or email addresses. 

I am writing to make you aware that your name, mailing address, phone number or email address may 
have been taken during the intrusion. 

I am truly sorry this incident occurred, and I sincerely regret any inconvenience it may cause you. 

Because we value you as a customer, and because your trust is important to us, our company is 
offering you one year of free credit monitoring through Experian’s ProtectMyID product, which includes 
identity theft insurance where available. Enclosed please find your additional information about your 
free credit card monitoring.


You can find additional information and FAQs about this incident at our website. If you have further questions, 
you may call us at 866-852-8680.
 
Thank you for your patience and your loyalty. 

Sincerely, 
Insurance Company CEO



Glenridge Manor Mobile Home Pk.
Winfred Brucato
201 Ridgewood Rd, Moscow,
Latah, ID, 83843
(winfred_brucato@hotmail.com)

Dear Winfred Brucato, 

Similarly, we also have a template for the company's letter: 
Winfred Brucato
201 Ridgewood Rd, Moscow,
Latah, ID, 83843
(winfred_brucato@hotmail.com)

Dear Winfred Brucato,
As you may have heard or read, last month we learned that criminals forced their way into our systems, 
and stole information about our customers. Late last week, as part of our ongoing investigation, 
we learned that the taken information includes names, mailing addresses, phone numbers or email addresses. 

I am writing to make you aware that your name, mailing address, phone number or email address may 
have been taken during the intrusion. 

I am truly sorry this incident occurred, and I sincerely regret any inconvenience it may cause you. 

Because we value you as a customer, and because your trust is important to us, our company is 
offering you one year of free credit monitoring through Experian’s ProtectMyID product, which includes 
identity theft insurance where available. Enclosed please find your additional information about your 
free credit card monitoring.


You can find additional information and FAQs about this incident at our website. If you have further questions, 
you may call us at 866-852-8680.
 
Thank you for your patience and your loyalty. 

Sincerely, 
Insurance Company CEO



Circuit Solution Inc.
Tarra Nachor
39 Moccasin Dr, San Francisco,
San Francisco, CA, 94104
(tarra.nachor@cox.net)

Dear Tarra Nachor, 

Similarly, we also have a template for the company's letter: 
Tarra Nachor
39 Moccasin Dr, San Francisco,
San Francisco, CA, 94104
(tarra.nachor@cox.net)

Dear Tarra Nachor,
As you may have heard or read, last month we learned that criminals forced their way into our systems, 
and stole information about our customers. Late last week, as part of our ongoing investigation, 
we learned that the taken information includes names, mailing addresses, phone numbers or email addresses. 

I am writing to make you aware that your name, mailing address, phone number or email address may 
have been taken during the intrusion. 

I am truly sorry this incident occurred, and I sincerely regret any inconvenience it may cause you. 

Because we value you as a customer, and because your trust is important to us, our company is 
offering you one year of free credit monitoring through Experian’s ProtectMyID product, which includes 
identity theft insurance where available. Enclosed please find your additional information about your 
free credit card monitoring.


You can find additional information and FAQs about this incident at our website. If you have further questions, 
you may call us at 866-852-8680.
 
Thank you for your patience and your loyalty. 

Sincerely, 
Insurance Company CEO



Local Office.
Corinne Loder
4 Carroll St, North Attleboro,
Bristol, MA, 02760
(corinne@loder.org)

Dear Corinne Loder, 

Similarly, we also have a template for the company's letter: 
Corinne Loder
4 Carroll St, North Attleboro,
Bristol, MA, 02760
(corinne@loder.org)

Dear Corinne Loder,
As you may have heard or read, last month we learned that criminals forced their way into our systems, 
and stole information about our customers. Late last week, as part of our ongoing investigation, 
we learned that the taken information includes names, mailing addresses, phone numbers or email addresses. 

I am writing to make you aware that your name, mailing address, phone number or email address may 
have been taken during the intrusion. 

I am truly sorry this incident occurred, and I sincerely regret any inconvenience it may cause you. 

Because we value you as a customer, and because your trust is important to us, our company is 
offering you one year of free credit monitoring through Experian’s ProtectMyID product, which includes 
identity theft insurance where available. Enclosed please find your additional information about your 
free credit card monitoring.


You can find additional information and FAQs about this incident at our website. If you have further questions, 
you may call us at 866-852-8680.
 
Thank you for your patience and your loyalty. 

Sincerely, 
Insurance Company CEO



Lee Kilkelly Paulson & Kabaker.
Dulce Labreche
9581 E Arapahoe Rd, Rochester,
Oakland, MI, 48307
(dulce_labreche@yahoo.com)

Dear Dulce Labreche, 

Similarly, we also have a template for the company's letter: 
Dulce Labreche
9581 E Arapahoe Rd, Rochester,
Oakland, MI, 48307
(dulce_labreche@yahoo.com)

Dear Dulce Labreche,
As you may have heard or read, last month we learned that criminals forced their way into our systems, 
and stole information about our customers. Late last week, as part of our ongoing investigation, 
we learned that the taken information includes names, mailing addresses, phone numbers or email addresses. 

I am writing to make you aware that your name, mailing address, phone number or email address may 
have been taken during the intrusion. 

I am truly sorry this incident occurred, and I sincerely regret any inconvenience it may cause you. 

Because we value you as a customer, and because your trust is important to us, our company is 
offering you one year of free credit monitoring through Experian’s ProtectMyID product, which includes 
identity theft insurance where available. Enclosed please find your additional information about your 
free credit card monitoring.


You can find additional information and FAQs about this incident at our website. If you have further questions, 
you may call us at 866-852-8680.
 
Thank you for your patience and your loyalty. 

Sincerely, 
Insurance Company CEO



Davis, Maxon R Esq.
Kate Keneipp
33 N Michigan Ave, Green Bay,
Brown, WI, 54301
(kate_keneipp@yahoo.com)

Dear Kate Keneipp, 

Similarly, we also have a template for the company's letter: 
Kate Keneipp
33 N Michigan Ave, Green Bay,
Brown, WI, 54301
(kate_keneipp@yahoo.com)

Dear Kate Keneipp,
As you may have heard or read, last month we learned that criminals forced their way into our systems, 
and stole information about our customers. Late last week, as part of our ongoing investigation, 
we learned that the taken information includes names, mailing addresses, phone numbers or email addresses. 

I am writing to make you aware that your name, mailing address, phone number or email address may 
have been taken during the intrusion. 

I am truly sorry this incident occurred, and I sincerely regret any inconvenience it may cause you. 

Because we value you as a customer, and because your trust is important to us, our company is 
offering you one year of free credit monitoring through Experian’s ProtectMyID product, which includes 
identity theft insurance where available. Enclosed please find your additional information about your 
free credit card monitoring.


You can find additional information and FAQs about this incident at our website. If you have further questions, 
you may call us at 866-852-8680.
 
Thank you for your patience and your loyalty. 

Sincerely, 
Insurance Company CEO



Garrison, Paul E Esq.
Kaitlyn Ogg
2 S Biscayne Blvd, Baltimore,
Baltimore City, MD, 21230
(kaitlyn.ogg@gmail.com)

Dear Kaitlyn Ogg, 

Similarly, we also have a template for the company's letter: 
Kaitlyn Ogg
2 S Biscayne Blvd, Baltimore,
Baltimore City, MD, 21230
(kaitlyn.ogg@gmail.com)

Dear Kaitlyn Ogg,
As you may have heard or read, last month we learned that criminals forced their way into our systems, 
and stole information about our customers. Late last week, as part of our ongoing investigation, 
we learned that the taken information includes names, mailing addresses, phone numbers or email addresses. 

I am writing to make you aware that your name, mailing address, phone number or email address may 
have been taken during the intrusion. 

I am truly sorry this incident occurred, and I sincerely regret any inconvenience it may cause you. 

Because we value you as a customer, and because your trust is important to us, our company is 
offering you one year of free credit monitoring through Experian’s ProtectMyID product, which includes 
identity theft insurance where available. Enclosed please find your additional information about your 
free credit card monitoring.


You can find additional information and FAQs about this incident at our website. If you have further questions, 
you may call us at 866-852-8680.
 
Thank you for your patience and your loyalty. 

Sincerely, 
Insurance Company CEO



Black History Resource Center.
Sherita Saras
8 Us Highway 22, Colorado Springs,
El Paso, CO, 80937
(sherita.saras@cox.net)

Dear Sherita Saras, 

Similarly, we also have a template for the company's letter: 
Sherita Saras
8 Us Highway 22, Colorado Springs,
El Paso, CO, 80937
(sherita.saras@cox.net)

Dear Sherita Saras,
As you may have heard or read, last month we learned that criminals forced their way into our systems, 
and stole information about our customers. Late last week, as part of our ongoing investigation, 
we learned that the taken information includes names, mailing addresses, phone numbers or email addresses. 

I am writing to make you aware that your name, mailing address, phone number or email address may 
have been taken during the intrusion. 

I am truly sorry this incident occurred, and I sincerely regret any inconvenience it may cause you. 

Because we value you as a customer, and because your trust is important to us, our company is 
offering you one year of free credit monitoring through Experian’s ProtectMyID product, which includes 
identity theft insurance where available. Enclosed please find your additional information about your 
free credit card monitoring.


You can find additional information and FAQs about this incident at our website. If you have further questions, 
you may call us at 866-852-8680.
 
Thank you for your patience and your loyalty. 

Sincerely, 
Insurance Company CEO



Rodriguez, J Christopher Esq.
Lashawnda Stuer
7422 Martin Ave #8, Toledo,
Lucas, OH, 43607
(lstuer@cox.net)

Dear Lashawnda Stuer, 

Similarly, we also have a template for the company's letter: 
Lashawnda Stuer
7422 Martin Ave #8, Toledo,
Lucas, OH, 43607
(lstuer@cox.net)

Dear Lashawnda Stuer,
As you may have heard or read, last month we learned that criminals forced their way into our systems, 
and stole information about our customers. Late last week, as part of our ongoing investigation, 
we learned that the taken information includes names, mailing addresses, phone numbers or email addresses. 

I am writing to make you aware that your name, mailing address, phone number or email address may 
have been taken during the intrusion. 

I am truly sorry this incident occurred, and I sincerely regret any inconvenience it may cause you. 

Because we value you as a customer, and because your trust is important to us, our company is 
offering you one year of free credit monitoring through Experian’s ProtectMyID product, which includes 
identity theft insurance where available. Enclosed please find your additional information about your 
free credit card monitoring.


You can find additional information and FAQs about this incident at our website. If you have further questions, 
you may call us at 866-852-8680.
 
Thank you for your patience and your loyalty. 

Sincerely, 
Insurance Company CEO



Grant Family Health Center.
Ernest Syrop
94 Chase Rd, Hyattsville,
Prince Georges, MD, 20785
(ernest@cox.net)

Dear Ernest Syrop, 

Similarly, we also have a template for the company's letter: 
Ernest Syrop
94 Chase Rd, Hyattsville,
Prince Georges, MD, 20785
(ernest@cox.net)

Dear Ernest Syrop,
As you may have heard or read, last month we learned that criminals forced their way into our systems, 
and stole information about our customers. Late last week, as part of our ongoing investigation, 
we learned that the taken information includes names, mailing addresses, phone numbers or email addresses. 

I am writing to make you aware that your name, mailing address, phone number or email address may 
have been taken during the intrusion. 

I am truly sorry this incident occurred, and I sincerely regret any inconvenience it may cause you. 

Because we value you as a customer, and because your trust is important to us, our company is 
offering you one year of free credit monitoring through Experian’s ProtectMyID product, which includes 
identity theft insurance where available. Enclosed please find your additional information about your 
free credit card monitoring.


You can find additional information and FAQs about this incident at our website. If you have further questions, 
you may call us at 866-852-8680.
 
Thank you for your patience and your loyalty. 

Sincerely, 
Insurance Company CEO



Goeman Wood Products Inc.
Nobuko Halsey
8139 I Hwy 10 #92, New Bedford,
Bristol, MA, 02745
(nobuko.halsey@yahoo.com)

Dear Nobuko Halsey, 

Similarly, we also have a template for the company's letter: 
Nobuko Halsey
8139 I Hwy 10 #92, New Bedford,
Bristol, MA, 02745
(nobuko.halsey@yahoo.com)

Dear Nobuko Halsey,
As you may have heard or read, last month we learned that criminals forced their way into our systems, 
and stole information about our customers. Late last week, as part of our ongoing investigation, 
we learned that the taken information includes names, mailing addresses, phone numbers or email addresses. 

I am writing to make you aware that your name, mailing address, phone number or email address may 
have been taken during the intrusion. 

I am truly sorry this incident occurred, and I sincerely regret any inconvenience it may cause you. 

Because we value you as a customer, and because your trust is important to us, our company is 
offering you one year of free credit monitoring through Experian’s ProtectMyID product, which includes 
identity theft insurance where available. Enclosed please find your additional information about your 
free credit card monitoring.


You can find additional information and FAQs about this incident at our website. If you have further questions, 
you may call us at 866-852-8680.
 
Thank you for your patience and your loyalty. 

Sincerely, 
Insurance Company CEO



Linhares, Kenneth A Esq.
Lavonna Wolny
5 Cabot Rd, Mc Lean,
Fairfax, VA, 22102
(lavonna.wolny@hotmail.com)

Dear Lavonna Wolny, 

Similarly, we also have a template for the company's letter: 
Lavonna Wolny
5 Cabot Rd, Mc Lean,
Fairfax, VA, 22102
(lavonna.wolny@hotmail.com)

Dear Lavonna Wolny,
As you may have heard or read, last month we learned that criminals forced their way into our systems, 
and stole information about our customers. Late last week, as part of our ongoing investigation, 
we learned that the taken information includes names, mailing addresses, phone numbers or email addresses. 

I am writing to make you aware that your name, mailing address, phone number or email address may 
have been taken during the intrusion. 

I am truly sorry this incident occurred, and I sincerely regret any inconvenience it may cause you. 

Because we value you as a customer, and because your trust is important to us, our company is 
offering you one year of free credit monitoring through Experian’s ProtectMyID product, which includes 
identity theft insurance where available. Enclosed please find your additional information about your 
free credit card monitoring.


You can find additional information and FAQs about this incident at our website. If you have further questions, 
you may call us at 866-852-8680.
 
Thank you for your patience and your loyalty. 

Sincerely, 
Insurance Company CEO



Earnhardt Printing.
Lashaunda Lizama
3387 Ryan Dr, Hanover,
Anne Arundel, MD, 21076
(llizama@cox.net)

Dear Lashaunda Lizama, 

Similarly, we also have a template for the company's letter: 
Lashaunda Lizama
3387 Ryan Dr, Hanover,
Anne Arundel, MD, 21076
(llizama@cox.net)

Dear Lashaunda Lizama,
As you may have heard or read, last month we learned that criminals forced their way into our systems, 
and stole information about our customers. Late last week, as part of our ongoing investigation, 
we learned that the taken information includes names, mailing addresses, phone numbers or email addresses. 

I am writing to make you aware that your name, mailing address, phone number or email address may 
have been taken during the intrusion. 

I am truly sorry this incident occurred, and I sincerely regret any inconvenience it may cause you. 

Because we value you as a customer, and because your trust is important to us, our company is 
offering you one year of free credit monitoring through Experian’s ProtectMyID product, which includes 
identity theft insurance where available. Enclosed please find your additional information about your 
free credit card monitoring.


You can find additional information and FAQs about this incident at our website. If you have further questions, 
you may call us at 866-852-8680.
 
Thank you for your patience and your loyalty. 

Sincerely, 
Insurance Company CEO



H P G Industrys Inc.
Mariann Bilden
3125 Packer Ave #9851, Austin,
Travis, TX, 78753
(mariann.bilden@aol.com)

Dear Mariann Bilden, 

Similarly, we also have a template for the company's letter: 
Mariann Bilden
3125 Packer Ave #9851, Austin,
Travis, TX, 78753
(mariann.bilden@aol.com)

Dear Mariann Bilden,
As you may have heard or read, last month we learned that criminals forced their way into our systems, 
and stole information about our customers. Late last week, as part of our ongoing investigation, 
we learned that the taken information includes names, mailing addresses, phone numbers or email addresses. 

I am writing to make you aware that your name, mailing address, phone number or email address may 
have been taken during the intrusion. 

I am truly sorry this incident occurred, and I sincerely regret any inconvenience it may cause you. 

Because we value you as a customer, and because your trust is important to us, our company is 
offering you one year of free credit monitoring through Experian’s ProtectMyID product, which includes 
identity theft insurance where available. Enclosed please find your additional information about your 
free credit card monitoring.


You can find additional information and FAQs about this incident at our website. If you have further questions, 
you may call us at 866-852-8680.
 
Thank you for your patience and your loyalty. 

Sincerely, 
Insurance Company CEO



Bailey Transportation Prod Inc.
Helene Rodenberger
347 Chestnut St, Peoria,
Maricopa, AZ, 85381
(helene@aol.com)

Dear Helene Rodenberger, 

Similarly, we also have a template for the company's letter: 
Helene Rodenberger
347 Chestnut St, Peoria,
Maricopa, AZ, 85381
(helene@aol.com)

Dear Helene Rodenberger,
As you may have heard or read, last month we learned that criminals forced their way into our systems, 
and stole information about our customers. Late last week, as part of our ongoing investigation, 
we learned that the taken information includes names, mailing addresses, phone numbers or email addresses. 

I am writing to make you aware that your name, mailing address, phone number or email address may 
have been taken during the intrusion. 

I am truly sorry this incident occurred, and I sincerely regret any inconvenience it may cause you. 

Because we value you as a customer, and because your trust is important to us, our company is 
offering you one year of free credit monitoring through Experian’s ProtectMyID product, which includes 
identity theft insurance where available. Enclosed please find your additional information about your 
free credit card monitoring.


You can find additional information and FAQs about this incident at our website. If you have further questions, 
you may call us at 866-852-8680.
 
Thank you for your patience and your loyalty. 

Sincerely, 
Insurance Company CEO



Mcglynn Bliss Pc.
Roselle Estell
8116 Mount Vernon Ave, Bucyrus,
Crawford, OH, 44820
(roselle.estell@hotmail.com)

Dear Roselle Estell, 

Similarly, we also have a template for the company's letter: 
Roselle Estell
8116 Mount Vernon Ave, Bucyrus,
Crawford, OH, 44820
(roselle.estell@hotmail.com)

Dear Roselle Estell,
As you may have heard or read, last month we learned that criminals forced their way into our systems, 
and stole information about our customers. Late last week, as part of our ongoing investigation, 
we learned that the taken information includes names, mailing addresses, phone numbers or email addresses. 

I am writing to make you aware that your name, mailing address, phone number or email address may 
have been taken during the intrusion. 

I am truly sorry this incident occurred, and I sincerely regret any inconvenience it may cause you. 

Because we value you as a customer, and because your trust is important to us, our company is 
offering you one year of free credit monitoring through Experian’s ProtectMyID product, which includes 
identity theft insurance where available. Enclosed please find your additional information about your 
free credit card monitoring.


You can find additional information and FAQs about this incident at our website. If you have further questions, 
you may call us at 866-852-8680.
 
Thank you for your patience and your loyalty. 

Sincerely, 
Insurance Company CEO



Mutual Fish Co.
Samira Heintzman
8772 Old County Rd #5410, Kent,
King, WA, 98032
(sheintzman@hotmail.com)

Dear Samira Heintzman, 

Similarly, we also have a template for the company's letter: 
Samira Heintzman
8772 Old County Rd #5410, Kent,
King, WA, 98032
(sheintzman@hotmail.com)

Dear Samira Heintzman,
As you may have heard or read, last month we learned that criminals forced their way into our systems, 
and stole information about our customers. Late last week, as part of our ongoing investigation, 
we learned that the taken information includes names, mailing addresses, phone numbers or email addresses. 

I am writing to make you aware that your name, mailing address, phone number or email address may 
have been taken during the intrusion. 

I am truly sorry this incident occurred, and I sincerely regret any inconvenience it may cause you. 

Because we value you as a customer, and because your trust is important to us, our company is 
offering you one year of free credit monitoring through Experian’s ProtectMyID product, which includes 
identity theft insurance where available. Enclosed please find your additional information about your 
free credit card monitoring.


You can find additional information and FAQs about this incident at our website. If you have further questions, 
you may call us at 866-852-8680.
 
Thank you for your patience and your loyalty. 

Sincerely, 
Insurance Company CEO



Yeates, Arthur L Aia.
Margart Meisel
868 State St #38, Cincinnati,
Hamilton, OH, 45251
(margart_meisel@yahoo.com)

Dear Margart Meisel, 

Similarly, we also have a template for the company's letter: 
Margart Meisel
868 State St #38, Cincinnati,
Hamilton, OH, 45251
(margart_meisel@yahoo.com)

Dear Margart Meisel,
As you may have heard or read, last month we learned that criminals forced their way into our systems, 
and stole information about our customers. Late last week, as part of our ongoing investigation, 
we learned that the taken information includes names, mailing addresses, phone numbers or email addresses. 

I am writing to make you aware that your name, mailing address, phone number or email address may 
have been taken during the intrusion. 

I am truly sorry this incident occurred, and I sincerely regret any inconvenience it may cause you. 

Because we value you as a customer, and because your trust is important to us, our company is 
offering you one year of free credit monitoring through Experian’s ProtectMyID product, which includes 
identity theft insurance where available. Enclosed please find your additional information about your 
free credit card monitoring.


You can find additional information and FAQs about this incident at our website. If you have further questions, 
you may call us at 866-852-8680.
 
Thank you for your patience and your loyalty. 

Sincerely, 
Insurance Company CEO



Logan, Ronald J Esq.
Kristofer Bennick
772 W River Dr, Bloomington,
Monroe, IN, 47404
(kristofer.bennick@yahoo.com)

Dear Kristofer Bennick, 

Similarly, we also have a template for the company's letter: 
Kristofer Bennick
772 W River Dr, Bloomington,
Monroe, IN, 47404
(kristofer.bennick@yahoo.com)

Dear Kristofer Bennick,
As you may have heard or read, last month we learned that criminals forced their way into our systems, 
and stole information about our customers. Late last week, as part of our ongoing investigation, 
we learned that the taken information includes names, mailing addresses, phone numbers or email addresses. 

I am writing to make you aware that your name, mailing address, phone number or email address may 
have been taken during the intrusion. 

I am truly sorry this incident occurred, and I sincerely regret any inconvenience it may cause you. 

Because we value you as a customer, and because your trust is important to us, our company is 
offering you one year of free credit monitoring through Experian’s ProtectMyID product, which includes 
identity theft insurance where available. Enclosed please find your additional information about your 
free credit card monitoring.


You can find additional information and FAQs about this incident at our website. If you have further questions, 
you may call us at 866-852-8680.
 
Thank you for your patience and your loyalty. 

Sincerely, 
Insurance Company CEO



Advantage Martgage Company.
Weldon Acuff
73 W Barstow Ave, Arlington Heights,
Cook, IL, 60004
(wacuff@gmail.com)

Dear Weldon Acuff, 

Similarly, we also have a template for the company's letter: 
Weldon Acuff
73 W Barstow Ave, Arlington Heights,
Cook, IL, 60004
(wacuff@gmail.com)

Dear Weldon Acuff,
As you may have heard or read, last month we learned that criminals forced their way into our systems, 
and stole information about our customers. Late last week, as part of our ongoing investigation, 
we learned that the taken information includes names, mailing addresses, phone numbers or email addresses. 

I am writing to make you aware that your name, mailing address, phone number or email address may 
have been taken during the intrusion. 

I am truly sorry this incident occurred, and I sincerely regret any inconvenience it may cause you. 

Because we value you as a customer, and because your trust is important to us, our company is 
offering you one year of free credit monitoring through Experian’s ProtectMyID product, which includes 
identity theft insurance where available. Enclosed please find your additional information about your 
free credit card monitoring.


You can find additional information and FAQs about this incident at our website. If you have further questions, 
you may call us at 866-852-8680.
 
Thank you for your patience and your loyalty. 

Sincerely, 
Insurance Company CEO



Germer And Gertz Llp.
Shalon Shadrick
61047 Mayfield Ave, Brooklyn,
Kings, NY, 11223
(shalon@cox.net)

Dear Shalon Shadrick, 

Similarly, we also have a template for the company's letter: 
Shalon Shadrick
61047 Mayfield Ave, Brooklyn,
Kings, NY, 11223
(shalon@cox.net)

Dear Shalon Shadrick,
As you may have heard or read, last month we learned that criminals forced their way into our systems, 
and stole information about our customers. Late last week, as part of our ongoing investigation, 
we learned that the taken information includes names, mailing addresses, phone numbers or email addresses. 

I am writing to make you aware that your name, mailing address, phone number or email address may 
have been taken during the intrusion. 

I am truly sorry this incident occurred, and I sincerely regret any inconvenience it may cause you. 

Because we value you as a customer, and because your trust is important to us, our company is 
offering you one year of free credit monitoring through Experian’s ProtectMyID product, which includes 
identity theft insurance where available. Enclosed please find your additional information about your 
free credit card monitoring.


You can find additional information and FAQs about this incident at our website. If you have further questions, 
you may call us at 866-852-8680.
 
Thank you for your patience and your loyalty. 

Sincerely, 
Insurance Company CEO



Spence Law Offices.
Denise Patak
2139 Santa Rosa Ave, Orlando,
Orange, FL, 32801
(denise@patak.org)

Dear Denise Patak, 

Similarly, we also have a template for the company's letter: 
Denise Patak
2139 Santa Rosa Ave, Orlando,
Orange, FL, 32801
(denise@patak.org)

Dear Denise Patak,
As you may have heard or read, last month we learned that criminals forced their way into our systems, 
and stole information about our customers. Late last week, as part of our ongoing investigation, 
we learned that the taken information includes names, mailing addresses, phone numbers or email addresses. 

I am writing to make you aware that your name, mailing address, phone number or email address may 
have been taken during the intrusion. 

I am truly sorry this incident occurred, and I sincerely regret any inconvenience it may cause you. 

Because we value you as a customer, and because your trust is important to us, our company is 
offering you one year of free credit monitoring through Experian’s ProtectMyID product, which includes 
identity theft insurance where available. Enclosed please find your additional information about your 
free credit card monitoring.


You can find additional information and FAQs about this incident at our website. If you have further questions, 
you may call us at 866-852-8680.
 
Thank you for your patience and your loyalty. 

Sincerely, 
Insurance Company CEO



John Ortiz Nts Therapy Center.
Louvenia Beech
598 43rd St, Beverly Hills,
Los Angeles, CA, 90210
(louvenia.beech@beech.com)

Dear Louvenia Beech, 

Similarly, we also have a template for the company's letter: 
Louvenia Beech
598 43rd St, Beverly Hills,
Los Angeles, CA, 90210
(louvenia.beech@beech.com)

Dear Louvenia Beech,
As you may have heard or read, last month we learned that criminals forced their way into our systems, 
and stole information about our customers. Late last week, as part of our ongoing investigation, 
we learned that the taken information includes names, mailing addresses, phone numbers or email addresses. 

I am writing to make you aware that your name, mailing address, phone number or email address may 
have been taken during the intrusion. 

I am truly sorry this incident occurred, and I sincerely regret any inconvenience it may cause you. 

Because we value you as a customer, and because your trust is important to us, our company is 
offering you one year of free credit monitoring through Experian’s ProtectMyID product, which includes 
identity theft insurance where available. Enclosed please find your additional information about your 
free credit card monitoring.


You can find additional information and FAQs about this incident at our website. If you have further questions, 
you may call us at 866-852-8680.
 
Thank you for your patience and your loyalty. 

Sincerely, 
Insurance Company CEO



Mike Uchrin Htg & Air Cond Inc.
Audry Yaw
70295 Pioneer Ct, Brandon,
Hillsborough, FL, 33511
(audry.yaw@yaw.org)

Dear Audry Yaw, 

Similarly, we also have a template for the company's letter: 
Audry Yaw
70295 Pioneer Ct, Brandon,
Hillsborough, FL, 33511
(audry.yaw@yaw.org)

Dear Audry Yaw,
As you may have heard or read, last month we learned that criminals forced their way into our systems, 
and stole information about our customers. Late last week, as part of our ongoing investigation, 
we learned that the taken information includes names, mailing addresses, phone numbers or email addresses. 

I am writing to make you aware that your name, mailing address, phone number or email address may 
have been taken during the intrusion. 

I am truly sorry this incident occurred, and I sincerely regret any inconvenience it may cause you. 

Because we value you as a customer, and because your trust is important to us, our company is 
offering you one year of free credit monitoring through Experian’s ProtectMyID product, which includes 
identity theft insurance where available. Enclosed please find your additional information about your 
free credit card monitoring.


You can find additional information and FAQs about this incident at our website. If you have further questions, 
you may call us at 866-852-8680.
 
Thank you for your patience and your loyalty. 

Sincerely, 
Insurance Company CEO



Mccoy, Joy Reynolds Esq.
Kristel Ehmann
92899 Kalakaua Ave, El Paso,
El Paso, TX, 79925
(kristel.ehmann@aol.com)

Dear Kristel Ehmann, 

Similarly, we also have a template for the company's letter: 
Kristel Ehmann
92899 Kalakaua Ave, El Paso,
El Paso, TX, 79925
(kristel.ehmann@aol.com)

Dear Kristel Ehmann,
As you may have heard or read, last month we learned that criminals forced their way into our systems, 
and stole information about our customers. Late last week, as part of our ongoing investigation, 
we learned that the taken information includes names, mailing addresses, phone numbers or email addresses. 

I am writing to make you aware that your name, mailing address, phone number or email address may 
have been taken during the intrusion. 

I am truly sorry this incident occurred, and I sincerely regret any inconvenience it may cause you. 

Because we value you as a customer, and because your trust is important to us, our company is 
offering you one year of free credit monitoring through Experian’s ProtectMyID product, which includes 
identity theft insurance where available. Enclosed please find your additional information about your 
free credit card monitoring.


You can find additional information and FAQs about this incident at our website. If you have further questions, 
you may call us at 866-852-8680.
 
Thank you for your patience and your loyalty. 

Sincerely, 
Insurance Company CEO



Kbor 1600 Am.
Vincenza Zepp
395 S 6th St #2, El Cajon,
San Diego, CA, 92020
(vzepp@gmail.com)

Dear Vincenza Zepp, 

Similarly, we also have a template for the company's letter: 
Vincenza Zepp
395 S 6th St #2, El Cajon,
San Diego, CA, 92020
(vzepp@gmail.com)

Dear Vincenza Zepp,
As you may have heard or read, last month we learned that criminals forced their way into our systems, 
and stole information about our customers. Late last week, as part of our ongoing investigation, 
we learned that the taken information includes names, mailing addresses, phone numbers or email addresses. 

I am writing to make you aware that your name, mailing address, phone number or email address may 
have been taken during the intrusion. 

I am truly sorry this incident occurred, and I sincerely regret any inconvenience it may cause you. 

Because we value you as a customer, and because your trust is important to us, our company is 
offering you one year of free credit monitoring through Experian’s ProtectMyID product, which includes 
identity theft insurance where available. Enclosed please find your additional information about your 
free credit card monitoring.


You can find additional information and FAQs about this incident at our website. If you have further questions, 
you may call us at 866-852-8680.
 
Thank you for your patience and your loyalty. 

Sincerely, 
Insurance Company CEO



Quality Inn Northwest.
Elouise Gwalthney
9506 Edgemore Ave, Bladensburg,
Prince Georges, MD, 20710
(egwalthney@yahoo.com)

Dear Elouise Gwalthney, 

Similarly, we also have a template for the company's letter: 
Elouise Gwalthney
9506 Edgemore Ave, Bladensburg,
Prince Georges, MD, 20710
(egwalthney@yahoo.com)

Dear Elouise Gwalthney,
As you may have heard or read, last month we learned that criminals forced their way into our systems, 
and stole information about our customers. Late last week, as part of our ongoing investigation, 
we learned that the taken information includes names, mailing addresses, phone numbers or email addresses. 

I am writing to make you aware that your name, mailing address, phone number or email address may 
have been taken during the intrusion. 

I am truly sorry this incident occurred, and I sincerely regret any inconvenience it may cause you. 

Because we value you as a customer, and because your trust is important to us, our company is 
offering you one year of free credit monitoring through Experian’s ProtectMyID product, which includes 
identity theft insurance where available. Enclosed please find your additional information about your 
free credit card monitoring.


You can find additional information and FAQs about this incident at our website. If you have further questions, 
you may call us at 866-852-8680.
 
Thank you for your patience and your loyalty. 

Sincerely, 
Insurance Company CEO



Wallace Church Assoc Inc.
Venita Maillard
72119 S Walker Ave #63, Anaheim,
Orange, CA, 92801
(venita_maillard@gmail.com)

Dear Venita Maillard, 

Similarly, we also have a template for the company's letter: 
Venita Maillard
72119 S Walker Ave #63, Anaheim,
Orange, CA, 92801
(venita_maillard@gmail.com)

Dear Venita Maillard,
As you may have heard or read, last month we learned that criminals forced their way into our systems, 
and stole information about our customers. Late last week, as part of our ongoing investigation, 
we learned that the taken information includes names, mailing addresses, phone numbers or email addresses. 

I am writing to make you aware that your name, mailing address, phone number or email address may 
have been taken during the intrusion. 

I am truly sorry this incident occurred, and I sincerely regret any inconvenience it may cause you. 

Because we value you as a customer, and because your trust is important to us, our company is 
offering you one year of free credit monitoring through Experian’s ProtectMyID product, which includes 
identity theft insurance where available. Enclosed please find your additional information about your 
free credit card monitoring.


You can find additional information and FAQs about this incident at our website. If you have further questions, 
you may call us at 866-852-8680.
 
Thank you for your patience and your loyalty. 

Sincerely, 
Insurance Company CEO



Can Tron.
Kasandra Semidey
369 Latham St #500, Saint Louis,
Saint Louis City, MO, 63102
(kasandra_semidey@semidey.com)

Dear Kasandra Semidey, 

Similarly, we also have a template for the company's letter: 
Kasandra Semidey
369 Latham St #500, Saint Louis,
Saint Louis City, MO, 63102
(kasandra_semidey@semidey.com)

Dear Kasandra Semidey,
As you may have heard or read, last month we learned that criminals forced their way into our systems, 
and stole information about our customers. Late last week, as part of our ongoing investigation, 
we learned that the taken information includes names, mailing addresses, phone numbers or email addresses. 

I am writing to make you aware that your name, mailing address, phone number or email address may 
have been taken during the intrusion. 

I am truly sorry this incident occurred, and I sincerely regret any inconvenience it may cause you. 

Because we value you as a customer, and because your trust is important to us, our company is 
offering you one year of free credit monitoring through Experian’s ProtectMyID product, which includes 
identity theft insurance where available. Enclosed please find your additional information about your 
free credit card monitoring.


You can find additional information and FAQs about this incident at our website. If you have further questions, 
you may call us at 866-852-8680.
 
Thank you for your patience and your loyalty. 

Sincerely, 
Insurance Company CEO



Ravaal Enterprises Inc.
Xochitl Discipio
3158 Runamuck Pl, Round Rock,
Williamson, TX, 78664
(xdiscipio@gmail.com)

Dear Xochitl Discipio, 

Similarly, we also have a template for the company's letter: 
Xochitl Discipio
3158 Runamuck Pl, Round Rock,
Williamson, TX, 78664
(xdiscipio@gmail.com)

Dear Xochitl Discipio,
As you may have heard or read, last month we learned that criminals forced their way into our systems, 
and stole information about our customers. Late last week, as part of our ongoing investigation, 
we learned that the taken information includes names, mailing addresses, phone numbers or email addresses. 

I am writing to make you aware that your name, mailing address, phone number or email address may 
have been taken during the intrusion. 

I am truly sorry this incident occurred, and I sincerely regret any inconvenience it may cause you. 

Because we value you as a customer, and because your trust is important to us, our company is 
offering you one year of free credit monitoring through Experian’s ProtectMyID product, which includes 
identity theft insurance where available. Enclosed please find your additional information about your 
free credit card monitoring.


You can find additional information and FAQs about this incident at our website. If you have further questions, 
you may call us at 866-852-8680.
 
Thank you for your patience and your loyalty. 

Sincerely, 
Insurance Company CEO



Thompson Steel Company Inc.
Maile Linahan
9 Plainsboro Rd #598, Greensboro,
Guilford, NC, 27409
(mlinahan@yahoo.com)

Dear Maile Linahan, 

Similarly, we also have a template for the company's letter: 
Maile Linahan
9 Plainsboro Rd #598, Greensboro,
Guilford, NC, 27409
(mlinahan@yahoo.com)

Dear Maile Linahan,
As you may have heard or read, last month we learned that criminals forced their way into our systems, 
and stole information about our customers. Late last week, as part of our ongoing investigation, 
we learned that the taken information includes names, mailing addresses, phone numbers or email addresses. 

I am writing to make you aware that your name, mailing address, phone number or email address may 
have been taken during the intrusion. 

I am truly sorry this incident occurred, and I sincerely regret any inconvenience it may cause you. 

Because we value you as a customer, and because your trust is important to us, our company is 
offering you one year of free credit monitoring through Experian’s ProtectMyID product, which includes 
identity theft insurance where available. Enclosed please find your additional information about your 
free credit card monitoring.


You can find additional information and FAQs about this incident at our website. If you have further questions, 
you may call us at 866-852-8680.
 
Thank you for your patience and your loyalty. 

Sincerely, 
Insurance Company CEO



Anderson, Mark A Esq.
Krissy Rauser
8728 S Broad St, Coram,
Suffolk, NY, 11727
(krauser@cox.net)

Dear Krissy Rauser, 

Similarly, we also have a template for the company's letter: 
Krissy Rauser
8728 S Broad St, Coram,
Suffolk, NY, 11727
(krauser@cox.net)

Dear Krissy Rauser,
As you may have heard or read, last month we learned that criminals forced their way into our systems, 
and stole information about our customers. Late last week, as part of our ongoing investigation, 
we learned that the taken information includes names, mailing addresses, phone numbers or email addresses. 

I am writing to make you aware that your name, mailing address, phone number or email address may 
have been taken during the intrusion. 

I am truly sorry this incident occurred, and I sincerely regret any inconvenience it may cause you. 

Because we value you as a customer, and because your trust is important to us, our company is 
offering you one year of free credit monitoring through Experian’s ProtectMyID product, which includes 
identity theft insurance where available. Enclosed please find your additional information about your 
free credit card monitoring.


You can find additional information and FAQs about this incident at our website. If you have further questions, 
you may call us at 866-852-8680.
 
Thank you for your patience and your loyalty. 

Sincerely, 
Insurance Company CEO



Womack & Galich.
Pete Dubaldi
2215 Prosperity Dr, Lyndhurst,
Bergen, NJ, 07071
(pdubaldi@hotmail.com)

Dear Pete Dubaldi, 

Similarly, we also have a template for the company's letter: 
Pete Dubaldi
2215 Prosperity Dr, Lyndhurst,
Bergen, NJ, 07071
(pdubaldi@hotmail.com)

Dear Pete Dubaldi,
As you may have heard or read, last month we learned that criminals forced their way into our systems, 
and stole information about our customers. Late last week, as part of our ongoing investigation, 
we learned that the taken information includes names, mailing addresses, phone numbers or email addresses. 

I am writing to make you aware that your name, mailing address, phone number or email address may 
have been taken during the intrusion. 

I am truly sorry this incident occurred, and I sincerely regret any inconvenience it may cause you. 

Because we value you as a customer, and because your trust is important to us, our company is 
offering you one year of free credit monitoring through Experian’s ProtectMyID product, which includes 
identity theft insurance where available. Enclosed please find your additional information about your 
free credit card monitoring.


You can find additional information and FAQs about this incident at our website. If you have further questions, 
you may call us at 866-852-8680.
 
Thank you for your patience and your loyalty. 

Sincerely, 
Insurance Company CEO



Valerie & Company.
Linn Paa
1 S Pine St, Memphis,
Shelby, TN, 38112
(linn_paa@paa.com)

Dear Linn Paa, 

Similarly, we also have a template for the company's letter: 
Linn Paa
1 S Pine St, Memphis,
Shelby, TN, 38112
(linn_paa@paa.com)

Dear Linn Paa,
As you may have heard or read, last month we learned that criminals forced their way into our systems, 
and stole information about our customers. Late last week, as part of our ongoing investigation, 
we learned that the taken information includes names, mailing addresses, phone numbers or email addresses. 

I am writing to make you aware that your name, mailing address, phone number or email address may 
have been taken during the intrusion. 

I am truly sorry this incident occurred, and I sincerely regret any inconvenience it may cause you. 

Because we value you as a customer, and because your trust is important to us, our company is 
offering you one year of free credit monitoring through Experian’s ProtectMyID product, which includes 
identity theft insurance where available. Enclosed please find your additional information about your 
free credit card monitoring.


You can find additional information and FAQs about this incident at our website. If you have further questions, 
you may call us at 866-852-8680.
 
Thank you for your patience and your loyalty. 

Sincerely, 
Insurance Company CEO



Gehring Pumps Inc.
Paris Wide
187 Market St, Atlanta,
Fulton, GA, 30342
(paris@hotmail.com)

Dear Paris Wide, 

Similarly, we also have a template for the company's letter: 
Paris Wide
187 Market St, Atlanta,
Fulton, GA, 30342
(paris@hotmail.com)

Dear Paris Wide,
As you may have heard or read, last month we learned that criminals forced their way into our systems, 
and stole information about our customers. Late last week, as part of our ongoing investigation, 
we learned that the taken information includes names, mailing addresses, phone numbers or email addresses. 

I am writing to make you aware that your name, mailing address, phone number or email address may 
have been taken during the intrusion. 

I am truly sorry this incident occurred, and I sincerely regret any inconvenience it may cause you. 

Because we value you as a customer, and because your trust is important to us, our company is 
offering you one year of free credit monitoring through Experian’s ProtectMyID product, which includes 
identity theft insurance where available. Enclosed please find your additional information about your 
free credit card monitoring.


You can find additional information and FAQs about this incident at our website. If you have further questions, 
you may call us at 866-852-8680.
 
Thank you for your patience and your loyalty. 

Sincerely, 
Insurance Company CEO



Haehnel, Craig W Esq.
Wynell Dorshorst
94290 S Buchanan St, Pacifica,
San Mateo, CA, 94044
(wynell_dorshorst@dorshorst.org)

Dear Wynell Dorshorst, 

Similarly, we also have a template for the company's letter: 
Wynell Dorshorst
94290 S Buchanan St, Pacifica,
San Mateo, CA, 94044
(wynell_dorshorst@dorshorst.org)

Dear Wynell Dorshorst,
As you may have heard or read, last month we learned that criminals forced their way into our systems, 
and stole information about our customers. Late last week, as part of our ongoing investigation, 
we learned that the taken information includes names, mailing addresses, phone numbers or email addresses. 

I am writing to make you aware that your name, mailing address, phone number or email address may 
have been taken during the intrusion. 

I am truly sorry this incident occurred, and I sincerely regret any inconvenience it may cause you. 

Because we value you as a customer, and because your trust is important to us, our company is 
offering you one year of free credit monitoring through Experian’s ProtectMyID product, which includes 
identity theft insurance where available. Enclosed please find your additional information about your 
free credit card monitoring.


You can find additional information and FAQs about this incident at our website. If you have further questions, 
you may call us at 866-852-8680.
 
Thank you for your patience and your loyalty. 

Sincerely, 
Insurance Company CEO



Spoor Behrins Campbell & Young.
Quentin Birkner
7061 N 2nd St, Burnsville,
Dakota, MN, 55337
(qbirkner@aol.com)

Dear Quentin Birkner, 

Similarly, we also have a template for the company's letter: 
Quentin Birkner
7061 N 2nd St, Burnsville,
Dakota, MN, 55337
(qbirkner@aol.com)

Dear Quentin Birkner,
As you may have heard or read, last month we learned that criminals forced their way into our systems, 
and stole information about our customers. Late last week, as part of our ongoing investigation, 
we learned that the taken information includes names, mailing addresses, phone numbers or email addresses. 

I am writing to make you aware that your name, mailing address, phone number or email address may 
have been taken during the intrusion. 

I am truly sorry this incident occurred, and I sincerely regret any inconvenience it may cause you. 

Because we value you as a customer, and because your trust is important to us, our company is 
offering you one year of free credit monitoring through Experian’s ProtectMyID product, which includes 
identity theft insurance where available. Enclosed please find your additional information about your 
free credit card monitoring.


You can find additional information and FAQs about this incident at our website. If you have further questions, 
you may call us at 866-852-8680.
 
Thank you for your patience and your loyalty. 

Sincerely, 
Insurance Company CEO



Ken Jeter Store Equipment Inc.
Regenia Kannady
10759 Main St, Scottsdale,
Maricopa, AZ, 85260
(regenia.kannady@cox.net)

Dear Regenia Kannady, 

Similarly, we also have a template for the company's letter: 
Regenia Kannady
10759 Main St, Scottsdale,
Maricopa, AZ, 85260
(regenia.kannady@cox.net)

Dear Regenia Kannady,
As you may have heard or read, last month we learned that criminals forced their way into our systems, 
and stole information about our customers. Late last week, as part of our ongoing investigation, 
we learned that the taken information includes names, mailing addresses, phone numbers or email addresses. 

I am writing to make you aware that your name, mailing address, phone number or email address may 
have been taken during the intrusion. 

I am truly sorry this incident occurred, and I sincerely regret any inconvenience it may cause you. 

Because we value you as a customer, and because your trust is important to us, our company is 
offering you one year of free credit monitoring through Experian’s ProtectMyID product, which includes 
identity theft insurance where available. Enclosed please find your additional information about your 
free credit card monitoring.


You can find additional information and FAQs about this incident at our website. If you have further questions, 
you may call us at 866-852-8680.
 
Thank you for your patience and your loyalty. 

Sincerely, 
Insurance Company CEO



Potter, Brenda J Cpa.
Sheron Louissant
97 E 3rd St #9, Long Island City,
Queens, NY, 11101
(sheron@aol.com)

Dear Sheron Louissant, 

Similarly, we also have a template for the company's letter: 
Sheron Louissant
97 E 3rd St #9, Long Island City,
Queens, NY, 11101
(sheron@aol.com)

Dear Sheron Louissant,
As you may have heard or read, last month we learned that criminals forced their way into our systems, 
and stole information about our customers. Late last week, as part of our ongoing investigation, 
we learned that the taken information includes names, mailing addresses, phone numbers or email addresses. 

I am writing to make you aware that your name, mailing address, phone number or email address may 
have been taken during the intrusion. 

I am truly sorry this incident occurred, and I sincerely regret any inconvenience it may cause you. 

Because we value you as a customer, and because your trust is important to us, our company is 
offering you one year of free credit monitoring through Experian’s ProtectMyID product, which includes 
identity theft insurance where available. Enclosed please find your additional information about your 
free credit card monitoring.


You can find additional information and FAQs about this incident at our website. If you have further questions, 
you may call us at 866-852-8680.
 
Thank you for your patience and your loyalty. 

Sincerely, 
Insurance Company CEO



Baird Kurtz & Dobson.
Izetta Funnell
82 Winsor St #54, Atlanta,
Dekalb, GA, 30340
(izetta.funnell@hotmail.com)

Dear Izetta Funnell, 

Similarly, we also have a template for the company's letter: 
Izetta Funnell
82 Winsor St #54, Atlanta,
Dekalb, GA, 30340
(izetta.funnell@hotmail.com)

Dear Izetta Funnell,
As you may have heard or read, last month we learned that criminals forced their way into our systems, 
and stole information about our customers. Late last week, as part of our ongoing investigation, 
we learned that the taken information includes names, mailing addresses, phone numbers or email addresses. 

I am writing to make you aware that your name, mailing address, phone number or email address may 
have been taken during the intrusion. 

I am truly sorry this incident occurred, and I sincerely regret any inconvenience it may cause you. 

Because we value you as a customer, and because your trust is important to us, our company is 
offering you one year of free credit monitoring through Experian’s ProtectMyID product, which includes 
identity theft insurance where available. Enclosed please find your additional information about your 
free credit card monitoring.


You can find additional information and FAQs about this incident at our website. If you have further questions, 
you may call us at 866-852-8680.
 
Thank you for your patience and your loyalty. 

Sincerely, 
Insurance Company CEO



Minor, Cynthia A Esq.
Rodolfo Butzen
41 Steel Ct, Northfield,
Rice, MN, 55057
(rodolfo@hotmail.com)

Dear Rodolfo Butzen, 

Similarly, we also have a template for the company's letter: 
Rodolfo Butzen
41 Steel Ct, Northfield,
Rice, MN, 55057
(rodolfo@hotmail.com)

Dear Rodolfo Butzen,
As you may have heard or read, last month we learned that criminals forced their way into our systems, 
and stole information about our customers. Late last week, as part of our ongoing investigation, 
we learned that the taken information includes names, mailing addresses, phone numbers or email addresses. 

I am writing to make you aware that your name, mailing address, phone number or email address may 
have been taken during the intrusion. 

I am truly sorry this incident occurred, and I sincerely regret any inconvenience it may cause you. 

Because we value you as a customer, and because your trust is important to us, our company is 
offering you one year of free credit monitoring through Experian’s ProtectMyID product, which includes 
identity theft insurance where available. Enclosed please find your additional information about your 
free credit card monitoring.


You can find additional information and FAQs about this incident at our website. If you have further questions, 
you may call us at 866-852-8680.
 
Thank you for your patience and your loyalty. 

Sincerely, 
Insurance Company CEO



Solove, Robert A Esq.
Zona Colla
49440 Dearborn St, Norwalk,
Fairfield, CT, 06854
(zona@hotmail.com)

Dear Zona Colla, 

Similarly, we also have a template for the company's letter: 
Zona Colla
49440 Dearborn St, Norwalk,
Fairfield, CT, 06854
(zona@hotmail.com)

Dear Zona Colla,
As you may have heard or read, last month we learned that criminals forced their way into our systems, 
and stole information about our customers. Late last week, as part of our ongoing investigation, 
we learned that the taken information includes names, mailing addresses, phone numbers or email addresses. 

I am writing to make you aware that your name, mailing address, phone number or email address may 
have been taken during the intrusion. 

I am truly sorry this incident occurred, and I sincerely regret any inconvenience it may cause you. 

Because we value you as a customer, and because your trust is important to us, our company is 
offering you one year of free credit monitoring through Experian’s ProtectMyID product, which includes 
identity theft insurance where available. Enclosed please find your additional information about your 
free credit card monitoring.


You can find additional information and FAQs about this incident at our website. If you have further questions, 
you may call us at 866-852-8680.
 
Thank you for your patience and your loyalty. 

Sincerely, 
Insurance Company CEO



Mark Ii Imports Inc.
Serina Zagen
7 S Beverly Dr, Fort Wayne,
Allen, IN, 46802
(szagen@aol.com)

Dear Serina Zagen, 

Similarly, we also have a template for the company's letter: 
Serina Zagen
7 S Beverly Dr, Fort Wayne,
Allen, IN, 46802
(szagen@aol.com)

Dear Serina Zagen,
As you may have heard or read, last month we learned that criminals forced their way into our systems, 
and stole information about our customers. Late last week, as part of our ongoing investigation, 
we learned that the taken information includes names, mailing addresses, phone numbers or email addresses. 

I am writing to make you aware that your name, mailing address, phone number or email address may 
have been taken during the intrusion. 

I am truly sorry this incident occurred, and I sincerely regret any inconvenience it may cause you. 

Because we value you as a customer, and because your trust is important to us, our company is 
offering you one year of free credit monitoring through Experian’s ProtectMyID product, which includes 
identity theft insurance where available. Enclosed please find your additional information about your 
free credit card monitoring.


You can find additional information and FAQs about this incident at our website. If you have further questions, 
you may call us at 866-852-8680.
 
Thank you for your patience and your loyalty. 

Sincerely, 
Insurance Company CEO



White Sign Div Ctrl Equip Co.
Paz Sahagun
919 Wall Blvd, Meridian,
Lauderdale, MS, 39307
(paz_sahagun@cox.net)

Dear Paz Sahagun, 

Similarly, we also have a template for the company's letter: 
Paz Sahagun
919 Wall Blvd, Meridian,
Lauderdale, MS, 39307
(paz_sahagun@cox.net)

Dear Paz Sahagun,
As you may have heard or read, last month we learned that criminals forced their way into our systems, 
and stole information about our customers. Late last week, as part of our ongoing investigation, 
we learned that the taken information includes names, mailing addresses, phone numbers or email addresses. 

I am writing to make you aware that your name, mailing address, phone number or email address may 
have been taken during the intrusion. 

I am truly sorry this incident occurred, and I sincerely regret any inconvenience it may cause you. 

Because we value you as a customer, and because your trust is important to us, our company is 
offering you one year of free credit monitoring through Experian’s ProtectMyID product, which includes 
identity theft insurance where available. Enclosed please find your additional information about your 
free credit card monitoring.


You can find additional information and FAQs about this incident at our website. If you have further questions, 
you may call us at 866-852-8680.
 
Thank you for your patience and your loyalty. 

Sincerely, 
Insurance Company CEO



M & M Store Fixtures Co Inc.
Markus Lukasik
89 20th St E #779, Sterling Heights,
Macomb, MI, 48310
(markus@yahoo.com)

Dear Markus Lukasik, 

Similarly, we also have a template for the company's letter: 
Markus Lukasik
89 20th St E #779, Sterling Heights,
Macomb, MI, 48310
(markus@yahoo.com)

Dear Markus Lukasik,
As you may have heard or read, last month we learned that criminals forced their way into our systems, 
and stole information about our customers. Late last week, as part of our ongoing investigation, 
we learned that the taken information includes names, mailing addresses, phone numbers or email addresses. 

I am writing to make you aware that your name, mailing address, phone number or email address may 
have been taken during the intrusion. 

I am truly sorry this incident occurred, and I sincerely regret any inconvenience it may cause you. 

Because we value you as a customer, and because your trust is important to us, our company is 
offering you one year of free credit monitoring through Experian’s ProtectMyID product, which includes 
identity theft insurance where available. Enclosed please find your additional information about your 
free credit card monitoring.


You can find additional information and FAQs about this incident at our website. If you have further questions, 
you may call us at 866-852-8680.
 
Thank you for your patience and your loyalty. 

Sincerely, 
Insurance Company CEO



Judah Caster & Wheel Co.
Jaclyn Bachman
721 Interstate 45 S, Colorado Springs,
El Paso, CO, 80919
(jaclyn@aol.com)

Dear Jaclyn Bachman, 

Similarly, we also have a template for the company's letter: 
Jaclyn Bachman
721 Interstate 45 S, Colorado Springs,
El Paso, CO, 80919
(jaclyn@aol.com)

Dear Jaclyn Bachman,
As you may have heard or read, last month we learned that criminals forced their way into our systems, 
and stole information about our customers. Late last week, as part of our ongoing investigation, 
we learned that the taken information includes names, mailing addresses, phone numbers or email addresses. 

I am writing to make you aware that your name, mailing address, phone number or email address may 
have been taken during the intrusion. 

I am truly sorry this incident occurred, and I sincerely regret any inconvenience it may cause you. 

Because we value you as a customer, and because your trust is important to us, our company is 
offering you one year of free credit monitoring through Experian’s ProtectMyID product, which includes 
identity theft insurance where available. Enclosed please find your additional information about your 
free credit card monitoring.


You can find additional information and FAQs about this incident at our website. If you have further questions, 
you may call us at 866-852-8680.
 
Thank you for your patience and your loyalty. 

Sincerely, 
Insurance Company CEO



Galaxy International Inc.
Cyril Daufeldt
3 Lawton St, New York,
New York, NY, 10013
(cyril_daufeldt@daufeldt.com)

Dear Cyril Daufeldt, 

Similarly, we also have a template for the company's letter: 
Cyril Daufeldt
3 Lawton St, New York,
New York, NY, 10013
(cyril_daufeldt@daufeldt.com)

Dear Cyril Daufeldt,
As you may have heard or read, last month we learned that criminals forced their way into our systems, 
and stole information about our customers. Late last week, as part of our ongoing investigation, 
we learned that the taken information includes names, mailing addresses, phone numbers or email addresses. 

I am writing to make you aware that your name, mailing address, phone number or email address may 
have been taken during the intrusion. 

I am truly sorry this incident occurred, and I sincerely regret any inconvenience it may cause you. 

Because we value you as a customer, and because your trust is important to us, our company is 
offering you one year of free credit monitoring through Experian’s ProtectMyID product, which includes 
identity theft insurance where available. Enclosed please find your additional information about your 
free credit card monitoring.


You can find additional information and FAQs about this incident at our website. If you have further questions, 
you may call us at 866-852-8680.
 
Thank you for your patience and your loyalty. 

Sincerely, 
Insurance Company CEO



Sigma Corp Of America.
Gayla Schnitzler
38 Pleasant Hill Rd, Hayward,
Alameda, CA, 94545
(gschnitzler@gmail.com)

Dear Gayla Schnitzler, 

Similarly, we also have a template for the company's letter: 
Gayla Schnitzler
38 Pleasant Hill Rd, Hayward,
Alameda, CA, 94545
(gschnitzler@gmail.com)

Dear Gayla Schnitzler,
As you may have heard or read, last month we learned that criminals forced their way into our systems, 
and stole information about our customers. Late last week, as part of our ongoing investigation, 
we learned that the taken information includes names, mailing addresses, phone numbers or email addresses. 

I am writing to make you aware that your name, mailing address, phone number or email address may 
have been taken during the intrusion. 

I am truly sorry this incident occurred, and I sincerely regret any inconvenience it may cause you. 

Because we value you as a customer, and because your trust is important to us, our company is 
offering you one year of free credit monitoring through Experian’s ProtectMyID product, which includes 
identity theft insurance where available. Enclosed please find your additional information about your 
free credit card monitoring.


You can find additional information and FAQs about this incident at our website. If you have further questions, 
you may call us at 866-852-8680.
 
Thank you for your patience and your loyalty. 

Sincerely, 
Insurance Company CEO



Soward, Anne Esq.
Erick Nievas
45 E Acacia Ct, Chicago,
Cook, IL, 60624
(erick_nievas@aol.com)

Dear Erick Nievas, 

Similarly, we also have a template for the company's letter: 
Erick Nievas
45 E Acacia Ct, Chicago,
Cook, IL, 60624
(erick_nievas@aol.com)

Dear Erick Nievas,
As you may have heard or read, last month we learned that criminals forced their way into our systems, 
and stole information about our customers. Late last week, as part of our ongoing investigation, 
we learned that the taken information includes names, mailing addresses, phone numbers or email addresses. 

I am writing to make you aware that your name, mailing address, phone number or email address may 
have been taken during the intrusion. 

I am truly sorry this incident occurred, and I sincerely regret any inconvenience it may cause you. 

Because we value you as a customer, and because your trust is important to us, our company is 
offering you one year of free credit monitoring through Experian’s ProtectMyID product, which includes 
identity theft insurance where available. Enclosed please find your additional information about your 
free credit card monitoring.


You can find additional information and FAQs about this incident at our website. If you have further questions, 
you may call us at 866-852-8680.
 
Thank you for your patience and your loyalty. 

Sincerely, 
Insurance Company CEO



Osborne, Michelle M Esq.
Jennie Drymon
63728 Poway Rd #1, Scranton,
Lackawanna, PA, 18509
(jennie@cox.net)

Dear Jennie Drymon, 

Similarly, we also have a template for the company's letter: 
Jennie Drymon
63728 Poway Rd #1, Scranton,
Lackawanna, PA, 18509
(jennie@cox.net)

Dear Jennie Drymon,
As you may have heard or read, last month we learned that criminals forced their way into our systems, 
and stole information about our customers. Late last week, as part of our ongoing investigation, 
we learned that the taken information includes names, mailing addresses, phone numbers or email addresses. 

I am writing to make you aware that your name, mailing address, phone number or email address may 
have been taken during the intrusion. 

I am truly sorry this incident occurred, and I sincerely regret any inconvenience it may cause you. 

Because we value you as a customer, and because your trust is important to us, our company is 
offering you one year of free credit monitoring through Experian’s ProtectMyID product, which includes 
identity theft insurance where available. Enclosed please find your additional information about your 
free credit card monitoring.


You can find additional information and FAQs about this incident at our website. If you have further questions, 
you may call us at 866-852-8680.
 
Thank you for your patience and your loyalty. 

Sincerely, 
Insurance Company CEO



Students In Free Entrprs Natl.
Mitsue Scipione
77 222 Dr, Oroville,
Butte, CA, 95965
(mscipione@scipione.com)

Dear Mitsue Scipione, 

Similarly, we also have a template for the company's letter: 
Mitsue Scipione
77 222 Dr, Oroville,
Butte, CA, 95965
(mscipione@scipione.com)

Dear Mitsue Scipione,
As you may have heard or read, last month we learned that criminals forced their way into our systems, 
and stole information about our customers. Late last week, as part of our ongoing investigation, 
we learned that the taken information includes names, mailing addresses, phone numbers or email addresses. 

I am writing to make you aware that your name, mailing address, phone number or email address may 
have been taken during the intrusion. 

I am truly sorry this incident occurred, and I sincerely regret any inconvenience it may cause you. 

Because we value you as a customer, and because your trust is important to us, our company is 
offering you one year of free credit monitoring through Experian’s ProtectMyID product, which includes 
identity theft insurance where available. Enclosed please find your additional information about your 
free credit card monitoring.


You can find additional information and FAQs about this incident at our website. If you have further questions, 
you may call us at 866-852-8680.
 
Thank you for your patience and your loyalty. 

Sincerely, 
Insurance Company CEO



Johnson, Robert M Esq.
Ciara Ventura
53 W Carey St, Port Jervis,
Orange, NY, 12771
(cventura@yahoo.com)

Dear Ciara Ventura, 

Similarly, we also have a template for the company's letter: 
Ciara Ventura
53 W Carey St, Port Jervis,
Orange, NY, 12771
(cventura@yahoo.com)

Dear Ciara Ventura,
As you may have heard or read, last month we learned that criminals forced their way into our systems, 
and stole information about our customers. Late last week, as part of our ongoing investigation, 
we learned that the taken information includes names, mailing addresses, phone numbers or email addresses. 

I am writing to make you aware that your name, mailing address, phone number or email address may 
have been taken during the intrusion. 

I am truly sorry this incident occurred, and I sincerely regret any inconvenience it may cause you. 

Because we value you as a customer, and because your trust is important to us, our company is 
offering you one year of free credit monitoring through Experian’s ProtectMyID product, which includes 
identity theft insurance where available. Enclosed please find your additional information about your 
free credit card monitoring.


You can find additional information and FAQs about this incident at our website. If you have further questions, 
you may call us at 866-852-8680.
 
Thank you for your patience and your loyalty. 

Sincerely, 
Insurance Company CEO



Del Charro Apartments.
Galen Cantres
617 Nw 36th Ave, Brook Park,
Cuyahoga, OH, 44142
(galen@yahoo.com)

Dear Galen Cantres, 

Similarly, we also have a template for the company's letter: 
Galen Cantres
617 Nw 36th Ave, Brook Park,
Cuyahoga, OH, 44142
(galen@yahoo.com)

Dear Galen Cantres,
As you may have heard or read, last month we learned that criminals forced their way into our systems, 
and stole information about our customers. Late last week, as part of our ongoing investigation, 
we learned that the taken information includes names, mailing addresses, phone numbers or email addresses. 

I am writing to make you aware that your name, mailing address, phone number or email address may 
have been taken during the intrusion. 

I am truly sorry this incident occurred, and I sincerely regret any inconvenience it may cause you. 

Because we value you as a customer, and because your trust is important to us, our company is 
offering you one year of free credit monitoring through Experian’s ProtectMyID product, which includes 
identity theft insurance where available. Enclosed please find your additional information about your 
free credit card monitoring.


You can find additional information and FAQs about this incident at our website. If you have further questions, 
you may call us at 866-852-8680.
 
Thank you for your patience and your loyalty. 

Sincerely, 
Insurance Company CEO



Legal Search Inc.
Truman Feichtner
539 Coldwater Canyon Ave, Bloomfield,
Essex, NJ, 07003
(tfeichtner@yahoo.com)

Dear Truman Feichtner, 

Similarly, we also have a template for the company's letter: 
Truman Feichtner
539 Coldwater Canyon Ave, Bloomfield,
Essex, NJ, 07003
(tfeichtner@yahoo.com)

Dear Truman Feichtner,
As you may have heard or read, last month we learned that criminals forced their way into our systems, 
and stole information about our customers. Late last week, as part of our ongoing investigation, 
we learned that the taken information includes names, mailing addresses, phone numbers or email addresses. 

I am writing to make you aware that your name, mailing address, phone number or email address may 
have been taken during the intrusion. 

I am truly sorry this incident occurred, and I sincerely regret any inconvenience it may cause you. 

Because we value you as a customer, and because your trust is important to us, our company is 
offering you one year of free credit monitoring through Experian’s ProtectMyID product, which includes 
identity theft insurance where available. Enclosed please find your additional information about your 
free credit card monitoring.


You can find additional information and FAQs about this incident at our website. If you have further questions, 
you may call us at 866-852-8680.
 
Thank you for your patience and your loyalty. 

Sincerely, 
Insurance Company CEO



Service Supply Co Inc.
Gail Kitty
735 Crawford Dr, Anchorage,
Anchorage, AK, 99501
(gail@kitty.com)

Dear Gail Kitty, 

Similarly, we also have a template for the company's letter: 
Gail Kitty
735 Crawford Dr, Anchorage,
Anchorage, AK, 99501
(gail@kitty.com)

Dear Gail Kitty,
As you may have heard or read, last month we learned that criminals forced their way into our systems, 
and stole information about our customers. Late last week, as part of our ongoing investigation, 
we learned that the taken information includes names, mailing addresses, phone numbers or email addresses. 

I am writing to make you aware that your name, mailing address, phone number or email address may 
have been taken during the intrusion. 

I am truly sorry this incident occurred, and I sincerely regret any inconvenience it may cause you. 

Because we value you as a customer, and because your trust is important to us, our company is 
offering you one year of free credit monitoring through Experian’s ProtectMyID product, which includes 
identity theft insurance where available. Enclosed please find your additional information about your 
free credit card monitoring.


You can find additional information and FAQs about this incident at our website. If you have further questions, 
you may call us at 866-852-8680.
 
Thank you for your patience and your loyalty. 

Sincerely, 
Insurance Company CEO



Sameshima, Douglas J Esq.
Dalene Schoeneck
910 Rahway Ave, Philadelphia,
Philadelphia, PA, 19102
(dalene@schoeneck.org)

Dear Dalene Schoeneck, 

Similarly, we also have a template for the company's letter: 
Dalene Schoeneck
910 Rahway Ave, Philadelphia,
Philadelphia, PA, 19102
(dalene@schoeneck.org)

Dear Dalene Schoeneck,
As you may have heard or read, last month we learned that criminals forced their way into our systems, 
and stole information about our customers. Late last week, as part of our ongoing investigation, 
we learned that the taken information includes names, mailing addresses, phone numbers or email addresses. 

I am writing to make you aware that your name, mailing address, phone number or email address may 
have been taken during the intrusion. 

I am truly sorry this incident occurred, and I sincerely regret any inconvenience it may cause you. 

Because we value you as a customer, and because your trust is important to us, our company is 
offering you one year of free credit monitoring through Experian’s ProtectMyID product, which includes 
identity theft insurance where available. Enclosed please find your additional information about your 
free credit card monitoring.


You can find additional information and FAQs about this incident at our website. If you have further questions, 
you may call us at 866-852-8680.
 
Thank you for your patience and your loyalty. 

Sincerely, 
Insurance Company CEO



Thompson, John Randolph Jr.
Gertude Witten
7 Tarrytown Rd, Cincinnati,
Hamilton, OH, 45217
(gertude.witten@gmail.com)

Dear Gertude Witten, 

Similarly, we also have a template for the company's letter: 
Gertude Witten
7 Tarrytown Rd, Cincinnati,
Hamilton, OH, 45217
(gertude.witten@gmail.com)

Dear Gertude Witten,
As you may have heard or read, last month we learned that criminals forced their way into our systems, 
and stole information about our customers. Late last week, as part of our ongoing investigation, 
we learned that the taken information includes names, mailing addresses, phone numbers or email addresses. 

I am writing to make you aware that your name, mailing address, phone number or email address may 
have been taken during the intrusion. 

I am truly sorry this incident occurred, and I sincerely regret any inconvenience it may cause you. 

Because we value you as a customer, and because your trust is important to us, our company is 
offering you one year of free credit monitoring through Experian’s ProtectMyID product, which includes 
identity theft insurance where available. Enclosed please find your additional information about your 
free credit card monitoring.


You can find additional information and FAQs about this incident at our website. If you have further questions, 
you may call us at 866-852-8680.
 
Thank you for your patience and your loyalty. 

Sincerely, 
Insurance Company CEO



E T Balancing Co Inc.
Lizbeth Kohl
35433 Blake St #588, Gardena,
Los Angeles, CA, 90248
(lizbeth@yahoo.com)

Dear Lizbeth Kohl, 

Similarly, we also have a template for the company's letter: 
Lizbeth Kohl
35433 Blake St #588, Gardena,
Los Angeles, CA, 90248
(lizbeth@yahoo.com)

Dear Lizbeth Kohl,
As you may have heard or read, last month we learned that criminals forced their way into our systems, 
and stole information about our customers. Late last week, as part of our ongoing investigation, 
we learned that the taken information includes names, mailing addresses, phone numbers or email addresses. 

I am writing to make you aware that your name, mailing address, phone number or email address may 
have been taken during the intrusion. 

I am truly sorry this incident occurred, and I sincerely regret any inconvenience it may cause you. 

Because we value you as a customer, and because your trust is important to us, our company is 
offering you one year of free credit monitoring through Experian’s ProtectMyID product, which includes 
identity theft insurance where available. Enclosed please find your additional information about your 
free credit card monitoring.


You can find additional information and FAQs about this incident at our website. If you have further questions, 
you may call us at 866-852-8680.
 
Thank you for your patience and your loyalty. 

Sincerely, 
Insurance Company CEO



Griswold, John E Esq.
Glenn Berray
29 Cherry St #7073, Des Moines,
Polk, IA, 50315
(gberray@gmail.com)

Dear Glenn Berray, 

Similarly, we also have a template for the company's letter: 
Glenn Berray
29 Cherry St #7073, Des Moines,
Polk, IA, 50315
(gberray@gmail.com)

Dear Glenn Berray,
As you may have heard or read, last month we learned that criminals forced their way into our systems, 
and stole information about our customers. Late last week, as part of our ongoing investigation, 
we learned that the taken information includes names, mailing addresses, phone numbers or email addresses. 

I am writing to make you aware that your name, mailing address, phone number or email address may 
have been taken during the intrusion. 

I am truly sorry this incident occurred, and I sincerely regret any inconvenience it may cause you. 

Because we value you as a customer, and because your trust is important to us, our company is 
offering you one year of free credit monitoring through Experian’s ProtectMyID product, which includes 
identity theft insurance where available. Enclosed please find your additional information about your 
free credit card monitoring.


You can find additional information and FAQs about this incident at our website. If you have further questions, 
you may call us at 866-852-8680.
 
Thank you for your patience and your loyalty. 

Sincerely, 
Insurance Company CEO



Acqua Group.
Lashandra Klang
810 N La Brea Ave, King of Prussia,
Montgomery, PA, 19406
(lashandra@yahoo.com)

Dear Lashandra Klang, 

Similarly, we also have a template for the company's letter: 
Lashandra Klang
810 N La Brea Ave, King of Prussia,
Montgomery, PA, 19406
(lashandra@yahoo.com)

Dear Lashandra Klang,
As you may have heard or read, last month we learned that criminals forced their way into our systems, 
and stole information about our customers. Late last week, as part of our ongoing investigation, 
we learned that the taken information includes names, mailing addresses, phone numbers or email addresses. 

I am writing to make you aware that your name, mailing address, phone number or email address may 
have been taken during the intrusion. 

I am truly sorry this incident occurred, and I sincerely regret any inconvenience it may cause you. 

Because we value you as a customer, and because your trust is important to us, our company is 
offering you one year of free credit monitoring through Experian’s ProtectMyID product, which includes 
identity theft insurance where available. Enclosed please find your additional information about your 
free credit card monitoring.


You can find additional information and FAQs about this incident at our website. If you have further questions, 
you may call us at 866-852-8680.
 
Thank you for your patience and your loyalty. 

Sincerely, 
Insurance Company CEO



Brooks, Morris J Jr.
Lenna Newville
987 Main St, Raleigh,
Wake, NC, 27601
(lnewville@newville.com)

Dear Lenna Newville, 

Similarly, we also have a template for the company's letter: 
Lenna Newville
987 Main St, Raleigh,
Wake, NC, 27601
(lnewville@newville.com)

Dear Lenna Newville,
As you may have heard or read, last month we learned that criminals forced their way into our systems, 
and stole information about our customers. Late last week, as part of our ongoing investigation, 
we learned that the taken information includes names, mailing addresses, phone numbers or email addresses. 

I am writing to make you aware that your name, mailing address, phone number or email address may 
have been taken during the intrusion. 

I am truly sorry this incident occurred, and I sincerely regret any inconvenience it may cause you. 

Because we value you as a customer, and because your trust is important to us, our company is 
offering you one year of free credit monitoring through Experian’s ProtectMyID product, which includes 
identity theft insurance where available. Enclosed please find your additional information about your 
free credit card monitoring.


You can find additional information and FAQs about this incident at our website. If you have further questions, 
you may call us at 866-852-8680.
 
Thank you for your patience and your loyalty. 

Sincerely, 
Insurance Company CEO



Printing Images Corp.
Laurel Pagliuca
36 Enterprise St Se, Richland,
Benton, WA, 99352
(laurel@yahoo.com)

Dear Laurel Pagliuca, 

Similarly, we also have a template for the company's letter: 
Laurel Pagliuca
36 Enterprise St Se, Richland,
Benton, WA, 99352
(laurel@yahoo.com)

Dear Laurel Pagliuca,
As you may have heard or read, last month we learned that criminals forced their way into our systems, 
and stole information about our customers. Late last week, as part of our ongoing investigation, 
we learned that the taken information includes names, mailing addresses, phone numbers or email addresses. 

I am writing to make you aware that your name, mailing address, phone number or email address may 
have been taken during the intrusion. 

I am truly sorry this incident occurred, and I sincerely regret any inconvenience it may cause you. 

Because we value you as a customer, and because your trust is important to us, our company is 
offering you one year of free credit monitoring through Experian’s ProtectMyID product, which includes 
identity theft insurance where available. Enclosed please find your additional information about your 
free credit card monitoring.


You can find additional information and FAQs about this incident at our website. If you have further questions, 
you may call us at 866-852-8680.
 
Thank you for your patience and your loyalty. 

Sincerely, 
Insurance Company CEO



Roberts Supply Co Inc.
Mireya Frerking
8429 Miller Rd, Pelham,
Westchester, NY, 10803
(mireya.frerking@hotmail.com)

Dear Mireya Frerking, 

Similarly, we also have a template for the company's letter: 
Mireya Frerking
8429 Miller Rd, Pelham,
Westchester, NY, 10803
(mireya.frerking@hotmail.com)

Dear Mireya Frerking,
As you may have heard or read, last month we learned that criminals forced their way into our systems, 
and stole information about our customers. Late last week, as part of our ongoing investigation, 
we learned that the taken information includes names, mailing addresses, phone numbers or email addresses. 

I am writing to make you aware that your name, mailing address, phone number or email address may 
have been taken during the intrusion. 

I am truly sorry this incident occurred, and I sincerely regret any inconvenience it may cause you. 

Because we value you as a customer, and because your trust is important to us, our company is 
offering you one year of free credit monitoring through Experian’s ProtectMyID product, which includes 
identity theft insurance where available. Enclosed please find your additional information about your 
free credit card monitoring.


You can find additional information and FAQs about this incident at our website. If you have further questions, 
you may call us at 866-852-8680.
 
Thank you for your patience and your loyalty. 

Sincerely, 
Insurance Company CEO



Vico Products Mfg Co.
Annelle Tagala
5 W 7th St, Parkville,
Baltimore, MD, 21234
(annelle@yahoo.com)

Dear Annelle Tagala, 

Similarly, we also have a template for the company's letter: 
Annelle Tagala
5 W 7th St, Parkville,
Baltimore, MD, 21234
(annelle@yahoo.com)

Dear Annelle Tagala,
As you may have heard or read, last month we learned that criminals forced their way into our systems, 
and stole information about our customers. Late last week, as part of our ongoing investigation, 
we learned that the taken information includes names, mailing addresses, phone numbers or email addresses. 

I am writing to make you aware that your name, mailing address, phone number or email address may 
have been taken during the intrusion. 

I am truly sorry this incident occurred, and I sincerely regret any inconvenience it may cause you. 

Because we value you as a customer, and because your trust is important to us, our company is 
offering you one year of free credit monitoring through Experian’s ProtectMyID product, which includes 
identity theft insurance where available. Enclosed please find your additional information about your 
free credit card monitoring.


You can find additional information and FAQs about this incident at our website. If you have further questions, 
you may call us at 866-852-8680.
 
Thank you for your patience and your loyalty. 

Sincerely, 
Insurance Company CEO



J M Custom Design Millwork.
Dean Ketelsen
2 Flynn Rd, Hicksville,
Nassau, NY, 11801
(dean_ketelsen@gmail.com)

Dear Dean Ketelsen, 

Similarly, we also have a template for the company's letter: 
Dean Ketelsen
2 Flynn Rd, Hicksville,
Nassau, NY, 11801
(dean_ketelsen@gmail.com)

Dear Dean Ketelsen,
As you may have heard or read, last month we learned that criminals forced their way into our systems, 
and stole information about our customers. Late last week, as part of our ongoing investigation, 
we learned that the taken information includes names, mailing addresses, phone numbers or email addresses. 

I am writing to make you aware that your name, mailing address, phone number or email address may 
have been taken during the intrusion. 

I am truly sorry this incident occurred, and I sincerely regret any inconvenience it may cause you. 

Because we value you as a customer, and because your trust is important to us, our company is 
offering you one year of free credit monitoring through Experian’s ProtectMyID product, which includes 
identity theft insurance where available. Enclosed please find your additional information about your 
free credit card monitoring.


You can find additional information and FAQs about this incident at our website. If you have further questions, 
you may call us at 866-852-8680.
 
Thank you for your patience and your loyalty. 

Sincerely, 
Insurance Company CEO



Farrell & Johnson Office Equip.
Levi Munis
2094 Ne 36th Ave, Worcester,
Worcester, MA, 01603
(levi.munis@gmail.com)

Dear Levi Munis, 

Similarly, we also have a template for the company's letter: 
Levi Munis
2094 Ne 36th Ave, Worcester,
Worcester, MA, 01603
(levi.munis@gmail.com)

Dear Levi Munis,
As you may have heard or read, last month we learned that criminals forced their way into our systems, 
and stole information about our customers. Late last week, as part of our ongoing investigation, 
we learned that the taken information includes names, mailing addresses, phone numbers or email addresses. 

I am writing to make you aware that your name, mailing address, phone number or email address may 
have been taken during the intrusion. 

I am truly sorry this incident occurred, and I sincerely regret any inconvenience it may cause you. 

Because we value you as a customer, and because your trust is important to us, our company is 
offering you one year of free credit monitoring through Experian’s ProtectMyID product, which includes 
identity theft insurance where available. Enclosed please find your additional information about your 
free credit card monitoring.


You can find additional information and FAQs about this incident at our website. If you have further questions, 
you may call us at 866-852-8680.
 
Thank you for your patience and your loyalty. 

Sincerely, 
Insurance Company CEO



Millers Market & Deli.
Sylvie Ryser
649 Tulane Ave, Tulsa,
Tulsa, OK, 74105
(sylvie@aol.com)

Dear Sylvie Ryser, 

Similarly, we also have a template for the company's letter: 
Sylvie Ryser
649 Tulane Ave, Tulsa,
Tulsa, OK, 74105
(sylvie@aol.com)

Dear Sylvie Ryser,
As you may have heard or read, last month we learned that criminals forced their way into our systems, 
and stole information about our customers. Late last week, as part of our ongoing investigation, 
we learned that the taken information includes names, mailing addresses, phone numbers or email addresses. 

I am writing to make you aware that your name, mailing address, phone number or email address may 
have been taken during the intrusion. 

I am truly sorry this incident occurred, and I sincerely regret any inconvenience it may cause you. 

Because we value you as a customer, and because your trust is important to us, our company is 
offering you one year of free credit monitoring through Experian’s ProtectMyID product, which includes 
identity theft insurance where available. Enclosed please find your additional information about your 
free credit card monitoring.


You can find additional information and FAQs about this incident at our website. If you have further questions, 
you may call us at 866-852-8680.
 
Thank you for your patience and your loyalty. 

Sincerely, 
Insurance Company CEO



Holiday Inn Naperville.
Sharee Maile
2094 Montour Blvd, Muskegon,
Muskegon, MI, 49442
(sharee_maile@aol.com)

Dear Sharee Maile, 

Similarly, we also have a template for the company's letter: 
Sharee Maile
2094 Montour Blvd, Muskegon,
Muskegon, MI, 49442
(sharee_maile@aol.com)

Dear Sharee Maile,
As you may have heard or read, last month we learned that criminals forced their way into our systems, 
and stole information about our customers. Late last week, as part of our ongoing investigation, 
we learned that the taken information includes names, mailing addresses, phone numbers or email addresses. 

I am writing to make you aware that your name, mailing address, phone number or email address may 
have been taken during the intrusion. 

I am truly sorry this incident occurred, and I sincerely regret any inconvenience it may cause you. 

Because we value you as a customer, and because your trust is important to us, our company is 
offering you one year of free credit monitoring through Experian’s ProtectMyID product, which includes 
identity theft insurance where available. Enclosed please find your additional information about your 
free credit card monitoring.


You can find additional information and FAQs about this incident at our website. If you have further questions, 
you may call us at 866-852-8680.
 
Thank you for your patience and your loyalty. 

Sincerely, 
Insurance Company CEO



Burrows, Jon H Esq.
Cordelia Storment
393 Hammond Dr, Lafayette,
Lafayette, LA, 70506
(cordelia_storment@aol.com)

Dear Cordelia Storment, 

Similarly, we also have a template for the company's letter: 
Cordelia Storment
393 Hammond Dr, Lafayette,
Lafayette, LA, 70506
(cordelia_storment@aol.com)

Dear Cordelia Storment,
As you may have heard or read, last month we learned that criminals forced their way into our systems, 
and stole information about our customers. Late last week, as part of our ongoing investigation, 
we learned that the taken information includes names, mailing addresses, phone numbers or email addresses. 

I am writing to make you aware that your name, mailing address, phone number or email address may 
have been taken during the intrusion. 

I am truly sorry this incident occurred, and I sincerely regret any inconvenience it may cause you. 

Because we value you as a customer, and because your trust is important to us, our company is 
offering you one year of free credit monitoring through Experian’s ProtectMyID product, which includes 
identity theft insurance where available. Enclosed please find your additional information about your 
free credit card monitoring.


You can find additional information and FAQs about this incident at our website. If you have further questions, 
you may call us at 866-852-8680.
 
Thank you for your patience and your loyalty. 

Sincerely, 
Insurance Company CEO



Dock Seal Specialty.
Mollie Mcdoniel
8590 Lake Lizzie Dr, Bowling Green,
Wood, OH, 43402
(mollie_mcdoniel@yahoo.com)

Dear Mollie Mcdoniel, 

Similarly, we also have a template for the company's letter: 
Mollie Mcdoniel
8590 Lake Lizzie Dr, Bowling Green,
Wood, OH, 43402
(mollie_mcdoniel@yahoo.com)

Dear Mollie Mcdoniel,
As you may have heard or read, last month we learned that criminals forced their way into our systems, 
and stole information about our customers. Late last week, as part of our ongoing investigation, 
we learned that the taken information includes names, mailing addresses, phone numbers or email addresses. 

I am writing to make you aware that your name, mailing address, phone number or email address may 
have been taken during the intrusion. 

I am truly sorry this incident occurred, and I sincerely regret any inconvenience it may cause you. 

Because we value you as a customer, and because your trust is important to us, our company is 
offering you one year of free credit monitoring through Experian’s ProtectMyID product, which includes 
identity theft insurance where available. Enclosed please find your additional information about your 
free credit card monitoring.


You can find additional information and FAQs about this incident at our website. If you have further questions, 
you may call us at 866-852-8680.
 
Thank you for your patience and your loyalty. 

Sincerely, 
Insurance Company CEO



Five Star Limousines Of Tx Inc.
Brett Mccullan
87895 Concord Rd, La Mesa,
San Diego, CA, 91942
(brett.mccullan@mccullan.com)

Dear Brett Mccullan, 

Similarly, we also have a template for the company's letter: 
Brett Mccullan
87895 Concord Rd, La Mesa,
San Diego, CA, 91942
(brett.mccullan@mccullan.com)

Dear Brett Mccullan,
As you may have heard or read, last month we learned that criminals forced their way into our systems, 
and stole information about our customers. Late last week, as part of our ongoing investigation, 
we learned that the taken information includes names, mailing addresses, phone numbers or email addresses. 

I am writing to make you aware that your name, mailing address, phone number or email address may 
have been taken during the intrusion. 

I am truly sorry this incident occurred, and I sincerely regret any inconvenience it may cause you. 

Because we value you as a customer, and because your trust is important to us, our company is 
offering you one year of free credit monitoring through Experian’s ProtectMyID product, which includes 
identity theft insurance where available. Enclosed please find your additional information about your 
free credit card monitoring.


You can find additional information and FAQs about this incident at our website. If you have further questions, 
you may call us at 866-852-8680.
 
Thank you for your patience and your loyalty. 

Sincerely, 
Insurance Company CEO



Barkan, Neal J Esq.
Teddy Pedrozo
46314 Route 130, Bridgeport,
Fairfield, CT, 06610
(teddy_pedrozo@aol.com)

Dear Teddy Pedrozo, 

Similarly, we also have a template for the company's letter: 
Teddy Pedrozo
46314 Route 130, Bridgeport,
Fairfield, CT, 06610
(teddy_pedrozo@aol.com)

Dear Teddy Pedrozo,
As you may have heard or read, last month we learned that criminals forced their way into our systems, 
and stole information about our customers. Late last week, as part of our ongoing investigation, 
we learned that the taken information includes names, mailing addresses, phone numbers or email addresses. 

I am writing to make you aware that your name, mailing address, phone number or email address may 
have been taken during the intrusion. 

I am truly sorry this incident occurred, and I sincerely regret any inconvenience it may cause you. 

Because we value you as a customer, and because your trust is important to us, our company is 
offering you one year of free credit monitoring through Experian’s ProtectMyID product, which includes 
identity theft insurance where available. Enclosed please find your additional information about your 
free credit card monitoring.


You can find additional information and FAQs about this incident at our website. If you have further questions, 
you may call us at 866-852-8680.
 
Thank you for your patience and your loyalty. 

Sincerely, 
Insurance Company CEO



Campbell, Robert A.
Tasia Andreason
4 Cowesett Ave, Kearny,
Hudson, NJ, 07032
(tasia_andreason@yahoo.com)

Dear Tasia Andreason, 

Similarly, we also have a template for the company's letter: 
Tasia Andreason
4 Cowesett Ave, Kearny,
Hudson, NJ, 07032
(tasia_andreason@yahoo.com)

Dear Tasia Andreason,
As you may have heard or read, last month we learned that criminals forced their way into our systems, 
and stole information about our customers. Late last week, as part of our ongoing investigation, 
we learned that the taken information includes names, mailing addresses, phone numbers or email addresses. 

I am writing to make you aware that your name, mailing address, phone number or email address may 
have been taken during the intrusion. 

I am truly sorry this incident occurred, and I sincerely regret any inconvenience it may cause you. 

Because we value you as a customer, and because your trust is important to us, our company is 
offering you one year of free credit monitoring through Experian’s ProtectMyID product, which includes 
identity theft insurance where available. Enclosed please find your additional information about your 
free credit card monitoring.


You can find additional information and FAQs about this incident at our website. If you have further questions, 
you may call us at 866-852-8680.
 
Thank you for your patience and your loyalty. 

Sincerely, 
Insurance Company CEO



Dee, Deanna.
Hubert Walthall
95 Main Ave #2, Barberton,
Summit, OH, 44203
(hubert@walthall.org)

Dear Hubert Walthall, 

Similarly, we also have a template for the company's letter: 
Hubert Walthall
95 Main Ave #2, Barberton,
Summit, OH, 44203
(hubert@walthall.org)

Dear Hubert Walthall,
As you may have heard or read, last month we learned that criminals forced their way into our systems, 
and stole information about our customers. Late last week, as part of our ongoing investigation, 
we learned that the taken information includes names, mailing addresses, phone numbers or email addresses. 

I am writing to make you aware that your name, mailing address, phone number or email address may 
have been taken during the intrusion. 

I am truly sorry this incident occurred, and I sincerely regret any inconvenience it may cause you. 

Because we value you as a customer, and because your trust is important to us, our company is 
offering you one year of free credit monitoring through Experian’s ProtectMyID product, which includes 
identity theft insurance where available. Enclosed please find your additional information about your 
free credit card monitoring.


You can find additional information and FAQs about this incident at our website. If you have further questions, 
you may call us at 866-852-8680.
 
Thank you for your patience and your loyalty. 

Sincerely, 
Insurance Company CEO



Young, Timothy L Esq.
Arthur Farrow
28 S 7th St #2824, Englewood,
Bergen, NJ, 07631
(arthur.farrow@yahoo.com)

Dear Arthur Farrow, 

Similarly, we also have a template for the company's letter: 
Arthur Farrow
28 S 7th St #2824, Englewood,
Bergen, NJ, 07631
(arthur.farrow@yahoo.com)

Dear Arthur Farrow,
As you may have heard or read, last month we learned that criminals forced their way into our systems, 
and stole information about our customers. Late last week, as part of our ongoing investigation, 
we learned that the taken information includes names, mailing addresses, phone numbers or email addresses. 

I am writing to make you aware that your name, mailing address, phone number or email address may 
have been taken during the intrusion. 

I am truly sorry this incident occurred, and I sincerely regret any inconvenience it may cause you. 

Because we value you as a customer, and because your trust is important to us, our company is 
offering you one year of free credit monitoring through Experian’s ProtectMyID product, which includes 
identity theft insurance where available. Enclosed please find your additional information about your 
free credit card monitoring.


You can find additional information and FAQs about this incident at our website. If you have further questions, 
you may call us at 866-852-8680.
 
Thank you for your patience and your loyalty. 

Sincerely, 
Insurance Company CEO



Wells, D Fred Esq.
Vilma Berlanga
79 S Howell Ave, Grand Rapids,
Kent, MI, 49546
(vberlanga@berlanga.com)

Dear Vilma Berlanga, 

Similarly, we also have a template for the company's letter: 
Vilma Berlanga
79 S Howell Ave, Grand Rapids,
Kent, MI, 49546
(vberlanga@berlanga.com)

Dear Vilma Berlanga,
As you may have heard or read, last month we learned that criminals forced their way into our systems, 
and stole information about our customers. Late last week, as part of our ongoing investigation, 
we learned that the taken information includes names, mailing addresses, phone numbers or email addresses. 

I am writing to make you aware that your name, mailing address, phone number or email address may 
have been taken during the intrusion. 

I am truly sorry this incident occurred, and I sincerely regret any inconvenience it may cause you. 

Because we value you as a customer, and because your trust is important to us, our company is 
offering you one year of free credit monitoring through Experian’s ProtectMyID product, which includes 
identity theft insurance where available. Enclosed please find your additional information about your 
free credit card monitoring.


You can find additional information and FAQs about this incident at our website. If you have further questions, 
you may call us at 866-852-8680.
 
Thank you for your patience and your loyalty. 

Sincerely, 
Insurance Company CEO



Gray, Francine H Esq.
Billye Miro
36 Lancaster Dr Se, Pearl,
Rankin, MS, 39208
(billye_miro@cox.net)

Dear Billye Miro, 

Similarly, we also have a template for the company's letter: 
Billye Miro
36 Lancaster Dr Se, Pearl,
Rankin, MS, 39208
(billye_miro@cox.net)

Dear Billye Miro,
As you may have heard or read, last month we learned that criminals forced their way into our systems, 
and stole information about our customers. Late last week, as part of our ongoing investigation, 
we learned that the taken information includes names, mailing addresses, phone numbers or email addresses. 

I am writing to make you aware that your name, mailing address, phone number or email address may 
have been taken during the intrusion. 

I am truly sorry this incident occurred, and I sincerely regret any inconvenience it may cause you. 

Because we value you as a customer, and because your trust is important to us, our company is 
offering you one year of free credit monitoring through Experian’s ProtectMyID product, which includes 
identity theft insurance where available. Enclosed please find your additional information about your 
free credit card monitoring.


You can find additional information and FAQs about this incident at our website. If you have further questions, 
you may call us at 866-852-8680.
 
Thank you for your patience and your loyalty. 

Sincerely, 
Insurance Company CEO



Toledo Iv Care.
Glenna Slayton
2759 Livingston Ave, Memphis,
Shelby, TN, 38118
(glenna_slayton@cox.net)

Dear Glenna Slayton, 

Similarly, we also have a template for the company's letter: 
Glenna Slayton
2759 Livingston Ave, Memphis,
Shelby, TN, 38118
(glenna_slayton@cox.net)

Dear Glenna Slayton,
As you may have heard or read, last month we learned that criminals forced their way into our systems, 
and stole information about our customers. Late last week, as part of our ongoing investigation, 
we learned that the taken information includes names, mailing addresses, phone numbers or email addresses. 

I am writing to make you aware that your name, mailing address, phone number or email address may 
have been taken during the intrusion. 

I am truly sorry this incident occurred, and I sincerely regret any inconvenience it may cause you. 

Because we value you as a customer, and because your trust is important to us, our company is 
offering you one year of free credit monitoring through Experian’s ProtectMyID product, which includes 
identity theft insurance where available. Enclosed please find your additional information about your 
free credit card monitoring.


You can find additional information and FAQs about this incident at our website. If you have further questions, 
you may call us at 866-852-8680.
 
Thank you for your patience and your loyalty. 

Sincerely, 
Insurance Company CEO



Cangro Transmission Co.
Mitzie Hudnall
17 Jersey Ave, Englewood,
Arapahoe, CO, 80110
(mitzie_hudnall@yahoo.com)

Dear Mitzie Hudnall, 

Similarly, we also have a template for the company's letter: 
Mitzie Hudnall
17 Jersey Ave, Englewood,
Arapahoe, CO, 80110
(mitzie_hudnall@yahoo.com)

Dear Mitzie Hudnall,
As you may have heard or read, last month we learned that criminals forced their way into our systems, 
and stole information about our customers. Late last week, as part of our ongoing investigation, 
we learned that the taken information includes names, mailing addresses, phone numbers or email addresses. 

I am writing to make you aware that your name, mailing address, phone number or email address may 
have been taken during the intrusion. 

I am truly sorry this incident occurred, and I sincerely regret any inconvenience it may cause you. 

Because we value you as a customer, and because your trust is important to us, our company is 
offering you one year of free credit monitoring through Experian’s ProtectMyID product, which includes 
identity theft insurance where available. Enclosed please find your additional information about your 
free credit card monitoring.


You can find additional information and FAQs about this incident at our website. If you have further questions, 
you may call us at 866-852-8680.
 
Thank you for your patience and your loyalty. 

Sincerely, 
Insurance Company CEO



Sat Poly Inc.
Bernardine Rodefer
2 W Grand Ave, Memphis,
Shelby, TN, 38112
(bernardine_rodefer@yahoo.com)

Dear Bernardine Rodefer, 

Similarly, we also have a template for the company's letter: 
Bernardine Rodefer
2 W Grand Ave, Memphis,
Shelby, TN, 38112
(bernardine_rodefer@yahoo.com)

Dear Bernardine Rodefer,
As you may have heard or read, last month we learned that criminals forced their way into our systems, 
and stole information about our customers. Late last week, as part of our ongoing investigation, 
we learned that the taken information includes names, mailing addresses, phone numbers or email addresses. 

I am writing to make you aware that your name, mailing address, phone number or email address may 
have been taken during the intrusion. 

I am truly sorry this incident occurred, and I sincerely regret any inconvenience it may cause you. 

Because we value you as a customer, and because your trust is important to us, our company is 
offering you one year of free credit monitoring through Experian’s ProtectMyID product, which includes 
identity theft insurance where available. Enclosed please find your additional information about your 
free credit card monitoring.


You can find additional information and FAQs about this incident at our website. If you have further questions, 
you may call us at 866-852-8680.
 
Thank you for your patience and your loyalty. 

Sincerely, 
Insurance Company CEO



Midwest Contracting & Mfg Inc.
Staci Schmaltz
18 Coronado Ave #563, Pasadena,
Los Angeles, CA, 91106
(staci_schmaltz@aol.com)

Dear Staci Schmaltz, 

Similarly, we also have a template for the company's letter: 
Staci Schmaltz
18 Coronado Ave #563, Pasadena,
Los Angeles, CA, 91106
(staci_schmaltz@aol.com)

Dear Staci Schmaltz,
As you may have heard or read, last month we learned that criminals forced their way into our systems, 
and stole information about our customers. Late last week, as part of our ongoing investigation, 
we learned that the taken information includes names, mailing addresses, phone numbers or email addresses. 

I am writing to make you aware that your name, mailing address, phone number or email address may 
have been taken during the intrusion. 

I am truly sorry this incident occurred, and I sincerely regret any inconvenience it may cause you. 

Because we value you as a customer, and because your trust is important to us, our company is 
offering you one year of free credit monitoring through Experian’s ProtectMyID product, which includes 
identity theft insurance where available. Enclosed please find your additional information about your 
free credit card monitoring.


You can find additional information and FAQs about this incident at our website. If you have further questions, 
you may call us at 866-852-8680.
 
Thank you for your patience and your loyalty. 

Sincerely, 
Insurance Company CEO



Print Doctor.
Nichelle Meteer
72 Beechwood Ter, Chicago,
Cook, IL, 60657
(nichelle_meteer@meteer.com)

Dear Nichelle Meteer, 

Similarly, we also have a template for the company's letter: 
Nichelle Meteer
72 Beechwood Ter, Chicago,
Cook, IL, 60657
(nichelle_meteer@meteer.com)

Dear Nichelle Meteer,
As you may have heard or read, last month we learned that criminals forced their way into our systems, 
and stole information about our customers. Late last week, as part of our ongoing investigation, 
we learned that the taken information includes names, mailing addresses, phone numbers or email addresses. 

I am writing to make you aware that your name, mailing address, phone number or email address may 
have been taken during the intrusion. 

I am truly sorry this incident occurred, and I sincerely regret any inconvenience it may cause you. 

Because we value you as a customer, and because your trust is important to us, our company is 
offering you one year of free credit monitoring through Experian’s ProtectMyID product, which includes 
identity theft insurance where available. Enclosed please find your additional information about your 
free credit card monitoring.


You can find additional information and FAQs about this incident at our website. If you have further questions, 
you may call us at 866-852-8680.
 
Thank you for your patience and your loyalty. 

Sincerely, 
Insurance Company CEO



Nordic Group Inc.
Janine Rhoden
92 Broadway, Astoria,
Queens, NY, 11103
(jrhoden@yahoo.com)

Dear Janine Rhoden, 

Similarly, we also have a template for the company's letter: 
Janine Rhoden
92 Broadway, Astoria,
Queens, NY, 11103
(jrhoden@yahoo.com)

Dear Janine Rhoden,
As you may have heard or read, last month we learned that criminals forced their way into our systems, 
and stole information about our customers. Late last week, as part of our ongoing investigation, 
we learned that the taken information includes names, mailing addresses, phone numbers or email addresses. 

I am writing to make you aware that your name, mailing address, phone number or email address may 
have been taken during the intrusion. 

I am truly sorry this incident occurred, and I sincerely regret any inconvenience it may cause you. 

Because we value you as a customer, and because your trust is important to us, our company is 
offering you one year of free credit monitoring through Experian’s ProtectMyID product, which includes 
identity theft insurance where available. Enclosed please find your additional information about your 
free credit card monitoring.


You can find additional information and FAQs about this incident at our website. If you have further questions, 
you may call us at 866-852-8680.
 
Thank you for your patience and your loyalty. 

Sincerely, 
Insurance Company CEO



Jackson Millwork Co.
Ettie Hoopengardner
39 Franklin Ave, Richland,
Benton, WA, 99352
(ettie.hoopengardner@hotmail.com)

Dear Ettie Hoopengardner, 

Similarly, we also have a template for the company's letter: 
Ettie Hoopengardner
39 Franklin Ave, Richland,
Benton, WA, 99352
(ettie.hoopengardner@hotmail.com)

Dear Ettie Hoopengardner,
As you may have heard or read, last month we learned that criminals forced their way into our systems, 
and stole information about our customers. Late last week, as part of our ongoing investigation, 
we learned that the taken information includes names, mailing addresses, phone numbers or email addresses. 

I am writing to make you aware that your name, mailing address, phone number or email address may 
have been taken during the intrusion. 

I am truly sorry this incident occurred, and I sincerely regret any inconvenience it may cause you. 

Because we value you as a customer, and because your trust is important to us, our company is 
offering you one year of free credit monitoring through Experian’s ProtectMyID product, which includes 
identity theft insurance where available. Enclosed please find your additional information about your 
free credit card monitoring.


You can find additional information and FAQs about this incident at our website. If you have further questions, 
you may call us at 866-852-8680.
 
Thank you for your patience and your loyalty. 

Sincerely, 
Insurance Company CEO



Harris Corporation.
Eden Jayson
4 Iwaena St, Baltimore,
Baltimore City, MD, 21202
(eden_jayson@yahoo.com)

Dear Eden Jayson, 

Similarly, we also have a template for the company's letter: 
Eden Jayson
4 Iwaena St, Baltimore,
Baltimore City, MD, 21202
(eden_jayson@yahoo.com)

Dear Eden Jayson,
As you may have heard or read, last month we learned that criminals forced their way into our systems, 
and stole information about our customers. Late last week, as part of our ongoing investigation, 
we learned that the taken information includes names, mailing addresses, phone numbers or email addresses. 

I am writing to make you aware that your name, mailing address, phone number or email address may 
have been taken during the intrusion. 

I am truly sorry this incident occurred, and I sincerely regret any inconvenience it may cause you. 

Because we value you as a customer, and because your trust is important to us, our company is 
offering you one year of free credit monitoring through Experian’s ProtectMyID product, which includes 
identity theft insurance where available. Enclosed please find your additional information about your 
free credit card monitoring.


You can find additional information and FAQs about this incident at our website. If you have further questions, 
you may call us at 866-852-8680.
 
Thank you for your patience and your loyalty. 

Sincerely, 
Insurance Company CEO



United Cerebral Palsy Of Ne Pa.
Lynelle Auber
32820 Corkwood Rd, Newark,
Essex, NJ, 07104
(lynelle_auber@gmail.com)

Dear Lynelle Auber, 

Similarly, we also have a template for the company's letter: 
Lynelle Auber
32820 Corkwood Rd, Newark,
Essex, NJ, 07104
(lynelle_auber@gmail.com)

Dear Lynelle Auber,
As you may have heard or read, last month we learned that criminals forced their way into our systems, 
and stole information about our customers. Late last week, as part of our ongoing investigation, 
we learned that the taken information includes names, mailing addresses, phone numbers or email addresses. 

I am writing to make you aware that your name, mailing address, phone number or email address may 
have been taken during the intrusion. 

I am truly sorry this incident occurred, and I sincerely regret any inconvenience it may cause you. 

Because we value you as a customer, and because your trust is important to us, our company is 
offering you one year of free credit monitoring through Experian’s ProtectMyID product, which includes 
identity theft insurance where available. Enclosed please find your additional information about your 
free credit card monitoring.


You can find additional information and FAQs about this incident at our website. If you have further questions, 
you may call us at 866-852-8680.
 
Thank you for your patience and your loyalty. 

Sincerely, 
Insurance Company CEO



One Day Surgery Center Inc.
Merissa Tomblin
34 Raritan Center Pky, Bellflower,
Los Angeles, CA, 90706
(merissa.tomblin@gmail.com)

Dear Merissa Tomblin, 

Similarly, we also have a template for the company's letter: 
Merissa Tomblin
34 Raritan Center Pky, Bellflower,
Los Angeles, CA, 90706
(merissa.tomblin@gmail.com)

Dear Merissa Tomblin,
As you may have heard or read, last month we learned that criminals forced their way into our systems, 
and stole information about our customers. Late last week, as part of our ongoing investigation, 
we learned that the taken information includes names, mailing addresses, phone numbers or email addresses. 

I am writing to make you aware that your name, mailing address, phone number or email address may 
have been taken during the intrusion. 

I am truly sorry this incident occurred, and I sincerely regret any inconvenience it may cause you. 

Because we value you as a customer, and because your trust is important to us, our company is 
offering you one year of free credit monitoring through Experian’s ProtectMyID product, which includes 
identity theft insurance where available. Enclosed please find your additional information about your 
free credit card monitoring.


You can find additional information and FAQs about this incident at our website. If you have further questions, 
you may call us at 866-852-8680.
 
Thank you for your patience and your loyalty. 

Sincerely, 
Insurance Company CEO



Calaveras Prospect.
Golda Kaniecki
6201 S Nevada Ave, Toms River,
Ocean, NJ, 08755
(golda_kaniecki@yahoo.com)

Dear Golda Kaniecki, 

Similarly, we also have a template for the company's letter: 
Golda Kaniecki
6201 S Nevada Ave, Toms River,
Ocean, NJ, 08755
(golda_kaniecki@yahoo.com)

Dear Golda Kaniecki,
As you may have heard or read, last month we learned that criminals forced their way into our systems, 
and stole information about our customers. Late last week, as part of our ongoing investigation, 
we learned that the taken information includes names, mailing addresses, phone numbers or email addresses. 

I am writing to make you aware that your name, mailing address, phone number or email address may 
have been taken during the intrusion. 

I am truly sorry this incident occurred, and I sincerely regret any inconvenience it may cause you. 

Because we value you as a customer, and because your trust is important to us, our company is 
offering you one year of free credit monitoring through Experian’s ProtectMyID product, which includes 
identity theft insurance where available. Enclosed please find your additional information about your 
free credit card monitoring.


You can find additional information and FAQs about this incident at our website. If you have further questions, 
you may call us at 866-852-8680.
 
Thank you for your patience and your loyalty. 

Sincerely, 
Insurance Company CEO



Terk, Robert E Esq.
Catarina Gleich
78 Maryland Dr #146, Denville,
Morris, NJ, 07834
(catarina_gleich@hotmail.com)

Dear Catarina Gleich, 

Similarly, we also have a template for the company's letter: 
Catarina Gleich
78 Maryland Dr #146, Denville,
Morris, NJ, 07834
(catarina_gleich@hotmail.com)

Dear Catarina Gleich,
As you may have heard or read, last month we learned that criminals forced their way into our systems, 
and stole information about our customers. Late last week, as part of our ongoing investigation, 
we learned that the taken information includes names, mailing addresses, phone numbers or email addresses. 

I am writing to make you aware that your name, mailing address, phone number or email address may 
have been taken during the intrusion. 

I am truly sorry this incident occurred, and I sincerely regret any inconvenience it may cause you. 

Because we value you as a customer, and because your trust is important to us, our company is 
offering you one year of free credit monitoring through Experian’s ProtectMyID product, which includes 
identity theft insurance where available. Enclosed please find your additional information about your 
free credit card monitoring.


You can find additional information and FAQs about this incident at our website. If you have further questions, 
you may call us at 866-852-8680.
 
Thank you for your patience and your loyalty. 

Sincerely, 
Insurance Company CEO



Cullen, Terrence P Esq.
Virgie Kiel
76598 Rd  I 95 #1, Denver,
Denver, CO, 80216
(vkiel@hotmail.com)

Dear Virgie Kiel, 

Similarly, we also have a template for the company's letter: 
Virgie Kiel
76598 Rd  I 95 #1, Denver,
Denver, CO, 80216
(vkiel@hotmail.com)

Dear Virgie Kiel,
As you may have heard or read, last month we learned that criminals forced their way into our systems, 
and stole information about our customers. Late last week, as part of our ongoing investigation, 
we learned that the taken information includes names, mailing addresses, phone numbers or email addresses. 

I am writing to make you aware that your name, mailing address, phone number or email address may 
have been taken during the intrusion. 

I am truly sorry this incident occurred, and I sincerely regret any inconvenience it may cause you. 

Because we value you as a customer, and because your trust is important to us, our company is 
offering you one year of free credit monitoring through Experian’s ProtectMyID product, which includes 
identity theft insurance where available. Enclosed please find your additional information about your 
free credit card monitoring.


You can find additional information and FAQs about this incident at our website. If you have further questions, 
you may call us at 866-852-8680.
 
Thank you for your patience and your loyalty. 

Sincerely, 
Insurance Company CEO



Central Die Casting Mfg Co Inc.
Jolene Ostolaza
1610 14th St Nw, Newport News,
Newport News City, VA, 23608
(jolene@yahoo.com)

Dear Jolene Ostolaza, 

Similarly, we also have a template for the company's letter: 
Jolene Ostolaza
1610 14th St Nw, Newport News,
Newport News City, VA, 23608
(jolene@yahoo.com)

Dear Jolene Ostolaza,
As you may have heard or read, last month we learned that criminals forced their way into our systems, 
and stole information about our customers. Late last week, as part of our ongoing investigation, 
we learned that the taken information includes names, mailing addresses, phone numbers or email addresses. 

I am writing to make you aware that your name, mailing address, phone number or email address may 
have been taken during the intrusion. 

I am truly sorry this incident occurred, and I sincerely regret any inconvenience it may cause you. 

Because we value you as a customer, and because your trust is important to us, our company is 
offering you one year of free credit monitoring through Experian’s ProtectMyID product, which includes 
identity theft insurance where available. Enclosed please find your additional information about your 
free credit card monitoring.


You can find additional information and FAQs about this incident at our website. If you have further questions, 
you may call us at 866-852-8680.
 
Thank you for your patience and your loyalty. 

Sincerely, 
Insurance Company CEO



Centerline Engineering.
Keneth Borgman
86350 Roszel Rd, Phoenix,
Maricopa, AZ, 85012
(keneth@yahoo.com)

Dear Keneth Borgman, 

Similarly, we also have a template for the company's letter: 
Keneth Borgman
86350 Roszel Rd, Phoenix,
Maricopa, AZ, 85012
(keneth@yahoo.com)

Dear Keneth Borgman,
As you may have heard or read, last month we learned that criminals forced their way into our systems, 
and stole information about our customers. Late last week, as part of our ongoing investigation, 
we learned that the taken information includes names, mailing addresses, phone numbers or email addresses. 

I am writing to make you aware that your name, mailing address, phone number or email address may 
have been taken during the intrusion. 

I am truly sorry this incident occurred, and I sincerely regret any inconvenience it may cause you. 

Because we value you as a customer, and because your trust is important to us, our company is 
offering you one year of free credit monitoring through Experian’s ProtectMyID product, which includes 
identity theft insurance where available. Enclosed please find your additional information about your 
free credit card monitoring.


You can find additional information and FAQs about this incident at our website. If you have further questions, 
you may call us at 866-852-8680.
 
Thank you for your patience and your loyalty. 

Sincerely, 
Insurance Company CEO



Targan & Kievit Pa.
Rikki Nayar
1644 Clove Rd, Miami,
Miami-Dade, FL, 33155
(rikki@nayar.com)

Dear Rikki Nayar, 

Similarly, we also have a template for the company's letter: 
Rikki Nayar
1644 Clove Rd, Miami,
Miami-Dade, FL, 33155
(rikki@nayar.com)

Dear Rikki Nayar,
As you may have heard or read, last month we learned that criminals forced their way into our systems, 
and stole information about our customers. Late last week, as part of our ongoing investigation, 
we learned that the taken information includes names, mailing addresses, phone numbers or email addresses. 

I am writing to make you aware that your name, mailing address, phone number or email address may 
have been taken during the intrusion. 

I am truly sorry this incident occurred, and I sincerely regret any inconvenience it may cause you. 

Because we value you as a customer, and because your trust is important to us, our company is 
offering you one year of free credit monitoring through Experian’s ProtectMyID product, which includes 
identity theft insurance where available. Enclosed please find your additional information about your 
free credit card monitoring.


You can find additional information and FAQs about this incident at our website. If you have further questions, 
you may call us at 866-852-8680.
 
Thank you for your patience and your loyalty. 

Sincerely, 
Insurance Company CEO



Riley Riper Hollin & Colagreco.
Elke Sengbusch
9 W Central Ave, Phoenix,
Maricopa, AZ, 85013
(elke_sengbusch@yahoo.com)

Dear Elke Sengbusch, 

Similarly, we also have a template for the company's letter: 
Elke Sengbusch
9 W Central Ave, Phoenix,
Maricopa, AZ, 85013
(elke_sengbusch@yahoo.com)

Dear Elke Sengbusch,
As you may have heard or read, last month we learned that criminals forced their way into our systems, 
and stole information about our customers. Late last week, as part of our ongoing investigation, 
we learned that the taken information includes names, mailing addresses, phone numbers or email addresses. 

I am writing to make you aware that your name, mailing address, phone number or email address may 
have been taken during the intrusion. 

I am truly sorry this incident occurred, and I sincerely regret any inconvenience it may cause you. 

Because we value you as a customer, and because your trust is important to us, our company is 
offering you one year of free credit monitoring through Experian’s ProtectMyID product, which includes 
identity theft insurance where available. Enclosed please find your additional information about your 
free credit card monitoring.


You can find additional information and FAQs about this incident at our website. If you have further questions, 
you may call us at 866-852-8680.
 
Thank you for your patience and your loyalty. 

Sincerely, 
Insurance Company CEO



Kaplan, Joel S Esq.
Hoa Sarao
27846 Lafayette Ave, Oak Hill,
Volusia, FL, 32759
(hoa@sarao.org)

Dear Hoa Sarao, 

Similarly, we also have a template for the company's letter: 
Hoa Sarao
27846 Lafayette Ave, Oak Hill,
Volusia, FL, 32759
(hoa@sarao.org)

Dear Hoa Sarao,
As you may have heard or read, last month we learned that criminals forced their way into our systems, 
and stole information about our customers. Late last week, as part of our ongoing investigation, 
we learned that the taken information includes names, mailing addresses, phone numbers or email addresses. 

I am writing to make you aware that your name, mailing address, phone number or email address may 
have been taken during the intrusion. 

I am truly sorry this incident occurred, and I sincerely regret any inconvenience it may cause you. 

Because we value you as a customer, and because your trust is important to us, our company is 
offering you one year of free credit monitoring through Experian’s ProtectMyID product, which includes 
identity theft insurance where available. Enclosed please find your additional information about your 
free credit card monitoring.


You can find additional information and FAQs about this incident at our website. If you have further questions, 
you may call us at 866-852-8680.
 
Thank you for your patience and your loyalty. 

Sincerely, 
Insurance Company CEO



Water Office.
Trinidad Mcrae
10276 Brooks St, San Francisco,
San Francisco, CA, 94105
(trinidad_mcrae@yahoo.com)

Dear Trinidad Mcrae, 

Similarly, we also have a template for the company's letter: 
Trinidad Mcrae
10276 Brooks St, San Francisco,
San Francisco, CA, 94105
(trinidad_mcrae@yahoo.com)

Dear Trinidad Mcrae,
As you may have heard or read, last month we learned that criminals forced their way into our systems, 
and stole information about our customers. Late last week, as part of our ongoing investigation, 
we learned that the taken information includes names, mailing addresses, phone numbers or email addresses. 

I am writing to make you aware that your name, mailing address, phone number or email address may 
have been taken during the intrusion. 

I am truly sorry this incident occurred, and I sincerely regret any inconvenience it may cause you. 

Because we value you as a customer, and because your trust is important to us, our company is 
offering you one year of free credit monitoring through Experian’s ProtectMyID product, which includes 
identity theft insurance where available. Enclosed please find your additional information about your 
free credit card monitoring.


You can find additional information and FAQs about this incident at our website. If you have further questions, 
you may call us at 866-852-8680.
 
Thank you for your patience and your loyalty. 

Sincerely, 
Insurance Company CEO



Westbrooks, Nelson E Jr.
Mari Lueckenbach
1 Century Park E, San Diego,
San Diego, CA, 92110
(mari_lueckenbach@yahoo.com)

Dear Mari Lueckenbach, 

Similarly, we also have a template for the company's letter: 
Mari Lueckenbach
1 Century Park E, San Diego,
San Diego, CA, 92110
(mari_lueckenbach@yahoo.com)

Dear Mari Lueckenbach,
As you may have heard or read, last month we learned that criminals forced their way into our systems, 
and stole information about our customers. Late last week, as part of our ongoing investigation, 
we learned that the taken information includes names, mailing addresses, phone numbers or email addresses. 

I am writing to make you aware that your name, mailing address, phone number or email address may 
have been taken during the intrusion. 

I am truly sorry this incident occurred, and I sincerely regret any inconvenience it may cause you. 

Because we value you as a customer, and because your trust is important to us, our company is 
offering you one year of free credit monitoring through Experian’s ProtectMyID product, which includes 
identity theft insurance where available. Enclosed please find your additional information about your 
free credit card monitoring.


You can find additional information and FAQs about this incident at our website. If you have further questions, 
you may call us at 866-852-8680.
 
Thank you for your patience and your loyalty. 

Sincerely, 
Insurance Company CEO



Armon Communications.
Selma Husser
9 State Highway 57 #22, Jersey City,
Hudson, NJ, 07306
(selma.husser@cox.net)

Dear Selma Husser, 

Similarly, we also have a template for the company's letter: 
Selma Husser
9 State Highway 57 #22, Jersey City,
Hudson, NJ, 07306
(selma.husser@cox.net)

Dear Selma Husser,
As you may have heard or read, last month we learned that criminals forced their way into our systems, 
and stole information about our customers. Late last week, as part of our ongoing investigation, 
we learned that the taken information includes names, mailing addresses, phone numbers or email addresses. 

I am writing to make you aware that your name, mailing address, phone number or email address may 
have been taken during the intrusion. 

I am truly sorry this incident occurred, and I sincerely regret any inconvenience it may cause you. 

Because we value you as a customer, and because your trust is important to us, our company is 
offering you one year of free credit monitoring through Experian’s ProtectMyID product, which includes 
identity theft insurance where available. Enclosed please find your additional information about your 
free credit card monitoring.


You can find additional information and FAQs about this incident at our website. If you have further questions, 
you may call us at 866-852-8680.
 
Thank you for your patience and your loyalty. 

Sincerely, 
Insurance Company CEO



Jacobs & Gerber Inc.
Antione Onofrio
4 S Washington Ave, San Bernardino,
San Bernardino, CA, 92410
(aonofrio@onofrio.com)

Dear Antione Onofrio, 

Similarly, we also have a template for the company's letter: 
Antione Onofrio
4 S Washington Ave, San Bernardino,
San Bernardino, CA, 92410
(aonofrio@onofrio.com)

Dear Antione Onofrio,
As you may have heard or read, last month we learned that criminals forced their way into our systems, 
and stole information about our customers. Late last week, as part of our ongoing investigation, 
we learned that the taken information includes names, mailing addresses, phone numbers or email addresses. 

I am writing to make you aware that your name, mailing address, phone number or email address may 
have been taken during the intrusion. 

I am truly sorry this incident occurred, and I sincerely regret any inconvenience it may cause you. 

Because we value you as a customer, and because your trust is important to us, our company is 
offering you one year of free credit monitoring through Experian’s ProtectMyID product, which includes 
identity theft insurance where available. Enclosed please find your additional information about your 
free credit card monitoring.


You can find additional information and FAQs about this incident at our website. If you have further questions, 
you may call us at 866-852-8680.
 
Thank you for your patience and your loyalty. 

Sincerely, 
Insurance Company CEO



Forest Fire Laboratory.
Luisa Jurney
25 Se 176th Pl, Cambridge,
Middlesex, MA, 02138
(ljurney@hotmail.com)

Dear Luisa Jurney, 

Similarly, we also have a template for the company's letter: 
Luisa Jurney
25 Se 176th Pl, Cambridge,
Middlesex, MA, 02138
(ljurney@hotmail.com)

Dear Luisa Jurney,
As you may have heard or read, last month we learned that criminals forced their way into our systems, 
and stole information about our customers. Late last week, as part of our ongoing investigation, 
we learned that the taken information includes names, mailing addresses, phone numbers or email addresses. 

I am writing to make you aware that your name, mailing address, phone number or email address may 
have been taken during the intrusion. 

I am truly sorry this incident occurred, and I sincerely regret any inconvenience it may cause you. 

Because we value you as a customer, and because your trust is important to us, our company is 
offering you one year of free credit monitoring through Experian’s ProtectMyID product, which includes 
identity theft insurance where available. Enclosed please find your additional information about your 
free credit card monitoring.


You can find additional information and FAQs about this incident at our website. If you have further questions, 
you may call us at 866-852-8680.
 
Thank you for your patience and your loyalty. 

Sincerely, 
Insurance Company CEO



Haughey, Charles Jr.
Clorinda Heimann
105 Richmond Valley Rd, Escondido,
San Diego, CA, 92025
(clorinda.heimann@hotmail.com)

Dear Clorinda Heimann, 

Similarly, we also have a template for the company's letter: 
Clorinda Heimann
105 Richmond Valley Rd, Escondido,
San Diego, CA, 92025
(clorinda.heimann@hotmail.com)

Dear Clorinda Heimann,
As you may have heard or read, last month we learned that criminals forced their way into our systems, 
and stole information about our customers. Late last week, as part of our ongoing investigation, 
we learned that the taken information includes names, mailing addresses, phone numbers or email addresses. 

I am writing to make you aware that your name, mailing address, phone number or email address may 
have been taken during the intrusion. 

I am truly sorry this incident occurred, and I sincerely regret any inconvenience it may cause you. 

Because we value you as a customer, and because your trust is important to us, our company is 
offering you one year of free credit monitoring through Experian’s ProtectMyID product, which includes 
identity theft insurance where available. Enclosed please find your additional information about your 
free credit card monitoring.


You can find additional information and FAQs about this incident at our website. If you have further questions, 
you may call us at 866-852-8680.
 
Thank you for your patience and your loyalty. 

Sincerely, 
Insurance Company CEO



Wheaton Plastic Products.
Dick Wenzinger
22 Spruce St #595, Gardena,
Los Angeles, CA, 90248
(dick@yahoo.com)

Dear Dick Wenzinger, 

Similarly, we also have a template for the company's letter: 
Dick Wenzinger
22 Spruce St #595, Gardena,
Los Angeles, CA, 90248
(dick@yahoo.com)

Dear Dick Wenzinger,
As you may have heard or read, last month we learned that criminals forced their way into our systems, 
and stole information about our customers. Late last week, as part of our ongoing investigation, 
we learned that the taken information includes names, mailing addresses, phone numbers or email addresses. 

I am writing to make you aware that your name, mailing address, phone number or email address may 
have been taken during the intrusion. 

I am truly sorry this incident occurred, and I sincerely regret any inconvenience it may cause you. 

Because we value you as a customer, and because your trust is important to us, our company is 
offering you one year of free credit monitoring through Experian’s ProtectMyID product, which includes 
identity theft insurance where available. Enclosed please find your additional information about your 
free credit card monitoring.


You can find additional information and FAQs about this incident at our website. If you have further questions, 
you may call us at 866-852-8680.
 
Thank you for your patience and your loyalty. 

Sincerely, 
Insurance Company CEO



Reese Plastics.
Ahmed Angalich
2 W Beverly Blvd, Harrisburg,
Dauphin, PA, 17110
(ahmed.angalich@angalich.com)

Dear Ahmed Angalich, 

Similarly, we also have a template for the company's letter: 
Ahmed Angalich
2 W Beverly Blvd, Harrisburg,
Dauphin, PA, 17110
(ahmed.angalich@angalich.com)

Dear Ahmed Angalich,
As you may have heard or read, last month we learned that criminals forced their way into our systems, 
and stole information about our customers. Late last week, as part of our ongoing investigation, 
we learned that the taken information includes names, mailing addresses, phone numbers or email addresses. 

I am writing to make you aware that your name, mailing address, phone number or email address may 
have been taken during the intrusion. 

I am truly sorry this incident occurred, and I sincerely regret any inconvenience it may cause you. 

Because we value you as a customer, and because your trust is important to us, our company is 
offering you one year of free credit monitoring through Experian’s ProtectMyID product, which includes 
identity theft insurance where available. Enclosed please find your additional information about your 
free credit card monitoring.


You can find additional information and FAQs about this incident at our website. If you have further questions, 
you may call us at 866-852-8680.
 
Thank you for your patience and your loyalty. 

Sincerely, 
Insurance Company CEO



Nazette Marner Good Wendt.
Iluminada Ohms
72 Southern Blvd, Mesa,
Maricopa, AZ, 85204
(iluminada.ohms@yahoo.com)

Dear Iluminada Ohms, 

Similarly, we also have a template for the company's letter: 
Iluminada Ohms
72 Southern Blvd, Mesa,
Maricopa, AZ, 85204
(iluminada.ohms@yahoo.com)

Dear Iluminada Ohms,
As you may have heard or read, last month we learned that criminals forced their way into our systems, 
and stole information about our customers. Late last week, as part of our ongoing investigation, 
we learned that the taken information includes names, mailing addresses, phone numbers or email addresses. 

I am writing to make you aware that your name, mailing address, phone number or email address may 
have been taken during the intrusion. 

I am truly sorry this incident occurred, and I sincerely regret any inconvenience it may cause you. 

Because we value you as a customer, and because your trust is important to us, our company is 
offering you one year of free credit monitoring through Experian’s ProtectMyID product, which includes 
identity theft insurance where available. Enclosed please find your additional information about your 
free credit card monitoring.


You can find additional information and FAQs about this incident at our website. If you have further questions, 
you may call us at 866-852-8680.
 
Thank you for your patience and your loyalty. 

Sincerely, 
Insurance Company CEO



Levinson Axelrod Wheaton.
Joanna Leinenbach
1 Washington St, Lake Worth,
Palm Beach, FL, 33461
(joanna_leinenbach@hotmail.com)

Dear Joanna Leinenbach, 

Similarly, we also have a template for the company's letter: 
Joanna Leinenbach
1 Washington St, Lake Worth,
Palm Beach, FL, 33461
(joanna_leinenbach@hotmail.com)

Dear Joanna Leinenbach,
As you may have heard or read, last month we learned that criminals forced their way into our systems, 
and stole information about our customers. Late last week, as part of our ongoing investigation, 
we learned that the taken information includes names, mailing addresses, phone numbers or email addresses. 

I am writing to make you aware that your name, mailing address, phone number or email address may 
have been taken during the intrusion. 

I am truly sorry this incident occurred, and I sincerely regret any inconvenience it may cause you. 

Because we value you as a customer, and because your trust is important to us, our company is 
offering you one year of free credit monitoring through Experian’s ProtectMyID product, which includes 
identity theft insurance where available. Enclosed please find your additional information about your 
free credit card monitoring.


You can find additional information and FAQs about this incident at our website. If you have further questions, 
you may call us at 866-852-8680.
 
Thank you for your patience and your loyalty. 

Sincerely, 
Insurance Company CEO



Egnor, W Dan Esq.
Caprice Suell
90177 N 55th Ave, Nashville,
Davidson, TN, 37211
(caprice@aol.com)

Dear Caprice Suell, 

Similarly, we also have a template for the company's letter: 
Caprice Suell
90177 N 55th Ave, Nashville,
Davidson, TN, 37211
(caprice@aol.com)

Dear Caprice Suell,
As you may have heard or read, last month we learned that criminals forced their way into our systems, 
and stole information about our customers. Late last week, as part of our ongoing investigation, 
we learned that the taken information includes names, mailing addresses, phone numbers or email addresses. 

I am writing to make you aware that your name, mailing address, phone number or email address may 
have been taken during the intrusion. 

I am truly sorry this incident occurred, and I sincerely regret any inconvenience it may cause you. 

Because we value you as a customer, and because your trust is important to us, our company is 
offering you one year of free credit monitoring through Experian’s ProtectMyID product, which includes 
identity theft insurance where available. Enclosed please find your additional information about your 
free credit card monitoring.


You can find additional information and FAQs about this incident at our website. If you have further questions, 
you may call us at 866-852-8680.
 
Thank you for your patience and your loyalty. 

Sincerely, 
Insurance Company CEO



Portland Central Thriftlodge.
Stephane Myricks
9 Tower Ave, Burlington,
Boone, KY, 41005
(stephane_myricks@cox.net)

Dear Stephane Myricks, 

Similarly, we also have a template for the company's letter: 
Stephane Myricks
9 Tower Ave, Burlington,
Boone, KY, 41005
(stephane_myricks@cox.net)

Dear Stephane Myricks,
As you may have heard or read, last month we learned that criminals forced their way into our systems, 
and stole information about our customers. Late last week, as part of our ongoing investigation, 
we learned that the taken information includes names, mailing addresses, phone numbers or email addresses. 

I am writing to make you aware that your name, mailing address, phone number or email address may 
have been taken during the intrusion. 

I am truly sorry this incident occurred, and I sincerely regret any inconvenience it may cause you. 

Because we value you as a customer, and because your trust is important to us, our company is 
offering you one year of free credit monitoring through Experian’s ProtectMyID product, which includes 
identity theft insurance where available. Enclosed please find your additional information about your 
free credit card monitoring.


You can find additional information and FAQs about this incident at our website. If you have further questions, 
you may call us at 866-852-8680.
 
Thank you for your patience and your loyalty. 

Sincerely, 
Insurance Company CEO



Ulbrich Trucking.
Quentin Swayze
278 Bayview Ave, Milan,
Monroe, MI, 48160
(quentin_swayze@yahoo.com)

Dear Quentin Swayze, 

Similarly, we also have a template for the company's letter: 
Quentin Swayze
278 Bayview Ave, Milan,
Monroe, MI, 48160
(quentin_swayze@yahoo.com)

Dear Quentin Swayze,
As you may have heard or read, last month we learned that criminals forced their way into our systems, 
and stole information about our customers. Late last week, as part of our ongoing investigation, 
we learned that the taken information includes names, mailing addresses, phone numbers or email addresses. 

I am writing to make you aware that your name, mailing address, phone number or email address may 
have been taken during the intrusion. 

I am truly sorry this incident occurred, and I sincerely regret any inconvenience it may cause you. 

Because we value you as a customer, and because your trust is important to us, our company is 
offering you one year of free credit monitoring through Experian’s ProtectMyID product, which includes 
identity theft insurance where available. Enclosed please find your additional information about your 
free credit card monitoring.


You can find additional information and FAQs about this incident at our website. If you have further questions, 
you may call us at 866-852-8680.
 
Thank you for your patience and your loyalty. 

Sincerely, 
Insurance Company CEO



Tipiak Inc.
Annmarie Castros
80312 W 32nd St, Conroe,
Montgomery, TX, 77301
(annmarie_castros@gmail.com)

Dear Annmarie Castros, 

Similarly, we also have a template for the company's letter: 
Annmarie Castros
80312 W 32nd St, Conroe,
Montgomery, TX, 77301
(annmarie_castros@gmail.com)

Dear Annmarie Castros,
As you may have heard or read, last month we learned that criminals forced their way into our systems, 
and stole information about our customers. Late last week, as part of our ongoing investigation, 
we learned that the taken information includes names, mailing addresses, phone numbers or email addresses. 

I am writing to make you aware that your name, mailing address, phone number or email address may 
have been taken during the intrusion. 

I am truly sorry this incident occurred, and I sincerely regret any inconvenience it may cause you. 

Because we value you as a customer, and because your trust is important to us, our company is 
offering you one year of free credit monitoring through Experian’s ProtectMyID product, which includes 
identity theft insurance where available. Enclosed please find your additional information about your 
free credit card monitoring.


You can find additional information and FAQs about this incident at our website. If you have further questions, 
you may call us at 866-852-8680.
 
Thank you for your patience and your loyalty. 

Sincerely, 
Insurance Company CEO



Saint George Well Drilling.
Shonda Greenbush
82 Us Highway 46, Clifton,
Passaic, NJ, 07011
(shonda_greenbush@cox.net)

Dear Shonda Greenbush, 

Similarly, we also have a template for the company's letter: 
Shonda Greenbush
82 Us Highway 46, Clifton,
Passaic, NJ, 07011
(shonda_greenbush@cox.net)

Dear Shonda Greenbush,
As you may have heard or read, last month we learned that criminals forced their way into our systems, 
and stole information about our customers. Late last week, as part of our ongoing investigation, 
we learned that the taken information includes names, mailing addresses, phone numbers or email addresses. 

I am writing to make you aware that your name, mailing address, phone number or email address may 
have been taken during the intrusion. 

I am truly sorry this incident occurred, and I sincerely regret any inconvenience it may cause you. 

Because we value you as a customer, and because your trust is important to us, our company is 
offering you one year of free credit monitoring through Experian’s ProtectMyID product, which includes 
identity theft insurance where available. Enclosed please find your additional information about your 
free credit card monitoring.


You can find additional information and FAQs about this incident at our website. If you have further questions, 
you may call us at 866-852-8680.
 
Thank you for your patience and your loyalty. 

Sincerely, 
Insurance Company CEO



Hawkes, Douglas D.
Cecil Lapage
4 Stovall St #72, Union City,
Hudson, NJ, 07087
(clapage@lapage.com)

Dear Cecil Lapage, 

Similarly, we also have a template for the company's letter: 
Cecil Lapage
4 Stovall St #72, Union City,
Hudson, NJ, 07087
(clapage@lapage.com)

Dear Cecil Lapage,
As you may have heard or read, last month we learned that criminals forced their way into our systems, 
and stole information about our customers. Late last week, as part of our ongoing investigation, 
we learned that the taken information includes names, mailing addresses, phone numbers or email addresses. 

I am writing to make you aware that your name, mailing address, phone number or email address may 
have been taken during the intrusion. 

I am truly sorry this incident occurred, and I sincerely regret any inconvenience it may cause you. 

Because we value you as a customer, and because your trust is important to us, our company is 
offering you one year of free credit monitoring through Experian’s ProtectMyID product, which includes 
identity theft insurance where available. Enclosed please find your additional information about your 
free credit card monitoring.


You can find additional information and FAQs about this incident at our website. If you have further questions, 
you may call us at 866-852-8680.
 
Thank you for your patience and your loyalty. 

Sincerely, 
Insurance Company CEO



Accurel Systems Intrntl Corp.
Jeanice Claucherty
19 Amboy Ave, Miami,
Miami-Dade, FL, 33142
(jeanice.claucherty@yahoo.com)

Dear Jeanice Claucherty, 

Similarly, we also have a template for the company's letter: 
Jeanice Claucherty
19 Amboy Ave, Miami,
Miami-Dade, FL, 33142
(jeanice.claucherty@yahoo.com)

Dear Jeanice Claucherty,
As you may have heard or read, last month we learned that criminals forced their way into our systems, 
and stole information about our customers. Late last week, as part of our ongoing investigation, 
we learned that the taken information includes names, mailing addresses, phone numbers or email addresses. 

I am writing to make you aware that your name, mailing address, phone number or email address may 
have been taken during the intrusion. 

I am truly sorry this incident occurred, and I sincerely regret any inconvenience it may cause you. 

Because we value you as a customer, and because your trust is important to us, our company is 
offering you one year of free credit monitoring through Experian’s ProtectMyID product, which includes 
identity theft insurance where available. Enclosed please find your additional information about your 
free credit card monitoring.


You can find additional information and FAQs about this incident at our website. If you have further questions, 
you may call us at 866-852-8680.
 
Thank you for your patience and your loyalty. 

Sincerely, 
Insurance Company CEO



Santa Cruz Community Internet.
Josphine Villanueva
63 Smith Ln #8343, Moss,
Clay, TN, 38575
(josphine_villanueva@villanueva.com)

Dear Josphine Villanueva, 

Similarly, we also have a template for the company's letter: 
Josphine Villanueva
63 Smith Ln #8343, Moss,
Clay, TN, 38575
(josphine_villanueva@villanueva.com)

Dear Josphine Villanueva,
As you may have heard or read, last month we learned that criminals forced their way into our systems, 
and stole information about our customers. Late last week, as part of our ongoing investigation, 
we learned that the taken information includes names, mailing addresses, phone numbers or email addresses. 

I am writing to make you aware that your name, mailing address, phone number or email address may 
have been taken during the intrusion. 

I am truly sorry this incident occurred, and I sincerely regret any inconvenience it may cause you. 

Because we value you as a customer, and because your trust is important to us, our company is 
offering you one year of free credit monitoring through Experian’s ProtectMyID product, which includes 
identity theft insurance where available. Enclosed please find your additional information about your 
free credit card monitoring.


You can find additional information and FAQs about this incident at our website. If you have further questions, 
you may call us at 866-852-8680.
 
Thank you for your patience and your loyalty. 

Sincerely, 
Insurance Company CEO



Gersh & Danielson.
Daniel Perruzza
11360 S Halsted St, Santa Ana,
Orange, CA, 92705
(dperruzza@perruzza.com)

Dear Daniel Perruzza, 

Similarly, we also have a template for the company's letter: 
Daniel Perruzza
11360 S Halsted St, Santa Ana,
Orange, CA, 92705
(dperruzza@perruzza.com)

Dear Daniel Perruzza,
As you may have heard or read, last month we learned that criminals forced their way into our systems, 
and stole information about our customers. Late last week, as part of our ongoing investigation, 
we learned that the taken information includes names, mailing addresses, phone numbers or email addresses. 

I am writing to make you aware that your name, mailing address, phone number or email address may 
have been taken during the intrusion. 

I am truly sorry this incident occurred, and I sincerely regret any inconvenience it may cause you. 

Because we value you as a customer, and because your trust is important to us, our company is 
offering you one year of free credit monitoring through Experian’s ProtectMyID product, which includes 
identity theft insurance where available. Enclosed please find your additional information about your 
free credit card monitoring.


You can find additional information and FAQs about this incident at our website. If you have further questions, 
you may call us at 866-852-8680.
 
Thank you for your patience and your loyalty. 

Sincerely, 
Insurance Company CEO



Cobb, James O Esq.
Cassi Wildfong
26849 Jefferson Hwy, Rolling Meadows,
Cook, IL, 60008
(cassi.wildfong@aol.com)

Dear Cassi Wildfong, 

Similarly, we also have a template for the company's letter: 
Cassi Wildfong
26849 Jefferson Hwy, Rolling Meadows,
Cook, IL, 60008
(cassi.wildfong@aol.com)

Dear Cassi Wildfong,
As you may have heard or read, last month we learned that criminals forced their way into our systems, 
and stole information about our customers. Late last week, as part of our ongoing investigation, 
we learned that the taken information includes names, mailing addresses, phone numbers or email addresses. 

I am writing to make you aware that your name, mailing address, phone number or email address may 
have been taken during the intrusion. 

I am truly sorry this incident occurred, and I sincerely regret any inconvenience it may cause you. 

Because we value you as a customer, and because your trust is important to us, our company is 
offering you one year of free credit monitoring through Experian’s ProtectMyID product, which includes 
identity theft insurance where available. Enclosed please find your additional information about your 
free credit card monitoring.


You can find additional information and FAQs about this incident at our website. If you have further questions, 
you may call us at 866-852-8680.
 
Thank you for your patience and your loyalty. 

Sincerely, 
Insurance Company CEO



Wheatley Trucking Company.
Britt Galam
2500 Pringle Rd Se #508, Hatfield,
Montgomery, PA, 19440
(britt@galam.org)

Dear Britt Galam, 

Similarly, we also have a template for the company's letter: 
Britt Galam
2500 Pringle Rd Se #508, Hatfield,
Montgomery, PA, 19440
(britt@galam.org)

Dear Britt Galam,
As you may have heard or read, last month we learned that criminals forced their way into our systems, 
and stole information about our customers. Late last week, as part of our ongoing investigation, 
we learned that the taken information includes names, mailing addresses, phone numbers or email addresses. 

I am writing to make you aware that your name, mailing address, phone number or email address may 
have been taken during the intrusion. 

I am truly sorry this incident occurred, and I sincerely regret any inconvenience it may cause you. 

Because we value you as a customer, and because your trust is important to us, our company is 
offering you one year of free credit monitoring through Experian’s ProtectMyID product, which includes 
identity theft insurance where available. Enclosed please find your additional information about your 
free credit card monitoring.


You can find additional information and FAQs about this incident at our website. If you have further questions, 
you may call us at 866-852-8680.
 
Thank you for your patience and your loyalty. 

Sincerely, 
Insurance Company CEO



Systems Graph Inc Ab Dick Dlr.
Adell Lipkin
65 Mountain View Dr, Whippany,
Morris, NJ, 07981
(adell.lipkin@lipkin.com)

Dear Adell Lipkin, 

Similarly, we also have a template for the company's letter: 
Adell Lipkin
65 Mountain View Dr, Whippany,
Morris, NJ, 07981
(adell.lipkin@lipkin.com)

Dear Adell Lipkin,
As you may have heard or read, last month we learned that criminals forced their way into our systems, 
and stole information about our customers. Late last week, as part of our ongoing investigation, 
we learned that the taken information includes names, mailing addresses, phone numbers or email addresses. 

I am writing to make you aware that your name, mailing address, phone number or email address may 
have been taken during the intrusion. 

I am truly sorry this incident occurred, and I sincerely regret any inconvenience it may cause you. 

Because we value you as a customer, and because your trust is important to us, our company is 
offering you one year of free credit monitoring through Experian’s ProtectMyID product, which includes 
identity theft insurance where available. Enclosed please find your additional information about your 
free credit card monitoring.


You can find additional information and FAQs about this incident at our website. If you have further questions, 
you may call us at 866-852-8680.
 
Thank you for your patience and your loyalty. 

Sincerely, 
Insurance Company CEO



John Hancock Mutl Life Ins Co.
Jacqueline Rowling
1 N San Saba, Erie,
Erie, PA, 16501
(jacqueline.rowling@yahoo.com)

Dear Jacqueline Rowling, 

Similarly, we also have a template for the company's letter: 
Jacqueline Rowling
1 N San Saba, Erie,
Erie, PA, 16501
(jacqueline.rowling@yahoo.com)

Dear Jacqueline Rowling,
As you may have heard or read, last month we learned that criminals forced their way into our systems, 
and stole information about our customers. Late last week, as part of our ongoing investigation, 
we learned that the taken information includes names, mailing addresses, phone numbers or email addresses. 

I am writing to make you aware that your name, mailing address, phone number or email address may 
have been taken during the intrusion. 

I am truly sorry this incident occurred, and I sincerely regret any inconvenience it may cause you. 

Because we value you as a customer, and because your trust is important to us, our company is 
offering you one year of free credit monitoring through Experian’s ProtectMyID product, which includes 
identity theft insurance where available. Enclosed please find your additional information about your 
free credit card monitoring.


You can find additional information and FAQs about this incident at our website. If you have further questions, 
you may call us at 866-852-8680.
 
Thank you for your patience and your loyalty. 

Sincerely, 
Insurance Company CEO



History Division Of State.
Lonny Weglarz
51120 State Route 18, Salt Lake City,
Salt Lake, UT, 84115
(lonny_weglarz@gmail.com)

Dear Lonny Weglarz, 

Similarly, we also have a template for the company's letter: 
Lonny Weglarz
51120 State Route 18, Salt Lake City,
Salt Lake, UT, 84115
(lonny_weglarz@gmail.com)

Dear Lonny Weglarz,
As you may have heard or read, last month we learned that criminals forced their way into our systems, 
and stole information about our customers. Late last week, as part of our ongoing investigation, 
we learned that the taken information includes names, mailing addresses, phone numbers or email addresses. 

I am writing to make you aware that your name, mailing address, phone number or email address may 
have been taken during the intrusion. 

I am truly sorry this incident occurred, and I sincerely regret any inconvenience it may cause you. 

Because we value you as a customer, and because your trust is important to us, our company is 
offering you one year of free credit monitoring through Experian’s ProtectMyID product, which includes 
identity theft insurance where available. Enclosed please find your additional information about your 
free credit card monitoring.


You can find additional information and FAQs about this incident at our website. If you have further questions, 
you may call us at 866-852-8680.
 
Thank you for your patience and your loyalty. 

Sincerely, 
Insurance Company CEO



Dimmock, Thomas J Esq.
Lonna Diestel
1482 College Ave, Fayetteville,
Cumberland, NC, 28301
(lonna_diestel@gmail.com)

Dear Lonna Diestel, 

Similarly, we also have a template for the company's letter: 
Lonna Diestel
1482 College Ave, Fayetteville,
Cumberland, NC, 28301
(lonna_diestel@gmail.com)

Dear Lonna Diestel,
As you may have heard or read, last month we learned that criminals forced their way into our systems, 
and stole information about our customers. Late last week, as part of our ongoing investigation, 
we learned that the taken information includes names, mailing addresses, phone numbers or email addresses. 

I am writing to make you aware that your name, mailing address, phone number or email address may 
have been taken during the intrusion. 

I am truly sorry this incident occurred, and I sincerely regret any inconvenience it may cause you. 

Because we value you as a customer, and because your trust is important to us, our company is 
offering you one year of free credit monitoring through Experian’s ProtectMyID product, which includes 
identity theft insurance where available. Enclosed please find your additional information about your 
free credit card monitoring.


You can find additional information and FAQs about this incident at our website. If you have further questions, 
you may call us at 866-852-8680.
 
Thank you for your patience and your loyalty. 

Sincerely, 
Insurance Company CEO



Intermed Inc.
Cristal Samara
4119 Metropolitan Dr, Los Angeles,
Los Angeles, CA, 90021
(cristal@cox.net)

Dear Cristal Samara, 

Similarly, we also have a template for the company's letter: 
Cristal Samara
4119 Metropolitan Dr, Los Angeles,
Los Angeles, CA, 90021
(cristal@cox.net)

Dear Cristal Samara,
As you may have heard or read, last month we learned that criminals forced their way into our systems, 
and stole information about our customers. Late last week, as part of our ongoing investigation, 
we learned that the taken information includes names, mailing addresses, phone numbers or email addresses. 

I am writing to make you aware that your name, mailing address, phone number or email address may 
have been taken during the intrusion. 

I am truly sorry this incident occurred, and I sincerely regret any inconvenience it may cause you. 

Because we value you as a customer, and because your trust is important to us, our company is 
offering you one year of free credit monitoring through Experian’s ProtectMyID product, which includes 
identity theft insurance where available. Enclosed please find your additional information about your 
free credit card monitoring.


You can find additional information and FAQs about this incident at our website. If you have further questions, 
you may call us at 866-852-8680.
 
Thank you for your patience and your loyalty. 

Sincerely, 
Insurance Company CEO



Bank Of New York.
Kenneth Grenet
2167 Sierra Rd, East Lansing,
Ingham, MI, 48823
(kenneth.grenet@grenet.org)

Dear Kenneth Grenet, 

Similarly, we also have a template for the company's letter: 
Kenneth Grenet
2167 Sierra Rd, East Lansing,
Ingham, MI, 48823
(kenneth.grenet@grenet.org)

Dear Kenneth Grenet,
As you may have heard or read, last month we learned that criminals forced their way into our systems, 
and stole information about our customers. Late last week, as part of our ongoing investigation, 
we learned that the taken information includes names, mailing addresses, phone numbers or email addresses. 

I am writing to make you aware that your name, mailing address, phone number or email address may 
have been taken during the intrusion. 

I am truly sorry this incident occurred, and I sincerely regret any inconvenience it may cause you. 

Because we value you as a customer, and because your trust is important to us, our company is 
offering you one year of free credit monitoring through Experian’s ProtectMyID product, which includes 
identity theft insurance where available. Enclosed please find your additional information about your 
free credit card monitoring.


You can find additional information and FAQs about this incident at our website. If you have further questions, 
you may call us at 866-852-8680.
 
Thank you for your patience and your loyalty. 

Sincerely, 
Insurance Company CEO



Sportmaster Intrnatl.
Elli Mclaird
6 Sunrise Ave, Utica,
Oneida, NY, 13501
(emclaird@mclaird.com)

Dear Elli Mclaird, 

Similarly, we also have a template for the company's letter: 
Elli Mclaird
6 Sunrise Ave, Utica,
Oneida, NY, 13501
(emclaird@mclaird.com)

Dear Elli Mclaird,
As you may have heard or read, last month we learned that criminals forced their way into our systems, 
and stole information about our customers. Late last week, as part of our ongoing investigation, 
we learned that the taken information includes names, mailing addresses, phone numbers or email addresses. 

I am writing to make you aware that your name, mailing address, phone number or email address may 
have been taken during the intrusion. 

I am truly sorry this incident occurred, and I sincerely regret any inconvenience it may cause you. 

Because we value you as a customer, and because your trust is important to us, our company is 
offering you one year of free credit monitoring through Experian’s ProtectMyID product, which includes 
identity theft insurance where available. Enclosed please find your additional information about your 
free credit card monitoring.


You can find additional information and FAQs about this incident at our website. If you have further questions, 
you may call us at 866-852-8680.
 
Thank you for your patience and your loyalty. 

Sincerely, 
Insurance Company CEO



W W John Holden Inc.
Alline Jeanty
55713 Lake City Hwy, South Bend,
St Joseph, IN, 46601
(ajeanty@gmail.com)

Dear Alline Jeanty, 

Similarly, we also have a template for the company's letter: 
Alline Jeanty
55713 Lake City Hwy, South Bend,
St Joseph, IN, 46601
(ajeanty@gmail.com)

Dear Alline Jeanty,
As you may have heard or read, last month we learned that criminals forced their way into our systems, 
and stole information about our customers. Late last week, as part of our ongoing investigation, 
we learned that the taken information includes names, mailing addresses, phone numbers or email addresses. 

I am writing to make you aware that your name, mailing address, phone number or email address may 
have been taken during the intrusion. 

I am truly sorry this incident occurred, and I sincerely regret any inconvenience it may cause you. 

Because we value you as a customer, and because your trust is important to us, our company is 
offering you one year of free credit monitoring through Experian’s ProtectMyID product, which includes 
identity theft insurance where available. Enclosed please find your additional information about your 
free credit card monitoring.


You can find additional information and FAQs about this incident at our website. If you have further questions, 
you may call us at 866-852-8680.
 
Thank you for your patience and your loyalty. 

Sincerely, 
Insurance Company CEO



Maccani & Delp.
Sharika Eanes
75698 N Fiesta Blvd, Orlando,
Orange, FL, 32806
(sharika.eanes@aol.com)

Dear Sharika Eanes, 

Similarly, we also have a template for the company's letter: 
Sharika Eanes
75698 N Fiesta Blvd, Orlando,
Orange, FL, 32806
(sharika.eanes@aol.com)

Dear Sharika Eanes,
As you may have heard or read, last month we learned that criminals forced their way into our systems, 
and stole information about our customers. Late last week, as part of our ongoing investigation, 
we learned that the taken information includes names, mailing addresses, phone numbers or email addresses. 

I am writing to make you aware that your name, mailing address, phone number or email address may 
have been taken during the intrusion. 

I am truly sorry this incident occurred, and I sincerely regret any inconvenience it may cause you. 

Because we value you as a customer, and because your trust is important to us, our company is 
offering you one year of free credit monitoring through Experian’s ProtectMyID product, which includes 
identity theft insurance where available. Enclosed please find your additional information about your 
free credit card monitoring.


You can find additional information and FAQs about this incident at our website. If you have further questions, 
you may call us at 866-852-8680.
 
Thank you for your patience and your loyalty. 

Sincerely, 
Insurance Company CEO



Amazonia Film Project.
Nu Mcnease
88 Sw 28th Ter, Harrison,
Hudson, NJ, 07029
(nu@gmail.com)

Dear Nu Mcnease, 

Similarly, we also have a template for the company's letter: 
Nu Mcnease
88 Sw 28th Ter, Harrison,
Hudson, NJ, 07029
(nu@gmail.com)

Dear Nu Mcnease,
As you may have heard or read, last month we learned that criminals forced their way into our systems, 
and stole information about our customers. Late last week, as part of our ongoing investigation, 
we learned that the taken information includes names, mailing addresses, phone numbers or email addresses. 

I am writing to make you aware that your name, mailing address, phone number or email address may 
have been taken during the intrusion. 

I am truly sorry this incident occurred, and I sincerely regret any inconvenience it may cause you. 

Because we value you as a customer, and because your trust is important to us, our company is 
offering you one year of free credit monitoring through Experian’s ProtectMyID product, which includes 
identity theft insurance where available. Enclosed please find your additional information about your 
free credit card monitoring.


You can find additional information and FAQs about this incident at our website. If you have further questions, 
you may call us at 866-852-8680.
 
Thank you for your patience and your loyalty. 

Sincerely, 
Insurance Company CEO



Water & Sewer Department.
Daniela Comnick
7 Flowers Rd #403, Trenton,
Mercer, NJ, 08611
(dcomnick@cox.net)

Dear Daniela Comnick, 

Similarly, we also have a template for the company's letter: 
Daniela Comnick
7 Flowers Rd #403, Trenton,
Mercer, NJ, 08611
(dcomnick@cox.net)

Dear Daniela Comnick,
As you may have heard or read, last month we learned that criminals forced their way into our systems, 
and stole information about our customers. Late last week, as part of our ongoing investigation, 
we learned that the taken information includes names, mailing addresses, phone numbers or email addresses. 

I am writing to make you aware that your name, mailing address, phone number or email address may 
have been taken during the intrusion. 

I am truly sorry this incident occurred, and I sincerely regret any inconvenience it may cause you. 

Because we value you as a customer, and because your trust is important to us, our company is 
offering you one year of free credit monitoring through Experian’s ProtectMyID product, which includes 
identity theft insurance where available. Enclosed please find your additional information about your 
free credit card monitoring.


You can find additional information and FAQs about this incident at our website. If you have further questions, 
you may call us at 866-852-8680.
 
Thank you for your patience and your loyalty. 

Sincerely, 
Insurance Company CEO



Switchcraft Inc.
Cecilia Colaizzo
4 Nw 12th St #3849, Madison,
Dane, WI, 53717
(cecilia_colaizzo@colaizzo.com)

Dear Cecilia Colaizzo, 

Similarly, we also have a template for the company's letter: 
Cecilia Colaizzo
4 Nw 12th St #3849, Madison,
Dane, WI, 53717
(cecilia_colaizzo@colaizzo.com)

Dear Cecilia Colaizzo,
As you may have heard or read, last month we learned that criminals forced their way into our systems, 
and stole information about our customers. Late last week, as part of our ongoing investigation, 
we learned that the taken information includes names, mailing addresses, phone numbers or email addresses. 

I am writing to make you aware that your name, mailing address, phone number or email address may 
have been taken during the intrusion. 

I am truly sorry this incident occurred, and I sincerely regret any inconvenience it may cause you. 

Because we value you as a customer, and because your trust is important to us, our company is 
offering you one year of free credit monitoring through Experian’s ProtectMyID product, which includes 
identity theft insurance where available. Enclosed please find your additional information about your 
free credit card monitoring.


You can find additional information and FAQs about this incident at our website. If you have further questions, 
you may call us at 866-852-8680.
 
Thank you for your patience and your loyalty. 

Sincerely, 
Insurance Company CEO



C W D C Metal Fabricators.
Leslie Threets
2 A Kelley Dr, Katonah,
Westchester, NY, 10536
(leslie@cox.net)

Dear Leslie Threets, 

Similarly, we also have a template for the company's letter: 
Leslie Threets
2 A Kelley Dr, Katonah,
Westchester, NY, 10536
(leslie@cox.net)

Dear Leslie Threets,
As you may have heard or read, last month we learned that criminals forced their way into our systems, 
and stole information about our customers. Late last week, as part of our ongoing investigation, 
we learned that the taken information includes names, mailing addresses, phone numbers or email addresses. 

I am writing to make you aware that your name, mailing address, phone number or email address may 
have been taken during the intrusion. 

I am truly sorry this incident occurred, and I sincerely regret any inconvenience it may cause you. 

Because we value you as a customer, and because your trust is important to us, our company is 
offering you one year of free credit monitoring through Experian’s ProtectMyID product, which includes 
identity theft insurance where available. Enclosed please find your additional information about your 
free credit card monitoring.


You can find additional information and FAQs about this incident at our website. If you have further questions, 
you may call us at 866-852-8680.
 
Thank you for your patience and your loyalty. 

Sincerely, 
Insurance Company CEO



Shimotani, Grace T.
Nan Koppinger
88827 Frankford Ave, Greensboro,
Guilford, NC, 27401
(nan@koppinger.com)

Dear Nan Koppinger, 

Similarly, we also have a template for the company's letter: 
Nan Koppinger
88827 Frankford Ave, Greensboro,
Guilford, NC, 27401
(nan@koppinger.com)

Dear Nan Koppinger,
As you may have heard or read, last month we learned that criminals forced their way into our systems, 
and stole information about our customers. Late last week, as part of our ongoing investigation, 
we learned that the taken information includes names, mailing addresses, phone numbers or email addresses. 

I am writing to make you aware that your name, mailing address, phone number or email address may 
have been taken during the intrusion. 

I am truly sorry this incident occurred, and I sincerely regret any inconvenience it may cause you. 

Because we value you as a customer, and because your trust is important to us, our company is 
offering you one year of free credit monitoring through Experian’s ProtectMyID product, which includes 
identity theft insurance where available. Enclosed please find your additional information about your 
free credit card monitoring.


You can find additional information and FAQs about this incident at our website. If you have further questions, 
you may call us at 866-852-8680.
 
Thank you for your patience and your loyalty. 

Sincerely, 
Insurance Company CEO



Lisatoni, Jean Esq.
Izetta Dewar
2 W Scyene Rd #3, Baltimore,
Baltimore City, MD, 21217
(idewar@dewar.com)

Dear Izetta Dewar, 

Similarly, we also have a template for the company's letter: 
Izetta Dewar
2 W Scyene Rd #3, Baltimore,
Baltimore City, MD, 21217
(idewar@dewar.com)

Dear Izetta Dewar,
As you may have heard or read, last month we learned that criminals forced their way into our systems, 
and stole information about our customers. Late last week, as part of our ongoing investigation, 
we learned that the taken information includes names, mailing addresses, phone numbers or email addresses. 

I am writing to make you aware that your name, mailing address, phone number or email address may 
have been taken during the intrusion. 

I am truly sorry this incident occurred, and I sincerely regret any inconvenience it may cause you. 

Because we value you as a customer, and because your trust is important to us, our company is 
offering you one year of free credit monitoring through Experian’s ProtectMyID product, which includes 
identity theft insurance where available. Enclosed please find your additional information about your 
free credit card monitoring.


You can find additional information and FAQs about this incident at our website. If you have further questions, 
you may call us at 866-852-8680.
 
Thank you for your patience and your loyalty. 

Sincerely, 
Insurance Company CEO



Ceramic Tile Sales Inc.
Tegan Arceo
62260 Park Stre, Monroe Township,
Middlesex, NJ, 08831
(tegan.arceo@arceo.org)

Dear Tegan Arceo, 

Similarly, we also have a template for the company's letter: 
Tegan Arceo
62260 Park Stre, Monroe Township,
Middlesex, NJ, 08831
(tegan.arceo@arceo.org)

Dear Tegan Arceo,
As you may have heard or read, last month we learned that criminals forced their way into our systems, 
and stole information about our customers. Late last week, as part of our ongoing investigation, 
we learned that the taken information includes names, mailing addresses, phone numbers or email addresses. 

I am writing to make you aware that your name, mailing address, phone number or email address may 
have been taken during the intrusion. 

I am truly sorry this incident occurred, and I sincerely regret any inconvenience it may cause you. 

Because we value you as a customer, and because your trust is important to us, our company is 
offering you one year of free credit monitoring through Experian’s ProtectMyID product, which includes 
identity theft insurance where available. Enclosed please find your additional information about your 
free credit card monitoring.


You can find additional information and FAQs about this incident at our website. If you have further questions, 
you may call us at 866-852-8680.
 
Thank you for your patience and your loyalty. 

Sincerely, 
Insurance Company CEO



Maiden Craft Inc.
Ruthann Keener
3424 29th St Se, Kerrville,
Kerr, TX, 78028
(ruthann@hotmail.com)

Dear Ruthann Keener, 

Similarly, we also have a template for the company's letter: 
Ruthann Keener
3424 29th St Se, Kerrville,
Kerr, TX, 78028
(ruthann@hotmail.com)

Dear Ruthann Keener,
As you may have heard or read, last month we learned that criminals forced their way into our systems, 
and stole information about our customers. Late last week, as part of our ongoing investigation, 
we learned that the taken information includes names, mailing addresses, phone numbers or email addresses. 

I am writing to make you aware that your name, mailing address, phone number or email address may 
have been taken during the intrusion. 

I am truly sorry this incident occurred, and I sincerely regret any inconvenience it may cause you. 

Because we value you as a customer, and because your trust is important to us, our company is 
offering you one year of free credit monitoring through Experian’s ProtectMyID product, which includes 
identity theft insurance where available. Enclosed please find your additional information about your 
free credit card monitoring.


You can find additional information and FAQs about this incident at our website. If you have further questions, 
you may call us at 866-852-8680.
 
Thank you for your patience and your loyalty. 

Sincerely, 
Insurance Company CEO



Carriage House Cllsn Rpr Inc.
Joni Breland
35 E Main St #43, Elk Grove Village,
Cook, IL, 60007
(joni_breland@cox.net)

Dear Joni Breland, 

Similarly, we also have a template for the company's letter: 
Joni Breland
35 E Main St #43, Elk Grove Village,
Cook, IL, 60007
(joni_breland@cox.net)

Dear Joni Breland,
As you may have heard or read, last month we learned that criminals forced their way into our systems, 
and stole information about our customers. Late last week, as part of our ongoing investigation, 
we learned that the taken information includes names, mailing addresses, phone numbers or email addresses. 

I am writing to make you aware that your name, mailing address, phone number or email address may 
have been taken during the intrusion. 

I am truly sorry this incident occurred, and I sincerely regret any inconvenience it may cause you. 

Because we value you as a customer, and because your trust is important to us, our company is 
offering you one year of free credit monitoring through Experian’s ProtectMyID product, which includes 
identity theft insurance where available. Enclosed please find your additional information about your 
free credit card monitoring.


You can find additional information and FAQs about this incident at our website. If you have further questions, 
you may call us at 866-852-8680.
 
Thank you for your patience and your loyalty. 

Sincerely, 
Insurance Company CEO



Video Workshop.
Vi Rentfro
7163 W Clark Rd, Freehold,
Monmouth, NJ, 07728
(vrentfro@cox.net)

Dear Vi Rentfro, 

Similarly, we also have a template for the company's letter: 
Vi Rentfro
7163 W Clark Rd, Freehold,
Monmouth, NJ, 07728
(vrentfro@cox.net)

Dear Vi Rentfro,
As you may have heard or read, last month we learned that criminals forced their way into our systems, 
and stole information about our customers. Late last week, as part of our ongoing investigation, 
we learned that the taken information includes names, mailing addresses, phone numbers or email addresses. 

I am writing to make you aware that your name, mailing address, phone number or email address may 
have been taken during the intrusion. 

I am truly sorry this incident occurred, and I sincerely regret any inconvenience it may cause you. 

Because we value you as a customer, and because your trust is important to us, our company is 
offering you one year of free credit monitoring through Experian’s ProtectMyID product, which includes 
identity theft insurance where available. Enclosed please find your additional information about your 
free credit card monitoring.


You can find additional information and FAQs about this incident at our website. If you have further questions, 
you may call us at 866-852-8680.
 
Thank you for your patience and your loyalty. 

Sincerely, 
Insurance Company CEO



Fresno Tile Center Inc.
Colette Kardas
21575 S Apple Creek Rd, Omaha,
Douglas, NE, 68124
(colette.kardas@yahoo.com)

Dear Colette Kardas, 

Similarly, we also have a template for the company's letter: 
Colette Kardas
21575 S Apple Creek Rd, Omaha,
Douglas, NE, 68124
(colette.kardas@yahoo.com)

Dear Colette Kardas,
As you may have heard or read, last month we learned that criminals forced their way into our systems, 
and stole information about our customers. Late last week, as part of our ongoing investigation, 
we learned that the taken information includes names, mailing addresses, phone numbers or email addresses. 

I am writing to make you aware that your name, mailing address, phone number or email address may 
have been taken during the intrusion. 

I am truly sorry this incident occurred, and I sincerely regret any inconvenience it may cause you. 

Because we value you as a customer, and because your trust is important to us, our company is 
offering you one year of free credit monitoring through Experian’s ProtectMyID product, which includes 
identity theft insurance where available. Enclosed please find your additional information about your 
free credit card monitoring.


You can find additional information and FAQs about this incident at our website. If you have further questions, 
you may call us at 866-852-8680.
 
Thank you for your patience and your loyalty. 

Sincerely, 
Insurance Company CEO



Versatile Sash & Woodwork.
Malcolm Tromblay
747 Leonis Blvd, Annandale,
Fairfax, VA, 22003
(malcolm_tromblay@cox.net)

Dear Malcolm Tromblay, 

Similarly, we also have a template for the company's letter: 
Malcolm Tromblay
747 Leonis Blvd, Annandale,
Fairfax, VA, 22003
(malcolm_tromblay@cox.net)

Dear Malcolm Tromblay,
As you may have heard or read, last month we learned that criminals forced their way into our systems, 
and stole information about our customers. Late last week, as part of our ongoing investigation, 
we learned that the taken information includes names, mailing addresses, phone numbers or email addresses. 

I am writing to make you aware that your name, mailing address, phone number or email address may 
have been taken during the intrusion. 

I am truly sorry this incident occurred, and I sincerely regret any inconvenience it may cause you. 

Because we value you as a customer, and because your trust is important to us, our company is 
offering you one year of free credit monitoring through Experian’s ProtectMyID product, which includes 
identity theft insurance where available. Enclosed please find your additional information about your 
free credit card monitoring.


You can find additional information and FAQs about this incident at our website. If you have further questions, 
you may call us at 866-852-8680.
 
Thank you for your patience and your loyalty. 

Sincerely, 
Insurance Company CEO



Warner Electric Brk & Cltch Co.
Ryan Harnos
13 Gunnison St, Plano,
Collin, TX, 75075
(ryan@cox.net)

Dear Ryan Harnos, 

Similarly, we also have a template for the company's letter: 
Ryan Harnos
13 Gunnison St, Plano,
Collin, TX, 75075
(ryan@cox.net)

Dear Ryan Harnos,
As you may have heard or read, last month we learned that criminals forced their way into our systems, 
and stole information about our customers. Late last week, as part of our ongoing investigation, 
we learned that the taken information includes names, mailing addresses, phone numbers or email addresses. 

I am writing to make you aware that your name, mailing address, phone number or email address may 
have been taken during the intrusion. 

I am truly sorry this incident occurred, and I sincerely regret any inconvenience it may cause you. 

Because we value you as a customer, and because your trust is important to us, our company is 
offering you one year of free credit monitoring through Experian’s ProtectMyID product, which includes 
identity theft insurance where available. Enclosed please find your additional information about your 
free credit card monitoring.


You can find additional information and FAQs about this incident at our website. If you have further questions, 
you may call us at 866-852-8680.
 
Thank you for your patience and your loyalty. 

Sincerely, 
Insurance Company CEO



New York Public Library.
Jess Chaffins
18 3rd Ave, New York,
New York, NY, 10016
(jess.chaffins@chaffins.org)

Dear Jess Chaffins, 

Similarly, we also have a template for the company's letter: 
Jess Chaffins
18 3rd Ave, New York,
New York, NY, 10016
(jess.chaffins@chaffins.org)

Dear Jess Chaffins,
As you may have heard or read, last month we learned that criminals forced their way into our systems, 
and stole information about our customers. Late last week, as part of our ongoing investigation, 
we learned that the taken information includes names, mailing addresses, phone numbers or email addresses. 

I am writing to make you aware that your name, mailing address, phone number or email address may 
have been taken during the intrusion. 

I am truly sorry this incident occurred, and I sincerely regret any inconvenience it may cause you. 

Because we value you as a customer, and because your trust is important to us, our company is 
offering you one year of free credit monitoring through Experian’s ProtectMyID product, which includes 
identity theft insurance where available. Enclosed please find your additional information about your 
free credit card monitoring.


You can find additional information and FAQs about this incident at our website. If you have further questions, 
you may call us at 866-852-8680.
 
Thank you for your patience and your loyalty. 

Sincerely, 
Insurance Company CEO



Mccaleb, John A Esq.
Sharen Bourbon
62 W Austin St, Syosset,
Nassau, NY, 11791
(sbourbon@yahoo.com)

Dear Sharen Bourbon, 

Similarly, we also have a template for the company's letter: 
Sharen Bourbon
62 W Austin St, Syosset,
Nassau, NY, 11791
(sbourbon@yahoo.com)

Dear Sharen Bourbon,
As you may have heard or read, last month we learned that criminals forced their way into our systems, 
and stole information about our customers. Late last week, as part of our ongoing investigation, 
we learned that the taken information includes names, mailing addresses, phone numbers or email addresses. 

I am writing to make you aware that your name, mailing address, phone number or email address may 
have been taken during the intrusion. 

I am truly sorry this incident occurred, and I sincerely regret any inconvenience it may cause you. 

Because we value you as a customer, and because your trust is important to us, our company is 
offering you one year of free credit monitoring through Experian’s ProtectMyID product, which includes 
identity theft insurance where available. Enclosed please find your additional information about your 
free credit card monitoring.


You can find additional information and FAQs about this incident at our website. If you have further questions, 
you may call us at 866-852-8680.
 
Thank you for your patience and your loyalty. 

Sincerely, 
Insurance Company CEO



United Oil Co Inc.
Nickolas Juvera
177 S Rider Trl #52, Crystal River,
Citrus, FL, 34429
(nickolas_juvera@cox.net)

Dear Nickolas Juvera, 

Similarly, we also have a template for the company's letter: 
Nickolas Juvera
177 S Rider Trl #52, Crystal River,
Citrus, FL, 34429
(nickolas_juvera@cox.net)

Dear Nickolas Juvera,
As you may have heard or read, last month we learned that criminals forced their way into our systems, 
and stole information about our customers. Late last week, as part of our ongoing investigation, 
we learned that the taken information includes names, mailing addresses, phone numbers or email addresses. 

I am writing to make you aware that your name, mailing address, phone number or email address may 
have been taken during the intrusion. 

I am truly sorry this incident occurred, and I sincerely regret any inconvenience it may cause you. 

Because we value you as a customer, and because your trust is important to us, our company is 
offering you one year of free credit monitoring through Experian’s ProtectMyID product, which includes 
identity theft insurance where available. Enclosed please find your additional information about your 
free credit card monitoring.


You can find additional information and FAQs about this incident at our website. If you have further questions, 
you may call us at 866-852-8680.
 
Thank you for your patience and your loyalty. 

Sincerely, 
Insurance Company CEO



Irving Foot Center.
Gary Nunlee
2 W Mount Royal Ave, Fortville,
Hancock, IN, 46040
(gary_nunlee@nunlee.org)

Dear Gary Nunlee, 

Similarly, we also have a template for the company's letter: 
Gary Nunlee
2 W Mount Royal Ave, Fortville,
Hancock, IN, 46040
(gary_nunlee@nunlee.org)

Dear Gary Nunlee,
As you may have heard or read, last month we learned that criminals forced their way into our systems, 
and stole information about our customers. Late last week, as part of our ongoing investigation, 
we learned that the taken information includes names, mailing addresses, phone numbers or email addresses. 

I am writing to make you aware that your name, mailing address, phone number or email address may 
have been taken during the intrusion. 

I am truly sorry this incident occurred, and I sincerely regret any inconvenience it may cause you. 

Because we value you as a customer, and because your trust is important to us, our company is 
offering you one year of free credit monitoring through Experian’s ProtectMyID product, which includes 
identity theft insurance where available. Enclosed please find your additional information about your 
free credit card monitoring.


You can find additional information and FAQs about this incident at our website. If you have further questions, 
you may call us at 866-852-8680.
 
Thank you for your patience and your loyalty. 

Sincerely, 
Insurance Company CEO



Acme Supply Co.
Diane Devreese
1953 Telegraph Rd, Saint Joseph,
Buchanan, MO, 64504
(diane@cox.net)

Dear Diane Devreese, 

Similarly, we also have a template for the company's letter: 
Diane Devreese
1953 Telegraph Rd, Saint Joseph,
Buchanan, MO, 64504
(diane@cox.net)

Dear Diane Devreese,
As you may have heard or read, last month we learned that criminals forced their way into our systems, 
and stole information about our customers. Late last week, as part of our ongoing investigation, 
we learned that the taken information includes names, mailing addresses, phone numbers or email addresses. 

I am writing to make you aware that your name, mailing address, phone number or email address may 
have been taken during the intrusion. 

I am truly sorry this incident occurred, and I sincerely regret any inconvenience it may cause you. 

Because we value you as a customer, and because your trust is important to us, our company is 
offering you one year of free credit monitoring through Experian’s ProtectMyID product, which includes 
identity theft insurance where available. Enclosed please find your additional information about your 
free credit card monitoring.


You can find additional information and FAQs about this incident at our website. If you have further questions, 
you may call us at 866-852-8680.
 
Thank you for your patience and your loyalty. 

Sincerely, 
Insurance Company CEO



Mcrae, James L.
Roslyn Chavous
63517 Dupont St, Jackson,
Hinds, MS, 39211
(roslyn.chavous@chavous.org)

Dear Roslyn Chavous, 

Similarly, we also have a template for the company's letter: 
Roslyn Chavous
63517 Dupont St, Jackson,
Hinds, MS, 39211
(roslyn.chavous@chavous.org)

Dear Roslyn Chavous,
As you may have heard or read, last month we learned that criminals forced their way into our systems, 
and stole information about our customers. Late last week, as part of our ongoing investigation, 
we learned that the taken information includes names, mailing addresses, phone numbers or email addresses. 

I am writing to make you aware that your name, mailing address, phone number or email address may 
have been taken during the intrusion. 

I am truly sorry this incident occurred, and I sincerely regret any inconvenience it may cause you. 

Because we value you as a customer, and because your trust is important to us, our company is 
offering you one year of free credit monitoring through Experian’s ProtectMyID product, which includes 
identity theft insurance where available. Enclosed please find your additional information about your 
free credit card monitoring.


You can find additional information and FAQs about this incident at our website. If you have further questions, 
you may call us at 866-852-8680.
 
Thank you for your patience and your loyalty. 

Sincerely, 
Insurance Company CEO



Mcgraths Seafood.
Glory Schieler
5 E Truman Rd, Abilene,
Taylor, TX, 79602
(glory@yahoo.com)

Dear Glory Schieler, 

Similarly, we also have a template for the company's letter: 
Glory Schieler
5 E Truman Rd, Abilene,
Taylor, TX, 79602
(glory@yahoo.com)

Dear Glory Schieler,
As you may have heard or read, last month we learned that criminals forced their way into our systems, 
and stole information about our customers. Late last week, as part of our ongoing investigation, 
we learned that the taken information includes names, mailing addresses, phone numbers or email addresses. 

I am writing to make you aware that your name, mailing address, phone number or email address may 
have been taken during the intrusion. 

I am truly sorry this incident occurred, and I sincerely regret any inconvenience it may cause you. 

Because we value you as a customer, and because your trust is important to us, our company is 
offering you one year of free credit monitoring through Experian’s ProtectMyID product, which includes 
identity theft insurance where available. Enclosed please find your additional information about your 
free credit card monitoring.


You can find additional information and FAQs about this incident at our website. If you have further questions, 
you may call us at 866-852-8680.
 
Thank you for your patience and your loyalty. 

Sincerely, 
Insurance Company CEO



Kummerer, J Michael Esq.
Rasheeda Sayaphon
251 Park Ave #979, Saratoga,
Santa Clara, CA, 95070
(rasheeda@aol.com)

Dear Rasheeda Sayaphon, 

Similarly, we also have a template for the company's letter: 
Rasheeda Sayaphon
251 Park Ave #979, Saratoga,
Santa Clara, CA, 95070
(rasheeda@aol.com)

Dear Rasheeda Sayaphon,
As you may have heard or read, last month we learned that criminals forced their way into our systems, 
and stole information about our customers. Late last week, as part of our ongoing investigation, 
we learned that the taken information includes names, mailing addresses, phone numbers or email addresses. 

I am writing to make you aware that your name, mailing address, phone number or email address may 
have been taken during the intrusion. 

I am truly sorry this incident occurred, and I sincerely regret any inconvenience it may cause you. 

Because we value you as a customer, and because your trust is important to us, our company is 
offering you one year of free credit monitoring through Experian’s ProtectMyID product, which includes 
identity theft insurance where available. Enclosed please find your additional information about your 
free credit card monitoring.


You can find additional information and FAQs about this incident at our website. If you have further questions, 
you may call us at 866-852-8680.
 
Thank you for your patience and your loyalty. 

Sincerely, 
Insurance Company CEO



Stoffer, James M Jr.
Alpha Palaia
43496 Commercial Dr #29, Cherry Hill,
Camden, NJ, 08003
(alpha@yahoo.com)

Dear Alpha Palaia, 

Similarly, we also have a template for the company's letter: 
Alpha Palaia
43496 Commercial Dr #29, Cherry Hill,
Camden, NJ, 08003
(alpha@yahoo.com)

Dear Alpha Palaia,
As you may have heard or read, last month we learned that criminals forced their way into our systems, 
and stole information about our customers. Late last week, as part of our ongoing investigation, 
we learned that the taken information includes names, mailing addresses, phone numbers or email addresses. 

I am writing to make you aware that your name, mailing address, phone number or email address may 
have been taken during the intrusion. 

I am truly sorry this incident occurred, and I sincerely regret any inconvenience it may cause you. 

Because we value you as a customer, and because your trust is important to us, our company is 
offering you one year of free credit monitoring through Experian’s ProtectMyID product, which includes 
identity theft insurance where available. Enclosed please find your additional information about your 
free credit card monitoring.


You can find additional information and FAQs about this incident at our website. If you have further questions, 
you may call us at 866-852-8680.
 
Thank you for your patience and your loyalty. 

Sincerely, 
Insurance Company CEO



North Central Fl Sfty Cncl.
Refugia Jacobos
2184 Worth St, Hayward,
Alameda, CA, 94545
(refugia.jacobos@jacobos.com)

Dear Refugia Jacobos, 

Similarly, we also have a template for the company's letter: 
Refugia Jacobos
2184 Worth St, Hayward,
Alameda, CA, 94545
(refugia.jacobos@jacobos.com)

Dear Refugia Jacobos,
As you may have heard or read, last month we learned that criminals forced their way into our systems, 
and stole information about our customers. Late last week, as part of our ongoing investigation, 
we learned that the taken information includes names, mailing addresses, phone numbers or email addresses. 

I am writing to make you aware that your name, mailing address, phone number or email address may 
have been taken during the intrusion. 

I am truly sorry this incident occurred, and I sincerely regret any inconvenience it may cause you. 

Because we value you as a customer, and because your trust is important to us, our company is 
offering you one year of free credit monitoring through Experian’s ProtectMyID product, which includes 
identity theft insurance where available. Enclosed please find your additional information about your 
free credit card monitoring.


You can find additional information and FAQs about this incident at our website. If you have further questions, 
you may call us at 866-852-8680.
 
Thank you for your patience and your loyalty. 

Sincerely, 
Insurance Company CEO



Fiorucci Foods Usa Inc.
Shawnda Yori
50126 N Plankinton Ave, Longwood,
Seminole, FL, 32750
(shawnda.yori@yahoo.com)

Dear Shawnda Yori, 

Similarly, we also have a template for the company's letter: 
Shawnda Yori
50126 N Plankinton Ave, Longwood,
Seminole, FL, 32750
(shawnda.yori@yahoo.com)

Dear Shawnda Yori,
As you may have heard or read, last month we learned that criminals forced their way into our systems, 
and stole information about our customers. Late last week, as part of our ongoing investigation, 
we learned that the taken information includes names, mailing addresses, phone numbers or email addresses. 

I am writing to make you aware that your name, mailing address, phone number or email address may 
have been taken during the intrusion. 

I am truly sorry this incident occurred, and I sincerely regret any inconvenience it may cause you. 

Because we value you as a customer, and because your trust is important to us, our company is 
offering you one year of free credit monitoring through Experian’s ProtectMyID product, which includes 
identity theft insurance where available. Enclosed please find your additional information about your 
free credit card monitoring.


You can find additional information and FAQs about this incident at our website. If you have further questions, 
you may call us at 866-852-8680.
 
Thank you for your patience and your loyalty. 

Sincerely, 
Insurance Company CEO



Sign All.
Mona Delasancha
38773 Gravois Ave, Cheyenne,
Laramie, WY, 82001
(mdelasancha@hotmail.com)

Dear Mona Delasancha, 

Similarly, we also have a template for the company's letter: 
Mona Delasancha
38773 Gravois Ave, Cheyenne,
Laramie, WY, 82001
(mdelasancha@hotmail.com)

Dear Mona Delasancha,
As you may have heard or read, last month we learned that criminals forced their way into our systems, 
and stole information about our customers. Late last week, as part of our ongoing investigation, 
we learned that the taken information includes names, mailing addresses, phone numbers or email addresses. 

I am writing to make you aware that your name, mailing address, phone number or email address may 
have been taken during the intrusion. 

I am truly sorry this incident occurred, and I sincerely regret any inconvenience it may cause you. 

Because we value you as a customer, and because your trust is important to us, our company is 
offering you one year of free credit monitoring through Experian’s ProtectMyID product, which includes 
identity theft insurance where available. Enclosed please find your additional information about your 
free credit card monitoring.


You can find additional information and FAQs about this incident at our website. If you have further questions, 
you may call us at 866-852-8680.
 
Thank you for your patience and your loyalty. 

Sincerely, 
Insurance Company CEO



Sammys Steak Den.
Gilma Liukko
16452 Greenwich St, Garden City,
Nassau, NY, 11530
(gilma_liukko@gmail.com)

Dear Gilma Liukko, 

Similarly, we also have a template for the company's letter: 
Gilma Liukko
16452 Greenwich St, Garden City,
Nassau, NY, 11530
(gilma_liukko@gmail.com)

Dear Gilma Liukko,
As you may have heard or read, last month we learned that criminals forced their way into our systems, 
and stole information about our customers. Late last week, as part of our ongoing investigation, 
we learned that the taken information includes names, mailing addresses, phone numbers or email addresses. 

I am writing to make you aware that your name, mailing address, phone number or email address may 
have been taken during the intrusion. 

I am truly sorry this incident occurred, and I sincerely regret any inconvenience it may cause you. 

Because we value you as a customer, and because your trust is important to us, our company is 
offering you one year of free credit monitoring through Experian’s ProtectMyID product, which includes 
identity theft insurance where available. Enclosed please find your additional information about your 
free credit card monitoring.


You can find additional information and FAQs about this incident at our website. If you have further questions, 
you may call us at 866-852-8680.
 
Thank you for your patience and your loyalty. 

Sincerely, 
Insurance Company CEO



Dobscha, Stephen F Esq.
Janey Gabisi
40 Cambridge Ave, Madison,
Dane, WI, 53715
(jgabisi@hotmail.com)

Dear Janey Gabisi, 

Similarly, we also have a template for the company's letter: 
Janey Gabisi
40 Cambridge Ave, Madison,
Dane, WI, 53715
(jgabisi@hotmail.com)

Dear Janey Gabisi,
As you may have heard or read, last month we learned that criminals forced their way into our systems, 
and stole information about our customers. Late last week, as part of our ongoing investigation, 
we learned that the taken information includes names, mailing addresses, phone numbers or email addresses. 

I am writing to make you aware that your name, mailing address, phone number or email address may 
have been taken during the intrusion. 

I am truly sorry this incident occurred, and I sincerely regret any inconvenience it may cause you. 

Because we value you as a customer, and because your trust is important to us, our company is 
offering you one year of free credit monitoring through Experian’s ProtectMyID product, which includes 
identity theft insurance where available. Enclosed please find your additional information about your 
free credit card monitoring.


You can find additional information and FAQs about this incident at our website. If you have further questions, 
you may call us at 866-852-8680.
 
Thank you for your patience and your loyalty. 

Sincerely, 
Insurance Company CEO



Morgan Custom Homes.
Lili Paskin
20113 4th Ave E, Kearny,
Hudson, NJ, 07032
(lili.paskin@cox.net)

Dear Lili Paskin, 

Similarly, we also have a template for the company's letter: 
Lili Paskin
20113 4th Ave E, Kearny,
Hudson, NJ, 07032
(lili.paskin@cox.net)

Dear Lili Paskin,
As you may have heard or read, last month we learned that criminals forced their way into our systems, 
and stole information about our customers. Late last week, as part of our ongoing investigation, 
we learned that the taken information includes names, mailing addresses, phone numbers or email addresses. 

I am writing to make you aware that your name, mailing address, phone number or email address may 
have been taken during the intrusion. 

I am truly sorry this incident occurred, and I sincerely regret any inconvenience it may cause you. 

Because we value you as a customer, and because your trust is important to us, our company is 
offering you one year of free credit monitoring through Experian’s ProtectMyID product, which includes 
identity theft insurance where available. Enclosed please find your additional information about your 
free credit card monitoring.


You can find additional information and FAQs about this incident at our website. If you have further questions, 
you may call us at 866-852-8680.
 
Thank you for your patience and your loyalty. 

Sincerely, 
Insurance Company CEO



Olsen Payne & Company.
Loren Asar
6 Ridgewood Center Dr, Old Forge,
Lackawanna, PA, 18518
(loren.asar@aol.com)

Dear Loren Asar, 

Similarly, we also have a template for the company's letter: 
Loren Asar
6 Ridgewood Center Dr, Old Forge,
Lackawanna, PA, 18518
(loren.asar@aol.com)

Dear Loren Asar,
As you may have heard or read, last month we learned that criminals forced their way into our systems, 
and stole information about our customers. Late last week, as part of our ongoing investigation, 
we learned that the taken information includes names, mailing addresses, phone numbers or email addresses. 

I am writing to make you aware that your name, mailing address, phone number or email address may 
have been taken during the intrusion. 

I am truly sorry this incident occurred, and I sincerely regret any inconvenience it may cause you. 

Because we value you as a customer, and because your trust is important to us, our company is 
offering you one year of free credit monitoring through Experian’s ProtectMyID product, which includes 
identity theft insurance where available. Enclosed please find your additional information about your 
free credit card monitoring.


You can find additional information and FAQs about this incident at our website. If you have further questions, 
you may call us at 866-852-8680.
 
Thank you for your patience and your loyalty. 

Sincerely, 
Insurance Company CEO



Cowan & Kelly.
Dorothy Chesterfield
469 Outwater Ln, San Diego,
San Diego, CA, 92126
(dorothy@cox.net)

Dear Dorothy Chesterfield, 

Similarly, we also have a template for the company's letter: 
Dorothy Chesterfield
469 Outwater Ln, San Diego,
San Diego, CA, 92126
(dorothy@cox.net)

Dear Dorothy Chesterfield,
As you may have heard or read, last month we learned that criminals forced their way into our systems, 
and stole information about our customers. Late last week, as part of our ongoing investigation, 
we learned that the taken information includes names, mailing addresses, phone numbers or email addresses. 

I am writing to make you aware that your name, mailing address, phone number or email address may 
have been taken during the intrusion. 

I am truly sorry this incident occurred, and I sincerely regret any inconvenience it may cause you. 

Because we value you as a customer, and because your trust is important to us, our company is 
offering you one year of free credit monitoring through Experian’s ProtectMyID product, which includes 
identity theft insurance where available. Enclosed please find your additional information about your 
free credit card monitoring.


You can find additional information and FAQs about this incident at our website. If you have further questions, 
you may call us at 866-852-8680.
 
Thank you for your patience and your loyalty. 

Sincerely, 
Insurance Company CEO



Johnson, Wes Esq.
Gail Similton
62 Monroe St, Thousand Palms,
Riverside, CA, 92276
(gail_similton@similton.com)

Dear Gail Similton, 

Similarly, we also have a template for the company's letter: 
Gail Similton
62 Monroe St, Thousand Palms,
Riverside, CA, 92276
(gail_similton@similton.com)

Dear Gail Similton,
As you may have heard or read, last month we learned that criminals forced their way into our systems, 
and stole information about our customers. Late last week, as part of our ongoing investigation, 
we learned that the taken information includes names, mailing addresses, phone numbers or email addresses. 

I am writing to make you aware that your name, mailing address, phone number or email address may 
have been taken during the intrusion. 

I am truly sorry this incident occurred, and I sincerely regret any inconvenience it may cause you. 

Because we value you as a customer, and because your trust is important to us, our company is 
offering you one year of free credit monitoring through Experian’s ProtectMyID product, which includes 
identity theft insurance where available. Enclosed please find your additional information about your 
free credit card monitoring.


You can find additional information and FAQs about this incident at our website. If you have further questions, 
you may call us at 866-852-8680.
 
Thank you for your patience and your loyalty. 

Sincerely, 
Insurance Company CEO



Icn Pharmaceuticals Inc.
Catalina Tillotson
3338 A Lockport Pl #6, Margate City,
Atlantic, NJ, 08402
(catalina@hotmail.com)

Dear Catalina Tillotson, 

Similarly, we also have a template for the company's letter: 
Catalina Tillotson
3338 A Lockport Pl #6, Margate City,
Atlantic, NJ, 08402
(catalina@hotmail.com)

Dear Catalina Tillotson,
As you may have heard or read, last month we learned that criminals forced their way into our systems, 
and stole information about our customers. Late last week, as part of our ongoing investigation, 
we learned that the taken information includes names, mailing addresses, phone numbers or email addresses. 

I am writing to make you aware that your name, mailing address, phone number or email address may 
have been taken during the intrusion. 

I am truly sorry this incident occurred, and I sincerely regret any inconvenience it may cause you. 

Because we value you as a customer, and because your trust is important to us, our company is 
offering you one year of free credit monitoring through Experian’s ProtectMyID product, which includes 
identity theft insurance where available. Enclosed please find your additional information about your 
free credit card monitoring.


You can find additional information and FAQs about this incident at our website. If you have further questions, 
you may call us at 866-852-8680.
 
Thank you for your patience and your loyalty. 

Sincerely, 
Insurance Company CEO



New England Sec Equip Co Inc.
Lawrence Lorens
9 Hwy, Providence,
Providence, RI, 02906
(lawrence.lorens@hotmail.com)

Dear Lawrence Lorens, 

Similarly, we also have a template for the company's letter: 
Lawrence Lorens
9 Hwy, Providence,
Providence, RI, 02906
(lawrence.lorens@hotmail.com)

Dear Lawrence Lorens,
As you may have heard or read, last month we learned that criminals forced their way into our systems, 
and stole information about our customers. Late last week, as part of our ongoing investigation, 
we learned that the taken information includes names, mailing addresses, phone numbers or email addresses. 

I am writing to make you aware that your name, mailing address, phone number or email address may 
have been taken during the intrusion. 

I am truly sorry this incident occurred, and I sincerely regret any inconvenience it may cause you. 

Because we value you as a customer, and because your trust is important to us, our company is 
offering you one year of free credit monitoring through Experian’s ProtectMyID product, which includes 
identity theft insurance where available. Enclosed please find your additional information about your 
free credit card monitoring.


You can find additional information and FAQs about this incident at our website. If you have further questions, 
you may call us at 866-852-8680.
 
Thank you for your patience and your loyalty. 

Sincerely, 
Insurance Company CEO



Tippett, Troy M Ii.
Carlee Boulter
8284 Hart St, Abilene,
Dickinson, KS, 67410
(carlee.boulter@hotmail.com)

Dear Carlee Boulter, 

Similarly, we also have a template for the company's letter: 
Carlee Boulter
8284 Hart St, Abilene,
Dickinson, KS, 67410
(carlee.boulter@hotmail.com)

Dear Carlee Boulter,
As you may have heard or read, last month we learned that criminals forced their way into our systems, 
and stole information about our customers. Late last week, as part of our ongoing investigation, 
we learned that the taken information includes names, mailing addresses, phone numbers or email addresses. 

I am writing to make you aware that your name, mailing address, phone number or email address may 
have been taken during the intrusion. 

I am truly sorry this incident occurred, and I sincerely regret any inconvenience it may cause you. 

Because we value you as a customer, and because your trust is important to us, our company is 
offering you one year of free credit monitoring through Experian’s ProtectMyID product, which includes 
identity theft insurance where available. Enclosed please find your additional information about your 
free credit card monitoring.


You can find additional information and FAQs about this incident at our website. If you have further questions, 
you may call us at 866-852-8680.
 
Thank you for your patience and your loyalty. 

Sincerely, 
Insurance Company CEO



Atc Contracting.
Thaddeus Ankeny
5 Washington St #1, Roseville,
Placer, CA, 95678
(tankeny@ankeny.org)

Dear Thaddeus Ankeny, 

Similarly, we also have a template for the company's letter: 
Thaddeus Ankeny
5 Washington St #1, Roseville,
Placer, CA, 95678
(tankeny@ankeny.org)

Dear Thaddeus Ankeny,
As you may have heard or read, last month we learned that criminals forced their way into our systems, 
and stole information about our customers. Late last week, as part of our ongoing investigation, 
we learned that the taken information includes names, mailing addresses, phone numbers or email addresses. 

I am writing to make you aware that your name, mailing address, phone number or email address may 
have been taken during the intrusion. 

I am truly sorry this incident occurred, and I sincerely regret any inconvenience it may cause you. 

Because we value you as a customer, and because your trust is important to us, our company is 
offering you one year of free credit monitoring through Experian’s ProtectMyID product, which includes 
identity theft insurance where available. Enclosed please find your additional information about your 
free credit card monitoring.


You can find additional information and FAQs about this incident at our website. If you have further questions, 
you may call us at 866-852-8680.
 
Thank you for your patience and your loyalty. 

Sincerely, 
Insurance Company CEO



Pagano, Philip G Esq.
Jovita Oles
8 S Haven St, Daytona Beach,
Volusia, FL, 32114
(joles@gmail.com)

Dear Jovita Oles, 

Similarly, we also have a template for the company's letter: 
Jovita Oles
8 S Haven St, Daytona Beach,
Volusia, FL, 32114
(joles@gmail.com)

Dear Jovita Oles,
As you may have heard or read, last month we learned that criminals forced their way into our systems, 
and stole information about our customers. Late last week, as part of our ongoing investigation, 
we learned that the taken information includes names, mailing addresses, phone numbers or email addresses. 

I am writing to make you aware that your name, mailing address, phone number or email address may 
have been taken during the intrusion. 

I am truly sorry this incident occurred, and I sincerely regret any inconvenience it may cause you. 

Because we value you as a customer, and because your trust is important to us, our company is 
offering you one year of free credit monitoring through Experian’s ProtectMyID product, which includes 
identity theft insurance where available. Enclosed please find your additional information about your 
free credit card monitoring.


You can find additional information and FAQs about this incident at our website. If you have further questions, 
you may call us at 866-852-8680.
 
Thank you for your patience and your loyalty. 

Sincerely, 
Insurance Company CEO



Kwikprint.
Alesia Hixenbaugh
9 Front St, Washington,
District of Columbia, DC, 20001
(alesia_hixenbaugh@hixenbaugh.org)

Dear Alesia Hixenbaugh, 

Similarly, we also have a template for the company's letter: 
Alesia Hixenbaugh
9 Front St, Washington,
District of Columbia, DC, 20001
(alesia_hixenbaugh@hixenbaugh.org)

Dear Alesia Hixenbaugh,
As you may have heard or read, last month we learned that criminals forced their way into our systems, 
and stole information about our customers. Late last week, as part of our ongoing investigation, 
we learned that the taken information includes names, mailing addresses, phone numbers or email addresses. 

I am writing to make you aware that your name, mailing address, phone number or email address may 
have been taken during the intrusion. 

I am truly sorry this incident occurred, and I sincerely regret any inconvenience it may cause you. 

Because we value you as a customer, and because your trust is important to us, our company is 
offering you one year of free credit monitoring through Experian’s ProtectMyID product, which includes 
identity theft insurance where available. Enclosed please find your additional information about your 
free credit card monitoring.


You can find additional information and FAQs about this incident at our website. If you have further questions, 
you may call us at 866-852-8680.
 
Thank you for your patience and your loyalty. 

Sincerely, 
Insurance Company CEO



Buergi & Madden Scale.
Lai Harabedian
1933 Packer Ave #2, Novato,
Marin, CA, 94945
(lai@gmail.com)

Dear Lai Harabedian, 

Similarly, we also have a template for the company's letter: 
Lai Harabedian
1933 Packer Ave #2, Novato,
Marin, CA, 94945
(lai@gmail.com)

Dear Lai Harabedian,
As you may have heard or read, last month we learned that criminals forced their way into our systems, 
and stole information about our customers. Late last week, as part of our ongoing investigation, 
we learned that the taken information includes names, mailing addresses, phone numbers or email addresses. 

I am writing to make you aware that your name, mailing address, phone number or email address may 
have been taken during the intrusion. 

I am truly sorry this incident occurred, and I sincerely regret any inconvenience it may cause you. 

Because we value you as a customer, and because your trust is important to us, our company is 
offering you one year of free credit monitoring through Experian’s ProtectMyID product, which includes 
identity theft insurance where available. Enclosed please find your additional information about your 
free credit card monitoring.


You can find additional information and FAQs about this incident at our website. If you have further questions, 
you may call us at 866-852-8680.
 
Thank you for your patience and your loyalty. 

Sincerely, 
Insurance Company CEO



Inner Label.
Brittni Gillaspie
67 Rv Cent, Boise,
Ada, ID, 83709
(bgillaspie@gillaspie.com)

Dear Brittni Gillaspie, 

Similarly, we also have a template for the company's letter: 
Brittni Gillaspie
67 Rv Cent, Boise,
Ada, ID, 83709
(bgillaspie@gillaspie.com)

Dear Brittni Gillaspie,
As you may have heard or read, last month we learned that criminals forced their way into our systems, 
and stole information about our customers. Late last week, as part of our ongoing investigation, 
we learned that the taken information includes names, mailing addresses, phone numbers or email addresses. 

I am writing to make you aware that your name, mailing address, phone number or email address may 
have been taken during the intrusion. 

I am truly sorry this incident occurred, and I sincerely regret any inconvenience it may cause you. 

Because we value you as a customer, and because your trust is important to us, our company is 
offering you one year of free credit monitoring through Experian’s ProtectMyID product, which includes 
identity theft insurance where available. Enclosed please find your additional information about your 
free credit card monitoring.


You can find additional information and FAQs about this incident at our website. If you have further questions, 
you may call us at 866-852-8680.
 
Thank you for your patience and your loyalty. 

Sincerely, 
Insurance Company CEO



Hermar Inc.
Raylene Kampa
2 Sw Nyberg Rd, Elkhart,
Elkhart, IN, 46514
(rkampa@kampa.org)

Dear Raylene Kampa, 

Similarly, we also have a template for the company's letter: 
Raylene Kampa
2 Sw Nyberg Rd, Elkhart,
Elkhart, IN, 46514
(rkampa@kampa.org)

Dear Raylene Kampa,
As you may have heard or read, last month we learned that criminals forced their way into our systems, 
and stole information about our customers. Late last week, as part of our ongoing investigation, 
we learned that the taken information includes names, mailing addresses, phone numbers or email addresses. 

I am writing to make you aware that your name, mailing address, phone number or email address may 
have been taken during the intrusion. 

I am truly sorry this incident occurred, and I sincerely regret any inconvenience it may cause you. 

Because we value you as a customer, and because your trust is important to us, our company is 
offering you one year of free credit monitoring through Experian’s ProtectMyID product, which includes 
identity theft insurance where available. Enclosed please find your additional information about your 
free credit card monitoring.


You can find additional information and FAQs about this incident at our website. If you have further questions, 
you may call us at 866-852-8680.
 
Thank you for your patience and your loyalty. 

Sincerely, 
Insurance Company CEO



Simonton Howe & Schneider Pc.
Flo Bookamer
89992 E 15th St, Alliance,
Box Butte, NE, 69301
(flo.bookamer@cox.net)

Dear Flo Bookamer, 

Similarly, we also have a template for the company's letter: 
Flo Bookamer
89992 E 15th St, Alliance,
Box Butte, NE, 69301
(flo.bookamer@cox.net)

Dear Flo Bookamer,
As you may have heard or read, last month we learned that criminals forced their way into our systems, 
and stole information about our customers. Late last week, as part of our ongoing investigation, 
we learned that the taken information includes names, mailing addresses, phone numbers or email addresses. 

I am writing to make you aware that your name, mailing address, phone number or email address may 
have been taken during the intrusion. 

I am truly sorry this incident occurred, and I sincerely regret any inconvenience it may cause you. 

Because we value you as a customer, and because your trust is important to us, our company is 
offering you one year of free credit monitoring through Experian’s ProtectMyID product, which includes 
identity theft insurance where available. Enclosed please find your additional information about your 
free credit card monitoring.


You can find additional information and FAQs about this incident at our website. If you have further questions, 
you may call us at 866-852-8680.
 
Thank you for your patience and your loyalty. 

Sincerely, 
Insurance Company CEO



Warehouse Office & Paper Prod.
Jani Biddy
61556 W 20th Ave, Seattle,
King, WA, 98104
(jbiddy@yahoo.com)

Dear Jani Biddy, 

Similarly, we also have a template for the company's letter: 
Jani Biddy
61556 W 20th Ave, Seattle,
King, WA, 98104
(jbiddy@yahoo.com)

Dear Jani Biddy,
As you may have heard or read, last month we learned that criminals forced their way into our systems, 
and stole information about our customers. Late last week, as part of our ongoing investigation, 
we learned that the taken information includes names, mailing addresses, phone numbers or email addresses. 

I am writing to make you aware that your name, mailing address, phone number or email address may 
have been taken during the intrusion. 

I am truly sorry this incident occurred, and I sincerely regret any inconvenience it may cause you. 

Because we value you as a customer, and because your trust is important to us, our company is 
offering you one year of free credit monitoring through Experian’s ProtectMyID product, which includes 
identity theft insurance where available. Enclosed please find your additional information about your 
free credit card monitoring.


You can find additional information and FAQs about this incident at our website. If you have further questions, 
you may call us at 866-852-8680.
 
Thank you for your patience and your loyalty. 

Sincerely, 
Insurance Company CEO



Affiliated With Travelodge.
Chauncey Motley
63 E Aurora Dr, Orlando,
Orange, FL, 32804
(chauncey_motley@aol.com)

Dear Chauncey Motley, 

Similarly, we also have a template for the company's letter: 
Chauncey Motley
63 E Aurora Dr, Orlando,
Orange, FL, 32804
(chauncey_motley@aol.com)

Dear Chauncey Motley,
As you may have heard or read, last month we learned that criminals forced their way into our systems, 
and stole information about our customers. Late last week, as part of our ongoing investigation, 
we learned that the taken information includes names, mailing addresses, phone numbers or email addresses. 

I am writing to make you aware that your name, mailing address, phone number or email address may 
have been taken during the intrusion. 

I am truly sorry this incident occurred, and I sincerely regret any inconvenience it may cause you. 

Because we value you as a customer, and because your trust is important to us, our company is 
offering you one year of free credit monitoring through Experian’s ProtectMyID product, which includes 
identity theft insurance where available. Enclosed please find your additional information about your 
free credit card monitoring.


You can find additional information and FAQs about this incident at our website. If you have further questions, 
you may call us at 866-852-8680.
 
Thank you for your patience and your loyalty. 

Sincerely, 
Insurance Company CEO



Error: no output directory provided
From: insuranceCompany@ic.com
To: jbutt@gmail.com
Subject: Insurance company – information about recent data breach
Dear James Butt,
As you may have heard or read, last month we learned that criminals forced their way into our systems, 
and stole information about our customers. Late last week, as part of our ongoing investigation, 
we learned that the taken information includes names, mailing addresses, phone numbers or email addresses.
 
I am writing to make you aware that your name, mailing address, phone number or email address may have been 
taken during the intrusion. 

I am truly sorry this incident occurred, and I sincerely regret any inconvenience it may cause you. 

Because we value you as a customer, and because your trust is important to us, our company is offering you one 
year of free credit monitoring through Experian’s ProtectMyID product, which includes identity theft insurance 
where available. You will receive more information about this offer via regular mail.

You can find additional information and FAQs about this incident at our website. If you have further questions, 
you may call us at 866-852-8680. 

Thank you for your patience and your loyalty. 
Sincerely,
Insurance Company CEO


From: insuranceCompany@ic.com
To: josephine_darakjy@darakjy.org
Subject: Insurance company – information about recent data breach
Dear Josephine Darakjy,
As you may have heard or read, last month we learned that criminals forced their way into our systems, 
and stole information about our customers. Late last week, as part of our ongoing investigation, 
we learned that the taken information includes names, mailing addresses, phone numbers or email addresses.
 
I am writing to make you aware that your name, mailing address, phone number or email address may have been 
taken during the intrusion. 

I am truly sorry this incident occurred, and I sincerely regret any inconvenience it may cause you. 

Because we value you as a customer, and because your trust is important to us, our company is offering you one 
year of free credit monitoring through Experian’s ProtectMyID product, which includes identity theft insurance 
where available. You will receive more information about this offer via regular mail.

You can find additional information and FAQs about this incident at our website. If you have further questions, 
you may call us at 866-852-8680. 

Thank you for your patience and your loyalty. 
Sincerely,
Insurance Company CEO


From: insuranceCompany@ic.com
To: art@venere.org
Subject: Insurance company – information about recent data breach
Dear Art Venere,
As you may have heard or read, last month we learned that criminals forced their way into our systems, 
and stole information about our customers. Late last week, as part of our ongoing investigation, 
we learned that the taken information includes names, mailing addresses, phone numbers or email addresses.
 
I am writing to make you aware that your name, mailing address, phone number or email address may have been 
taken during the intrusion. 

I am truly sorry this incident occurred, and I sincerely regret any inconvenience it may cause you. 

Because we value you as a customer, and because your trust is important to us, our company is offering you one 
year of free credit monitoring through Experian’s ProtectMyID product, which includes identity theft insurance 
where available. You will receive more information about this offer via regular mail.

You can find additional information and FAQs about this incident at our website. If you have further questions, 
you may call us at 866-852-8680. 

Thank you for your patience and your loyalty. 
Sincerely,
Insurance Company CEO


From: insuranceCompany@ic.com
To: lpaprocki@hotmail.com
Subject: Insurance company – information about recent data breach
Dear Lenna Paprocki,
As you may have heard or read, last month we learned that criminals forced their way into our systems, 
and stole information about our customers. Late last week, as part of our ongoing investigation, 
we learned that the taken information includes names, mailing addresses, phone numbers or email addresses.
 
I am writing to make you aware that your name, mailing address, phone number or email address may have been 
taken during the intrusion. 

I am truly sorry this incident occurred, and I sincerely regret any inconvenience it may cause you. 

Because we value you as a customer, and because your trust is important to us, our company is offering you one 
year of free credit monitoring through Experian’s ProtectMyID product, which includes identity theft insurance 
where available. You will receive more information about this offer via regular mail.

You can find additional information and FAQs about this incident at our website. If you have further questions, 
you may call us at 866-852-8680. 

Thank you for your patience and your loyalty. 
Sincerely,
Insurance Company CEO


From: insuranceCompany@ic.com
To: donette.foller@cox.net
Subject: Insurance company – information about recent data breach
Dear Donette Foller,
As you may have heard or read, last month we learned that criminals forced their way into our systems, 
and stole information about our customers. Late last week, as part of our ongoing investigation, 
we learned that the taken information includes names, mailing addresses, phone numbers or email addresses.
 
I am writing to make you aware that your name, mailing address, phone number or email address may have been 
taken during the intrusion. 

I am truly sorry this incident occurred, and I sincerely regret any inconvenience it may cause you. 

Because we value you as a customer, and because your trust is important to us, our company is offering you one 
year of free credit monitoring through Experian’s ProtectMyID product, which includes identity theft insurance 
where available. You will receive more information about this offer via regular mail.

You can find additional information and FAQs about this incident at our website. If you have further questions, 
you may call us at 866-852-8680. 

Thank you for your patience and your loyalty. 
Sincerely,
Insurance Company CEO


From: insuranceCompany@ic.com
To: simona@morasca.com
Subject: Insurance company – information about recent data breach
Dear Simona Morasca,
As you may have heard or read, last month we learned that criminals forced their way into our systems, 
and stole information about our customers. Late last week, as part of our ongoing investigation, 
we learned that the taken information includes names, mailing addresses, phone numbers or email addresses.
 
I am writing to make you aware that your name, mailing address, phone number or email address may have been 
taken during the intrusion. 

I am truly sorry this incident occurred, and I sincerely regret any inconvenience it may cause you. 

Because we value you as a customer, and because your trust is important to us, our company is offering you one 
year of free credit monitoring through Experian’s ProtectMyID product, which includes identity theft insurance 
where available. You will receive more information about this offer via regular mail.

You can find additional information and FAQs about this incident at our website. If you have further questions, 
you may call us at 866-852-8680. 

Thank you for your patience and your loyalty. 
Sincerely,
Insurance Company CEO


From: insuranceCompany@ic.com
To: mitsue_tollner@yahoo.com
Subject: Insurance company – information about recent data breach
Dear Mitsue Tollner,
As you may have heard or read, last month we learned that criminals forced their way into our systems, 
and stole information about our customers. Late last week, as part of our ongoing investigation, 
we learned that the taken information includes names, mailing addresses, phone numbers or email addresses.
 
I am writing to make you aware that your name, mailing address, phone number or email address may have been 
taken during the intrusion. 

I am truly sorry this incident occurred, and I sincerely regret any inconvenience it may cause you. 

Because we value you as a customer, and because your trust is important to us, our company is offering you one 
year of free credit monitoring through Experian’s ProtectMyID product, which includes identity theft insurance 
where available. You will receive more information about this offer via regular mail.

You can find additional information and FAQs about this incident at our website. If you have further questions, 
you may call us at 866-852-8680. 

Thank you for your patience and your loyalty. 
Sincerely,
Insurance Company CEO


From: insuranceCompany@ic.com
To: leota@hotmail.com
Subject: Insurance company – information about recent data breach
Dear Leota Dilliard,
As you may have heard or read, last month we learned that criminals forced their way into our systems, 
and stole information about our customers. Late last week, as part of our ongoing investigation, 
we learned that the taken information includes names, mailing addresses, phone numbers or email addresses.
 
I am writing to make you aware that your name, mailing address, phone number or email address may have been 
taken during the intrusion. 

I am truly sorry this incident occurred, and I sincerely regret any inconvenience it may cause you. 

Because we value you as a customer, and because your trust is important to us, our company is offering you one 
year of free credit monitoring through Experian’s ProtectMyID product, which includes identity theft insurance 
where available. You will receive more information about this offer via regular mail.

You can find additional information and FAQs about this incident at our website. If you have further questions, 
you may call us at 866-852-8680. 

Thank you for your patience and your loyalty. 
Sincerely,
Insurance Company CEO


From: insuranceCompany@ic.com
To: sage_wieser@cox.net
Subject: Insurance company – information about recent data breach
Dear Sage Wieser,
As you may have heard or read, last month we learned that criminals forced their way into our systems, 
and stole information about our customers. Late last week, as part of our ongoing investigation, 
we learned that the taken information includes names, mailing addresses, phone numbers or email addresses.
 
I am writing to make you aware that your name, mailing address, phone number or email address may have been 
taken during the intrusion. 

I am truly sorry this incident occurred, and I sincerely regret any inconvenience it may cause you. 

Because we value you as a customer, and because your trust is important to us, our company is offering you one 
year of free credit monitoring through Experian’s ProtectMyID product, which includes identity theft insurance 
where available. You will receive more information about this offer via regular mail.

You can find additional information and FAQs about this incident at our website. If you have further questions, 
you may call us at 866-852-8680. 

Thank you for your patience and your loyalty. 
Sincerely,
Insurance Company CEO


From: insuranceCompany@ic.com
To: kris@gmail.com
Subject: Insurance company – information about recent data breach
Dear Kris Marrier,
As you may have heard or read, last month we learned that criminals forced their way into our systems, 
and stole information about our customers. Late last week, as part of our ongoing investigation, 
we learned that the taken information includes names, mailing addresses, phone numbers or email addresses.
 
I am writing to make you aware that your name, mailing address, phone number or email address may have been 
taken during the intrusion. 

I am truly sorry this incident occurred, and I sincerely regret any inconvenience it may cause you. 

Because we value you as a customer, and because your trust is important to us, our company is offering you one 
year of free credit monitoring through Experian’s ProtectMyID product, which includes identity theft insurance 
where available. You will receive more information about this offer via regular mail.

You can find additional information and FAQs about this incident at our website. If you have further questions, 
you may call us at 866-852-8680. 

Thank you for your patience and your loyalty. 
Sincerely,
Insurance Company CEO


From: insuranceCompany@ic.com
To: minna_amigon@yahoo.com
Subject: Insurance company – information about recent data breach
Dear Minna Amigon,
As you may have heard or read, last month we learned that criminals forced their way into our systems, 
and stole information about our customers. Late last week, as part of our ongoing investigation, 
we learned that the taken information includes names, mailing addresses, phone numbers or email addresses.
 
I am writing to make you aware that your name, mailing address, phone number or email address may have been 
taken during the intrusion. 

I am truly sorry this incident occurred, and I sincerely regret any inconvenience it may cause you. 

Because we value you as a customer, and because your trust is important to us, our company is offering you one 
year of free credit monitoring through Experian’s ProtectMyID product, which includes identity theft insurance 
where available. You will receive more information about this offer via regular mail.

You can find additional information and FAQs about this incident at our website. If you have further questions, 
you may call us at 866-852-8680. 

Thank you for your patience and your loyalty. 
Sincerely,
Insurance Company CEO


From: insuranceCompany@ic.com
To: amaclead@gmail.com
Subject: Insurance company – information about recent data breach
Dear Abel Maclead,
As you may have heard or read, last month we learned that criminals forced their way into our systems, 
and stole information about our customers. Late last week, as part of our ongoing investigation, 
we learned that the taken information includes names, mailing addresses, phone numbers or email addresses.
 
I am writing to make you aware that your name, mailing address, phone number or email address may have been 
taken during the intrusion. 

I am truly sorry this incident occurred, and I sincerely regret any inconvenience it may cause you. 

Because we value you as a customer, and because your trust is important to us, our company is offering you one 
year of free credit monitoring through Experian’s ProtectMyID product, which includes identity theft insurance 
where available. You will receive more information about this offer via regular mail.

You can find additional information and FAQs about this incident at our website. If you have further questions, 
you may call us at 866-852-8680. 

Thank you for your patience and your loyalty. 
Sincerely,
Insurance Company CEO


From: insuranceCompany@ic.com
To: kiley.caldarera@aol.com
Subject: Insurance company – information about recent data breach
Dear Kiley Caldarera,
As you may have heard or read, last month we learned that criminals forced their way into our systems, 
and stole information about our customers. Late last week, as part of our ongoing investigation, 
we learned that the taken information includes names, mailing addresses, phone numbers or email addresses.
 
I am writing to make you aware that your name, mailing address, phone number or email address may have been 
taken during the intrusion. 

I am truly sorry this incident occurred, and I sincerely regret any inconvenience it may cause you. 

Because we value you as a customer, and because your trust is important to us, our company is offering you one 
year of free credit monitoring through Experian’s ProtectMyID product, which includes identity theft insurance 
where available. You will receive more information about this offer via regular mail.

You can find additional information and FAQs about this incident at our website. If you have further questions, 
you may call us at 866-852-8680. 

Thank you for your patience and your loyalty. 
Sincerely,
Insurance Company CEO


From: insuranceCompany@ic.com
To: gruta@cox.net
Subject: Insurance company – information about recent data breach
Dear Graciela Ruta,
As you may have heard or read, last month we learned that criminals forced their way into our systems, 
and stole information about our customers. Late last week, as part of our ongoing investigation, 
we learned that the taken information includes names, mailing addresses, phone numbers or email addresses.
 
I am writing to make you aware that your name, mailing address, phone number or email address may have been 
taken during the intrusion. 

I am truly sorry this incident occurred, and I sincerely regret any inconvenience it may cause you. 

Because we value you as a customer, and because your trust is important to us, our company is offering you one 
year of free credit monitoring through Experian’s ProtectMyID product, which includes identity theft insurance 
where available. You will receive more information about this offer via regular mail.

You can find additional information and FAQs about this incident at our website. If you have further questions, 
you may call us at 866-852-8680. 

Thank you for your patience and your loyalty. 
Sincerely,
Insurance Company CEO


From: insuranceCompany@ic.com
To: calbares@gmail.com
Subject: Insurance company – information about recent data breach
Dear Cammy Albares,
As you may have heard or read, last month we learned that criminals forced their way into our systems, 
and stole information about our customers. Late last week, as part of our ongoing investigation, 
we learned that the taken information includes names, mailing addresses, phone numbers or email addresses.
 
I am writing to make you aware that your name, mailing address, phone number or email address may have been 
taken during the intrusion. 

I am truly sorry this incident occurred, and I sincerely regret any inconvenience it may cause you. 

Because we value you as a customer, and because your trust is important to us, our company is offering you one 
year of free credit monitoring through Experian’s ProtectMyID product, which includes identity theft insurance 
where available. You will receive more information about this offer via regular mail.

You can find additional information and FAQs about this incident at our website. If you have further questions, 
you may call us at 866-852-8680. 

Thank you for your patience and your loyalty. 
Sincerely,
Insurance Company CEO


From: insuranceCompany@ic.com
To: mattie@aol.com
Subject: Insurance company – information about recent data breach
Dear Mattie Poquette,
As you may have heard or read, last month we learned that criminals forced their way into our systems, 
and stole information about our customers. Late last week, as part of our ongoing investigation, 
we learned that the taken information includes names, mailing addresses, phone numbers or email addresses.
 
I am writing to make you aware that your name, mailing address, phone number or email address may have been 
taken during the intrusion. 

I am truly sorry this incident occurred, and I sincerely regret any inconvenience it may cause you. 

Because we value you as a customer, and because your trust is important to us, our company is offering you one 
year of free credit monitoring through Experian’s ProtectMyID product, which includes identity theft insurance 
where available. You will receive more information about this offer via regular mail.

You can find additional information and FAQs about this incident at our website. If you have further questions, 
you may call us at 866-852-8680. 

Thank you for your patience and your loyalty. 
Sincerely,
Insurance Company CEO


From: insuranceCompany@ic.com
To: meaghan@hotmail.com
Subject: Insurance company – information about recent data breach
Dear Meaghan Garufi,
As you may have heard or read, last month we learned that criminals forced their way into our systems, 
and stole information about our customers. Late last week, as part of our ongoing investigation, 
we learned that the taken information includes names, mailing addresses, phone numbers or email addresses.
 
I am writing to make you aware that your name, mailing address, phone number or email address may have been 
taken during the intrusion. 

I am truly sorry this incident occurred, and I sincerely regret any inconvenience it may cause you. 

Because we value you as a customer, and because your trust is important to us, our company is offering you one 
year of free credit monitoring through Experian’s ProtectMyID product, which includes identity theft insurance 
where available. You will receive more information about this offer via regular mail.

You can find additional information and FAQs about this incident at our website. If you have further questions, 
you may call us at 866-852-8680. 

Thank you for your patience and your loyalty. 
Sincerely,
Insurance Company CEO


From: insuranceCompany@ic.com
To: gladys.rim@rim.org
Subject: Insurance company – information about recent data breach
Dear Gladys Rim,
As you may have heard or read, last month we learned that criminals forced their way into our systems, 
and stole information about our customers. Late last week, as part of our ongoing investigation, 
we learned that the taken information includes names, mailing addresses, phone numbers or email addresses.
 
I am writing to make you aware that your name, mailing address, phone number or email address may have been 
taken during the intrusion. 

I am truly sorry this incident occurred, and I sincerely regret any inconvenience it may cause you. 

Because we value you as a customer, and because your trust is important to us, our company is offering you one 
year of free credit monitoring through Experian’s ProtectMyID product, which includes identity theft insurance 
where available. You will receive more information about this offer via regular mail.

You can find additional information and FAQs about this incident at our website. If you have further questions, 
you may call us at 866-852-8680. 

Thank you for your patience and your loyalty. 
Sincerely,
Insurance Company CEO


From: insuranceCompany@ic.com
To: yuki_whobrey@aol.com
Subject: Insurance company – information about recent data breach
Dear Yuki Whobrey,
As you may have heard or read, last month we learned that criminals forced their way into our systems, 
and stole information about our customers. Late last week, as part of our ongoing investigation, 
we learned that the taken information includes names, mailing addresses, phone numbers or email addresses.
 
I am writing to make you aware that your name, mailing address, phone number or email address may have been 
taken during the intrusion. 

I am truly sorry this incident occurred, and I sincerely regret any inconvenience it may cause you. 

Because we value you as a customer, and because your trust is important to us, our company is offering you one 
year of free credit monitoring through Experian’s ProtectMyID product, which includes identity theft insurance 
where available. You will receive more information about this offer via regular mail.

You can find additional information and FAQs about this incident at our website. If you have further questions, 
you may call us at 866-852-8680. 

Thank you for your patience and your loyalty. 
Sincerely,
Insurance Company CEO


From: insuranceCompany@ic.com
To: fletcher.flosi@yahoo.com
Subject: Insurance company – information about recent data breach
Dear Fletcher Flosi,
As you may have heard or read, last month we learned that criminals forced their way into our systems, 
and stole information about our customers. Late last week, as part of our ongoing investigation, 
we learned that the taken information includes names, mailing addresses, phone numbers or email addresses.
 
I am writing to make you aware that your name, mailing address, phone number or email address may have been 
taken during the intrusion. 

I am truly sorry this incident occurred, and I sincerely regret any inconvenience it may cause you. 

Because we value you as a customer, and because your trust is important to us, our company is offering you one 
year of free credit monitoring through Experian’s ProtectMyID product, which includes identity theft insurance 
where available. You will receive more information about this offer via regular mail.

You can find additional information and FAQs about this incident at our website. If you have further questions, 
you may call us at 866-852-8680. 

Thank you for your patience and your loyalty. 
Sincerely,
Insurance Company CEO


From: insuranceCompany@ic.com
To: bette_nicka@cox.net
Subject: Insurance company – information about recent data breach
Dear Bette Nicka,
As you may have heard or read, last month we learned that criminals forced their way into our systems, 
and stole information about our customers. Late last week, as part of our ongoing investigation, 
we learned that the taken information includes names, mailing addresses, phone numbers or email addresses.
 
I am writing to make you aware that your name, mailing address, phone number or email address may have been 
taken during the intrusion. 

I am truly sorry this incident occurred, and I sincerely regret any inconvenience it may cause you. 

Because we value you as a customer, and because your trust is important to us, our company is offering you one 
year of free credit monitoring through Experian’s ProtectMyID product, which includes identity theft insurance 
where available. You will receive more information about this offer via regular mail.

You can find additional information and FAQs about this incident at our website. If you have further questions, 
you may call us at 866-852-8680. 

Thank you for your patience and your loyalty. 
Sincerely,
Insurance Company CEO


From: insuranceCompany@ic.com
To: vinouye@aol.com
Subject: Insurance company – information about recent data breach
Dear Veronika Inouye,
As you may have heard or read, last month we learned that criminals forced their way into our systems, 
and stole information about our customers. Late last week, as part of our ongoing investigation, 
we learned that the taken information includes names, mailing addresses, phone numbers or email addresses.
 
I am writing to make you aware that your name, mailing address, phone number or email address may have been 
taken during the intrusion. 

I am truly sorry this incident occurred, and I sincerely regret any inconvenience it may cause you. 

Because we value you as a customer, and because your trust is important to us, our company is offering you one 
year of free credit monitoring through Experian’s ProtectMyID product, which includes identity theft insurance 
where available. You will receive more information about this offer via regular mail.

You can find additional information and FAQs about this incident at our website. If you have further questions, 
you may call us at 866-852-8680. 

Thank you for your patience and your loyalty. 
Sincerely,
Insurance Company CEO


From: insuranceCompany@ic.com
To: willard@hotmail.com
Subject: Insurance company – information about recent data breach
Dear Willard Kolmetz,
As you may have heard or read, last month we learned that criminals forced their way into our systems, 
and stole information about our customers. Late last week, as part of our ongoing investigation, 
we learned that the taken information includes names, mailing addresses, phone numbers or email addresses.
 
I am writing to make you aware that your name, mailing address, phone number or email address may have been 
taken during the intrusion. 

I am truly sorry this incident occurred, and I sincerely regret any inconvenience it may cause you. 

Because we value you as a customer, and because your trust is important to us, our company is offering you one 
year of free credit monitoring through Experian’s ProtectMyID product, which includes identity theft insurance 
where available. You will receive more information about this offer via regular mail.

You can find additional information and FAQs about this incident at our website. If you have further questions, 
you may call us at 866-852-8680. 

Thank you for your patience and your loyalty. 
Sincerely,
Insurance Company CEO


From: insuranceCompany@ic.com
To: mroyster@royster.com
Subject: Insurance company – information about recent data breach
Dear Maryann Royster,
As you may have heard or read, last month we learned that criminals forced their way into our systems, 
and stole information about our customers. Late last week, as part of our ongoing investigation, 
we learned that the taken information includes names, mailing addresses, phone numbers or email addresses.
 
I am writing to make you aware that your name, mailing address, phone number or email address may have been 
taken during the intrusion. 

I am truly sorry this incident occurred, and I sincerely regret any inconvenience it may cause you. 

Because we value you as a customer, and because your trust is important to us, our company is offering you one 
year of free credit monitoring through Experian’s ProtectMyID product, which includes identity theft insurance 
where available. You will receive more information about this offer via regular mail.

You can find additional information and FAQs about this incident at our website. If you have further questions, 
you may call us at 866-852-8680. 

Thank you for your patience and your loyalty. 
Sincerely,
Insurance Company CEO


From: insuranceCompany@ic.com
To: alisha@slusarski.com
Subject: Insurance company – information about recent data breach
Dear Alisha Slusarski,
As you may have heard or read, last month we learned that criminals forced their way into our systems, 
and stole information about our customers. Late last week, as part of our ongoing investigation, 
we learned that the taken information includes names, mailing addresses, phone numbers or email addresses.
 
I am writing to make you aware that your name, mailing address, phone number or email address may have been 
taken during the intrusion. 

I am truly sorry this incident occurred, and I sincerely regret any inconvenience it may cause you. 

Because we value you as a customer, and because your trust is important to us, our company is offering you one 
year of free credit monitoring through Experian’s ProtectMyID product, which includes identity theft insurance 
where available. You will receive more information about this offer via regular mail.

You can find additional information and FAQs about this incident at our website. If you have further questions, 
you may call us at 866-852-8680. 

Thank you for your patience and your loyalty. 
Sincerely,
Insurance Company CEO


From: insuranceCompany@ic.com
To: allene_iturbide@cox.net
Subject: Insurance company – information about recent data breach
Dear Allene Iturbide,
As you may have heard or read, last month we learned that criminals forced their way into our systems, 
and stole information about our customers. Late last week, as part of our ongoing investigation, 
we learned that the taken information includes names, mailing addresses, phone numbers or email addresses.
 
I am writing to make you aware that your name, mailing address, phone number or email address may have been 
taken during the intrusion. 

I am truly sorry this incident occurred, and I sincerely regret any inconvenience it may cause you. 

Because we value you as a customer, and because your trust is important to us, our company is offering you one 
year of free credit monitoring through Experian’s ProtectMyID product, which includes identity theft insurance 
where available. You will receive more information about this offer via regular mail.

You can find additional information and FAQs about this incident at our website. If you have further questions, 
you may call us at 866-852-8680. 

Thank you for your patience and your loyalty. 
Sincerely,
Insurance Company CEO


From: insuranceCompany@ic.com
To: chanel.caudy@caudy.org
Subject: Insurance company – information about recent data breach
Dear Chanel Caudy,
As you may have heard or read, last month we learned that criminals forced their way into our systems, 
and stole information about our customers. Late last week, as part of our ongoing investigation, 
we learned that the taken information includes names, mailing addresses, phone numbers or email addresses.
 
I am writing to make you aware that your name, mailing address, phone number or email address may have been 
taken during the intrusion. 

I am truly sorry this incident occurred, and I sincerely regret any inconvenience it may cause you. 

Because we value you as a customer, and because your trust is important to us, our company is offering you one 
year of free credit monitoring through Experian’s ProtectMyID product, which includes identity theft insurance 
where available. You will receive more information about this offer via regular mail.

You can find additional information and FAQs about this incident at our website. If you have further questions, 
you may call us at 866-852-8680. 

Thank you for your patience and your loyalty. 
Sincerely,
Insurance Company CEO


From: insuranceCompany@ic.com
To: ezekiel@chui.com
Subject: Insurance company – information about recent data breach
Dear Ezekiel Chui,
As you may have heard or read, last month we learned that criminals forced their way into our systems, 
and stole information about our customers. Late last week, as part of our ongoing investigation, 
we learned that the taken information includes names, mailing addresses, phone numbers or email addresses.
 
I am writing to make you aware that your name, mailing address, phone number or email address may have been 
taken during the intrusion. 

I am truly sorry this incident occurred, and I sincerely regret any inconvenience it may cause you. 

Because we value you as a customer, and because your trust is important to us, our company is offering you one 
year of free credit monitoring through Experian’s ProtectMyID product, which includes identity theft insurance 
where available. You will receive more information about this offer via regular mail.

You can find additional information and FAQs about this incident at our website. If you have further questions, 
you may call us at 866-852-8680. 

Thank you for your patience and your loyalty. 
Sincerely,
Insurance Company CEO


From: insuranceCompany@ic.com
To: wkusko@yahoo.com
Subject: Insurance company – information about recent data breach
Dear Willow Kusko,
As you may have heard or read, last month we learned that criminals forced their way into our systems, 
and stole information about our customers. Late last week, as part of our ongoing investigation, 
we learned that the taken information includes names, mailing addresses, phone numbers or email addresses.
 
I am writing to make you aware that your name, mailing address, phone number or email address may have been 
taken during the intrusion. 

I am truly sorry this incident occurred, and I sincerely regret any inconvenience it may cause you. 

Because we value you as a customer, and because your trust is important to us, our company is offering you one 
year of free credit monitoring through Experian’s ProtectMyID product, which includes identity theft insurance 
where available. You will receive more information about this offer via regular mail.

You can find additional information and FAQs about this incident at our website. If you have further questions, 
you may call us at 866-852-8680. 

Thank you for your patience and your loyalty. 
Sincerely,
Insurance Company CEO


From: insuranceCompany@ic.com
To: bfigeroa@aol.com
Subject: Insurance company – information about recent data breach
Dear Bernardo Figeroa,
As you may have heard or read, last month we learned that criminals forced their way into our systems, 
and stole information about our customers. Late last week, as part of our ongoing investigation, 
we learned that the taken information includes names, mailing addresses, phone numbers or email addresses.
 
I am writing to make you aware that your name, mailing address, phone number or email address may have been 
taken during the intrusion. 

I am truly sorry this incident occurred, and I sincerely regret any inconvenience it may cause you. 

Because we value you as a customer, and because your trust is important to us, our company is offering you one 
year of free credit monitoring through Experian’s ProtectMyID product, which includes identity theft insurance 
where available. You will receive more information about this offer via regular mail.

You can find additional information and FAQs about this incident at our website. If you have further questions, 
you may call us at 866-852-8680. 

Thank you for your patience and your loyalty. 
Sincerely,
Insurance Company CEO


From: insuranceCompany@ic.com
To: ammie@corrio.com
Subject: Insurance company – information about recent data breach
Dear Ammie Corrio,
As you may have heard or read, last month we learned that criminals forced their way into our systems, 
and stole information about our customers. Late last week, as part of our ongoing investigation, 
we learned that the taken information includes names, mailing addresses, phone numbers or email addresses.
 
I am writing to make you aware that your name, mailing address, phone number or email address may have been 
taken during the intrusion. 

I am truly sorry this incident occurred, and I sincerely regret any inconvenience it may cause you. 

Because we value you as a customer, and because your trust is important to us, our company is offering you one 
year of free credit monitoring through Experian’s ProtectMyID product, which includes identity theft insurance 
where available. You will receive more information about this offer via regular mail.

You can find additional information and FAQs about this incident at our website. If you have further questions, 
you may call us at 866-852-8680. 

Thank you for your patience and your loyalty. 
Sincerely,
Insurance Company CEO


From: insuranceCompany@ic.com
To: francine_vocelka@vocelka.com
Subject: Insurance company – information about recent data breach
Dear Francine Vocelka,
As you may have heard or read, last month we learned that criminals forced their way into our systems, 
and stole information about our customers. Late last week, as part of our ongoing investigation, 
we learned that the taken information includes names, mailing addresses, phone numbers or email addresses.
 
I am writing to make you aware that your name, mailing address, phone number or email address may have been 
taken during the intrusion. 

I am truly sorry this incident occurred, and I sincerely regret any inconvenience it may cause you. 

Because we value you as a customer, and because your trust is important to us, our company is offering you one 
year of free credit monitoring through Experian’s ProtectMyID product, which includes identity theft insurance 
where available. You will receive more information about this offer via regular mail.

You can find additional information and FAQs about this incident at our website. If you have further questions, 
you may call us at 866-852-8680. 

Thank you for your patience and your loyalty. 
Sincerely,
Insurance Company CEO


From: insuranceCompany@ic.com
To: ernie_stenseth@aol.com
Subject: Insurance company – information about recent data breach
Dear Ernie Stenseth,
As you may have heard or read, last month we learned that criminals forced their way into our systems, 
and stole information about our customers. Late last week, as part of our ongoing investigation, 
we learned that the taken information includes names, mailing addresses, phone numbers or email addresses.
 
I am writing to make you aware that your name, mailing address, phone number or email address may have been 
taken during the intrusion. 

I am truly sorry this incident occurred, and I sincerely regret any inconvenience it may cause you. 

Because we value you as a customer, and because your trust is important to us, our company is offering you one 
year of free credit monitoring through Experian’s ProtectMyID product, which includes identity theft insurance 
where available. You will receive more information about this offer via regular mail.

You can find additional information and FAQs about this incident at our website. If you have further questions, 
you may call us at 866-852-8680. 

Thank you for your patience and your loyalty. 
Sincerely,
Insurance Company CEO


From: insuranceCompany@ic.com
To: albina@glick.com
Subject: Insurance company – information about recent data breach
Dear Albina Glick,
As you may have heard or read, last month we learned that criminals forced their way into our systems, 
and stole information about our customers. Late last week, as part of our ongoing investigation, 
we learned that the taken information includes names, mailing addresses, phone numbers or email addresses.
 
I am writing to make you aware that your name, mailing address, phone number or email address may have been 
taken during the intrusion. 

I am truly sorry this incident occurred, and I sincerely regret any inconvenience it may cause you. 

Because we value you as a customer, and because your trust is important to us, our company is offering you one 
year of free credit monitoring through Experian’s ProtectMyID product, which includes identity theft insurance 
where available. You will receive more information about this offer via regular mail.

You can find additional information and FAQs about this incident at our website. If you have further questions, 
you may call us at 866-852-8680. 

Thank you for your patience and your loyalty. 
Sincerely,
Insurance Company CEO


From: insuranceCompany@ic.com
To: asergi@gmail.com
Subject: Insurance company – information about recent data breach
Dear Alishia Sergi,
As you may have heard or read, last month we learned that criminals forced their way into our systems, 
and stole information about our customers. Late last week, as part of our ongoing investigation, 
we learned that the taken information includes names, mailing addresses, phone numbers or email addresses.
 
I am writing to make you aware that your name, mailing address, phone number or email address may have been 
taken during the intrusion. 

I am truly sorry this incident occurred, and I sincerely regret any inconvenience it may cause you. 

Because we value you as a customer, and because your trust is important to us, our company is offering you one 
year of free credit monitoring through Experian’s ProtectMyID product, which includes identity theft insurance 
where available. You will receive more information about this offer via regular mail.

You can find additional information and FAQs about this incident at our website. If you have further questions, 
you may call us at 866-852-8680. 

Thank you for your patience and your loyalty. 
Sincerely,
Insurance Company CEO


From: insuranceCompany@ic.com
To: solange@shinko.com
Subject: Insurance company – information about recent data breach
Dear Solange Shinko,
As you may have heard or read, last month we learned that criminals forced their way into our systems, 
and stole information about our customers. Late last week, as part of our ongoing investigation, 
we learned that the taken information includes names, mailing addresses, phone numbers or email addresses.
 
I am writing to make you aware that your name, mailing address, phone number or email address may have been 
taken during the intrusion. 

I am truly sorry this incident occurred, and I sincerely regret any inconvenience it may cause you. 

Because we value you as a customer, and because your trust is important to us, our company is offering you one 
year of free credit monitoring through Experian’s ProtectMyID product, which includes identity theft insurance 
where available. You will receive more information about this offer via regular mail.

You can find additional information and FAQs about this incident at our website. If you have further questions, 
you may call us at 866-852-8680. 

Thank you for your patience and your loyalty. 
Sincerely,
Insurance Company CEO


From: insuranceCompany@ic.com
To: jose@yahoo.com
Subject: Insurance company – information about recent data breach
Dear Jose Stockham,
As you may have heard or read, last month we learned that criminals forced their way into our systems, 
and stole information about our customers. Late last week, as part of our ongoing investigation, 
we learned that the taken information includes names, mailing addresses, phone numbers or email addresses.
 
I am writing to make you aware that your name, mailing address, phone number or email address may have been 
taken during the intrusion. 

I am truly sorry this incident occurred, and I sincerely regret any inconvenience it may cause you. 

Because we value you as a customer, and because your trust is important to us, our company is offering you one 
year of free credit monitoring through Experian’s ProtectMyID product, which includes identity theft insurance 
where available. You will receive more information about this offer via regular mail.

You can find additional information and FAQs about this incident at our website. If you have further questions, 
you may call us at 866-852-8680. 

Thank you for your patience and your loyalty. 
Sincerely,
Insurance Company CEO


From: insuranceCompany@ic.com
To: rozella.ostrosky@ostrosky.com
Subject: Insurance company – information about recent data breach
Dear Rozella Ostrosky,
As you may have heard or read, last month we learned that criminals forced their way into our systems, 
and stole information about our customers. Late last week, as part of our ongoing investigation, 
we learned that the taken information includes names, mailing addresses, phone numbers or email addresses.
 
I am writing to make you aware that your name, mailing address, phone number or email address may have been 
taken during the intrusion. 

I am truly sorry this incident occurred, and I sincerely regret any inconvenience it may cause you. 

Because we value you as a customer, and because your trust is important to us, our company is offering you one 
year of free credit monitoring through Experian’s ProtectMyID product, which includes identity theft insurance 
where available. You will receive more information about this offer via regular mail.

You can find additional information and FAQs about this incident at our website. If you have further questions, 
you may call us at 866-852-8680. 

Thank you for your patience and your loyalty. 
Sincerely,
Insurance Company CEO


From: insuranceCompany@ic.com
To: valentine_gillian@gmail.com
Subject: Insurance company – information about recent data breach
Dear Valentine Gillian,
As you may have heard or read, last month we learned that criminals forced their way into our systems, 
and stole information about our customers. Late last week, as part of our ongoing investigation, 
we learned that the taken information includes names, mailing addresses, phone numbers or email addresses.
 
I am writing to make you aware that your name, mailing address, phone number or email address may have been 
taken during the intrusion. 

I am truly sorry this incident occurred, and I sincerely regret any inconvenience it may cause you. 

Because we value you as a customer, and because your trust is important to us, our company is offering you one 
year of free credit monitoring through Experian’s ProtectMyID product, which includes identity theft insurance 
where available. You will receive more information about this offer via regular mail.

You can find additional information and FAQs about this incident at our website. If you have further questions, 
you may call us at 866-852-8680. 

Thank you for your patience and your loyalty. 
Sincerely,
Insurance Company CEO


From: insuranceCompany@ic.com
To: kati.rulapaugh@hotmail.com
Subject: Insurance company – information about recent data breach
Dear Kati Rulapaugh,
As you may have heard or read, last month we learned that criminals forced their way into our systems, 
and stole information about our customers. Late last week, as part of our ongoing investigation, 
we learned that the taken information includes names, mailing addresses, phone numbers or email addresses.
 
I am writing to make you aware that your name, mailing address, phone number or email address may have been 
taken during the intrusion. 

I am truly sorry this incident occurred, and I sincerely regret any inconvenience it may cause you. 

Because we value you as a customer, and because your trust is important to us, our company is offering you one 
year of free credit monitoring through Experian’s ProtectMyID product, which includes identity theft insurance 
where available. You will receive more information about this offer via regular mail.

You can find additional information and FAQs about this incident at our website. If you have further questions, 
you may call us at 866-852-8680. 

Thank you for your patience and your loyalty. 
Sincerely,
Insurance Company CEO


From: insuranceCompany@ic.com
To: youlanda@aol.com
Subject: Insurance company – information about recent data breach
Dear Youlanda Schemmer,
As you may have heard or read, last month we learned that criminals forced their way into our systems, 
and stole information about our customers. Late last week, as part of our ongoing investigation, 
we learned that the taken information includes names, mailing addresses, phone numbers or email addresses.
 
I am writing to make you aware that your name, mailing address, phone number or email address may have been 
taken during the intrusion. 

I am truly sorry this incident occurred, and I sincerely regret any inconvenience it may cause you. 

Because we value you as a customer, and because your trust is important to us, our company is offering you one 
year of free credit monitoring through Experian’s ProtectMyID product, which includes identity theft insurance 
where available. You will receive more information about this offer via regular mail.

You can find additional information and FAQs about this incident at our website. If you have further questions, 
you may call us at 866-852-8680. 

Thank you for your patience and your loyalty. 
Sincerely,
Insurance Company CEO


From: insuranceCompany@ic.com
To: doldroyd@aol.com
Subject: Insurance company – information about recent data breach
Dear Dyan Oldroyd,
As you may have heard or read, last month we learned that criminals forced their way into our systems, 
and stole information about our customers. Late last week, as part of our ongoing investigation, 
we learned that the taken information includes names, mailing addresses, phone numbers or email addresses.
 
I am writing to make you aware that your name, mailing address, phone number or email address may have been 
taken during the intrusion. 

I am truly sorry this incident occurred, and I sincerely regret any inconvenience it may cause you. 

Because we value you as a customer, and because your trust is important to us, our company is offering you one 
year of free credit monitoring through Experian’s ProtectMyID product, which includes identity theft insurance 
where available. You will receive more information about this offer via regular mail.

You can find additional information and FAQs about this incident at our website. If you have further questions, 
you may call us at 866-852-8680. 

Thank you for your patience and your loyalty. 
Sincerely,
Insurance Company CEO


From: insuranceCompany@ic.com
To: roxane@hotmail.com
Subject: Insurance company – information about recent data breach
Dear Roxane Campain,
As you may have heard or read, last month we learned that criminals forced their way into our systems, 
and stole information about our customers. Late last week, as part of our ongoing investigation, 
we learned that the taken information includes names, mailing addresses, phone numbers or email addresses.
 
I am writing to make you aware that your name, mailing address, phone number or email address may have been 
taken during the intrusion. 

I am truly sorry this incident occurred, and I sincerely regret any inconvenience it may cause you. 

Because we value you as a customer, and because your trust is important to us, our company is offering you one 
year of free credit monitoring through Experian’s ProtectMyID product, which includes identity theft insurance 
where available. You will receive more information about this offer via regular mail.

You can find additional information and FAQs about this incident at our website. If you have further questions, 
you may call us at 866-852-8680. 

Thank you for your patience and your loyalty. 
Sincerely,
Insurance Company CEO


From: insuranceCompany@ic.com
To: lperin@perin.org
Subject: Insurance company – information about recent data breach
Dear Lavera Perin,
As you may have heard or read, last month we learned that criminals forced their way into our systems, 
and stole information about our customers. Late last week, as part of our ongoing investigation, 
we learned that the taken information includes names, mailing addresses, phone numbers or email addresses.
 
I am writing to make you aware that your name, mailing address, phone number or email address may have been 
taken during the intrusion. 

I am truly sorry this incident occurred, and I sincerely regret any inconvenience it may cause you. 

Because we value you as a customer, and because your trust is important to us, our company is offering you one 
year of free credit monitoring through Experian’s ProtectMyID product, which includes identity theft insurance 
where available. You will receive more information about this offer via regular mail.

You can find additional information and FAQs about this incident at our website. If you have further questions, 
you may call us at 866-852-8680. 

Thank you for your patience and your loyalty. 
Sincerely,
Insurance Company CEO


From: insuranceCompany@ic.com
To: erick.ferencz@aol.com
Subject: Insurance company – information about recent data breach
Dear Erick Ferencz,
As you may have heard or read, last month we learned that criminals forced their way into our systems, 
and stole information about our customers. Late last week, as part of our ongoing investigation, 
we learned that the taken information includes names, mailing addresses, phone numbers or email addresses.
 
I am writing to make you aware that your name, mailing address, phone number or email address may have been 
taken during the intrusion. 

I am truly sorry this incident occurred, and I sincerely regret any inconvenience it may cause you. 

Because we value you as a customer, and because your trust is important to us, our company is offering you one 
year of free credit monitoring through Experian’s ProtectMyID product, which includes identity theft insurance 
where available. You will receive more information about this offer via regular mail.

You can find additional information and FAQs about this incident at our website. If you have further questions, 
you may call us at 866-852-8680. 

Thank you for your patience and your loyalty. 
Sincerely,
Insurance Company CEO


From: insuranceCompany@ic.com
To: fsaylors@saylors.org
Subject: Insurance company – information about recent data breach
Dear Fatima Saylors,
As you may have heard or read, last month we learned that criminals forced their way into our systems, 
and stole information about our customers. Late last week, as part of our ongoing investigation, 
we learned that the taken information includes names, mailing addresses, phone numbers or email addresses.
 
I am writing to make you aware that your name, mailing address, phone number or email address may have been 
taken during the intrusion. 

I am truly sorry this incident occurred, and I sincerely regret any inconvenience it may cause you. 

Because we value you as a customer, and because your trust is important to us, our company is offering you one 
year of free credit monitoring through Experian’s ProtectMyID product, which includes identity theft insurance 
where available. You will receive more information about this offer via regular mail.

You can find additional information and FAQs about this incident at our website. If you have further questions, 
you may call us at 866-852-8680. 

Thank you for your patience and your loyalty. 
Sincerely,
Insurance Company CEO


From: insuranceCompany@ic.com
To: jina_briddick@briddick.com
Subject: Insurance company – information about recent data breach
Dear Jina Briddick,
As you may have heard or read, last month we learned that criminals forced their way into our systems, 
and stole information about our customers. Late last week, as part of our ongoing investigation, 
we learned that the taken information includes names, mailing addresses, phone numbers or email addresses.
 
I am writing to make you aware that your name, mailing address, phone number or email address may have been 
taken during the intrusion. 

I am truly sorry this incident occurred, and I sincerely regret any inconvenience it may cause you. 

Because we value you as a customer, and because your trust is important to us, our company is offering you one 
year of free credit monitoring through Experian’s ProtectMyID product, which includes identity theft insurance 
where available. You will receive more information about this offer via regular mail.

You can find additional information and FAQs about this incident at our website. If you have further questions, 
you may call us at 866-852-8680. 

Thank you for your patience and your loyalty. 
Sincerely,
Insurance Company CEO


From: insuranceCompany@ic.com
To: kanisha_waycott@yahoo.com
Subject: Insurance company – information about recent data breach
Dear Kanisha Waycott,
As you may have heard or read, last month we learned that criminals forced their way into our systems, 
and stole information about our customers. Late last week, as part of our ongoing investigation, 
we learned that the taken information includes names, mailing addresses, phone numbers or email addresses.
 
I am writing to make you aware that your name, mailing address, phone number or email address may have been 
taken during the intrusion. 

I am truly sorry this incident occurred, and I sincerely regret any inconvenience it may cause you. 

Because we value you as a customer, and because your trust is important to us, our company is offering you one 
year of free credit monitoring through Experian’s ProtectMyID product, which includes identity theft insurance 
where available. You will receive more information about this offer via regular mail.

You can find additional information and FAQs about this incident at our website. If you have further questions, 
you may call us at 866-852-8680. 

Thank you for your patience and your loyalty. 
Sincerely,
Insurance Company CEO


From: insuranceCompany@ic.com
To: emerson.bowley@bowley.org
Subject: Insurance company – information about recent data breach
Dear Emerson Bowley,
As you may have heard or read, last month we learned that criminals forced their way into our systems, 
and stole information about our customers. Late last week, as part of our ongoing investigation, 
we learned that the taken information includes names, mailing addresses, phone numbers or email addresses.
 
I am writing to make you aware that your name, mailing address, phone number or email address may have been 
taken during the intrusion. 

I am truly sorry this incident occurred, and I sincerely regret any inconvenience it may cause you. 

Because we value you as a customer, and because your trust is important to us, our company is offering you one 
year of free credit monitoring through Experian’s ProtectMyID product, which includes identity theft insurance 
where available. You will receive more information about this offer via regular mail.

You can find additional information and FAQs about this incident at our website. If you have further questions, 
you may call us at 866-852-8680. 

Thank you for your patience and your loyalty. 
Sincerely,
Insurance Company CEO


From: insuranceCompany@ic.com
To: bmalet@yahoo.com
Subject: Insurance company – information about recent data breach
Dear Blair Malet,
As you may have heard or read, last month we learned that criminals forced their way into our systems, 
and stole information about our customers. Late last week, as part of our ongoing investigation, 
we learned that the taken information includes names, mailing addresses, phone numbers or email addresses.
 
I am writing to make you aware that your name, mailing address, phone number or email address may have been 
taken during the intrusion. 

I am truly sorry this incident occurred, and I sincerely regret any inconvenience it may cause you. 

Because we value you as a customer, and because your trust is important to us, our company is offering you one 
year of free credit monitoring through Experian’s ProtectMyID product, which includes identity theft insurance 
where available. You will receive more information about this offer via regular mail.

You can find additional information and FAQs about this incident at our website. If you have further questions, 
you may call us at 866-852-8680. 

Thank you for your patience and your loyalty. 
Sincerely,
Insurance Company CEO


From: insuranceCompany@ic.com
To: bbolognia@yahoo.com
Subject: Insurance company – information about recent data breach
Dear Brock Bolognia,
As you may have heard or read, last month we learned that criminals forced their way into our systems, 
and stole information about our customers. Late last week, as part of our ongoing investigation, 
we learned that the taken information includes names, mailing addresses, phone numbers or email addresses.
 
I am writing to make you aware that your name, mailing address, phone number or email address may have been 
taken during the intrusion. 

I am truly sorry this incident occurred, and I sincerely regret any inconvenience it may cause you. 

Because we value you as a customer, and because your trust is important to us, our company is offering you one 
year of free credit monitoring through Experian’s ProtectMyID product, which includes identity theft insurance 
where available. You will receive more information about this offer via regular mail.

You can find additional information and FAQs about this incident at our website. If you have further questions, 
you may call us at 866-852-8680. 

Thank you for your patience and your loyalty. 
Sincerely,
Insurance Company CEO


From: insuranceCompany@ic.com
To: lnestle@hotmail.com
Subject: Insurance company – information about recent data breach
Dear Lorrie Nestle,
As you may have heard or read, last month we learned that criminals forced their way into our systems, 
and stole information about our customers. Late last week, as part of our ongoing investigation, 
we learned that the taken information includes names, mailing addresses, phone numbers or email addresses.
 
I am writing to make you aware that your name, mailing address, phone number or email address may have been 
taken during the intrusion. 

I am truly sorry this incident occurred, and I sincerely regret any inconvenience it may cause you. 

Because we value you as a customer, and because your trust is important to us, our company is offering you one 
year of free credit monitoring through Experian’s ProtectMyID product, which includes identity theft insurance 
where available. You will receive more information about this offer via regular mail.

You can find additional information and FAQs about this incident at our website. If you have further questions, 
you may call us at 866-852-8680. 

Thank you for your patience and your loyalty. 
Sincerely,
Insurance Company CEO


From: insuranceCompany@ic.com
To: sabra@uyetake.org
Subject: Insurance company – information about recent data breach
Dear Sabra Uyetake,
As you may have heard or read, last month we learned that criminals forced their way into our systems, 
and stole information about our customers. Late last week, as part of our ongoing investigation, 
we learned that the taken information includes names, mailing addresses, phone numbers or email addresses.
 
I am writing to make you aware that your name, mailing address, phone number or email address may have been 
taken during the intrusion. 

I am truly sorry this incident occurred, and I sincerely regret any inconvenience it may cause you. 

Because we value you as a customer, and because your trust is important to us, our company is offering you one 
year of free credit monitoring through Experian’s ProtectMyID product, which includes identity theft insurance 
where available. You will receive more information about this offer via regular mail.

You can find additional information and FAQs about this incident at our website. If you have further questions, 
you may call us at 866-852-8680. 

Thank you for your patience and your loyalty. 
Sincerely,
Insurance Company CEO


From: insuranceCompany@ic.com
To: mmastella@mastella.com
Subject: Insurance company – information about recent data breach
Dear Marjory Mastella,
As you may have heard or read, last month we learned that criminals forced their way into our systems, 
and stole information about our customers. Late last week, as part of our ongoing investigation, 
we learned that the taken information includes names, mailing addresses, phone numbers or email addresses.
 
I am writing to make you aware that your name, mailing address, phone number or email address may have been 
taken during the intrusion. 

I am truly sorry this incident occurred, and I sincerely regret any inconvenience it may cause you. 

Because we value you as a customer, and because your trust is important to us, our company is offering you one 
year of free credit monitoring through Experian’s ProtectMyID product, which includes identity theft insurance 
where available. You will receive more information about this offer via regular mail.

You can find additional information and FAQs about this incident at our website. If you have further questions, 
you may call us at 866-852-8680. 

Thank you for your patience and your loyalty. 
Sincerely,
Insurance Company CEO


From: insuranceCompany@ic.com
To: karl_klonowski@yahoo.com
Subject: Insurance company – information about recent data breach
Dear Karl Klonowski,
As you may have heard or read, last month we learned that criminals forced their way into our systems, 
and stole information about our customers. Late last week, as part of our ongoing investigation, 
we learned that the taken information includes names, mailing addresses, phone numbers or email addresses.
 
I am writing to make you aware that your name, mailing address, phone number or email address may have been 
taken during the intrusion. 

I am truly sorry this incident occurred, and I sincerely regret any inconvenience it may cause you. 

Because we value you as a customer, and because your trust is important to us, our company is offering you one 
year of free credit monitoring through Experian’s ProtectMyID product, which includes identity theft insurance 
where available. You will receive more information about this offer via regular mail.

You can find additional information and FAQs about this incident at our website. If you have further questions, 
you may call us at 866-852-8680. 

Thank you for your patience and your loyalty. 
Sincerely,
Insurance Company CEO


From: insuranceCompany@ic.com
To: twenner@aol.com
Subject: Insurance company – information about recent data breach
Dear Tonette Wenner,
As you may have heard or read, last month we learned that criminals forced their way into our systems, 
and stole information about our customers. Late last week, as part of our ongoing investigation, 
we learned that the taken information includes names, mailing addresses, phone numbers or email addresses.
 
I am writing to make you aware that your name, mailing address, phone number or email address may have been 
taken during the intrusion. 

I am truly sorry this incident occurred, and I sincerely regret any inconvenience it may cause you. 

Because we value you as a customer, and because your trust is important to us, our company is offering you one 
year of free credit monitoring through Experian’s ProtectMyID product, which includes identity theft insurance 
where available. You will receive more information about this offer via regular mail.

You can find additional information and FAQs about this incident at our website. If you have further questions, 
you may call us at 866-852-8680. 

Thank you for your patience and your loyalty. 
Sincerely,
Insurance Company CEO


From: insuranceCompany@ic.com
To: amber_monarrez@monarrez.org
Subject: Insurance company – information about recent data breach
Dear Amber Monarrez,
As you may have heard or read, last month we learned that criminals forced their way into our systems, 
and stole information about our customers. Late last week, as part of our ongoing investigation, 
we learned that the taken information includes names, mailing addresses, phone numbers or email addresses.
 
I am writing to make you aware that your name, mailing address, phone number or email address may have been 
taken during the intrusion. 

I am truly sorry this incident occurred, and I sincerely regret any inconvenience it may cause you. 

Because we value you as a customer, and because your trust is important to us, our company is offering you one 
year of free credit monitoring through Experian’s ProtectMyID product, which includes identity theft insurance 
where available. You will receive more information about this offer via regular mail.

You can find additional information and FAQs about this incident at our website. If you have further questions, 
you may call us at 866-852-8680. 

Thank you for your patience and your loyalty. 
Sincerely,
Insurance Company CEO


From: insuranceCompany@ic.com
To: shenika@gmail.com
Subject: Insurance company – information about recent data breach
Dear Shenika Seewald,
As you may have heard or read, last month we learned that criminals forced their way into our systems, 
and stole information about our customers. Late last week, as part of our ongoing investigation, 
we learned that the taken information includes names, mailing addresses, phone numbers or email addresses.
 
I am writing to make you aware that your name, mailing address, phone number or email address may have been 
taken during the intrusion. 

I am truly sorry this incident occurred, and I sincerely regret any inconvenience it may cause you. 

Because we value you as a customer, and because your trust is important to us, our company is offering you one 
year of free credit monitoring through Experian’s ProtectMyID product, which includes identity theft insurance 
where available. You will receive more information about this offer via regular mail.

You can find additional information and FAQs about this incident at our website. If you have further questions, 
you may call us at 866-852-8680. 

Thank you for your patience and your loyalty. 
Sincerely,
Insurance Company CEO


From: insuranceCompany@ic.com
To: delmy.ahle@hotmail.com
Subject: Insurance company – information about recent data breach
Dear Delmy Ahle,
As you may have heard or read, last month we learned that criminals forced their way into our systems, 
and stole information about our customers. Late last week, as part of our ongoing investigation, 
we learned that the taken information includes names, mailing addresses, phone numbers or email addresses.
 
I am writing to make you aware that your name, mailing address, phone number or email address may have been 
taken during the intrusion. 

I am truly sorry this incident occurred, and I sincerely regret any inconvenience it may cause you. 

Because we value you as a customer, and because your trust is important to us, our company is offering you one 
year of free credit monitoring through Experian’s ProtectMyID product, which includes identity theft insurance 
where available. You will receive more information about this offer via regular mail.

You can find additional information and FAQs about this incident at our website. If you have further questions, 
you may call us at 866-852-8680. 

Thank you for your patience and your loyalty. 
Sincerely,
Insurance Company CEO


From: insuranceCompany@ic.com
To: deeanna_juhas@gmail.com
Subject: Insurance company – information about recent data breach
Dear Deeanna Juhas,
As you may have heard or read, last month we learned that criminals forced their way into our systems, 
and stole information about our customers. Late last week, as part of our ongoing investigation, 
we learned that the taken information includes names, mailing addresses, phone numbers or email addresses.
 
I am writing to make you aware that your name, mailing address, phone number or email address may have been 
taken during the intrusion. 

I am truly sorry this incident occurred, and I sincerely regret any inconvenience it may cause you. 

Because we value you as a customer, and because your trust is important to us, our company is offering you one 
year of free credit monitoring through Experian’s ProtectMyID product, which includes identity theft insurance 
where available. You will receive more information about this offer via regular mail.

You can find additional information and FAQs about this incident at our website. If you have further questions, 
you may call us at 866-852-8680. 

Thank you for your patience and your loyalty. 
Sincerely,
Insurance Company CEO


From: insuranceCompany@ic.com
To: bpugh@aol.com
Subject: Insurance company – information about recent data breach
Dear Blondell Pugh,
As you may have heard or read, last month we learned that criminals forced their way into our systems, 
and stole information about our customers. Late last week, as part of our ongoing investigation, 
we learned that the taken information includes names, mailing addresses, phone numbers or email addresses.
 
I am writing to make you aware that your name, mailing address, phone number or email address may have been 
taken during the intrusion. 

I am truly sorry this incident occurred, and I sincerely regret any inconvenience it may cause you. 

Because we value you as a customer, and because your trust is important to us, our company is offering you one 
year of free credit monitoring through Experian’s ProtectMyID product, which includes identity theft insurance 
where available. You will receive more information about this offer via regular mail.

You can find additional information and FAQs about this incident at our website. If you have further questions, 
you may call us at 866-852-8680. 

Thank you for your patience and your loyalty. 
Sincerely,
Insurance Company CEO


From: insuranceCompany@ic.com
To: jamal@vanausdal.org
Subject: Insurance company – information about recent data breach
Dear Jamal Vanausdal,
As you may have heard or read, last month we learned that criminals forced their way into our systems, 
and stole information about our customers. Late last week, as part of our ongoing investigation, 
we learned that the taken information includes names, mailing addresses, phone numbers or email addresses.
 
I am writing to make you aware that your name, mailing address, phone number or email address may have been 
taken during the intrusion. 

I am truly sorry this incident occurred, and I sincerely regret any inconvenience it may cause you. 

Because we value you as a customer, and because your trust is important to us, our company is offering you one 
year of free credit monitoring through Experian’s ProtectMyID product, which includes identity theft insurance 
where available. You will receive more information about this offer via regular mail.

You can find additional information and FAQs about this incident at our website. If you have further questions, 
you may call us at 866-852-8680. 

Thank you for your patience and your loyalty. 
Sincerely,
Insurance Company CEO


From: insuranceCompany@ic.com
To: cecily@hollack.org
Subject: Insurance company – information about recent data breach
Dear Cecily Hollack,
As you may have heard or read, last month we learned that criminals forced their way into our systems, 
and stole information about our customers. Late last week, as part of our ongoing investigation, 
we learned that the taken information includes names, mailing addresses, phone numbers or email addresses.
 
I am writing to make you aware that your name, mailing address, phone number or email address may have been 
taken during the intrusion. 

I am truly sorry this incident occurred, and I sincerely regret any inconvenience it may cause you. 

Because we value you as a customer, and because your trust is important to us, our company is offering you one 
year of free credit monitoring through Experian’s ProtectMyID product, which includes identity theft insurance 
where available. You will receive more information about this offer via regular mail.

You can find additional information and FAQs about this incident at our website. If you have further questions, 
you may call us at 866-852-8680. 

Thank you for your patience and your loyalty. 
Sincerely,
Insurance Company CEO


From: insuranceCompany@ic.com
To: carmelina_lindall@lindall.com
Subject: Insurance company – information about recent data breach
Dear Carmelina Lindall,
As you may have heard or read, last month we learned that criminals forced their way into our systems, 
and stole information about our customers. Late last week, as part of our ongoing investigation, 
we learned that the taken information includes names, mailing addresses, phone numbers or email addresses.
 
I am writing to make you aware that your name, mailing address, phone number or email address may have been 
taken during the intrusion. 

I am truly sorry this incident occurred, and I sincerely regret any inconvenience it may cause you. 

Because we value you as a customer, and because your trust is important to us, our company is offering you one 
year of free credit monitoring through Experian’s ProtectMyID product, which includes identity theft insurance 
where available. You will receive more information about this offer via regular mail.

You can find additional information and FAQs about this incident at our website. If you have further questions, 
you may call us at 866-852-8680. 

Thank you for your patience and your loyalty. 
Sincerely,
Insurance Company CEO


From: insuranceCompany@ic.com
To: maurine_yglesias@yglesias.com
Subject: Insurance company – information about recent data breach
Dear Maurine Yglesias,
As you may have heard or read, last month we learned that criminals forced their way into our systems, 
and stole information about our customers. Late last week, as part of our ongoing investigation, 
we learned that the taken information includes names, mailing addresses, phone numbers or email addresses.
 
I am writing to make you aware that your name, mailing address, phone number or email address may have been 
taken during the intrusion. 

I am truly sorry this incident occurred, and I sincerely regret any inconvenience it may cause you. 

Because we value you as a customer, and because your trust is important to us, our company is offering you one 
year of free credit monitoring through Experian’s ProtectMyID product, which includes identity theft insurance 
where available. You will receive more information about this offer via regular mail.

You can find additional information and FAQs about this incident at our website. If you have further questions, 
you may call us at 866-852-8680. 

Thank you for your patience and your loyalty. 
Sincerely,
Insurance Company CEO


From: insuranceCompany@ic.com
To: tawna@gmail.com
Subject: Insurance company – information about recent data breach
Dear Tawna Buvens,
As you may have heard or read, last month we learned that criminals forced their way into our systems, 
and stole information about our customers. Late last week, as part of our ongoing investigation, 
we learned that the taken information includes names, mailing addresses, phone numbers or email addresses.
 
I am writing to make you aware that your name, mailing address, phone number or email address may have been 
taken during the intrusion. 

I am truly sorry this incident occurred, and I sincerely regret any inconvenience it may cause you. 

Because we value you as a customer, and because your trust is important to us, our company is offering you one 
year of free credit monitoring through Experian’s ProtectMyID product, which includes identity theft insurance 
where available. You will receive more information about this offer via regular mail.

You can find additional information and FAQs about this incident at our website. If you have further questions, 
you may call us at 866-852-8680. 

Thank you for your patience and your loyalty. 
Sincerely,
Insurance Company CEO


From: insuranceCompany@ic.com
To: penney_weight@aol.com
Subject: Insurance company – information about recent data breach
Dear Penney Weight,
As you may have heard or read, last month we learned that criminals forced their way into our systems, 
and stole information about our customers. Late last week, as part of our ongoing investigation, 
we learned that the taken information includes names, mailing addresses, phone numbers or email addresses.
 
I am writing to make you aware that your name, mailing address, phone number or email address may have been 
taken during the intrusion. 

I am truly sorry this incident occurred, and I sincerely regret any inconvenience it may cause you. 

Because we value you as a customer, and because your trust is important to us, our company is offering you one 
year of free credit monitoring through Experian’s ProtectMyID product, which includes identity theft insurance 
where available. You will receive more information about this offer via regular mail.

You can find additional information and FAQs about this incident at our website. If you have further questions, 
you may call us at 866-852-8680. 

Thank you for your patience and your loyalty. 
Sincerely,
Insurance Company CEO


From: insuranceCompany@ic.com
To: elly_morocco@gmail.com
Subject: Insurance company – information about recent data breach
Dear Elly Morocco,
As you may have heard or read, last month we learned that criminals forced their way into our systems, 
and stole information about our customers. Late last week, as part of our ongoing investigation, 
we learned that the taken information includes names, mailing addresses, phone numbers or email addresses.
 
I am writing to make you aware that your name, mailing address, phone number or email address may have been 
taken during the intrusion. 

I am truly sorry this incident occurred, and I sincerely regret any inconvenience it may cause you. 

Because we value you as a customer, and because your trust is important to us, our company is offering you one 
year of free credit monitoring through Experian’s ProtectMyID product, which includes identity theft insurance 
where available. You will receive more information about this offer via regular mail.

You can find additional information and FAQs about this incident at our website. If you have further questions, 
you may call us at 866-852-8680. 

Thank you for your patience and your loyalty. 
Sincerely,
Insurance Company CEO


From: insuranceCompany@ic.com
To: ilene.eroman@hotmail.com
Subject: Insurance company – information about recent data breach
Dear Ilene Eroman,
As you may have heard or read, last month we learned that criminals forced their way into our systems, 
and stole information about our customers. Late last week, as part of our ongoing investigation, 
we learned that the taken information includes names, mailing addresses, phone numbers or email addresses.
 
I am writing to make you aware that your name, mailing address, phone number or email address may have been 
taken during the intrusion. 

I am truly sorry this incident occurred, and I sincerely regret any inconvenience it may cause you. 

Because we value you as a customer, and because your trust is important to us, our company is offering you one 
year of free credit monitoring through Experian’s ProtectMyID product, which includes identity theft insurance 
where available. You will receive more information about this offer via regular mail.

You can find additional information and FAQs about this incident at our website. If you have further questions, 
you may call us at 866-852-8680. 

Thank you for your patience and your loyalty. 
Sincerely,
Insurance Company CEO


From: insuranceCompany@ic.com
To: vmondella@mondella.com
Subject: Insurance company – information about recent data breach
Dear Vallie Mondella,
As you may have heard or read, last month we learned that criminals forced their way into our systems, 
and stole information about our customers. Late last week, as part of our ongoing investigation, 
we learned that the taken information includes names, mailing addresses, phone numbers or email addresses.
 
I am writing to make you aware that your name, mailing address, phone number or email address may have been 
taken during the intrusion. 

I am truly sorry this incident occurred, and I sincerely regret any inconvenience it may cause you. 

Because we value you as a customer, and because your trust is important to us, our company is offering you one 
year of free credit monitoring through Experian’s ProtectMyID product, which includes identity theft insurance 
where available. You will receive more information about this offer via regular mail.

You can find additional information and FAQs about this incident at our website. If you have further questions, 
you may call us at 866-852-8680. 

Thank you for your patience and your loyalty. 
Sincerely,
Insurance Company CEO


From: insuranceCompany@ic.com
To: kallie.blackwood@gmail.com
Subject: Insurance company – information about recent data breach
Dear Kallie Blackwood,
As you may have heard or read, last month we learned that criminals forced their way into our systems, 
and stole information about our customers. Late last week, as part of our ongoing investigation, 
we learned that the taken information includes names, mailing addresses, phone numbers or email addresses.
 
I am writing to make you aware that your name, mailing address, phone number or email address may have been 
taken during the intrusion. 

I am truly sorry this incident occurred, and I sincerely regret any inconvenience it may cause you. 

Because we value you as a customer, and because your trust is important to us, our company is offering you one 
year of free credit monitoring through Experian’s ProtectMyID product, which includes identity theft insurance 
where available. You will receive more information about this offer via regular mail.

You can find additional information and FAQs about this incident at our website. If you have further questions, 
you may call us at 866-852-8680. 

Thank you for your patience and your loyalty. 
Sincerely,
Insurance Company CEO


From: insuranceCompany@ic.com
To: johnetta_abdallah@aol.com
Subject: Insurance company – information about recent data breach
Dear Johnetta Abdallah,
As you may have heard or read, last month we learned that criminals forced their way into our systems, 
and stole information about our customers. Late last week, as part of our ongoing investigation, 
we learned that the taken information includes names, mailing addresses, phone numbers or email addresses.
 
I am writing to make you aware that your name, mailing address, phone number or email address may have been 
taken during the intrusion. 

I am truly sorry this incident occurred, and I sincerely regret any inconvenience it may cause you. 

Because we value you as a customer, and because your trust is important to us, our company is offering you one 
year of free credit monitoring through Experian’s ProtectMyID product, which includes identity theft insurance 
where available. You will receive more information about this offer via regular mail.

You can find additional information and FAQs about this incident at our website. If you have further questions, 
you may call us at 866-852-8680. 

Thank you for your patience and your loyalty. 
Sincerely,
Insurance Company CEO


From: insuranceCompany@ic.com
To: brhym@rhym.com
Subject: Insurance company – information about recent data breach
Dear Bobbye Rhym,
As you may have heard or read, last month we learned that criminals forced their way into our systems, 
and stole information about our customers. Late last week, as part of our ongoing investigation, 
we learned that the taken information includes names, mailing addresses, phone numbers or email addresses.
 
I am writing to make you aware that your name, mailing address, phone number or email address may have been 
taken during the intrusion. 

I am truly sorry this incident occurred, and I sincerely regret any inconvenience it may cause you. 

Because we value you as a customer, and because your trust is important to us, our company is offering you one 
year of free credit monitoring through Experian’s ProtectMyID product, which includes identity theft insurance 
where available. You will receive more information about this offer via regular mail.

You can find additional information and FAQs about this incident at our website. If you have further questions, 
you may call us at 866-852-8680. 

Thank you for your patience and your loyalty. 
Sincerely,
Insurance Company CEO


From: insuranceCompany@ic.com
To: micaela_rhymes@gmail.com
Subject: Insurance company – information about recent data breach
Dear Micaela Rhymes,
As you may have heard or read, last month we learned that criminals forced their way into our systems, 
and stole information about our customers. Late last week, as part of our ongoing investigation, 
we learned that the taken information includes names, mailing addresses, phone numbers or email addresses.
 
I am writing to make you aware that your name, mailing address, phone number or email address may have been 
taken during the intrusion. 

I am truly sorry this incident occurred, and I sincerely regret any inconvenience it may cause you. 

Because we value you as a customer, and because your trust is important to us, our company is offering you one 
year of free credit monitoring through Experian’s ProtectMyID product, which includes identity theft insurance 
where available. You will receive more information about this offer via regular mail.

You can find additional information and FAQs about this incident at our website. If you have further questions, 
you may call us at 866-852-8680. 

Thank you for your patience and your loyalty. 
Sincerely,
Insurance Company CEO


From: insuranceCompany@ic.com
To: tamar@hotmail.com
Subject: Insurance company – information about recent data breach
Dear Tamar Hoogland,
As you may have heard or read, last month we learned that criminals forced their way into our systems, 
and stole information about our customers. Late last week, as part of our ongoing investigation, 
we learned that the taken information includes names, mailing addresses, phone numbers or email addresses.
 
I am writing to make you aware that your name, mailing address, phone number or email address may have been 
taken during the intrusion. 

I am truly sorry this incident occurred, and I sincerely regret any inconvenience it may cause you. 

Because we value you as a customer, and because your trust is important to us, our company is offering you one 
year of free credit monitoring through Experian’s ProtectMyID product, which includes identity theft insurance 
where available. You will receive more information about this offer via regular mail.

You can find additional information and FAQs about this incident at our website. If you have further questions, 
you may call us at 866-852-8680. 

Thank you for your patience and your loyalty. 
Sincerely,
Insurance Company CEO


From: insuranceCompany@ic.com
To: moon@yahoo.com
Subject: Insurance company – information about recent data breach
Dear Moon Parlato,
As you may have heard or read, last month we learned that criminals forced their way into our systems, 
and stole information about our customers. Late last week, as part of our ongoing investigation, 
we learned that the taken information includes names, mailing addresses, phone numbers or email addresses.
 
I am writing to make you aware that your name, mailing address, phone number or email address may have been 
taken during the intrusion. 

I am truly sorry this incident occurred, and I sincerely regret any inconvenience it may cause you. 

Because we value you as a customer, and because your trust is important to us, our company is offering you one 
year of free credit monitoring through Experian’s ProtectMyID product, which includes identity theft insurance 
where available. You will receive more information about this offer via regular mail.

You can find additional information and FAQs about this incident at our website. If you have further questions, 
you may call us at 866-852-8680. 

Thank you for your patience and your loyalty. 
Sincerely,
Insurance Company CEO


From: insuranceCompany@ic.com
To: laurel_reitler@reitler.com
Subject: Insurance company – information about recent data breach
Dear Laurel Reitler,
As you may have heard or read, last month we learned that criminals forced their way into our systems, 
and stole information about our customers. Late last week, as part of our ongoing investigation, 
we learned that the taken information includes names, mailing addresses, phone numbers or email addresses.
 
I am writing to make you aware that your name, mailing address, phone number or email address may have been 
taken during the intrusion. 

I am truly sorry this incident occurred, and I sincerely regret any inconvenience it may cause you. 

Because we value you as a customer, and because your trust is important to us, our company is offering you one 
year of free credit monitoring through Experian’s ProtectMyID product, which includes identity theft insurance 
where available. You will receive more information about this offer via regular mail.

You can find additional information and FAQs about this incident at our website. If you have further questions, 
you may call us at 866-852-8680. 

Thank you for your patience and your loyalty. 
Sincerely,
Insurance Company CEO


From: insuranceCompany@ic.com
To: delisa.crupi@crupi.com
Subject: Insurance company – information about recent data breach
Dear Delisa Crupi,
As you may have heard or read, last month we learned that criminals forced their way into our systems, 
and stole information about our customers. Late last week, as part of our ongoing investigation, 
we learned that the taken information includes names, mailing addresses, phone numbers or email addresses.
 
I am writing to make you aware that your name, mailing address, phone number or email address may have been 
taken during the intrusion. 

I am truly sorry this incident occurred, and I sincerely regret any inconvenience it may cause you. 

Because we value you as a customer, and because your trust is important to us, our company is offering you one 
year of free credit monitoring through Experian’s ProtectMyID product, which includes identity theft insurance 
where available. You will receive more information about this offer via regular mail.

You can find additional information and FAQs about this incident at our website. If you have further questions, 
you may call us at 866-852-8680. 

Thank you for your patience and your loyalty. 
Sincerely,
Insurance Company CEO


From: insuranceCompany@ic.com
To: viva.toelkes@gmail.com
Subject: Insurance company – information about recent data breach
Dear Viva Toelkes,
As you may have heard or read, last month we learned that criminals forced their way into our systems, 
and stole information about our customers. Late last week, as part of our ongoing investigation, 
we learned that the taken information includes names, mailing addresses, phone numbers or email addresses.
 
I am writing to make you aware that your name, mailing address, phone number or email address may have been 
taken during the intrusion. 

I am truly sorry this incident occurred, and I sincerely regret any inconvenience it may cause you. 

Because we value you as a customer, and because your trust is important to us, our company is offering you one 
year of free credit monitoring through Experian’s ProtectMyID product, which includes identity theft insurance 
where available. You will receive more information about this offer via regular mail.

You can find additional information and FAQs about this incident at our website. If you have further questions, 
you may call us at 866-852-8680. 

Thank you for your patience and your loyalty. 
Sincerely,
Insurance Company CEO


From: insuranceCompany@ic.com
To: elza@yahoo.com
Subject: Insurance company – information about recent data breach
Dear Elza Lipke,
As you may have heard or read, last month we learned that criminals forced their way into our systems, 
and stole information about our customers. Late last week, as part of our ongoing investigation, 
we learned that the taken information includes names, mailing addresses, phone numbers or email addresses.
 
I am writing to make you aware that your name, mailing address, phone number or email address may have been 
taken during the intrusion. 

I am truly sorry this incident occurred, and I sincerely regret any inconvenience it may cause you. 

Because we value you as a customer, and because your trust is important to us, our company is offering you one 
year of free credit monitoring through Experian’s ProtectMyID product, which includes identity theft insurance 
where available. You will receive more information about this offer via regular mail.

You can find additional information and FAQs about this incident at our website. If you have further questions, 
you may call us at 866-852-8680. 

Thank you for your patience and your loyalty. 
Sincerely,
Insurance Company CEO


From: insuranceCompany@ic.com
To: devorah@hotmail.com
Subject: Insurance company – information about recent data breach
Dear Devorah Chickering,
As you may have heard or read, last month we learned that criminals forced their way into our systems, 
and stole information about our customers. Late last week, as part of our ongoing investigation, 
we learned that the taken information includes names, mailing addresses, phone numbers or email addresses.
 
I am writing to make you aware that your name, mailing address, phone number or email address may have been 
taken during the intrusion. 

I am truly sorry this incident occurred, and I sincerely regret any inconvenience it may cause you. 

Because we value you as a customer, and because your trust is important to us, our company is offering you one 
year of free credit monitoring through Experian’s ProtectMyID product, which includes identity theft insurance 
where available. You will receive more information about this offer via regular mail.

You can find additional information and FAQs about this incident at our website. If you have further questions, 
you may call us at 866-852-8680. 

Thank you for your patience and your loyalty. 
Sincerely,
Insurance Company CEO


From: insuranceCompany@ic.com
To: timothy_mulqueen@mulqueen.org
Subject: Insurance company – information about recent data breach
Dear Timothy Mulqueen,
As you may have heard or read, last month we learned that criminals forced their way into our systems, 
and stole information about our customers. Late last week, as part of our ongoing investigation, 
we learned that the taken information includes names, mailing addresses, phone numbers or email addresses.
 
I am writing to make you aware that your name, mailing address, phone number or email address may have been 
taken during the intrusion. 

I am truly sorry this incident occurred, and I sincerely regret any inconvenience it may cause you. 

Because we value you as a customer, and because your trust is important to us, our company is offering you one 
year of free credit monitoring through Experian’s ProtectMyID product, which includes identity theft insurance 
where available. You will receive more information about this offer via regular mail.

You can find additional information and FAQs about this incident at our website. If you have further questions, 
you may call us at 866-852-8680. 

Thank you for your patience and your loyalty. 
Sincerely,
Insurance Company CEO


From: insuranceCompany@ic.com
To: ahoneywell@honeywell.com
Subject: Insurance company – information about recent data breach
Dear Arlette Honeywell,
As you may have heard or read, last month we learned that criminals forced their way into our systems, 
and stole information about our customers. Late last week, as part of our ongoing investigation, 
we learned that the taken information includes names, mailing addresses, phone numbers or email addresses.
 
I am writing to make you aware that your name, mailing address, phone number or email address may have been 
taken during the intrusion. 

I am truly sorry this incident occurred, and I sincerely regret any inconvenience it may cause you. 

Because we value you as a customer, and because your trust is important to us, our company is offering you one 
year of free credit monitoring through Experian’s ProtectMyID product, which includes identity theft insurance 
where available. You will receive more information about this offer via regular mail.

You can find additional information and FAQs about this incident at our website. If you have further questions, 
you may call us at 866-852-8680. 

Thank you for your patience and your loyalty. 
Sincerely,
Insurance Company CEO


From: insuranceCompany@ic.com
To: dominque.dickerson@dickerson.org
Subject: Insurance company – information about recent data breach
Dear Dominque Dickerson,
As you may have heard or read, last month we learned that criminals forced their way into our systems, 
and stole information about our customers. Late last week, as part of our ongoing investigation, 
we learned that the taken information includes names, mailing addresses, phone numbers or email addresses.
 
I am writing to make you aware that your name, mailing address, phone number or email address may have been 
taken during the intrusion. 

I am truly sorry this incident occurred, and I sincerely regret any inconvenience it may cause you. 

Because we value you as a customer, and because your trust is important to us, our company is offering you one 
year of free credit monitoring through Experian’s ProtectMyID product, which includes identity theft insurance 
where available. You will receive more information about this offer via regular mail.

You can find additional information and FAQs about this incident at our website. If you have further questions, 
you may call us at 866-852-8680. 

Thank you for your patience and your loyalty. 
Sincerely,
Insurance Company CEO


From: insuranceCompany@ic.com
To: lettie_isenhower@yahoo.com
Subject: Insurance company – information about recent data breach
Dear Lettie Isenhower,
As you may have heard or read, last month we learned that criminals forced their way into our systems, 
and stole information about our customers. Late last week, as part of our ongoing investigation, 
we learned that the taken information includes names, mailing addresses, phone numbers or email addresses.
 
I am writing to make you aware that your name, mailing address, phone number or email address may have been 
taken during the intrusion. 

I am truly sorry this incident occurred, and I sincerely regret any inconvenience it may cause you. 

Because we value you as a customer, and because your trust is important to us, our company is offering you one 
year of free credit monitoring through Experian’s ProtectMyID product, which includes identity theft insurance 
where available. You will receive more information about this offer via regular mail.

You can find additional information and FAQs about this incident at our website. If you have further questions, 
you may call us at 866-852-8680. 

Thank you for your patience and your loyalty. 
Sincerely,
Insurance Company CEO


From: insuranceCompany@ic.com
To: mmunns@cox.net
Subject: Insurance company – information about recent data breach
Dear Myra Munns,
As you may have heard or read, last month we learned that criminals forced their way into our systems, 
and stole information about our customers. Late last week, as part of our ongoing investigation, 
we learned that the taken information includes names, mailing addresses, phone numbers or email addresses.
 
I am writing to make you aware that your name, mailing address, phone number or email address may have been 
taken during the intrusion. 

I am truly sorry this incident occurred, and I sincerely regret any inconvenience it may cause you. 

Because we value you as a customer, and because your trust is important to us, our company is offering you one 
year of free credit monitoring through Experian’s ProtectMyID product, which includes identity theft insurance 
where available. You will receive more information about this offer via regular mail.

You can find additional information and FAQs about this incident at our website. If you have further questions, 
you may call us at 866-852-8680. 

Thank you for your patience and your loyalty. 
Sincerely,
Insurance Company CEO


From: insuranceCompany@ic.com
To: stephaine@barfield.com
Subject: Insurance company – information about recent data breach
Dear Stephaine Barfield,
As you may have heard or read, last month we learned that criminals forced their way into our systems, 
and stole information about our customers. Late last week, as part of our ongoing investigation, 
we learned that the taken information includes names, mailing addresses, phone numbers or email addresses.
 
I am writing to make you aware that your name, mailing address, phone number or email address may have been 
taken during the intrusion. 

I am truly sorry this incident occurred, and I sincerely regret any inconvenience it may cause you. 

Because we value you as a customer, and because your trust is important to us, our company is offering you one 
year of free credit monitoring through Experian’s ProtectMyID product, which includes identity theft insurance 
where available. You will receive more information about this offer via regular mail.

You can find additional information and FAQs about this incident at our website. If you have further questions, 
you may call us at 866-852-8680. 

Thank you for your patience and your loyalty. 
Sincerely,
Insurance Company CEO


From: insuranceCompany@ic.com
To: lai.gato@gato.org
Subject: Insurance company – information about recent data breach
Dear Lai Gato,
As you may have heard or read, last month we learned that criminals forced their way into our systems, 
and stole information about our customers. Late last week, as part of our ongoing investigation, 
we learned that the taken information includes names, mailing addresses, phone numbers or email addresses.
 
I am writing to make you aware that your name, mailing address, phone number or email address may have been 
taken during the intrusion. 

I am truly sorry this incident occurred, and I sincerely regret any inconvenience it may cause you. 

Because we value you as a customer, and because your trust is important to us, our company is offering you one 
year of free credit monitoring through Experian’s ProtectMyID product, which includes identity theft insurance 
where available. You will receive more information about this offer via regular mail.

You can find additional information and FAQs about this incident at our website. If you have further questions, 
you may call us at 866-852-8680. 

Thank you for your patience and your loyalty. 
Sincerely,
Insurance Company CEO


From: insuranceCompany@ic.com
To: stephen_emigh@hotmail.com
Subject: Insurance company – information about recent data breach
Dear Stephen Emigh,
As you may have heard or read, last month we learned that criminals forced their way into our systems, 
and stole information about our customers. Late last week, as part of our ongoing investigation, 
we learned that the taken information includes names, mailing addresses, phone numbers or email addresses.
 
I am writing to make you aware that your name, mailing address, phone number or email address may have been 
taken during the intrusion. 

I am truly sorry this incident occurred, and I sincerely regret any inconvenience it may cause you. 

Because we value you as a customer, and because your trust is important to us, our company is offering you one 
year of free credit monitoring through Experian’s ProtectMyID product, which includes identity theft insurance 
where available. You will receive more information about this offer via regular mail.

You can find additional information and FAQs about this incident at our website. If you have further questions, 
you may call us at 866-852-8680. 

Thank you for your patience and your loyalty. 
Sincerely,
Insurance Company CEO


From: insuranceCompany@ic.com
To: tshields@gmail.com
Subject: Insurance company – information about recent data breach
Dear Tyra Shields,
As you may have heard or read, last month we learned that criminals forced their way into our systems, 
and stole information about our customers. Late last week, as part of our ongoing investigation, 
we learned that the taken information includes names, mailing addresses, phone numbers or email addresses.
 
I am writing to make you aware that your name, mailing address, phone number or email address may have been 
taken during the intrusion. 

I am truly sorry this incident occurred, and I sincerely regret any inconvenience it may cause you. 

Because we value you as a customer, and because your trust is important to us, our company is offering you one 
year of free credit monitoring through Experian’s ProtectMyID product, which includes identity theft insurance 
where available. You will receive more information about this offer via regular mail.

You can find additional information and FAQs about this incident at our website. If you have further questions, 
you may call us at 866-852-8680. 

Thank you for your patience and your loyalty. 
Sincerely,
Insurance Company CEO


From: insuranceCompany@ic.com
To: twardrip@cox.net
Subject: Insurance company – information about recent data breach
Dear Tammara Wardrip,
As you may have heard or read, last month we learned that criminals forced their way into our systems, 
and stole information about our customers. Late last week, as part of our ongoing investigation, 
we learned that the taken information includes names, mailing addresses, phone numbers or email addresses.
 
I am writing to make you aware that your name, mailing address, phone number or email address may have been 
taken during the intrusion. 

I am truly sorry this incident occurred, and I sincerely regret any inconvenience it may cause you. 

Because we value you as a customer, and because your trust is important to us, our company is offering you one 
year of free credit monitoring through Experian’s ProtectMyID product, which includes identity theft insurance 
where available. You will receive more information about this offer via regular mail.

You can find additional information and FAQs about this incident at our website. If you have further questions, 
you may call us at 866-852-8680. 

Thank you for your patience and your loyalty. 
Sincerely,
Insurance Company CEO


From: insuranceCompany@ic.com
To: cory.gibes@gmail.com
Subject: Insurance company – information about recent data breach
Dear Cory Gibes,
As you may have heard or read, last month we learned that criminals forced their way into our systems, 
and stole information about our customers. Late last week, as part of our ongoing investigation, 
we learned that the taken information includes names, mailing addresses, phone numbers or email addresses.
 
I am writing to make you aware that your name, mailing address, phone number or email address may have been 
taken during the intrusion. 

I am truly sorry this incident occurred, and I sincerely regret any inconvenience it may cause you. 

Because we value you as a customer, and because your trust is important to us, our company is offering you one 
year of free credit monitoring through Experian’s ProtectMyID product, which includes identity theft insurance 
where available. You will receive more information about this offer via regular mail.

You can find additional information and FAQs about this incident at our website. If you have further questions, 
you may call us at 866-852-8680. 

Thank you for your patience and your loyalty. 
Sincerely,
Insurance Company CEO


From: insuranceCompany@ic.com
To: danica_bruschke@gmail.com
Subject: Insurance company – information about recent data breach
Dear Danica Bruschke,
As you may have heard or read, last month we learned that criminals forced their way into our systems, 
and stole information about our customers. Late last week, as part of our ongoing investigation, 
we learned that the taken information includes names, mailing addresses, phone numbers or email addresses.
 
I am writing to make you aware that your name, mailing address, phone number or email address may have been 
taken during the intrusion. 

I am truly sorry this incident occurred, and I sincerely regret any inconvenience it may cause you. 

Because we value you as a customer, and because your trust is important to us, our company is offering you one 
year of free credit monitoring through Experian’s ProtectMyID product, which includes identity theft insurance 
where available. You will receive more information about this offer via regular mail.

You can find additional information and FAQs about this incident at our website. If you have further questions, 
you may call us at 866-852-8680. 

Thank you for your patience and your loyalty. 
Sincerely,
Insurance Company CEO


From: insuranceCompany@ic.com
To: wilda@cox.net
Subject: Insurance company – information about recent data breach
Dear Wilda Giguere,
As you may have heard or read, last month we learned that criminals forced their way into our systems, 
and stole information about our customers. Late last week, as part of our ongoing investigation, 
we learned that the taken information includes names, mailing addresses, phone numbers or email addresses.
 
I am writing to make you aware that your name, mailing address, phone number or email address may have been 
taken during the intrusion. 

I am truly sorry this incident occurred, and I sincerely regret any inconvenience it may cause you. 

Because we value you as a customer, and because your trust is important to us, our company is offering you one 
year of free credit monitoring through Experian’s ProtectMyID product, which includes identity theft insurance 
where available. You will receive more information about this offer via regular mail.

You can find additional information and FAQs about this incident at our website. If you have further questions, 
you may call us at 866-852-8680. 

Thank you for your patience and your loyalty. 
Sincerely,
Insurance Company CEO


From: insuranceCompany@ic.com
To: elvera.benimadho@cox.net
Subject: Insurance company – information about recent data breach
Dear Elvera Benimadho,
As you may have heard or read, last month we learned that criminals forced their way into our systems, 
and stole information about our customers. Late last week, as part of our ongoing investigation, 
we learned that the taken information includes names, mailing addresses, phone numbers or email addresses.
 
I am writing to make you aware that your name, mailing address, phone number or email address may have been 
taken during the intrusion. 

I am truly sorry this incident occurred, and I sincerely regret any inconvenience it may cause you. 

Because we value you as a customer, and because your trust is important to us, our company is offering you one 
year of free credit monitoring through Experian’s ProtectMyID product, which includes identity theft insurance 
where available. You will receive more information about this offer via regular mail.

You can find additional information and FAQs about this incident at our website. If you have further questions, 
you may call us at 866-852-8680. 

Thank you for your patience and your loyalty. 
Sincerely,
Insurance Company CEO


From: insuranceCompany@ic.com
To: carma@cox.net
Subject: Insurance company – information about recent data breach
Dear Carma Vanheusen,
As you may have heard or read, last month we learned that criminals forced their way into our systems, 
and stole information about our customers. Late last week, as part of our ongoing investigation, 
we learned that the taken information includes names, mailing addresses, phone numbers or email addresses.
 
I am writing to make you aware that your name, mailing address, phone number or email address may have been 
taken during the intrusion. 

I am truly sorry this incident occurred, and I sincerely regret any inconvenience it may cause you. 

Because we value you as a customer, and because your trust is important to us, our company is offering you one 
year of free credit monitoring through Experian’s ProtectMyID product, which includes identity theft insurance 
where available. You will receive more information about this offer via regular mail.

You can find additional information and FAQs about this incident at our website. If you have further questions, 
you may call us at 866-852-8680. 

Thank you for your patience and your loyalty. 
Sincerely,
Insurance Company CEO


From: insuranceCompany@ic.com
To: malinda.hochard@yahoo.com
Subject: Insurance company – information about recent data breach
Dear Malinda Hochard,
As you may have heard or read, last month we learned that criminals forced their way into our systems, 
and stole information about our customers. Late last week, as part of our ongoing investigation, 
we learned that the taken information includes names, mailing addresses, phone numbers or email addresses.
 
I am writing to make you aware that your name, mailing address, phone number or email address may have been 
taken during the intrusion. 

I am truly sorry this incident occurred, and I sincerely regret any inconvenience it may cause you. 

Because we value you as a customer, and because your trust is important to us, our company is offering you one 
year of free credit monitoring through Experian’s ProtectMyID product, which includes identity theft insurance 
where available. You will receive more information about this offer via regular mail.

You can find additional information and FAQs about this incident at our website. If you have further questions, 
you may call us at 866-852-8680. 

Thank you for your patience and your loyalty. 
Sincerely,
Insurance Company CEO


From: insuranceCompany@ic.com
To: natalie.fern@hotmail.com
Subject: Insurance company – information about recent data breach
Dear Natalie Fern,
As you may have heard or read, last month we learned that criminals forced their way into our systems, 
and stole information about our customers. Late last week, as part of our ongoing investigation, 
we learned that the taken information includes names, mailing addresses, phone numbers or email addresses.
 
I am writing to make you aware that your name, mailing address, phone number or email address may have been 
taken during the intrusion. 

I am truly sorry this incident occurred, and I sincerely regret any inconvenience it may cause you. 

Because we value you as a customer, and because your trust is important to us, our company is offering you one 
year of free credit monitoring through Experian’s ProtectMyID product, which includes identity theft insurance 
where available. You will receive more information about this offer via regular mail.

You can find additional information and FAQs about this incident at our website. If you have further questions, 
you may call us at 866-852-8680. 

Thank you for your patience and your loyalty. 
Sincerely,
Insurance Company CEO


From: insuranceCompany@ic.com
To: lisha@centini.org
Subject: Insurance company – information about recent data breach
Dear Lisha Centini,
As you may have heard or read, last month we learned that criminals forced their way into our systems, 
and stole information about our customers. Late last week, as part of our ongoing investigation, 
we learned that the taken information includes names, mailing addresses, phone numbers or email addresses.
 
I am writing to make you aware that your name, mailing address, phone number or email address may have been 
taken during the intrusion. 

I am truly sorry this incident occurred, and I sincerely regret any inconvenience it may cause you. 

Because we value you as a customer, and because your trust is important to us, our company is offering you one 
year of free credit monitoring through Experian’s ProtectMyID product, which includes identity theft insurance 
where available. You will receive more information about this offer via regular mail.

You can find additional information and FAQs about this incident at our website. If you have further questions, 
you may call us at 866-852-8680. 

Thank you for your patience and your loyalty. 
Sincerely,
Insurance Company CEO


From: insuranceCompany@ic.com
To: arlene_klusman@gmail.com
Subject: Insurance company – information about recent data breach
Dear Arlene Klusman,
As you may have heard or read, last month we learned that criminals forced their way into our systems, 
and stole information about our customers. Late last week, as part of our ongoing investigation, 
we learned that the taken information includes names, mailing addresses, phone numbers or email addresses.
 
I am writing to make you aware that your name, mailing address, phone number or email address may have been 
taken during the intrusion. 

I am truly sorry this incident occurred, and I sincerely regret any inconvenience it may cause you. 

Because we value you as a customer, and because your trust is important to us, our company is offering you one 
year of free credit monitoring through Experian’s ProtectMyID product, which includes identity theft insurance 
where available. You will receive more information about this offer via regular mail.

You can find additional information and FAQs about this incident at our website. If you have further questions, 
you may call us at 866-852-8680. 

Thank you for your patience and your loyalty. 
Sincerely,
Insurance Company CEO


From: insuranceCompany@ic.com
To: alease@buemi.com
Subject: Insurance company – information about recent data breach
Dear Alease Buemi,
As you may have heard or read, last month we learned that criminals forced their way into our systems, 
and stole information about our customers. Late last week, as part of our ongoing investigation, 
we learned that the taken information includes names, mailing addresses, phone numbers or email addresses.
 
I am writing to make you aware that your name, mailing address, phone number or email address may have been 
taken during the intrusion. 

I am truly sorry this incident occurred, and I sincerely regret any inconvenience it may cause you. 

Because we value you as a customer, and because your trust is important to us, our company is offering you one 
year of free credit monitoring through Experian’s ProtectMyID product, which includes identity theft insurance 
where available. You will receive more information about this offer via regular mail.

You can find additional information and FAQs about this incident at our website. If you have further questions, 
you may call us at 866-852-8680. 

Thank you for your patience and your loyalty. 
Sincerely,
Insurance Company CEO


From: insuranceCompany@ic.com
To: louisa@cronauer.com
Subject: Insurance company – information about recent data breach
Dear Louisa Cronauer,
As you may have heard or read, last month we learned that criminals forced their way into our systems, 
and stole information about our customers. Late last week, as part of our ongoing investigation, 
we learned that the taken information includes names, mailing addresses, phone numbers or email addresses.
 
I am writing to make you aware that your name, mailing address, phone number or email address may have been 
taken during the intrusion. 

I am truly sorry this incident occurred, and I sincerely regret any inconvenience it may cause you. 

Because we value you as a customer, and because your trust is important to us, our company is offering you one 
year of free credit monitoring through Experian’s ProtectMyID product, which includes identity theft insurance 
where available. You will receive more information about this offer via regular mail.

You can find additional information and FAQs about this incident at our website. If you have further questions, 
you may call us at 866-852-8680. 

Thank you for your patience and your loyalty. 
Sincerely,
Insurance Company CEO


From: insuranceCompany@ic.com
To: angella.cetta@hotmail.com
Subject: Insurance company – information about recent data breach
Dear Angella Cetta,
As you may have heard or read, last month we learned that criminals forced their way into our systems, 
and stole information about our customers. Late last week, as part of our ongoing investigation, 
we learned that the taken information includes names, mailing addresses, phone numbers or email addresses.
 
I am writing to make you aware that your name, mailing address, phone number or email address may have been 
taken during the intrusion. 

I am truly sorry this incident occurred, and I sincerely regret any inconvenience it may cause you. 

Because we value you as a customer, and because your trust is important to us, our company is offering you one 
year of free credit monitoring through Experian’s ProtectMyID product, which includes identity theft insurance 
where available. You will receive more information about this offer via regular mail.

You can find additional information and FAQs about this incident at our website. If you have further questions, 
you may call us at 866-852-8680. 

Thank you for your patience and your loyalty. 
Sincerely,
Insurance Company CEO


From: insuranceCompany@ic.com
To: cgoldammer@cox.net
Subject: Insurance company – information about recent data breach
Dear Cyndy Goldammer,
As you may have heard or read, last month we learned that criminals forced their way into our systems, 
and stole information about our customers. Late last week, as part of our ongoing investigation, 
we learned that the taken information includes names, mailing addresses, phone numbers or email addresses.
 
I am writing to make you aware that your name, mailing address, phone number or email address may have been 
taken during the intrusion. 

I am truly sorry this incident occurred, and I sincerely regret any inconvenience it may cause you. 

Because we value you as a customer, and because your trust is important to us, our company is offering you one 
year of free credit monitoring through Experian’s ProtectMyID product, which includes identity theft insurance 
where available. You will receive more information about this offer via regular mail.

You can find additional information and FAQs about this incident at our website. If you have further questions, 
you may call us at 866-852-8680. 

Thank you for your patience and your loyalty. 
Sincerely,
Insurance Company CEO


From: insuranceCompany@ic.com
To: rosio.cork@gmail.com
Subject: Insurance company – information about recent data breach
Dear Rosio Cork,
As you may have heard or read, last month we learned that criminals forced their way into our systems, 
and stole information about our customers. Late last week, as part of our ongoing investigation, 
we learned that the taken information includes names, mailing addresses, phone numbers or email addresses.
 
I am writing to make you aware that your name, mailing address, phone number or email address may have been 
taken during the intrusion. 

I am truly sorry this incident occurred, and I sincerely regret any inconvenience it may cause you. 

Because we value you as a customer, and because your trust is important to us, our company is offering you one 
year of free credit monitoring through Experian’s ProtectMyID product, which includes identity theft insurance 
where available. You will receive more information about this offer via regular mail.

You can find additional information and FAQs about this incident at our website. If you have further questions, 
you may call us at 866-852-8680. 

Thank you for your patience and your loyalty. 
Sincerely,
Insurance Company CEO


From: insuranceCompany@ic.com
To: ckorando@hotmail.com
Subject: Insurance company – information about recent data breach
Dear Celeste Korando,
As you may have heard or read, last month we learned that criminals forced their way into our systems, 
and stole information about our customers. Late last week, as part of our ongoing investigation, 
we learned that the taken information includes names, mailing addresses, phone numbers or email addresses.
 
I am writing to make you aware that your name, mailing address, phone number or email address may have been 
taken during the intrusion. 

I am truly sorry this incident occurred, and I sincerely regret any inconvenience it may cause you. 

Because we value you as a customer, and because your trust is important to us, our company is offering you one 
year of free credit monitoring through Experian’s ProtectMyID product, which includes identity theft insurance 
where available. You will receive more information about this offer via regular mail.

You can find additional information and FAQs about this incident at our website. If you have further questions, 
you may call us at 866-852-8680. 

Thank you for your patience and your loyalty. 
Sincerely,
Insurance Company CEO


From: insuranceCompany@ic.com
To: twana.felger@felger.org
Subject: Insurance company – information about recent data breach
Dear Twana Felger,
As you may have heard or read, last month we learned that criminals forced their way into our systems, 
and stole information about our customers. Late last week, as part of our ongoing investigation, 
we learned that the taken information includes names, mailing addresses, phone numbers or email addresses.
 
I am writing to make you aware that your name, mailing address, phone number or email address may have been 
taken during the intrusion. 

I am truly sorry this incident occurred, and I sincerely regret any inconvenience it may cause you. 

Because we value you as a customer, and because your trust is important to us, our company is offering you one 
year of free credit monitoring through Experian’s ProtectMyID product, which includes identity theft insurance 
where available. You will receive more information about this offer via regular mail.

You can find additional information and FAQs about this incident at our website. If you have further questions, 
you may call us at 866-852-8680. 

Thank you for your patience and your loyalty. 
Sincerely,
Insurance Company CEO


From: insuranceCompany@ic.com
To: estrella@aol.com
Subject: Insurance company – information about recent data breach
Dear Estrella Samu,
As you may have heard or read, last month we learned that criminals forced their way into our systems, 
and stole information about our customers. Late last week, as part of our ongoing investigation, 
we learned that the taken information includes names, mailing addresses, phone numbers or email addresses.
 
I am writing to make you aware that your name, mailing address, phone number or email address may have been 
taken during the intrusion. 

I am truly sorry this incident occurred, and I sincerely regret any inconvenience it may cause you. 

Because we value you as a customer, and because your trust is important to us, our company is offering you one 
year of free credit monitoring through Experian’s ProtectMyID product, which includes identity theft insurance 
where available. You will receive more information about this offer via regular mail.

You can find additional information and FAQs about this incident at our website. If you have further questions, 
you may call us at 866-852-8680. 

Thank you for your patience and your loyalty. 
Sincerely,
Insurance Company CEO


From: insuranceCompany@ic.com
To: dkines@hotmail.com
Subject: Insurance company – information about recent data breach
Dear Donte Kines,
As you may have heard or read, last month we learned that criminals forced their way into our systems, 
and stole information about our customers. Late last week, as part of our ongoing investigation, 
we learned that the taken information includes names, mailing addresses, phone numbers or email addresses.
 
I am writing to make you aware that your name, mailing address, phone number or email address may have been 
taken during the intrusion. 

I am truly sorry this incident occurred, and I sincerely regret any inconvenience it may cause you. 

Because we value you as a customer, and because your trust is important to us, our company is offering you one 
year of free credit monitoring through Experian’s ProtectMyID product, which includes identity theft insurance 
where available. You will receive more information about this offer via regular mail.

You can find additional information and FAQs about this incident at our website. If you have further questions, 
you may call us at 866-852-8680. 

Thank you for your patience and your loyalty. 
Sincerely,
Insurance Company CEO


From: insuranceCompany@ic.com
To: tiffiny_steffensmeier@cox.net
Subject: Insurance company – information about recent data breach
Dear Tiffiny Steffensmeier,
As you may have heard or read, last month we learned that criminals forced their way into our systems, 
and stole information about our customers. Late last week, as part of our ongoing investigation, 
we learned that the taken information includes names, mailing addresses, phone numbers or email addresses.
 
I am writing to make you aware that your name, mailing address, phone number or email address may have been 
taken during the intrusion. 

I am truly sorry this incident occurred, and I sincerely regret any inconvenience it may cause you. 

Because we value you as a customer, and because your trust is important to us, our company is offering you one 
year of free credit monitoring through Experian’s ProtectMyID product, which includes identity theft insurance 
where available. You will receive more information about this offer via regular mail.

You can find additional information and FAQs about this incident at our website. If you have further questions, 
you may call us at 866-852-8680. 

Thank you for your patience and your loyalty. 
Sincerely,
Insurance Company CEO


From: insuranceCompany@ic.com
To: emiceli@miceli.org
Subject: Insurance company – information about recent data breach
Dear Edna Miceli,
As you may have heard or read, last month we learned that criminals forced their way into our systems, 
and stole information about our customers. Late last week, as part of our ongoing investigation, 
we learned that the taken information includes names, mailing addresses, phone numbers or email addresses.
 
I am writing to make you aware that your name, mailing address, phone number or email address may have been 
taken during the intrusion. 

I am truly sorry this incident occurred, and I sincerely regret any inconvenience it may cause you. 

Because we value you as a customer, and because your trust is important to us, our company is offering you one 
year of free credit monitoring through Experian’s ProtectMyID product, which includes identity theft insurance 
where available. You will receive more information about this offer via regular mail.

You can find additional information and FAQs about this incident at our website. If you have further questions, 
you may call us at 866-852-8680. 

Thank you for your patience and your loyalty. 
Sincerely,
Insurance Company CEO


From: insuranceCompany@ic.com
To: sue@aol.com
Subject: Insurance company – information about recent data breach
Dear Sue Kownacki,
As you may have heard or read, last month we learned that criminals forced their way into our systems, 
and stole information about our customers. Late last week, as part of our ongoing investigation, 
we learned that the taken information includes names, mailing addresses, phone numbers or email addresses.
 
I am writing to make you aware that your name, mailing address, phone number or email address may have been 
taken during the intrusion. 

I am truly sorry this incident occurred, and I sincerely regret any inconvenience it may cause you. 

Because we value you as a customer, and because your trust is important to us, our company is offering you one 
year of free credit monitoring through Experian’s ProtectMyID product, which includes identity theft insurance 
where available. You will receive more information about this offer via regular mail.

You can find additional information and FAQs about this incident at our website. If you have further questions, 
you may call us at 866-852-8680. 

Thank you for your patience and your loyalty. 
Sincerely,
Insurance Company CEO


From: insuranceCompany@ic.com
To: jshin@shin.com
Subject: Insurance company – information about recent data breach
Dear Jesusa Shin,
As you may have heard or read, last month we learned that criminals forced their way into our systems, 
and stole information about our customers. Late last week, as part of our ongoing investigation, 
we learned that the taken information includes names, mailing addresses, phone numbers or email addresses.
 
I am writing to make you aware that your name, mailing address, phone number or email address may have been 
taken during the intrusion. 

I am truly sorry this incident occurred, and I sincerely regret any inconvenience it may cause you. 

Because we value you as a customer, and because your trust is important to us, our company is offering you one 
year of free credit monitoring through Experian’s ProtectMyID product, which includes identity theft insurance 
where available. You will receive more information about this offer via regular mail.

You can find additional information and FAQs about this incident at our website. If you have further questions, 
you may call us at 866-852-8680. 

Thank you for your patience and your loyalty. 
Sincerely,
Insurance Company CEO


From: insuranceCompany@ic.com
To: rolland@cox.net
Subject: Insurance company – information about recent data breach
Dear Rolland Francescon,
As you may have heard or read, last month we learned that criminals forced their way into our systems, 
and stole information about our customers. Late last week, as part of our ongoing investigation, 
we learned that the taken information includes names, mailing addresses, phone numbers or email addresses.
 
I am writing to make you aware that your name, mailing address, phone number or email address may have been 
taken during the intrusion. 

I am truly sorry this incident occurred, and I sincerely regret any inconvenience it may cause you. 

Because we value you as a customer, and because your trust is important to us, our company is offering you one 
year of free credit monitoring through Experian’s ProtectMyID product, which includes identity theft insurance 
where available. You will receive more information about this offer via regular mail.

You can find additional information and FAQs about this incident at our website. If you have further questions, 
you may call us at 866-852-8680. 

Thank you for your patience and your loyalty. 
Sincerely,
Insurance Company CEO


From: insuranceCompany@ic.com
To: pamella.schmierer@schmierer.org
Subject: Insurance company – information about recent data breach
Dear Pamella Schmierer,
As you may have heard or read, last month we learned that criminals forced their way into our systems, 
and stole information about our customers. Late last week, as part of our ongoing investigation, 
we learned that the taken information includes names, mailing addresses, phone numbers or email addresses.
 
I am writing to make you aware that your name, mailing address, phone number or email address may have been 
taken during the intrusion. 

I am truly sorry this incident occurred, and I sincerely regret any inconvenience it may cause you. 

Because we value you as a customer, and because your trust is important to us, our company is offering you one 
year of free credit monitoring through Experian’s ProtectMyID product, which includes identity theft insurance 
where available. You will receive more information about this offer via regular mail.

You can find additional information and FAQs about this incident at our website. If you have further questions, 
you may call us at 866-852-8680. 

Thank you for your patience and your loyalty. 
Sincerely,
Insurance Company CEO


From: insuranceCompany@ic.com
To: gkulzer@kulzer.org
Subject: Insurance company – information about recent data breach
Dear Glory Kulzer,
As you may have heard or read, last month we learned that criminals forced their way into our systems, 
and stole information about our customers. Late last week, as part of our ongoing investigation, 
we learned that the taken information includes names, mailing addresses, phone numbers or email addresses.
 
I am writing to make you aware that your name, mailing address, phone number or email address may have been 
taken during the intrusion. 

I am truly sorry this incident occurred, and I sincerely regret any inconvenience it may cause you. 

Because we value you as a customer, and because your trust is important to us, our company is offering you one 
year of free credit monitoring through Experian’s ProtectMyID product, which includes identity theft insurance 
where available. You will receive more information about this offer via regular mail.

You can find additional information and FAQs about this incident at our website. If you have further questions, 
you may call us at 866-852-8680. 

Thank you for your patience and your loyalty. 
Sincerely,
Insurance Company CEO


From: insuranceCompany@ic.com
To: shawna_palaspas@palaspas.org
Subject: Insurance company – information about recent data breach
Dear Shawna Palaspas,
As you may have heard or read, last month we learned that criminals forced their way into our systems, 
and stole information about our customers. Late last week, as part of our ongoing investigation, 
we learned that the taken information includes names, mailing addresses, phone numbers or email addresses.
 
I am writing to make you aware that your name, mailing address, phone number or email address may have been 
taken during the intrusion. 

I am truly sorry this incident occurred, and I sincerely regret any inconvenience it may cause you. 

Because we value you as a customer, and because your trust is important to us, our company is offering you one 
year of free credit monitoring through Experian’s ProtectMyID product, which includes identity theft insurance 
where available. You will receive more information about this offer via regular mail.

You can find additional information and FAQs about this incident at our website. If you have further questions, 
you may call us at 866-852-8680. 

Thank you for your patience and your loyalty. 
Sincerely,
Insurance Company CEO


From: insuranceCompany@ic.com
To: brandon_callaro@hotmail.com
Subject: Insurance company – information about recent data breach
Dear Brandon Callaro,
As you may have heard or read, last month we learned that criminals forced their way into our systems, 
and stole information about our customers. Late last week, as part of our ongoing investigation, 
we learned that the taken information includes names, mailing addresses, phone numbers or email addresses.
 
I am writing to make you aware that your name, mailing address, phone number or email address may have been 
taken during the intrusion. 

I am truly sorry this incident occurred, and I sincerely regret any inconvenience it may cause you. 

Because we value you as a customer, and because your trust is important to us, our company is offering you one 
year of free credit monitoring through Experian’s ProtectMyID product, which includes identity theft insurance 
where available. You will receive more information about this offer via regular mail.

You can find additional information and FAQs about this incident at our website. If you have further questions, 
you may call us at 866-852-8680. 

Thank you for your patience and your loyalty. 
Sincerely,
Insurance Company CEO


From: insuranceCompany@ic.com
To: scarlet.cartan@yahoo.com
Subject: Insurance company – information about recent data breach
Dear Scarlet Cartan,
As you may have heard or read, last month we learned that criminals forced their way into our systems, 
and stole information about our customers. Late last week, as part of our ongoing investigation, 
we learned that the taken information includes names, mailing addresses, phone numbers or email addresses.
 
I am writing to make you aware that your name, mailing address, phone number or email address may have been 
taken during the intrusion. 

I am truly sorry this incident occurred, and I sincerely regret any inconvenience it may cause you. 

Because we value you as a customer, and because your trust is important to us, our company is offering you one 
year of free credit monitoring through Experian’s ProtectMyID product, which includes identity theft insurance 
where available. You will receive more information about this offer via regular mail.

You can find additional information and FAQs about this incident at our website. If you have further questions, 
you may call us at 866-852-8680. 

Thank you for your patience and your loyalty. 
Sincerely,
Insurance Company CEO


From: insuranceCompany@ic.com
To: oretha_menter@yahoo.com
Subject: Insurance company – information about recent data breach
Dear Oretha Menter,
As you may have heard or read, last month we learned that criminals forced their way into our systems, 
and stole information about our customers. Late last week, as part of our ongoing investigation, 
we learned that the taken information includes names, mailing addresses, phone numbers or email addresses.
 
I am writing to make you aware that your name, mailing address, phone number or email address may have been 
taken during the intrusion. 

I am truly sorry this incident occurred, and I sincerely regret any inconvenience it may cause you. 

Because we value you as a customer, and because your trust is important to us, our company is offering you one 
year of free credit monitoring through Experian’s ProtectMyID product, which includes identity theft insurance 
where available. You will receive more information about this offer via regular mail.

You can find additional information and FAQs about this incident at our website. If you have further questions, 
you may call us at 866-852-8680. 

Thank you for your patience and your loyalty. 
Sincerely,
Insurance Company CEO


From: insuranceCompany@ic.com
To: tsmith@aol.com
Subject: Insurance company – information about recent data breach
Dear Ty Smith,
As you may have heard or read, last month we learned that criminals forced their way into our systems, 
and stole information about our customers. Late last week, as part of our ongoing investigation, 
we learned that the taken information includes names, mailing addresses, phone numbers or email addresses.
 
I am writing to make you aware that your name, mailing address, phone number or email address may have been 
taken during the intrusion. 

I am truly sorry this incident occurred, and I sincerely regret any inconvenience it may cause you. 

Because we value you as a customer, and because your trust is important to us, our company is offering you one 
year of free credit monitoring through Experian’s ProtectMyID product, which includes identity theft insurance 
where available. You will receive more information about this offer via regular mail.

You can find additional information and FAQs about this incident at our website. If you have further questions, 
you may call us at 866-852-8680. 

Thank you for your patience and your loyalty. 
Sincerely,
Insurance Company CEO


From: insuranceCompany@ic.com
To: xuan@gmail.com
Subject: Insurance company – information about recent data breach
Dear Xuan Rochin,
As you may have heard or read, last month we learned that criminals forced their way into our systems, 
and stole information about our customers. Late last week, as part of our ongoing investigation, 
we learned that the taken information includes names, mailing addresses, phone numbers or email addresses.
 
I am writing to make you aware that your name, mailing address, phone number or email address may have been 
taken during the intrusion. 

I am truly sorry this incident occurred, and I sincerely regret any inconvenience it may cause you. 

Because we value you as a customer, and because your trust is important to us, our company is offering you one 
year of free credit monitoring through Experian’s ProtectMyID product, which includes identity theft insurance 
where available. You will receive more information about this offer via regular mail.

You can find additional information and FAQs about this incident at our website. If you have further questions, 
you may call us at 866-852-8680. 

Thank you for your patience and your loyalty. 
Sincerely,
Insurance Company CEO


From: insuranceCompany@ic.com
To: lindsey.dilello@hotmail.com
Subject: Insurance company – information about recent data breach
Dear Lindsey Dilello,
As you may have heard or read, last month we learned that criminals forced their way into our systems, 
and stole information about our customers. Late last week, as part of our ongoing investigation, 
we learned that the taken information includes names, mailing addresses, phone numbers or email addresses.
 
I am writing to make you aware that your name, mailing address, phone number or email address may have been 
taken during the intrusion. 

I am truly sorry this incident occurred, and I sincerely regret any inconvenience it may cause you. 

Because we value you as a customer, and because your trust is important to us, our company is offering you one 
year of free credit monitoring through Experian’s ProtectMyID product, which includes identity theft insurance 
where available. You will receive more information about this offer via regular mail.

You can find additional information and FAQs about this incident at our website. If you have further questions, 
you may call us at 866-852-8680. 

Thank you for your patience and your loyalty. 
Sincerely,
Insurance Company CEO


From: insuranceCompany@ic.com
To: devora_perez@perez.org
Subject: Insurance company – information about recent data breach
Dear Devora Perez,
As you may have heard or read, last month we learned that criminals forced their way into our systems, 
and stole information about our customers. Late last week, as part of our ongoing investigation, 
we learned that the taken information includes names, mailing addresses, phone numbers or email addresses.
 
I am writing to make you aware that your name, mailing address, phone number or email address may have been 
taken during the intrusion. 

I am truly sorry this incident occurred, and I sincerely regret any inconvenience it may cause you. 

Because we value you as a customer, and because your trust is important to us, our company is offering you one 
year of free credit monitoring through Experian’s ProtectMyID product, which includes identity theft insurance 
where available. You will receive more information about this offer via regular mail.

You can find additional information and FAQs about this incident at our website. If you have further questions, 
you may call us at 866-852-8680. 

Thank you for your patience and your loyalty. 
Sincerely,
Insurance Company CEO


From: insuranceCompany@ic.com
To: hdemesa@cox.net
Subject: Insurance company – information about recent data breach
Dear Herman Demesa,
As you may have heard or read, last month we learned that criminals forced their way into our systems, 
and stole information about our customers. Late last week, as part of our ongoing investigation, 
we learned that the taken information includes names, mailing addresses, phone numbers or email addresses.
 
I am writing to make you aware that your name, mailing address, phone number or email address may have been 
taken during the intrusion. 

I am truly sorry this incident occurred, and I sincerely regret any inconvenience it may cause you. 

Because we value you as a customer, and because your trust is important to us, our company is offering you one 
year of free credit monitoring through Experian’s ProtectMyID product, which includes identity theft insurance 
where available. You will receive more information about this offer via regular mail.

You can find additional information and FAQs about this incident at our website. If you have further questions, 
you may call us at 866-852-8680. 

Thank you for your patience and your loyalty. 
Sincerely,
Insurance Company CEO


From: insuranceCompany@ic.com
To: rpapasergi@cox.net
Subject: Insurance company – information about recent data breach
Dear Rory Papasergi,
As you may have heard or read, last month we learned that criminals forced their way into our systems, 
and stole information about our customers. Late last week, as part of our ongoing investigation, 
we learned that the taken information includes names, mailing addresses, phone numbers or email addresses.
 
I am writing to make you aware that your name, mailing address, phone number or email address may have been 
taken during the intrusion. 

I am truly sorry this incident occurred, and I sincerely regret any inconvenience it may cause you. 

Because we value you as a customer, and because your trust is important to us, our company is offering you one 
year of free credit monitoring through Experian’s ProtectMyID product, which includes identity theft insurance 
where available. You will receive more information about this offer via regular mail.

You can find additional information and FAQs about this incident at our website. If you have further questions, 
you may call us at 866-852-8680. 

Thank you for your patience and your loyalty. 
Sincerely,
Insurance Company CEO


From: insuranceCompany@ic.com
To: talia_riopelle@aol.com
Subject: Insurance company – information about recent data breach
Dear Talia Riopelle,
As you may have heard or read, last month we learned that criminals forced their way into our systems, 
and stole information about our customers. Late last week, as part of our ongoing investigation, 
we learned that the taken information includes names, mailing addresses, phone numbers or email addresses.
 
I am writing to make you aware that your name, mailing address, phone number or email address may have been 
taken during the intrusion. 

I am truly sorry this incident occurred, and I sincerely regret any inconvenience it may cause you. 

Because we value you as a customer, and because your trust is important to us, our company is offering you one 
year of free credit monitoring through Experian’s ProtectMyID product, which includes identity theft insurance 
where available. You will receive more information about this offer via regular mail.

You can find additional information and FAQs about this incident at our website. If you have further questions, 
you may call us at 866-852-8680. 

Thank you for your patience and your loyalty. 
Sincerely,
Insurance Company CEO


From: insuranceCompany@ic.com
To: van.shire@shire.com
Subject: Insurance company – information about recent data breach
Dear Van Shire,
As you may have heard or read, last month we learned that criminals forced their way into our systems, 
and stole information about our customers. Late last week, as part of our ongoing investigation, 
we learned that the taken information includes names, mailing addresses, phone numbers or email addresses.
 
I am writing to make you aware that your name, mailing address, phone number or email address may have been 
taken during the intrusion. 

I am truly sorry this incident occurred, and I sincerely regret any inconvenience it may cause you. 

Because we value you as a customer, and because your trust is important to us, our company is offering you one 
year of free credit monitoring through Experian’s ProtectMyID product, which includes identity theft insurance 
where available. You will receive more information about this offer via regular mail.

You can find additional information and FAQs about this incident at our website. If you have further questions, 
you may call us at 866-852-8680. 

Thank you for your patience and your loyalty. 
Sincerely,
Insurance Company CEO


From: insuranceCompany@ic.com
To: lucina_lary@cox.net
Subject: Insurance company – information about recent data breach
Dear Lucina Lary,
As you may have heard or read, last month we learned that criminals forced their way into our systems, 
and stole information about our customers. Late last week, as part of our ongoing investigation, 
we learned that the taken information includes names, mailing addresses, phone numbers or email addresses.
 
I am writing to make you aware that your name, mailing address, phone number or email address may have been 
taken during the intrusion. 

I am truly sorry this incident occurred, and I sincerely regret any inconvenience it may cause you. 

Because we value you as a customer, and because your trust is important to us, our company is offering you one 
year of free credit monitoring through Experian’s ProtectMyID product, which includes identity theft insurance 
where available. You will receive more information about this offer via regular mail.

You can find additional information and FAQs about this incident at our website. If you have further questions, 
you may call us at 866-852-8680. 

Thank you for your patience and your loyalty. 
Sincerely,
Insurance Company CEO


From: insuranceCompany@ic.com
To: bok.isaacs@aol.com
Subject: Insurance company – information about recent data breach
Dear Bok Isaacs,
As you may have heard or read, last month we learned that criminals forced their way into our systems, 
and stole information about our customers. Late last week, as part of our ongoing investigation, 
we learned that the taken information includes names, mailing addresses, phone numbers or email addresses.
 
I am writing to make you aware that your name, mailing address, phone number or email address may have been 
taken during the intrusion. 

I am truly sorry this incident occurred, and I sincerely regret any inconvenience it may cause you. 

Because we value you as a customer, and because your trust is important to us, our company is offering you one 
year of free credit monitoring through Experian’s ProtectMyID product, which includes identity theft insurance 
where available. You will receive more information about this offer via regular mail.

You can find additional information and FAQs about this incident at our website. If you have further questions, 
you may call us at 866-852-8680. 

Thank you for your patience and your loyalty. 
Sincerely,
Insurance Company CEO


From: insuranceCompany@ic.com
To: rolande.spickerman@spickerman.com
Subject: Insurance company – information about recent data breach
Dear Rolande Spickerman,
As you may have heard or read, last month we learned that criminals forced their way into our systems, 
and stole information about our customers. Late last week, as part of our ongoing investigation, 
we learned that the taken information includes names, mailing addresses, phone numbers or email addresses.
 
I am writing to make you aware that your name, mailing address, phone number or email address may have been 
taken during the intrusion. 

I am truly sorry this incident occurred, and I sincerely regret any inconvenience it may cause you. 

Because we value you as a customer, and because your trust is important to us, our company is offering you one 
year of free credit monitoring through Experian’s ProtectMyID product, which includes identity theft insurance 
where available. You will receive more information about this offer via regular mail.

You can find additional information and FAQs about this incident at our website. If you have further questions, 
you may call us at 866-852-8680. 

Thank you for your patience and your loyalty. 
Sincerely,
Insurance Company CEO


From: insuranceCompany@ic.com
To: hpaulas@gmail.com
Subject: Insurance company – information about recent data breach
Dear Howard Paulas,
As you may have heard or read, last month we learned that criminals forced their way into our systems, 
and stole information about our customers. Late last week, as part of our ongoing investigation, 
we learned that the taken information includes names, mailing addresses, phone numbers or email addresses.
 
I am writing to make you aware that your name, mailing address, phone number or email address may have been 
taken during the intrusion. 

I am truly sorry this incident occurred, and I sincerely regret any inconvenience it may cause you. 

Because we value you as a customer, and because your trust is important to us, our company is offering you one 
year of free credit monitoring through Experian’s ProtectMyID product, which includes identity theft insurance 
where available. You will receive more information about this offer via regular mail.

You can find additional information and FAQs about this incident at our website. If you have further questions, 
you may call us at 866-852-8680. 

Thank you for your patience and your loyalty. 
Sincerely,
Insurance Company CEO


From: insuranceCompany@ic.com
To: kimbery_madarang@cox.net
Subject: Insurance company – information about recent data breach
Dear Kimbery Madarang,
As you may have heard or read, last month we learned that criminals forced their way into our systems, 
and stole information about our customers. Late last week, as part of our ongoing investigation, 
we learned that the taken information includes names, mailing addresses, phone numbers or email addresses.
 
I am writing to make you aware that your name, mailing address, phone number or email address may have been 
taken during the intrusion. 

I am truly sorry this incident occurred, and I sincerely regret any inconvenience it may cause you. 

Because we value you as a customer, and because your trust is important to us, our company is offering you one 
year of free credit monitoring through Experian’s ProtectMyID product, which includes identity theft insurance 
where available. You will receive more information about this offer via regular mail.

You can find additional information and FAQs about this incident at our website. If you have further questions, 
you may call us at 866-852-8680. 

Thank you for your patience and your loyalty. 
Sincerely,
Insurance Company CEO


From: insuranceCompany@ic.com
To: thurman.manno@yahoo.com
Subject: Insurance company – information about recent data breach
Dear Thurman Manno,
As you may have heard or read, last month we learned that criminals forced their way into our systems, 
and stole information about our customers. Late last week, as part of our ongoing investigation, 
we learned that the taken information includes names, mailing addresses, phone numbers or email addresses.
 
I am writing to make you aware that your name, mailing address, phone number or email address may have been 
taken during the intrusion. 

I am truly sorry this incident occurred, and I sincerely regret any inconvenience it may cause you. 

Because we value you as a customer, and because your trust is important to us, our company is offering you one 
year of free credit monitoring through Experian’s ProtectMyID product, which includes identity theft insurance 
where available. You will receive more information about this offer via regular mail.

You can find additional information and FAQs about this incident at our website. If you have further questions, 
you may call us at 866-852-8680. 

Thank you for your patience and your loyalty. 
Sincerely,
Insurance Company CEO


From: insuranceCompany@ic.com
To: becky.mirafuentes@mirafuentes.com
Subject: Insurance company – information about recent data breach
Dear Becky Mirafuentes,
As you may have heard or read, last month we learned that criminals forced their way into our systems, 
and stole information about our customers. Late last week, as part of our ongoing investigation, 
we learned that the taken information includes names, mailing addresses, phone numbers or email addresses.
 
I am writing to make you aware that your name, mailing address, phone number or email address may have been 
taken during the intrusion. 

I am truly sorry this incident occurred, and I sincerely regret any inconvenience it may cause you. 

Because we value you as a customer, and because your trust is important to us, our company is offering you one 
year of free credit monitoring through Experian’s ProtectMyID product, which includes identity theft insurance 
where available. You will receive more information about this offer via regular mail.

You can find additional information and FAQs about this incident at our website. If you have further questions, 
you may call us at 866-852-8680. 

Thank you for your patience and your loyalty. 
Sincerely,
Insurance Company CEO


From: insuranceCompany@ic.com
To: beatriz@yahoo.com
Subject: Insurance company – information about recent data breach
Dear Beatriz Corrington,
As you may have heard or read, last month we learned that criminals forced their way into our systems, 
and stole information about our customers. Late last week, as part of our ongoing investigation, 
we learned that the taken information includes names, mailing addresses, phone numbers or email addresses.
 
I am writing to make you aware that your name, mailing address, phone number or email address may have been 
taken during the intrusion. 

I am truly sorry this incident occurred, and I sincerely regret any inconvenience it may cause you. 

Because we value you as a customer, and because your trust is important to us, our company is offering you one 
year of free credit monitoring through Experian’s ProtectMyID product, which includes identity theft insurance 
where available. You will receive more information about this offer via regular mail.

You can find additional information and FAQs about this incident at our website. If you have further questions, 
you may call us at 866-852-8680. 

Thank you for your patience and your loyalty. 
Sincerely,
Insurance Company CEO


From: insuranceCompany@ic.com
To: marti.maybury@yahoo.com
Subject: Insurance company – information about recent data breach
Dear Marti Maybury,
As you may have heard or read, last month we learned that criminals forced their way into our systems, 
and stole information about our customers. Late last week, as part of our ongoing investigation, 
we learned that the taken information includes names, mailing addresses, phone numbers or email addresses.
 
I am writing to make you aware that your name, mailing address, phone number or email address may have been 
taken during the intrusion. 

I am truly sorry this incident occurred, and I sincerely regret any inconvenience it may cause you. 

Because we value you as a customer, and because your trust is important to us, our company is offering you one 
year of free credit monitoring through Experian’s ProtectMyID product, which includes identity theft insurance 
where available. You will receive more information about this offer via regular mail.

You can find additional information and FAQs about this incident at our website. If you have further questions, 
you may call us at 866-852-8680. 

Thank you for your patience and your loyalty. 
Sincerely,
Insurance Company CEO


From: insuranceCompany@ic.com
To: nieves_gotter@gmail.com
Subject: Insurance company – information about recent data breach
Dear Nieves Gotter,
As you may have heard or read, last month we learned that criminals forced their way into our systems, 
and stole information about our customers. Late last week, as part of our ongoing investigation, 
we learned that the taken information includes names, mailing addresses, phone numbers or email addresses.
 
I am writing to make you aware that your name, mailing address, phone number or email address may have been 
taken during the intrusion. 

I am truly sorry this incident occurred, and I sincerely regret any inconvenience it may cause you. 

Because we value you as a customer, and because your trust is important to us, our company is offering you one 
year of free credit monitoring through Experian’s ProtectMyID product, which includes identity theft insurance 
where available. You will receive more information about this offer via regular mail.

You can find additional information and FAQs about this incident at our website. If you have further questions, 
you may call us at 866-852-8680. 

Thank you for your patience and your loyalty. 
Sincerely,
Insurance Company CEO


From: insuranceCompany@ic.com
To: lhagele@cox.net
Subject: Insurance company – information about recent data breach
Dear Leatha Hagele,
As you may have heard or read, last month we learned that criminals forced their way into our systems, 
and stole information about our customers. Late last week, as part of our ongoing investigation, 
we learned that the taken information includes names, mailing addresses, phone numbers or email addresses.
 
I am writing to make you aware that your name, mailing address, phone number or email address may have been 
taken during the intrusion. 

I am truly sorry this incident occurred, and I sincerely regret any inconvenience it may cause you. 

Because we value you as a customer, and because your trust is important to us, our company is offering you one 
year of free credit monitoring through Experian’s ProtectMyID product, which includes identity theft insurance 
where available. You will receive more information about this offer via regular mail.

You can find additional information and FAQs about this incident at our website. If you have further questions, 
you may call us at 866-852-8680. 

Thank you for your patience and your loyalty. 
Sincerely,
Insurance Company CEO


From: insuranceCompany@ic.com
To: vklimek@klimek.org
Subject: Insurance company – information about recent data breach
Dear Valentin Klimek,
As you may have heard or read, last month we learned that criminals forced their way into our systems, 
and stole information about our customers. Late last week, as part of our ongoing investigation, 
we learned that the taken information includes names, mailing addresses, phone numbers or email addresses.
 
I am writing to make you aware that your name, mailing address, phone number or email address may have been 
taken during the intrusion. 

I am truly sorry this incident occurred, and I sincerely regret any inconvenience it may cause you. 

Because we value you as a customer, and because your trust is important to us, our company is offering you one 
year of free credit monitoring through Experian’s ProtectMyID product, which includes identity theft insurance 
where available. You will receive more information about this offer via regular mail.

You can find additional information and FAQs about this incident at our website. If you have further questions, 
you may call us at 866-852-8680. 

Thank you for your patience and your loyalty. 
Sincerely,
Insurance Company CEO


From: insuranceCompany@ic.com
To: melissa@cox.net
Subject: Insurance company – information about recent data breach
Dear Melissa Wiklund,
As you may have heard or read, last month we learned that criminals forced their way into our systems, 
and stole information about our customers. Late last week, as part of our ongoing investigation, 
we learned that the taken information includes names, mailing addresses, phone numbers or email addresses.
 
I am writing to make you aware that your name, mailing address, phone number or email address may have been 
taken during the intrusion. 

I am truly sorry this incident occurred, and I sincerely regret any inconvenience it may cause you. 

Because we value you as a customer, and because your trust is important to us, our company is offering you one 
year of free credit monitoring through Experian’s ProtectMyID product, which includes identity theft insurance 
where available. You will receive more information about this offer via regular mail.

You can find additional information and FAQs about this incident at our website. If you have further questions, 
you may call us at 866-852-8680. 

Thank you for your patience and your loyalty. 
Sincerely,
Insurance Company CEO


From: insuranceCompany@ic.com
To: sheridan.zane@zane.com
Subject: Insurance company – information about recent data breach
Dear Sheridan Zane,
As you may have heard or read, last month we learned that criminals forced their way into our systems, 
and stole information about our customers. Late last week, as part of our ongoing investigation, 
we learned that the taken information includes names, mailing addresses, phone numbers or email addresses.
 
I am writing to make you aware that your name, mailing address, phone number or email address may have been 
taken during the intrusion. 

I am truly sorry this incident occurred, and I sincerely regret any inconvenience it may cause you. 

Because we value you as a customer, and because your trust is important to us, our company is offering you one 
year of free credit monitoring through Experian’s ProtectMyID product, which includes identity theft insurance 
where available. You will receive more information about this offer via regular mail.

You can find additional information and FAQs about this incident at our website. If you have further questions, 
you may call us at 866-852-8680. 

Thank you for your patience and your loyalty. 
Sincerely,
Insurance Company CEO


From: insuranceCompany@ic.com
To: bulah_padilla@hotmail.com
Subject: Insurance company – information about recent data breach
Dear Bulah Padilla,
As you may have heard or read, last month we learned that criminals forced their way into our systems, 
and stole information about our customers. Late last week, as part of our ongoing investigation, 
we learned that the taken information includes names, mailing addresses, phone numbers or email addresses.
 
I am writing to make you aware that your name, mailing address, phone number or email address may have been 
taken during the intrusion. 

I am truly sorry this incident occurred, and I sincerely regret any inconvenience it may cause you. 

Because we value you as a customer, and because your trust is important to us, our company is offering you one 
year of free credit monitoring through Experian’s ProtectMyID product, which includes identity theft insurance 
where available. You will receive more information about this offer via regular mail.

You can find additional information and FAQs about this incident at our website. If you have further questions, 
you may call us at 866-852-8680. 

Thank you for your patience and your loyalty. 
Sincerely,
Insurance Company CEO


From: insuranceCompany@ic.com
To: audra@kohnert.com
Subject: Insurance company – information about recent data breach
Dear Audra Kohnert,
As you may have heard or read, last month we learned that criminals forced their way into our systems, 
and stole information about our customers. Late last week, as part of our ongoing investigation, 
we learned that the taken information includes names, mailing addresses, phone numbers or email addresses.
 
I am writing to make you aware that your name, mailing address, phone number or email address may have been 
taken during the intrusion. 

I am truly sorry this incident occurred, and I sincerely regret any inconvenience it may cause you. 

Because we value you as a customer, and because your trust is important to us, our company is offering you one 
year of free credit monitoring through Experian’s ProtectMyID product, which includes identity theft insurance 
where available. You will receive more information about this offer via regular mail.

You can find additional information and FAQs about this incident at our website. If you have further questions, 
you may call us at 866-852-8680. 

Thank you for your patience and your loyalty. 
Sincerely,
Insurance Company CEO


From: insuranceCompany@ic.com
To: dweirather@aol.com
Subject: Insurance company – information about recent data breach
Dear Daren Weirather,
As you may have heard or read, last month we learned that criminals forced their way into our systems, 
and stole information about our customers. Late last week, as part of our ongoing investigation, 
we learned that the taken information includes names, mailing addresses, phone numbers or email addresses.
 
I am writing to make you aware that your name, mailing address, phone number or email address may have been 
taken during the intrusion. 

I am truly sorry this incident occurred, and I sincerely regret any inconvenience it may cause you. 

Because we value you as a customer, and because your trust is important to us, our company is offering you one 
year of free credit monitoring through Experian’s ProtectMyID product, which includes identity theft insurance 
where available. You will receive more information about this offer via regular mail.

You can find additional information and FAQs about this incident at our website. If you have further questions, 
you may call us at 866-852-8680. 

Thank you for your patience and your loyalty. 
Sincerely,
Insurance Company CEO


From: insuranceCompany@ic.com
To: fjillson@aol.com
Subject: Insurance company – information about recent data breach
Dear Fernanda Jillson,
As you may have heard or read, last month we learned that criminals forced their way into our systems, 
and stole information about our customers. Late last week, as part of our ongoing investigation, 
we learned that the taken information includes names, mailing addresses, phone numbers or email addresses.
 
I am writing to make you aware that your name, mailing address, phone number or email address may have been 
taken during the intrusion. 

I am truly sorry this incident occurred, and I sincerely regret any inconvenience it may cause you. 

Because we value you as a customer, and because your trust is important to us, our company is offering you one 
year of free credit monitoring through Experian’s ProtectMyID product, which includes identity theft insurance 
where available. You will receive more information about this offer via regular mail.

You can find additional information and FAQs about this incident at our website. If you have further questions, 
you may call us at 866-852-8680. 

Thank you for your patience and your loyalty. 
Sincerely,
Insurance Company CEO


From: insuranceCompany@ic.com
To: gearldine_gellinger@gellinger.com
Subject: Insurance company – information about recent data breach
Dear Gearldine Gellinger,
As you may have heard or read, last month we learned that criminals forced their way into our systems, 
and stole information about our customers. Late last week, as part of our ongoing investigation, 
we learned that the taken information includes names, mailing addresses, phone numbers or email addresses.
 
I am writing to make you aware that your name, mailing address, phone number or email address may have been 
taken during the intrusion. 

I am truly sorry this incident occurred, and I sincerely regret any inconvenience it may cause you. 

Because we value you as a customer, and because your trust is important to us, our company is offering you one 
year of free credit monitoring through Experian’s ProtectMyID product, which includes identity theft insurance 
where available. You will receive more information about this offer via regular mail.

You can find additional information and FAQs about this incident at our website. If you have further questions, 
you may call us at 866-852-8680. 

Thank you for your patience and your loyalty. 
Sincerely,
Insurance Company CEO


From: insuranceCompany@ic.com
To: chau@gmail.com
Subject: Insurance company – information about recent data breach
Dear Chau Kitzman,
As you may have heard or read, last month we learned that criminals forced their way into our systems, 
and stole information about our customers. Late last week, as part of our ongoing investigation, 
we learned that the taken information includes names, mailing addresses, phone numbers or email addresses.
 
I am writing to make you aware that your name, mailing address, phone number or email address may have been 
taken during the intrusion. 

I am truly sorry this incident occurred, and I sincerely regret any inconvenience it may cause you. 

Because we value you as a customer, and because your trust is important to us, our company is offering you one 
year of free credit monitoring through Experian’s ProtectMyID product, which includes identity theft insurance 
where available. You will receive more information about this offer via regular mail.

You can find additional information and FAQs about this incident at our website. If you have further questions, 
you may call us at 866-852-8680. 

Thank you for your patience and your loyalty. 
Sincerely,
Insurance Company CEO


From: insuranceCompany@ic.com
To: theola_frey@frey.com
Subject: Insurance company – information about recent data breach
Dear Theola Frey,
As you may have heard or read, last month we learned that criminals forced their way into our systems, 
and stole information about our customers. Late last week, as part of our ongoing investigation, 
we learned that the taken information includes names, mailing addresses, phone numbers or email addresses.
 
I am writing to make you aware that your name, mailing address, phone number or email address may have been 
taken during the intrusion. 

I am truly sorry this incident occurred, and I sincerely regret any inconvenience it may cause you. 

Because we value you as a customer, and because your trust is important to us, our company is offering you one 
year of free credit monitoring through Experian’s ProtectMyID product, which includes identity theft insurance 
where available. You will receive more information about this offer via regular mail.

You can find additional information and FAQs about this incident at our website. If you have further questions, 
you may call us at 866-852-8680. 

Thank you for your patience and your loyalty. 
Sincerely,
Insurance Company CEO


From: insuranceCompany@ic.com
To: cheryl@haroldson.org
Subject: Insurance company – information about recent data breach
Dear Cheryl Haroldson,
As you may have heard or read, last month we learned that criminals forced their way into our systems, 
and stole information about our customers. Late last week, as part of our ongoing investigation, 
we learned that the taken information includes names, mailing addresses, phone numbers or email addresses.
 
I am writing to make you aware that your name, mailing address, phone number or email address may have been 
taken during the intrusion. 

I am truly sorry this incident occurred, and I sincerely regret any inconvenience it may cause you. 

Because we value you as a customer, and because your trust is important to us, our company is offering you one 
year of free credit monitoring through Experian’s ProtectMyID product, which includes identity theft insurance 
where available. You will receive more information about this offer via regular mail.

You can find additional information and FAQs about this incident at our website. If you have further questions, 
you may call us at 866-852-8680. 

Thank you for your patience and your loyalty. 
Sincerely,
Insurance Company CEO


From: insuranceCompany@ic.com
To: lmerced@gmail.com
Subject: Insurance company – information about recent data breach
Dear Laticia Merced,
As you may have heard or read, last month we learned that criminals forced their way into our systems, 
and stole information about our customers. Late last week, as part of our ongoing investigation, 
we learned that the taken information includes names, mailing addresses, phone numbers or email addresses.
 
I am writing to make you aware that your name, mailing address, phone number or email address may have been 
taken during the intrusion. 

I am truly sorry this incident occurred, and I sincerely regret any inconvenience it may cause you. 

Because we value you as a customer, and because your trust is important to us, our company is offering you one 
year of free credit monitoring through Experian’s ProtectMyID product, which includes identity theft insurance 
where available. You will receive more information about this offer via regular mail.

You can find additional information and FAQs about this incident at our website. If you have further questions, 
you may call us at 866-852-8680. 

Thank you for your patience and your loyalty. 
Sincerely,
Insurance Company CEO


From: insuranceCompany@ic.com
To: carissa.batman@yahoo.com
Subject: Insurance company – information about recent data breach
Dear Carissa Batman,
As you may have heard or read, last month we learned that criminals forced their way into our systems, 
and stole information about our customers. Late last week, as part of our ongoing investigation, 
we learned that the taken information includes names, mailing addresses, phone numbers or email addresses.
 
I am writing to make you aware that your name, mailing address, phone number or email address may have been 
taken during the intrusion. 

I am truly sorry this incident occurred, and I sincerely regret any inconvenience it may cause you. 

Because we value you as a customer, and because your trust is important to us, our company is offering you one 
year of free credit monitoring through Experian’s ProtectMyID product, which includes identity theft insurance 
where available. You will receive more information about this offer via regular mail.

You can find additional information and FAQs about this incident at our website. If you have further questions, 
you may call us at 866-852-8680. 

Thank you for your patience and your loyalty. 
Sincerely,
Insurance Company CEO


From: insuranceCompany@ic.com
To: lezlie.craghead@craghead.org
Subject: Insurance company – information about recent data breach
Dear Lezlie Craghead,
As you may have heard or read, last month we learned that criminals forced their way into our systems, 
and stole information about our customers. Late last week, as part of our ongoing investigation, 
we learned that the taken information includes names, mailing addresses, phone numbers or email addresses.
 
I am writing to make you aware that your name, mailing address, phone number or email address may have been 
taken during the intrusion. 

I am truly sorry this incident occurred, and I sincerely regret any inconvenience it may cause you. 

Because we value you as a customer, and because your trust is important to us, our company is offering you one 
year of free credit monitoring through Experian’s ProtectMyID product, which includes identity theft insurance 
where available. You will receive more information about this offer via regular mail.

You can find additional information and FAQs about this incident at our website. If you have further questions, 
you may call us at 866-852-8680. 

Thank you for your patience and your loyalty. 
Sincerely,
Insurance Company CEO


From: insuranceCompany@ic.com
To: oshealy@hotmail.com
Subject: Insurance company – information about recent data breach
Dear Ozell Shealy,
As you may have heard or read, last month we learned that criminals forced their way into our systems, 
and stole information about our customers. Late last week, as part of our ongoing investigation, 
we learned that the taken information includes names, mailing addresses, phone numbers or email addresses.
 
I am writing to make you aware that your name, mailing address, phone number or email address may have been 
taken during the intrusion. 

I am truly sorry this incident occurred, and I sincerely regret any inconvenience it may cause you. 

Because we value you as a customer, and because your trust is important to us, our company is offering you one 
year of free credit monitoring through Experian’s ProtectMyID product, which includes identity theft insurance 
where available. You will receive more information about this offer via regular mail.

You can find additional information and FAQs about this incident at our website. If you have further questions, 
you may call us at 866-852-8680. 

Thank you for your patience and your loyalty. 
Sincerely,
Insurance Company CEO


From: insuranceCompany@ic.com
To: arminda@parvis.com
Subject: Insurance company – information about recent data breach
Dear Arminda Parvis,
As you may have heard or read, last month we learned that criminals forced their way into our systems, 
and stole information about our customers. Late last week, as part of our ongoing investigation, 
we learned that the taken information includes names, mailing addresses, phone numbers or email addresses.
 
I am writing to make you aware that your name, mailing address, phone number or email address may have been 
taken during the intrusion. 

I am truly sorry this incident occurred, and I sincerely regret any inconvenience it may cause you. 

Because we value you as a customer, and because your trust is important to us, our company is offering you one 
year of free credit monitoring through Experian’s ProtectMyID product, which includes identity theft insurance 
where available. You will receive more information about this offer via regular mail.

You can find additional information and FAQs about this incident at our website. If you have further questions, 
you may call us at 866-852-8680. 

Thank you for your patience and your loyalty. 
Sincerely,
Insurance Company CEO


From: insuranceCompany@ic.com
To: reita.leto@gmail.com
Subject: Insurance company – information about recent data breach
Dear Reita Leto,
As you may have heard or read, last month we learned that criminals forced their way into our systems, 
and stole information about our customers. Late last week, as part of our ongoing investigation, 
we learned that the taken information includes names, mailing addresses, phone numbers or email addresses.
 
I am writing to make you aware that your name, mailing address, phone number or email address may have been 
taken during the intrusion. 

I am truly sorry this incident occurred, and I sincerely regret any inconvenience it may cause you. 

Because we value you as a customer, and because your trust is important to us, our company is offering you one 
year of free credit monitoring through Experian’s ProtectMyID product, which includes identity theft insurance 
where available. You will receive more information about this offer via regular mail.

You can find additional information and FAQs about this incident at our website. If you have further questions, 
you may call us at 866-852-8680. 

Thank you for your patience and your loyalty. 
Sincerely,
Insurance Company CEO


From: insuranceCompany@ic.com
To: yolando@cox.net
Subject: Insurance company – information about recent data breach
Dear Yolando Luczki,
As you may have heard or read, last month we learned that criminals forced their way into our systems, 
and stole information about our customers. Late last week, as part of our ongoing investigation, 
we learned that the taken information includes names, mailing addresses, phone numbers or email addresses.
 
I am writing to make you aware that your name, mailing address, phone number or email address may have been 
taken during the intrusion. 

I am truly sorry this incident occurred, and I sincerely regret any inconvenience it may cause you. 

Because we value you as a customer, and because your trust is important to us, our company is offering you one 
year of free credit monitoring through Experian’s ProtectMyID product, which includes identity theft insurance 
where available. You will receive more information about this offer via regular mail.

You can find additional information and FAQs about this incident at our website. If you have further questions, 
you may call us at 866-852-8680. 

Thank you for your patience and your loyalty. 
Sincerely,
Insurance Company CEO


From: insuranceCompany@ic.com
To: lizette.stem@aol.com
Subject: Insurance company – information about recent data breach
Dear Lizette Stem,
As you may have heard or read, last month we learned that criminals forced their way into our systems, 
and stole information about our customers. Late last week, as part of our ongoing investigation, 
we learned that the taken information includes names, mailing addresses, phone numbers or email addresses.
 
I am writing to make you aware that your name, mailing address, phone number or email address may have been 
taken during the intrusion. 

I am truly sorry this incident occurred, and I sincerely regret any inconvenience it may cause you. 

Because we value you as a customer, and because your trust is important to us, our company is offering you one 
year of free credit monitoring through Experian’s ProtectMyID product, which includes identity theft insurance 
where available. You will receive more information about this offer via regular mail.

You can find additional information and FAQs about this incident at our website. If you have further questions, 
you may call us at 866-852-8680. 

Thank you for your patience and your loyalty. 
Sincerely,
Insurance Company CEO


From: insuranceCompany@ic.com
To: gpawlowicz@yahoo.com
Subject: Insurance company – information about recent data breach
Dear Gregoria Pawlowicz,
As you may have heard or read, last month we learned that criminals forced their way into our systems, 
and stole information about our customers. Late last week, as part of our ongoing investigation, 
we learned that the taken information includes names, mailing addresses, phone numbers or email addresses.
 
I am writing to make you aware that your name, mailing address, phone number or email address may have been 
taken during the intrusion. 

I am truly sorry this incident occurred, and I sincerely regret any inconvenience it may cause you. 

Because we value you as a customer, and because your trust is important to us, our company is offering you one 
year of free credit monitoring through Experian’s ProtectMyID product, which includes identity theft insurance 
where available. You will receive more information about this offer via regular mail.

You can find additional information and FAQs about this incident at our website. If you have further questions, 
you may call us at 866-852-8680. 

Thank you for your patience and your loyalty. 
Sincerely,
Insurance Company CEO


From: insuranceCompany@ic.com
To: cdeleo@deleo.com
Subject: Insurance company – information about recent data breach
Dear Carin Deleo,
As you may have heard or read, last month we learned that criminals forced their way into our systems, 
and stole information about our customers. Late last week, as part of our ongoing investigation, 
we learned that the taken information includes names, mailing addresses, phone numbers or email addresses.
 
I am writing to make you aware that your name, mailing address, phone number or email address may have been 
taken during the intrusion. 

I am truly sorry this incident occurred, and I sincerely regret any inconvenience it may cause you. 

Because we value you as a customer, and because your trust is important to us, our company is offering you one 
year of free credit monitoring through Experian’s ProtectMyID product, which includes identity theft insurance 
where available. You will receive more information about this offer via regular mail.

You can find additional information and FAQs about this incident at our website. If you have further questions, 
you may call us at 866-852-8680. 

Thank you for your patience and your loyalty. 
Sincerely,
Insurance Company CEO


From: insuranceCompany@ic.com
To: chantell@yahoo.com
Subject: Insurance company – information about recent data breach
Dear Chantell Maynerich,
As you may have heard or read, last month we learned that criminals forced their way into our systems, 
and stole information about our customers. Late last week, as part of our ongoing investigation, 
we learned that the taken information includes names, mailing addresses, phone numbers or email addresses.
 
I am writing to make you aware that your name, mailing address, phone number or email address may have been 
taken during the intrusion. 

I am truly sorry this incident occurred, and I sincerely regret any inconvenience it may cause you. 

Because we value you as a customer, and because your trust is important to us, our company is offering you one 
year of free credit monitoring through Experian’s ProtectMyID product, which includes identity theft insurance 
where available. You will receive more information about this offer via regular mail.

You can find additional information and FAQs about this incident at our website. If you have further questions, 
you may call us at 866-852-8680. 

Thank you for your patience and your loyalty. 
Sincerely,
Insurance Company CEO


From: insuranceCompany@ic.com
To: dyum@yahoo.com
Subject: Insurance company – information about recent data breach
Dear Dierdre Yum,
As you may have heard or read, last month we learned that criminals forced their way into our systems, 
and stole information about our customers. Late last week, as part of our ongoing investigation, 
we learned that the taken information includes names, mailing addresses, phone numbers or email addresses.
 
I am writing to make you aware that your name, mailing address, phone number or email address may have been 
taken during the intrusion. 

I am truly sorry this incident occurred, and I sincerely regret any inconvenience it may cause you. 

Because we value you as a customer, and because your trust is important to us, our company is offering you one 
year of free credit monitoring through Experian’s ProtectMyID product, which includes identity theft insurance 
where available. You will receive more information about this offer via regular mail.

You can find additional information and FAQs about this incident at our website. If you have further questions, 
you may call us at 866-852-8680. 

Thank you for your patience and your loyalty. 
Sincerely,
Insurance Company CEO


From: insuranceCompany@ic.com
To: larae_gudroe@gmail.com
Subject: Insurance company – information about recent data breach
Dear Larae Gudroe,
As you may have heard or read, last month we learned that criminals forced their way into our systems, 
and stole information about our customers. Late last week, as part of our ongoing investigation, 
we learned that the taken information includes names, mailing addresses, phone numbers or email addresses.
 
I am writing to make you aware that your name, mailing address, phone number or email address may have been 
taken during the intrusion. 

I am truly sorry this incident occurred, and I sincerely regret any inconvenience it may cause you. 

Because we value you as a customer, and because your trust is important to us, our company is offering you one 
year of free credit monitoring through Experian’s ProtectMyID product, which includes identity theft insurance 
where available. You will receive more information about this offer via regular mail.

You can find additional information and FAQs about this incident at our website. If you have further questions, 
you may call us at 866-852-8680. 

Thank you for your patience and your loyalty. 
Sincerely,
Insurance Company CEO


From: insuranceCompany@ic.com
To: latrice.tolfree@hotmail.com
Subject: Insurance company – information about recent data breach
Dear Latrice Tolfree,
As you may have heard or read, last month we learned that criminals forced their way into our systems, 
and stole information about our customers. Late last week, as part of our ongoing investigation, 
we learned that the taken information includes names, mailing addresses, phone numbers or email addresses.
 
I am writing to make you aware that your name, mailing address, phone number or email address may have been 
taken during the intrusion. 

I am truly sorry this incident occurred, and I sincerely regret any inconvenience it may cause you. 

Because we value you as a customer, and because your trust is important to us, our company is offering you one 
year of free credit monitoring through Experian’s ProtectMyID product, which includes identity theft insurance 
where available. You will receive more information about this offer via regular mail.

You can find additional information and FAQs about this incident at our website. If you have further questions, 
you may call us at 866-852-8680. 

Thank you for your patience and your loyalty. 
Sincerely,
Insurance Company CEO


From: insuranceCompany@ic.com
To: kerry.theodorov@gmail.com
Subject: Insurance company – information about recent data breach
Dear Kerry Theodorov,
As you may have heard or read, last month we learned that criminals forced their way into our systems, 
and stole information about our customers. Late last week, as part of our ongoing investigation, 
we learned that the taken information includes names, mailing addresses, phone numbers or email addresses.
 
I am writing to make you aware that your name, mailing address, phone number or email address may have been 
taken during the intrusion. 

I am truly sorry this incident occurred, and I sincerely regret any inconvenience it may cause you. 

Because we value you as a customer, and because your trust is important to us, our company is offering you one 
year of free credit monitoring through Experian’s ProtectMyID product, which includes identity theft insurance 
where available. You will receive more information about this offer via regular mail.

You can find additional information and FAQs about this incident at our website. If you have further questions, 
you may call us at 866-852-8680. 

Thank you for your patience and your loyalty. 
Sincerely,
Insurance Company CEO


From: insuranceCompany@ic.com
To: dhidvegi@yahoo.com
Subject: Insurance company – information about recent data breach
Dear Dorthy Hidvegi,
As you may have heard or read, last month we learned that criminals forced their way into our systems, 
and stole information about our customers. Late last week, as part of our ongoing investigation, 
we learned that the taken information includes names, mailing addresses, phone numbers or email addresses.
 
I am writing to make you aware that your name, mailing address, phone number or email address may have been 
taken during the intrusion. 

I am truly sorry this incident occurred, and I sincerely regret any inconvenience it may cause you. 

Because we value you as a customer, and because your trust is important to us, our company is offering you one 
year of free credit monitoring through Experian’s ProtectMyID product, which includes identity theft insurance 
where available. You will receive more information about this offer via regular mail.

You can find additional information and FAQs about this incident at our website. If you have further questions, 
you may call us at 866-852-8680. 

Thank you for your patience and your loyalty. 
Sincerely,
Insurance Company CEO


From: insuranceCompany@ic.com
To: fannie.lungren@yahoo.com
Subject: Insurance company – information about recent data breach
Dear Fannie Lungren,
As you may have heard or read, last month we learned that criminals forced their way into our systems, 
and stole information about our customers. Late last week, as part of our ongoing investigation, 
we learned that the taken information includes names, mailing addresses, phone numbers or email addresses.
 
I am writing to make you aware that your name, mailing address, phone number or email address may have been 
taken during the intrusion. 

I am truly sorry this incident occurred, and I sincerely regret any inconvenience it may cause you. 

Because we value you as a customer, and because your trust is important to us, our company is offering you one 
year of free credit monitoring through Experian’s ProtectMyID product, which includes identity theft insurance 
where available. You will receive more information about this offer via regular mail.

You can find additional information and FAQs about this incident at our website. If you have further questions, 
you may call us at 866-852-8680. 

Thank you for your patience and your loyalty. 
Sincerely,
Insurance Company CEO


From: insuranceCompany@ic.com
To: evangelina@aol.com
Subject: Insurance company – information about recent data breach
Dear Evangelina Radde,
As you may have heard or read, last month we learned that criminals forced their way into our systems, 
and stole information about our customers. Late last week, as part of our ongoing investigation, 
we learned that the taken information includes names, mailing addresses, phone numbers or email addresses.
 
I am writing to make you aware that your name, mailing address, phone number or email address may have been 
taken during the intrusion. 

I am truly sorry this incident occurred, and I sincerely regret any inconvenience it may cause you. 

Because we value you as a customer, and because your trust is important to us, our company is offering you one 
year of free credit monitoring through Experian’s ProtectMyID product, which includes identity theft insurance 
where available. You will receive more information about this offer via regular mail.

You can find additional information and FAQs about this incident at our website. If you have further questions, 
you may call us at 866-852-8680. 

Thank you for your patience and your loyalty. 
Sincerely,
Insurance Company CEO


From: insuranceCompany@ic.com
To: novella_degroot@degroot.org
Subject: Insurance company – information about recent data breach
Dear Novella Degroot,
As you may have heard or read, last month we learned that criminals forced their way into our systems, 
and stole information about our customers. Late last week, as part of our ongoing investigation, 
we learned that the taken information includes names, mailing addresses, phone numbers or email addresses.
 
I am writing to make you aware that your name, mailing address, phone number or email address may have been 
taken during the intrusion. 

I am truly sorry this incident occurred, and I sincerely regret any inconvenience it may cause you. 

Because we value you as a customer, and because your trust is important to us, our company is offering you one 
year of free credit monitoring through Experian’s ProtectMyID product, which includes identity theft insurance 
where available. You will receive more information about this offer via regular mail.

You can find additional information and FAQs about this incident at our website. If you have further questions, 
you may call us at 866-852-8680. 

Thank you for your patience and your loyalty. 
Sincerely,
Insurance Company CEO


From: insuranceCompany@ic.com
To: choa@hoa.org
Subject: Insurance company – information about recent data breach
Dear Clay Hoa,
As you may have heard or read, last month we learned that criminals forced their way into our systems, 
and stole information about our customers. Late last week, as part of our ongoing investigation, 
we learned that the taken information includes names, mailing addresses, phone numbers or email addresses.
 
I am writing to make you aware that your name, mailing address, phone number or email address may have been 
taken during the intrusion. 

I am truly sorry this incident occurred, and I sincerely regret any inconvenience it may cause you. 

Because we value you as a customer, and because your trust is important to us, our company is offering you one 
year of free credit monitoring through Experian’s ProtectMyID product, which includes identity theft insurance 
where available. You will receive more information about this offer via regular mail.

You can find additional information and FAQs about this incident at our website. If you have further questions, 
you may call us at 866-852-8680. 

Thank you for your patience and your loyalty. 
Sincerely,
Insurance Company CEO


From: insuranceCompany@ic.com
To: jfallick@yahoo.com
Subject: Insurance company – information about recent data breach
Dear Jennifer Fallick,
As you may have heard or read, last month we learned that criminals forced their way into our systems, 
and stole information about our customers. Late last week, as part of our ongoing investigation, 
we learned that the taken information includes names, mailing addresses, phone numbers or email addresses.
 
I am writing to make you aware that your name, mailing address, phone number or email address may have been 
taken during the intrusion. 

I am truly sorry this incident occurred, and I sincerely regret any inconvenience it may cause you. 

Because we value you as a customer, and because your trust is important to us, our company is offering you one 
year of free credit monitoring through Experian’s ProtectMyID product, which includes identity theft insurance 
where available. You will receive more information about this offer via regular mail.

You can find additional information and FAQs about this incident at our website. If you have further questions, 
you may call us at 866-852-8680. 

Thank you for your patience and your loyalty. 
Sincerely,
Insurance Company CEO


From: insuranceCompany@ic.com
To: irma.wolfgramm@hotmail.com
Subject: Insurance company – information about recent data breach
Dear Irma Wolfgramm,
As you may have heard or read, last month we learned that criminals forced their way into our systems, 
and stole information about our customers. Late last week, as part of our ongoing investigation, 
we learned that the taken information includes names, mailing addresses, phone numbers or email addresses.
 
I am writing to make you aware that your name, mailing address, phone number or email address may have been 
taken during the intrusion. 

I am truly sorry this incident occurred, and I sincerely regret any inconvenience it may cause you. 

Because we value you as a customer, and because your trust is important to us, our company is offering you one 
year of free credit monitoring through Experian’s ProtectMyID product, which includes identity theft insurance 
where available. You will receive more information about this offer via regular mail.

You can find additional information and FAQs about this incident at our website. If you have further questions, 
you may call us at 866-852-8680. 

Thank you for your patience and your loyalty. 
Sincerely,
Insurance Company CEO


From: insuranceCompany@ic.com
To: eun@yahoo.com
Subject: Insurance company – information about recent data breach
Dear Eun Coody,
As you may have heard or read, last month we learned that criminals forced their way into our systems, 
and stole information about our customers. Late last week, as part of our ongoing investigation, 
we learned that the taken information includes names, mailing addresses, phone numbers or email addresses.
 
I am writing to make you aware that your name, mailing address, phone number or email address may have been 
taken during the intrusion. 

I am truly sorry this incident occurred, and I sincerely regret any inconvenience it may cause you. 

Because we value you as a customer, and because your trust is important to us, our company is offering you one 
year of free credit monitoring through Experian’s ProtectMyID product, which includes identity theft insurance 
where available. You will receive more information about this offer via regular mail.

You can find additional information and FAQs about this incident at our website. If you have further questions, 
you may call us at 866-852-8680. 

Thank you for your patience and your loyalty. 
Sincerely,
Insurance Company CEO


From: insuranceCompany@ic.com
To: sylvia_cousey@cousey.org
Subject: Insurance company – information about recent data breach
Dear Sylvia Cousey,
As you may have heard or read, last month we learned that criminals forced their way into our systems, 
and stole information about our customers. Late last week, as part of our ongoing investigation, 
we learned that the taken information includes names, mailing addresses, phone numbers or email addresses.
 
I am writing to make you aware that your name, mailing address, phone number or email address may have been 
taken during the intrusion. 

I am truly sorry this incident occurred, and I sincerely regret any inconvenience it may cause you. 

Because we value you as a customer, and because your trust is important to us, our company is offering you one 
year of free credit monitoring through Experian’s ProtectMyID product, which includes identity theft insurance 
where available. You will receive more information about this offer via regular mail.

You can find additional information and FAQs about this incident at our website. If you have further questions, 
you may call us at 866-852-8680. 

Thank you for your patience and your loyalty. 
Sincerely,
Insurance Company CEO


From: insuranceCompany@ic.com
To: nana@aol.com
Subject: Insurance company – information about recent data breach
Dear Nana Wrinkles,
As you may have heard or read, last month we learned that criminals forced their way into our systems, 
and stole information about our customers. Late last week, as part of our ongoing investigation, 
we learned that the taken information includes names, mailing addresses, phone numbers or email addresses.
 
I am writing to make you aware that your name, mailing address, phone number or email address may have been 
taken during the intrusion. 

I am truly sorry this incident occurred, and I sincerely regret any inconvenience it may cause you. 

Because we value you as a customer, and because your trust is important to us, our company is offering you one 
year of free credit monitoring through Experian’s ProtectMyID product, which includes identity theft insurance 
where available. You will receive more information about this offer via regular mail.

You can find additional information and FAQs about this incident at our website. If you have further questions, 
you may call us at 866-852-8680. 

Thank you for your patience and your loyalty. 
Sincerely,
Insurance Company CEO


From: insuranceCompany@ic.com
To: layla.springe@cox.net
Subject: Insurance company – information about recent data breach
Dear Layla Springe,
As you may have heard or read, last month we learned that criminals forced their way into our systems, 
and stole information about our customers. Late last week, as part of our ongoing investigation, 
we learned that the taken information includes names, mailing addresses, phone numbers or email addresses.
 
I am writing to make you aware that your name, mailing address, phone number or email address may have been 
taken during the intrusion. 

I am truly sorry this incident occurred, and I sincerely regret any inconvenience it may cause you. 

Because we value you as a customer, and because your trust is important to us, our company is offering you one 
year of free credit monitoring through Experian’s ProtectMyID product, which includes identity theft insurance 
where available. You will receive more information about this offer via regular mail.

You can find additional information and FAQs about this incident at our website. If you have further questions, 
you may call us at 866-852-8680. 

Thank you for your patience and your loyalty. 
Sincerely,
Insurance Company CEO


From: insuranceCompany@ic.com
To: joesph_degonia@degonia.org
Subject: Insurance company – information about recent data breach
Dear Joesph Degonia,
As you may have heard or read, last month we learned that criminals forced their way into our systems, 
and stole information about our customers. Late last week, as part of our ongoing investigation, 
we learned that the taken information includes names, mailing addresses, phone numbers or email addresses.
 
I am writing to make you aware that your name, mailing address, phone number or email address may have been 
taken during the intrusion. 

I am truly sorry this incident occurred, and I sincerely regret any inconvenience it may cause you. 

Because we value you as a customer, and because your trust is important to us, our company is offering you one 
year of free credit monitoring through Experian’s ProtectMyID product, which includes identity theft insurance 
where available. You will receive more information about this offer via regular mail.

You can find additional information and FAQs about this incident at our website. If you have further questions, 
you may call us at 866-852-8680. 

Thank you for your patience and your loyalty. 
Sincerely,
Insurance Company CEO


From: insuranceCompany@ic.com
To: annabelle.boord@cox.net
Subject: Insurance company – information about recent data breach
Dear Annabelle Boord,
As you may have heard or read, last month we learned that criminals forced their way into our systems, 
and stole information about our customers. Late last week, as part of our ongoing investigation, 
we learned that the taken information includes names, mailing addresses, phone numbers or email addresses.
 
I am writing to make you aware that your name, mailing address, phone number or email address may have been 
taken during the intrusion. 

I am truly sorry this incident occurred, and I sincerely regret any inconvenience it may cause you. 

Because we value you as a customer, and because your trust is important to us, our company is offering you one 
year of free credit monitoring through Experian’s ProtectMyID product, which includes identity theft insurance 
where available. You will receive more information about this offer via regular mail.

You can find additional information and FAQs about this incident at our website. If you have further questions, 
you may call us at 866-852-8680. 

Thank you for your patience and your loyalty. 
Sincerely,
Insurance Company CEO


From: insuranceCompany@ic.com
To: stephaine@cox.net
Subject: Insurance company – information about recent data breach
Dear Stephaine Vinning,
As you may have heard or read, last month we learned that criminals forced their way into our systems, 
and stole information about our customers. Late last week, as part of our ongoing investigation, 
we learned that the taken information includes names, mailing addresses, phone numbers or email addresses.
 
I am writing to make you aware that your name, mailing address, phone number or email address may have been 
taken during the intrusion. 

I am truly sorry this incident occurred, and I sincerely regret any inconvenience it may cause you. 

Because we value you as a customer, and because your trust is important to us, our company is offering you one 
year of free credit monitoring through Experian’s ProtectMyID product, which includes identity theft insurance 
where available. You will receive more information about this offer via regular mail.

You can find additional information and FAQs about this incident at our website. If you have further questions, 
you may call us at 866-852-8680. 

Thank you for your patience and your loyalty. 
Sincerely,
Insurance Company CEO


From: insuranceCompany@ic.com
To: nelida@gmail.com
Subject: Insurance company – information about recent data breach
Dear Nelida Sawchuk,
As you may have heard or read, last month we learned that criminals forced their way into our systems, 
and stole information about our customers. Late last week, as part of our ongoing investigation, 
we learned that the taken information includes names, mailing addresses, phone numbers or email addresses.
 
I am writing to make you aware that your name, mailing address, phone number or email address may have been 
taken during the intrusion. 

I am truly sorry this incident occurred, and I sincerely regret any inconvenience it may cause you. 

Because we value you as a customer, and because your trust is important to us, our company is offering you one 
year of free credit monitoring through Experian’s ProtectMyID product, which includes identity theft insurance 
where available. You will receive more information about this offer via regular mail.

You can find additional information and FAQs about this incident at our website. If you have further questions, 
you may call us at 866-852-8680. 

Thank you for your patience and your loyalty. 
Sincerely,
Insurance Company CEO


From: insuranceCompany@ic.com
To: marguerita.hiatt@gmail.com
Subject: Insurance company – information about recent data breach
Dear Marguerita Hiatt,
As you may have heard or read, last month we learned that criminals forced their way into our systems, 
and stole information about our customers. Late last week, as part of our ongoing investigation, 
we learned that the taken information includes names, mailing addresses, phone numbers or email addresses.
 
I am writing to make you aware that your name, mailing address, phone number or email address may have been 
taken during the intrusion. 

I am truly sorry this incident occurred, and I sincerely regret any inconvenience it may cause you. 

Because we value you as a customer, and because your trust is important to us, our company is offering you one 
year of free credit monitoring through Experian’s ProtectMyID product, which includes identity theft insurance 
where available. You will receive more information about this offer via regular mail.

You can find additional information and FAQs about this incident at our website. If you have further questions, 
you may call us at 866-852-8680. 

Thank you for your patience and your loyalty. 
Sincerely,
Insurance Company CEO


From: insuranceCompany@ic.com
To: ccookey@cookey.org
Subject: Insurance company – information about recent data breach
Dear Carmela Cookey,
As you may have heard or read, last month we learned that criminals forced their way into our systems, 
and stole information about our customers. Late last week, as part of our ongoing investigation, 
we learned that the taken information includes names, mailing addresses, phone numbers or email addresses.
 
I am writing to make you aware that your name, mailing address, phone number or email address may have been 
taken during the intrusion. 

I am truly sorry this incident occurred, and I sincerely regret any inconvenience it may cause you. 

Because we value you as a customer, and because your trust is important to us, our company is offering you one 
year of free credit monitoring through Experian’s ProtectMyID product, which includes identity theft insurance 
where available. You will receive more information about this offer via regular mail.

You can find additional information and FAQs about this incident at our website. If you have further questions, 
you may call us at 866-852-8680. 

Thank you for your patience and your loyalty. 
Sincerely,
Insurance Company CEO


From: insuranceCompany@ic.com
To: jbrideau@aol.com
Subject: Insurance company – information about recent data breach
Dear Junita Brideau,
As you may have heard or read, last month we learned that criminals forced their way into our systems, 
and stole information about our customers. Late last week, as part of our ongoing investigation, 
we learned that the taken information includes names, mailing addresses, phone numbers or email addresses.
 
I am writing to make you aware that your name, mailing address, phone number or email address may have been 
taken during the intrusion. 

I am truly sorry this incident occurred, and I sincerely regret any inconvenience it may cause you. 

Because we value you as a customer, and because your trust is important to us, our company is offering you one 
year of free credit monitoring through Experian’s ProtectMyID product, which includes identity theft insurance 
where available. You will receive more information about this offer via regular mail.

You can find additional information and FAQs about this incident at our website. If you have further questions, 
you may call us at 866-852-8680. 

Thank you for your patience and your loyalty. 
Sincerely,
Insurance Company CEO


From: insuranceCompany@ic.com
To: claribel_varriano@cox.net
Subject: Insurance company – information about recent data breach
Dear Claribel Varriano,
As you may have heard or read, last month we learned that criminals forced their way into our systems, 
and stole information about our customers. Late last week, as part of our ongoing investigation, 
we learned that the taken information includes names, mailing addresses, phone numbers or email addresses.
 
I am writing to make you aware that your name, mailing address, phone number or email address may have been 
taken during the intrusion. 

I am truly sorry this incident occurred, and I sincerely regret any inconvenience it may cause you. 

Because we value you as a customer, and because your trust is important to us, our company is offering you one 
year of free credit monitoring through Experian’s ProtectMyID product, which includes identity theft insurance 
where available. You will receive more information about this offer via regular mail.

You can find additional information and FAQs about this incident at our website. If you have further questions, 
you may call us at 866-852-8680. 

Thank you for your patience and your loyalty. 
Sincerely,
Insurance Company CEO


From: insuranceCompany@ic.com
To: benton.skursky@aol.com
Subject: Insurance company – information about recent data breach
Dear Benton Skursky,
As you may have heard or read, last month we learned that criminals forced their way into our systems, 
and stole information about our customers. Late last week, as part of our ongoing investigation, 
we learned that the taken information includes names, mailing addresses, phone numbers or email addresses.
 
I am writing to make you aware that your name, mailing address, phone number or email address may have been 
taken during the intrusion. 

I am truly sorry this incident occurred, and I sincerely regret any inconvenience it may cause you. 

Because we value you as a customer, and because your trust is important to us, our company is offering you one 
year of free credit monitoring through Experian’s ProtectMyID product, which includes identity theft insurance 
where available. You will receive more information about this offer via regular mail.

You can find additional information and FAQs about this incident at our website. If you have further questions, 
you may call us at 866-852-8680. 

Thank you for your patience and your loyalty. 
Sincerely,
Insurance Company CEO


From: insuranceCompany@ic.com
To: hillary.skulski@aol.com
Subject: Insurance company – information about recent data breach
Dear Hillary Skulski,
As you may have heard or read, last month we learned that criminals forced their way into our systems, 
and stole information about our customers. Late last week, as part of our ongoing investigation, 
we learned that the taken information includes names, mailing addresses, phone numbers or email addresses.
 
I am writing to make you aware that your name, mailing address, phone number or email address may have been 
taken during the intrusion. 

I am truly sorry this incident occurred, and I sincerely regret any inconvenience it may cause you. 

Because we value you as a customer, and because your trust is important to us, our company is offering you one 
year of free credit monitoring through Experian’s ProtectMyID product, which includes identity theft insurance 
where available. You will receive more information about this offer via regular mail.

You can find additional information and FAQs about this incident at our website. If you have further questions, 
you may call us at 866-852-8680. 

Thank you for your patience and your loyalty. 
Sincerely,
Insurance Company CEO


From: insuranceCompany@ic.com
To: merilyn_bayless@cox.net
Subject: Insurance company – information about recent data breach
Dear Merilyn Bayless,
As you may have heard or read, last month we learned that criminals forced their way into our systems, 
and stole information about our customers. Late last week, as part of our ongoing investigation, 
we learned that the taken information includes names, mailing addresses, phone numbers or email addresses.
 
I am writing to make you aware that your name, mailing address, phone number or email address may have been 
taken during the intrusion. 

I am truly sorry this incident occurred, and I sincerely regret any inconvenience it may cause you. 

Because we value you as a customer, and because your trust is important to us, our company is offering you one 
year of free credit monitoring through Experian’s ProtectMyID product, which includes identity theft insurance 
where available. You will receive more information about this offer via regular mail.

You can find additional information and FAQs about this incident at our website. If you have further questions, 
you may call us at 866-852-8680. 

Thank you for your patience and your loyalty. 
Sincerely,
Insurance Company CEO


From: insuranceCompany@ic.com
To: tennaco@gmail.com
Subject: Insurance company – information about recent data breach
Dear Teri Ennaco,
As you may have heard or read, last month we learned that criminals forced their way into our systems, 
and stole information about our customers. Late last week, as part of our ongoing investigation, 
we learned that the taken information includes names, mailing addresses, phone numbers or email addresses.
 
I am writing to make you aware that your name, mailing address, phone number or email address may have been 
taken during the intrusion. 

I am truly sorry this incident occurred, and I sincerely regret any inconvenience it may cause you. 

Because we value you as a customer, and because your trust is important to us, our company is offering you one 
year of free credit monitoring through Experian’s ProtectMyID product, which includes identity theft insurance 
where available. You will receive more information about this offer via regular mail.

You can find additional information and FAQs about this incident at our website. If you have further questions, 
you may call us at 866-852-8680. 

Thank you for your patience and your loyalty. 
Sincerely,
Insurance Company CEO


From: insuranceCompany@ic.com
To: merlyn_lawler@hotmail.com
Subject: Insurance company – information about recent data breach
Dear Merlyn Lawler,
As you may have heard or read, last month we learned that criminals forced their way into our systems, 
and stole information about our customers. Late last week, as part of our ongoing investigation, 
we learned that the taken information includes names, mailing addresses, phone numbers or email addresses.
 
I am writing to make you aware that your name, mailing address, phone number or email address may have been 
taken during the intrusion. 

I am truly sorry this incident occurred, and I sincerely regret any inconvenience it may cause you. 

Because we value you as a customer, and because your trust is important to us, our company is offering you one 
year of free credit monitoring through Experian’s ProtectMyID product, which includes identity theft insurance 
where available. You will receive more information about this offer via regular mail.

You can find additional information and FAQs about this incident at our website. If you have further questions, 
you may call us at 866-852-8680. 

Thank you for your patience and your loyalty. 
Sincerely,
Insurance Company CEO


From: insuranceCompany@ic.com
To: gmontezuma@cox.net
Subject: Insurance company – information about recent data breach
Dear Georgene Montezuma,
As you may have heard or read, last month we learned that criminals forced their way into our systems, 
and stole information about our customers. Late last week, as part of our ongoing investigation, 
we learned that the taken information includes names, mailing addresses, phone numbers or email addresses.
 
I am writing to make you aware that your name, mailing address, phone number or email address may have been 
taken during the intrusion. 

I am truly sorry this incident occurred, and I sincerely regret any inconvenience it may cause you. 

Because we value you as a customer, and because your trust is important to us, our company is offering you one 
year of free credit monitoring through Experian’s ProtectMyID product, which includes identity theft insurance 
where available. You will receive more information about this offer via regular mail.

You can find additional information and FAQs about this incident at our website. If you have further questions, 
you may call us at 866-852-8680. 

Thank you for your patience and your loyalty. 
Sincerely,
Insurance Company CEO


From: insuranceCompany@ic.com
To: jmconnell@hotmail.com
Subject: Insurance company – information about recent data breach
Dear Jettie Mconnell,
As you may have heard or read, last month we learned that criminals forced their way into our systems, 
and stole information about our customers. Late last week, as part of our ongoing investigation, 
we learned that the taken information includes names, mailing addresses, phone numbers or email addresses.
 
I am writing to make you aware that your name, mailing address, phone number or email address may have been 
taken during the intrusion. 

I am truly sorry this incident occurred, and I sincerely regret any inconvenience it may cause you. 

Because we value you as a customer, and because your trust is important to us, our company is offering you one 
year of free credit monitoring through Experian’s ProtectMyID product, which includes identity theft insurance 
where available. You will receive more information about this offer via regular mail.

You can find additional information and FAQs about this incident at our website. If you have further questions, 
you may call us at 866-852-8680. 

Thank you for your patience and your loyalty. 
Sincerely,
Insurance Company CEO


From: insuranceCompany@ic.com
To: lemuel.latzke@gmail.com
Subject: Insurance company – information about recent data breach
Dear Lemuel Latzke,
As you may have heard or read, last month we learned that criminals forced their way into our systems, 
and stole information about our customers. Late last week, as part of our ongoing investigation, 
we learned that the taken information includes names, mailing addresses, phone numbers or email addresses.
 
I am writing to make you aware that your name, mailing address, phone number or email address may have been 
taken during the intrusion. 

I am truly sorry this incident occurred, and I sincerely regret any inconvenience it may cause you. 

Because we value you as a customer, and because your trust is important to us, our company is offering you one 
year of free credit monitoring through Experian’s ProtectMyID product, which includes identity theft insurance 
where available. You will receive more information about this offer via regular mail.

You can find additional information and FAQs about this incident at our website. If you have further questions, 
you may call us at 866-852-8680. 

Thank you for your patience and your loyalty. 
Sincerely,
Insurance Company CEO


From: insuranceCompany@ic.com
To: mknipp@gmail.com
Subject: Insurance company – information about recent data breach
Dear Melodie Knipp,
As you may have heard or read, last month we learned that criminals forced their way into our systems, 
and stole information about our customers. Late last week, as part of our ongoing investigation, 
we learned that the taken information includes names, mailing addresses, phone numbers or email addresses.
 
I am writing to make you aware that your name, mailing address, phone number or email address may have been 
taken during the intrusion. 

I am truly sorry this incident occurred, and I sincerely regret any inconvenience it may cause you. 

Because we value you as a customer, and because your trust is important to us, our company is offering you one 
year of free credit monitoring through Experian’s ProtectMyID product, which includes identity theft insurance 
where available. You will receive more information about this offer via regular mail.

You can find additional information and FAQs about this incident at our website. If you have further questions, 
you may call us at 866-852-8680. 

Thank you for your patience and your loyalty. 
Sincerely,
Insurance Company CEO


From: insuranceCompany@ic.com
To: candida_corbley@hotmail.com
Subject: Insurance company – information about recent data breach
Dear Candida Corbley,
As you may have heard or read, last month we learned that criminals forced their way into our systems, 
and stole information about our customers. Late last week, as part of our ongoing investigation, 
we learned that the taken information includes names, mailing addresses, phone numbers or email addresses.
 
I am writing to make you aware that your name, mailing address, phone number or email address may have been 
taken during the intrusion. 

I am truly sorry this incident occurred, and I sincerely regret any inconvenience it may cause you. 

Because we value you as a customer, and because your trust is important to us, our company is offering you one 
year of free credit monitoring through Experian’s ProtectMyID product, which includes identity theft insurance 
where available. You will receive more information about this offer via regular mail.

You can find additional information and FAQs about this incident at our website. If you have further questions, 
you may call us at 866-852-8680. 

Thank you for your patience and your loyalty. 
Sincerely,
Insurance Company CEO


From: insuranceCompany@ic.com
To: karan_karpin@gmail.com
Subject: Insurance company – information about recent data breach
Dear Karan Karpin,
As you may have heard or read, last month we learned that criminals forced their way into our systems, 
and stole information about our customers. Late last week, as part of our ongoing investigation, 
we learned that the taken information includes names, mailing addresses, phone numbers or email addresses.
 
I am writing to make you aware that your name, mailing address, phone number or email address may have been 
taken during the intrusion. 

I am truly sorry this incident occurred, and I sincerely regret any inconvenience it may cause you. 

Because we value you as a customer, and because your trust is important to us, our company is offering you one 
year of free credit monitoring through Experian’s ProtectMyID product, which includes identity theft insurance 
where available. You will receive more information about this offer via regular mail.

You can find additional information and FAQs about this incident at our website. If you have further questions, 
you may call us at 866-852-8680. 

Thank you for your patience and your loyalty. 
Sincerely,
Insurance Company CEO


From: insuranceCompany@ic.com
To: andra@gmail.com
Subject: Insurance company – information about recent data breach
Dear Andra Scheyer,
As you may have heard or read, last month we learned that criminals forced their way into our systems, 
and stole information about our customers. Late last week, as part of our ongoing investigation, 
we learned that the taken information includes names, mailing addresses, phone numbers or email addresses.
 
I am writing to make you aware that your name, mailing address, phone number or email address may have been 
taken during the intrusion. 

I am truly sorry this incident occurred, and I sincerely regret any inconvenience it may cause you. 

Because we value you as a customer, and because your trust is important to us, our company is offering you one 
year of free credit monitoring through Experian’s ProtectMyID product, which includes identity theft insurance 
where available. You will receive more information about this offer via regular mail.

You can find additional information and FAQs about this incident at our website. If you have further questions, 
you may call us at 866-852-8680. 

Thank you for your patience and your loyalty. 
Sincerely,
Insurance Company CEO


From: insuranceCompany@ic.com
To: fpoullion@poullion.com
Subject: Insurance company – information about recent data breach
Dear Felicidad Poullion,
As you may have heard or read, last month we learned that criminals forced their way into our systems, 
and stole information about our customers. Late last week, as part of our ongoing investigation, 
we learned that the taken information includes names, mailing addresses, phone numbers or email addresses.
 
I am writing to make you aware that your name, mailing address, phone number or email address may have been 
taken during the intrusion. 

I am truly sorry this incident occurred, and I sincerely regret any inconvenience it may cause you. 

Because we value you as a customer, and because your trust is important to us, our company is offering you one 
year of free credit monitoring through Experian’s ProtectMyID product, which includes identity theft insurance 
where available. You will receive more information about this offer via regular mail.

You can find additional information and FAQs about this incident at our website. If you have further questions, 
you may call us at 866-852-8680. 

Thank you for your patience and your loyalty. 
Sincerely,
Insurance Company CEO


From: insuranceCompany@ic.com
To: belen_strassner@aol.com
Subject: Insurance company – information about recent data breach
Dear Belen Strassner,
As you may have heard or read, last month we learned that criminals forced their way into our systems, 
and stole information about our customers. Late last week, as part of our ongoing investigation, 
we learned that the taken information includes names, mailing addresses, phone numbers or email addresses.
 
I am writing to make you aware that your name, mailing address, phone number or email address may have been 
taken during the intrusion. 

I am truly sorry this incident occurred, and I sincerely regret any inconvenience it may cause you. 

Because we value you as a customer, and because your trust is important to us, our company is offering you one 
year of free credit monitoring through Experian’s ProtectMyID product, which includes identity theft insurance 
where available. You will receive more information about this offer via regular mail.

You can find additional information and FAQs about this incident at our website. If you have further questions, 
you may call us at 866-852-8680. 

Thank you for your patience and your loyalty. 
Sincerely,
Insurance Company CEO


From: insuranceCompany@ic.com
To: gracia@melnyk.com
Subject: Insurance company – information about recent data breach
Dear Gracia Melnyk,
As you may have heard or read, last month we learned that criminals forced their way into our systems, 
and stole information about our customers. Late last week, as part of our ongoing investigation, 
we learned that the taken information includes names, mailing addresses, phone numbers or email addresses.
 
I am writing to make you aware that your name, mailing address, phone number or email address may have been 
taken during the intrusion. 

I am truly sorry this incident occurred, and I sincerely regret any inconvenience it may cause you. 

Because we value you as a customer, and because your trust is important to us, our company is offering you one 
year of free credit monitoring through Experian’s ProtectMyID product, which includes identity theft insurance 
where available. You will receive more information about this offer via regular mail.

You can find additional information and FAQs about this incident at our website. If you have further questions, 
you may call us at 866-852-8680. 

Thank you for your patience and your loyalty. 
Sincerely,
Insurance Company CEO


From: insuranceCompany@ic.com
To: jhanafan@gmail.com
Subject: Insurance company – information about recent data breach
Dear Jolanda Hanafan,
As you may have heard or read, last month we learned that criminals forced their way into our systems, 
and stole information about our customers. Late last week, as part of our ongoing investigation, 
we learned that the taken information includes names, mailing addresses, phone numbers or email addresses.
 
I am writing to make you aware that your name, mailing address, phone number or email address may have been 
taken during the intrusion. 

I am truly sorry this incident occurred, and I sincerely regret any inconvenience it may cause you. 

Because we value you as a customer, and because your trust is important to us, our company is offering you one 
year of free credit monitoring through Experian’s ProtectMyID product, which includes identity theft insurance 
where available. You will receive more information about this offer via regular mail.

You can find additional information and FAQs about this incident at our website. If you have further questions, 
you may call us at 866-852-8680. 

Thank you for your patience and your loyalty. 
Sincerely,
Insurance Company CEO


From: insuranceCompany@ic.com
To: barrett.toyama@toyama.org
Subject: Insurance company – information about recent data breach
Dear Barrett Toyama,
As you may have heard or read, last month we learned that criminals forced their way into our systems, 
and stole information about our customers. Late last week, as part of our ongoing investigation, 
we learned that the taken information includes names, mailing addresses, phone numbers or email addresses.
 
I am writing to make you aware that your name, mailing address, phone number or email address may have been 
taken during the intrusion. 

I am truly sorry this incident occurred, and I sincerely regret any inconvenience it may cause you. 

Because we value you as a customer, and because your trust is important to us, our company is offering you one 
year of free credit monitoring through Experian’s ProtectMyID product, which includes identity theft insurance 
where available. You will receive more information about this offer via regular mail.

You can find additional information and FAQs about this incident at our website. If you have further questions, 
you may call us at 866-852-8680. 

Thank you for your patience and your loyalty. 
Sincerely,
Insurance Company CEO


From: insuranceCompany@ic.com
To: helga_fredicks@yahoo.com
Subject: Insurance company – information about recent data breach
Dear Helga Fredicks,
As you may have heard or read, last month we learned that criminals forced their way into our systems, 
and stole information about our customers. Late last week, as part of our ongoing investigation, 
we learned that the taken information includes names, mailing addresses, phone numbers or email addresses.
 
I am writing to make you aware that your name, mailing address, phone number or email address may have been 
taken during the intrusion. 

I am truly sorry this incident occurred, and I sincerely regret any inconvenience it may cause you. 

Because we value you as a customer, and because your trust is important to us, our company is offering you one 
year of free credit monitoring through Experian’s ProtectMyID product, which includes identity theft insurance 
where available. You will receive more information about this offer via regular mail.

You can find additional information and FAQs about this incident at our website. If you have further questions, 
you may call us at 866-852-8680. 

Thank you for your patience and your loyalty. 
Sincerely,
Insurance Company CEO


From: insuranceCompany@ic.com
To: apinilla@cox.net
Subject: Insurance company – information about recent data breach
Dear Ashlyn Pinilla,
As you may have heard or read, last month we learned that criminals forced their way into our systems, 
and stole information about our customers. Late last week, as part of our ongoing investigation, 
we learned that the taken information includes names, mailing addresses, phone numbers or email addresses.
 
I am writing to make you aware that your name, mailing address, phone number or email address may have been 
taken during the intrusion. 

I am truly sorry this incident occurred, and I sincerely regret any inconvenience it may cause you. 

Because we value you as a customer, and because your trust is important to us, our company is offering you one 
year of free credit monitoring through Experian’s ProtectMyID product, which includes identity theft insurance 
where available. You will receive more information about this offer via regular mail.

You can find additional information and FAQs about this incident at our website. If you have further questions, 
you may call us at 866-852-8680. 

Thank you for your patience and your loyalty. 
Sincerely,
Insurance Company CEO


From: insuranceCompany@ic.com
To: fausto_agramonte@yahoo.com
Subject: Insurance company – information about recent data breach
Dear Fausto Agramonte,
As you may have heard or read, last month we learned that criminals forced their way into our systems, 
and stole information about our customers. Late last week, as part of our ongoing investigation, 
we learned that the taken information includes names, mailing addresses, phone numbers or email addresses.
 
I am writing to make you aware that your name, mailing address, phone number or email address may have been 
taken during the intrusion. 

I am truly sorry this incident occurred, and I sincerely regret any inconvenience it may cause you. 

Because we value you as a customer, and because your trust is important to us, our company is offering you one 
year of free credit monitoring through Experian’s ProtectMyID product, which includes identity theft insurance 
where available. You will receive more information about this offer via regular mail.

You can find additional information and FAQs about this incident at our website. If you have further questions, 
you may call us at 866-852-8680. 

Thank you for your patience and your loyalty. 
Sincerely,
Insurance Company CEO


From: insuranceCompany@ic.com
To: ronny.caiafa@caiafa.org
Subject: Insurance company – information about recent data breach
Dear Ronny Caiafa,
As you may have heard or read, last month we learned that criminals forced their way into our systems, 
and stole information about our customers. Late last week, as part of our ongoing investigation, 
we learned that the taken information includes names, mailing addresses, phone numbers or email addresses.
 
I am writing to make you aware that your name, mailing address, phone number or email address may have been 
taken during the intrusion. 

I am truly sorry this incident occurred, and I sincerely regret any inconvenience it may cause you. 

Because we value you as a customer, and because your trust is important to us, our company is offering you one 
year of free credit monitoring through Experian’s ProtectMyID product, which includes identity theft insurance 
where available. You will receive more information about this offer via regular mail.

You can find additional information and FAQs about this incident at our website. If you have further questions, 
you may call us at 866-852-8680. 

Thank you for your patience and your loyalty. 
Sincerely,
Insurance Company CEO


From: insuranceCompany@ic.com
To: marge@gmail.com
Subject: Insurance company – information about recent data breach
Dear Marge Limmel,
As you may have heard or read, last month we learned that criminals forced their way into our systems, 
and stole information about our customers. Late last week, as part of our ongoing investigation, 
we learned that the taken information includes names, mailing addresses, phone numbers or email addresses.
 
I am writing to make you aware that your name, mailing address, phone number or email address may have been 
taken during the intrusion. 

I am truly sorry this incident occurred, and I sincerely regret any inconvenience it may cause you. 

Because we value you as a customer, and because your trust is important to us, our company is offering you one 
year of free credit monitoring through Experian’s ProtectMyID product, which includes identity theft insurance 
where available. You will receive more information about this offer via regular mail.

You can find additional information and FAQs about this incident at our website. If you have further questions, 
you may call us at 866-852-8680. 

Thank you for your patience and your loyalty. 
Sincerely,
Insurance Company CEO


From: insuranceCompany@ic.com
To: norah.waymire@gmail.com
Subject: Insurance company – information about recent data breach
Dear Norah Waymire,
As you may have heard or read, last month we learned that criminals forced their way into our systems, 
and stole information about our customers. Late last week, as part of our ongoing investigation, 
we learned that the taken information includes names, mailing addresses, phone numbers or email addresses.
 
I am writing to make you aware that your name, mailing address, phone number or email address may have been 
taken during the intrusion. 

I am truly sorry this incident occurred, and I sincerely regret any inconvenience it may cause you. 

Because we value you as a customer, and because your trust is important to us, our company is offering you one 
year of free credit monitoring through Experian’s ProtectMyID product, which includes identity theft insurance 
where available. You will receive more information about this offer via regular mail.

You can find additional information and FAQs about this incident at our website. If you have further questions, 
you may call us at 866-852-8680. 

Thank you for your patience and your loyalty. 
Sincerely,
Insurance Company CEO


From: insuranceCompany@ic.com
To: aliza@aol.com
Subject: Insurance company – information about recent data breach
Dear Aliza Baltimore,
As you may have heard or read, last month we learned that criminals forced their way into our systems, 
and stole information about our customers. Late last week, as part of our ongoing investigation, 
we learned that the taken information includes names, mailing addresses, phone numbers or email addresses.
 
I am writing to make you aware that your name, mailing address, phone number or email address may have been 
taken during the intrusion. 

I am truly sorry this incident occurred, and I sincerely regret any inconvenience it may cause you. 

Because we value you as a customer, and because your trust is important to us, our company is offering you one 
year of free credit monitoring through Experian’s ProtectMyID product, which includes identity theft insurance 
where available. You will receive more information about this offer via regular mail.

You can find additional information and FAQs about this incident at our website. If you have further questions, 
you may call us at 866-852-8680. 

Thank you for your patience and your loyalty. 
Sincerely,
Insurance Company CEO


From: insuranceCompany@ic.com
To: mpelkowski@pelkowski.org
Subject: Insurance company – information about recent data breach
Dear Mozell Pelkowski,
As you may have heard or read, last month we learned that criminals forced their way into our systems, 
and stole information about our customers. Late last week, as part of our ongoing investigation, 
we learned that the taken information includes names, mailing addresses, phone numbers or email addresses.
 
I am writing to make you aware that your name, mailing address, phone number or email address may have been 
taken during the intrusion. 

I am truly sorry this incident occurred, and I sincerely regret any inconvenience it may cause you. 

Because we value you as a customer, and because your trust is important to us, our company is offering you one 
year of free credit monitoring through Experian’s ProtectMyID product, which includes identity theft insurance 
where available. You will receive more information about this offer via regular mail.

You can find additional information and FAQs about this incident at our website. If you have further questions, 
you may call us at 866-852-8680. 

Thank you for your patience and your loyalty. 
Sincerely,
Insurance Company CEO


From: insuranceCompany@ic.com
To: viola@gmail.com
Subject: Insurance company – information about recent data breach
Dear Viola Bitsuie,
As you may have heard or read, last month we learned that criminals forced their way into our systems, 
and stole information about our customers. Late last week, as part of our ongoing investigation, 
we learned that the taken information includes names, mailing addresses, phone numbers or email addresses.
 
I am writing to make you aware that your name, mailing address, phone number or email address may have been 
taken during the intrusion. 

I am truly sorry this incident occurred, and I sincerely regret any inconvenience it may cause you. 

Because we value you as a customer, and because your trust is important to us, our company is offering you one 
year of free credit monitoring through Experian’s ProtectMyID product, which includes identity theft insurance 
where available. You will receive more information about this offer via regular mail.

You can find additional information and FAQs about this incident at our website. If you have further questions, 
you may call us at 866-852-8680. 

Thank you for your patience and your loyalty. 
Sincerely,
Insurance Company CEO


From: insuranceCompany@ic.com
To: femard@emard.com
Subject: Insurance company – information about recent data breach
Dear Franklyn Emard,
As you may have heard or read, last month we learned that criminals forced their way into our systems, 
and stole information about our customers. Late last week, as part of our ongoing investigation, 
we learned that the taken information includes names, mailing addresses, phone numbers or email addresses.
 
I am writing to make you aware that your name, mailing address, phone number or email address may have been 
taken during the intrusion. 

I am truly sorry this incident occurred, and I sincerely regret any inconvenience it may cause you. 

Because we value you as a customer, and because your trust is important to us, our company is offering you one 
year of free credit monitoring through Experian’s ProtectMyID product, which includes identity theft insurance 
where available. You will receive more information about this offer via regular mail.

You can find additional information and FAQs about this incident at our website. If you have further questions, 
you may call us at 866-852-8680. 

Thank you for your patience and your loyalty. 
Sincerely,
Insurance Company CEO


From: insuranceCompany@ic.com
To: willodean_konopacki@konopacki.org
Subject: Insurance company – information about recent data breach
Dear Willodean Konopacki,
As you may have heard or read, last month we learned that criminals forced their way into our systems, 
and stole information about our customers. Late last week, as part of our ongoing investigation, 
we learned that the taken information includes names, mailing addresses, phone numbers or email addresses.
 
I am writing to make you aware that your name, mailing address, phone number or email address may have been 
taken during the intrusion. 

I am truly sorry this incident occurred, and I sincerely regret any inconvenience it may cause you. 

Because we value you as a customer, and because your trust is important to us, our company is offering you one 
year of free credit monitoring through Experian’s ProtectMyID product, which includes identity theft insurance 
where available. You will receive more information about this offer via regular mail.

You can find additional information and FAQs about this incident at our website. If you have further questions, 
you may call us at 866-852-8680. 

Thank you for your patience and your loyalty. 
Sincerely,
Insurance Company CEO


From: insuranceCompany@ic.com
To: beckie.silvestrini@silvestrini.com
Subject: Insurance company – information about recent data breach
Dear Beckie Silvestrini,
As you may have heard or read, last month we learned that criminals forced their way into our systems, 
and stole information about our customers. Late last week, as part of our ongoing investigation, 
we learned that the taken information includes names, mailing addresses, phone numbers or email addresses.
 
I am writing to make you aware that your name, mailing address, phone number or email address may have been 
taken during the intrusion. 

I am truly sorry this incident occurred, and I sincerely regret any inconvenience it may cause you. 

Because we value you as a customer, and because your trust is important to us, our company is offering you one 
year of free credit monitoring through Experian’s ProtectMyID product, which includes identity theft insurance 
where available. You will receive more information about this offer via regular mail.

You can find additional information and FAQs about this incident at our website. If you have further questions, 
you may call us at 866-852-8680. 

Thank you for your patience and your loyalty. 
Sincerely,
Insurance Company CEO


From: insuranceCompany@ic.com
To: rgesick@gesick.org
Subject: Insurance company – information about recent data breach
Dear Rebecka Gesick,
As you may have heard or read, last month we learned that criminals forced their way into our systems, 
and stole information about our customers. Late last week, as part of our ongoing investigation, 
we learned that the taken information includes names, mailing addresses, phone numbers or email addresses.
 
I am writing to make you aware that your name, mailing address, phone number or email address may have been 
taken during the intrusion. 

I am truly sorry this incident occurred, and I sincerely regret any inconvenience it may cause you. 

Because we value you as a customer, and because your trust is important to us, our company is offering you one 
year of free credit monitoring through Experian’s ProtectMyID product, which includes identity theft insurance 
where available. You will receive more information about this offer via regular mail.

You can find additional information and FAQs about this incident at our website. If you have further questions, 
you may call us at 866-852-8680. 

Thank you for your patience and your loyalty. 
Sincerely,
Insurance Company CEO


From: insuranceCompany@ic.com
To: frederica_blunk@gmail.com
Subject: Insurance company – information about recent data breach
Dear Frederica Blunk,
As you may have heard or read, last month we learned that criminals forced their way into our systems, 
and stole information about our customers. Late last week, as part of our ongoing investigation, 
we learned that the taken information includes names, mailing addresses, phone numbers or email addresses.
 
I am writing to make you aware that your name, mailing address, phone number or email address may have been 
taken during the intrusion. 

I am truly sorry this incident occurred, and I sincerely regret any inconvenience it may cause you. 

Because we value you as a customer, and because your trust is important to us, our company is offering you one 
year of free credit monitoring through Experian’s ProtectMyID product, which includes identity theft insurance 
where available. You will receive more information about this offer via regular mail.

You can find additional information and FAQs about this incident at our website. If you have further questions, 
you may call us at 866-852-8680. 

Thank you for your patience and your loyalty. 
Sincerely,
Insurance Company CEO


From: insuranceCompany@ic.com
To: glen_bartolet@hotmail.com
Subject: Insurance company – information about recent data breach
Dear Glen Bartolet,
As you may have heard or read, last month we learned that criminals forced their way into our systems, 
and stole information about our customers. Late last week, as part of our ongoing investigation, 
we learned that the taken information includes names, mailing addresses, phone numbers or email addresses.
 
I am writing to make you aware that your name, mailing address, phone number or email address may have been 
taken during the intrusion. 

I am truly sorry this incident occurred, and I sincerely regret any inconvenience it may cause you. 

Because we value you as a customer, and because your trust is important to us, our company is offering you one 
year of free credit monitoring through Experian’s ProtectMyID product, which includes identity theft insurance 
where available. You will receive more information about this offer via regular mail.

You can find additional information and FAQs about this incident at our website. If you have further questions, 
you may call us at 866-852-8680. 

Thank you for your patience and your loyalty. 
Sincerely,
Insurance Company CEO


From: insuranceCompany@ic.com
To: freeman_gochal@aol.com
Subject: Insurance company – information about recent data breach
Dear Freeman Gochal,
As you may have heard or read, last month we learned that criminals forced their way into our systems, 
and stole information about our customers. Late last week, as part of our ongoing investigation, 
we learned that the taken information includes names, mailing addresses, phone numbers or email addresses.
 
I am writing to make you aware that your name, mailing address, phone number or email address may have been 
taken during the intrusion. 

I am truly sorry this incident occurred, and I sincerely regret any inconvenience it may cause you. 

Because we value you as a customer, and because your trust is important to us, our company is offering you one 
year of free credit monitoring through Experian’s ProtectMyID product, which includes identity theft insurance 
where available. You will receive more information about this offer via regular mail.

You can find additional information and FAQs about this incident at our website. If you have further questions, 
you may call us at 866-852-8680. 

Thank you for your patience and your loyalty. 
Sincerely,
Insurance Company CEO


From: insuranceCompany@ic.com
To: vincent.meinerding@hotmail.com
Subject: Insurance company – information about recent data breach
Dear Vincent Meinerding,
As you may have heard or read, last month we learned that criminals forced their way into our systems, 
and stole information about our customers. Late last week, as part of our ongoing investigation, 
we learned that the taken information includes names, mailing addresses, phone numbers or email addresses.
 
I am writing to make you aware that your name, mailing address, phone number or email address may have been 
taken during the intrusion. 

I am truly sorry this incident occurred, and I sincerely regret any inconvenience it may cause you. 

Because we value you as a customer, and because your trust is important to us, our company is offering you one 
year of free credit monitoring through Experian’s ProtectMyID product, which includes identity theft insurance 
where available. You will receive more information about this offer via regular mail.

You can find additional information and FAQs about this incident at our website. If you have further questions, 
you may call us at 866-852-8680. 

Thank you for your patience and your loyalty. 
Sincerely,
Insurance Company CEO


From: insuranceCompany@ic.com
To: rima@cox.net
Subject: Insurance company – information about recent data breach
Dear Rima Bevelacqua,
As you may have heard or read, last month we learned that criminals forced their way into our systems, 
and stole information about our customers. Late last week, as part of our ongoing investigation, 
we learned that the taken information includes names, mailing addresses, phone numbers or email addresses.
 
I am writing to make you aware that your name, mailing address, phone number or email address may have been 
taken during the intrusion. 

I am truly sorry this incident occurred, and I sincerely regret any inconvenience it may cause you. 

Because we value you as a customer, and because your trust is important to us, our company is offering you one 
year of free credit monitoring through Experian’s ProtectMyID product, which includes identity theft insurance 
where available. You will receive more information about this offer via regular mail.

You can find additional information and FAQs about this incident at our website. If you have further questions, 
you may call us at 866-852-8680. 

Thank you for your patience and your loyalty. 
Sincerely,
Insurance Company CEO


From: insuranceCompany@ic.com
To: gsarbacher@gmail.com
Subject: Insurance company – information about recent data breach
Dear Glendora Sarbacher,
As you may have heard or read, last month we learned that criminals forced their way into our systems, 
and stole information about our customers. Late last week, as part of our ongoing investigation, 
we learned that the taken information includes names, mailing addresses, phone numbers or email addresses.
 
I am writing to make you aware that your name, mailing address, phone number or email address may have been 
taken during the intrusion. 

I am truly sorry this incident occurred, and I sincerely regret any inconvenience it may cause you. 

Because we value you as a customer, and because your trust is important to us, our company is offering you one 
year of free credit monitoring through Experian’s ProtectMyID product, which includes identity theft insurance 
where available. You will receive more information about this offer via regular mail.

You can find additional information and FAQs about this incident at our website. If you have further questions, 
you may call us at 866-852-8680. 

Thank you for your patience and your loyalty. 
Sincerely,
Insurance Company CEO


From: insuranceCompany@ic.com
To: avery@cox.net
Subject: Insurance company – information about recent data breach
Dear Avery Steier,
As you may have heard or read, last month we learned that criminals forced their way into our systems, 
and stole information about our customers. Late last week, as part of our ongoing investigation, 
we learned that the taken information includes names, mailing addresses, phone numbers or email addresses.
 
I am writing to make you aware that your name, mailing address, phone number or email address may have been 
taken during the intrusion. 

I am truly sorry this incident occurred, and I sincerely regret any inconvenience it may cause you. 

Because we value you as a customer, and because your trust is important to us, our company is offering you one 
year of free credit monitoring through Experian’s ProtectMyID product, which includes identity theft insurance 
where available. You will receive more information about this offer via regular mail.

You can find additional information and FAQs about this incident at our website. If you have further questions, 
you may call us at 866-852-8680. 

Thank you for your patience and your loyalty. 
Sincerely,
Insurance Company CEO


From: insuranceCompany@ic.com
To: cristy@lother.com
Subject: Insurance company – information about recent data breach
Dear Cristy Lother,
As you may have heard or read, last month we learned that criminals forced their way into our systems, 
and stole information about our customers. Late last week, as part of our ongoing investigation, 
we learned that the taken information includes names, mailing addresses, phone numbers or email addresses.
 
I am writing to make you aware that your name, mailing address, phone number or email address may have been 
taken during the intrusion. 

I am truly sorry this incident occurred, and I sincerely regret any inconvenience it may cause you. 

Because we value you as a customer, and because your trust is important to us, our company is offering you one 
year of free credit monitoring through Experian’s ProtectMyID product, which includes identity theft insurance 
where available. You will receive more information about this offer via regular mail.

You can find additional information and FAQs about this incident at our website. If you have further questions, 
you may call us at 866-852-8680. 

Thank you for your patience and your loyalty. 
Sincerely,
Insurance Company CEO


From: insuranceCompany@ic.com
To: nicolette_brossart@brossart.com
Subject: Insurance company – information about recent data breach
Dear Nicolette Brossart,
As you may have heard or read, last month we learned that criminals forced their way into our systems, 
and stole information about our customers. Late last week, as part of our ongoing investigation, 
we learned that the taken information includes names, mailing addresses, phone numbers or email addresses.
 
I am writing to make you aware that your name, mailing address, phone number or email address may have been 
taken during the intrusion. 

I am truly sorry this incident occurred, and I sincerely regret any inconvenience it may cause you. 

Because we value you as a customer, and because your trust is important to us, our company is offering you one 
year of free credit monitoring through Experian’s ProtectMyID product, which includes identity theft insurance 
where available. You will receive more information about this offer via regular mail.

You can find additional information and FAQs about this incident at our website. If you have further questions, 
you may call us at 866-852-8680. 

Thank you for your patience and your loyalty. 
Sincerely,
Insurance Company CEO


From: insuranceCompany@ic.com
To: tracey@hotmail.com
Subject: Insurance company – information about recent data breach
Dear Tracey Modzelewski,
As you may have heard or read, last month we learned that criminals forced their way into our systems, 
and stole information about our customers. Late last week, as part of our ongoing investigation, 
we learned that the taken information includes names, mailing addresses, phone numbers or email addresses.
 
I am writing to make you aware that your name, mailing address, phone number or email address may have been 
taken during the intrusion. 

I am truly sorry this incident occurred, and I sincerely regret any inconvenience it may cause you. 

Because we value you as a customer, and because your trust is important to us, our company is offering you one 
year of free credit monitoring through Experian’s ProtectMyID product, which includes identity theft insurance 
where available. You will receive more information about this offer via regular mail.

You can find additional information and FAQs about this incident at our website. If you have further questions, 
you may call us at 866-852-8680. 

Thank you for your patience and your loyalty. 
Sincerely,
Insurance Company CEO


From: insuranceCompany@ic.com
To: virgina_tegarden@tegarden.com
Subject: Insurance company – information about recent data breach
Dear Virgina Tegarden,
As you may have heard or read, last month we learned that criminals forced their way into our systems, 
and stole information about our customers. Late last week, as part of our ongoing investigation, 
we learned that the taken information includes names, mailing addresses, phone numbers or email addresses.
 
I am writing to make you aware that your name, mailing address, phone number or email address may have been 
taken during the intrusion. 

I am truly sorry this incident occurred, and I sincerely regret any inconvenience it may cause you. 

Because we value you as a customer, and because your trust is important to us, our company is offering you one 
year of free credit monitoring through Experian’s ProtectMyID product, which includes identity theft insurance 
where available. You will receive more information about this offer via regular mail.

You can find additional information and FAQs about this incident at our website. If you have further questions, 
you may call us at 866-852-8680. 

Thank you for your patience and your loyalty. 
Sincerely,
Insurance Company CEO


From: insuranceCompany@ic.com
To: tfrankel@aol.com
Subject: Insurance company – information about recent data breach
Dear Tiera Frankel,
As you may have heard or read, last month we learned that criminals forced their way into our systems, 
and stole information about our customers. Late last week, as part of our ongoing investigation, 
we learned that the taken information includes names, mailing addresses, phone numbers or email addresses.
 
I am writing to make you aware that your name, mailing address, phone number or email address may have been 
taken during the intrusion. 

I am truly sorry this incident occurred, and I sincerely regret any inconvenience it may cause you. 

Because we value you as a customer, and because your trust is important to us, our company is offering you one 
year of free credit monitoring through Experian’s ProtectMyID product, which includes identity theft insurance 
where available. You will receive more information about this offer via regular mail.

You can find additional information and FAQs about this incident at our website. If you have further questions, 
you may call us at 866-852-8680. 

Thank you for your patience and your loyalty. 
Sincerely,
Insurance Company CEO


From: insuranceCompany@ic.com
To: alaine_bergesen@cox.net
Subject: Insurance company – information about recent data breach
Dear Alaine Bergesen,
As you may have heard or read, last month we learned that criminals forced their way into our systems, 
and stole information about our customers. Late last week, as part of our ongoing investigation, 
we learned that the taken information includes names, mailing addresses, phone numbers or email addresses.
 
I am writing to make you aware that your name, mailing address, phone number or email address may have been 
taken during the intrusion. 

I am truly sorry this incident occurred, and I sincerely regret any inconvenience it may cause you. 

Because we value you as a customer, and because your trust is important to us, our company is offering you one 
year of free credit monitoring through Experian’s ProtectMyID product, which includes identity theft insurance 
where available. You will receive more information about this offer via regular mail.

You can find additional information and FAQs about this incident at our website. If you have further questions, 
you may call us at 866-852-8680. 

Thank you for your patience and your loyalty. 
Sincerely,
Insurance Company CEO


From: insuranceCompany@ic.com
To: earleen_mai@cox.net
Subject: Insurance company – information about recent data breach
Dear Earleen Mai,
As you may have heard or read, last month we learned that criminals forced their way into our systems, 
and stole information about our customers. Late last week, as part of our ongoing investigation, 
we learned that the taken information includes names, mailing addresses, phone numbers or email addresses.
 
I am writing to make you aware that your name, mailing address, phone number or email address may have been 
taken during the intrusion. 

I am truly sorry this incident occurred, and I sincerely regret any inconvenience it may cause you. 

Because we value you as a customer, and because your trust is important to us, our company is offering you one 
year of free credit monitoring through Experian’s ProtectMyID product, which includes identity theft insurance 
where available. You will receive more information about this offer via regular mail.

You can find additional information and FAQs about this incident at our website. If you have further questions, 
you may call us at 866-852-8680. 

Thank you for your patience and your loyalty. 
Sincerely,
Insurance Company CEO


From: insuranceCompany@ic.com
To: leonida@gobern.org
Subject: Insurance company – information about recent data breach
Dear Leonida Gobern,
As you may have heard or read, last month we learned that criminals forced their way into our systems, 
and stole information about our customers. Late last week, as part of our ongoing investigation, 
we learned that the taken information includes names, mailing addresses, phone numbers or email addresses.
 
I am writing to make you aware that your name, mailing address, phone number or email address may have been 
taken during the intrusion. 

I am truly sorry this incident occurred, and I sincerely regret any inconvenience it may cause you. 

Because we value you as a customer, and because your trust is important to us, our company is offering you one 
year of free credit monitoring through Experian’s ProtectMyID product, which includes identity theft insurance 
where available. You will receive more information about this offer via regular mail.

You can find additional information and FAQs about this incident at our website. If you have further questions, 
you may call us at 866-852-8680. 

Thank you for your patience and your loyalty. 
Sincerely,
Insurance Company CEO


From: insuranceCompany@ic.com
To: ressie.auffrey@yahoo.com
Subject: Insurance company – information about recent data breach
Dear Ressie Auffrey,
As you may have heard or read, last month we learned that criminals forced their way into our systems, 
and stole information about our customers. Late last week, as part of our ongoing investigation, 
we learned that the taken information includes names, mailing addresses, phone numbers or email addresses.
 
I am writing to make you aware that your name, mailing address, phone number or email address may have been 
taken during the intrusion. 

I am truly sorry this incident occurred, and I sincerely regret any inconvenience it may cause you. 

Because we value you as a customer, and because your trust is important to us, our company is offering you one 
year of free credit monitoring through Experian’s ProtectMyID product, which includes identity theft insurance 
where available. You will receive more information about this offer via regular mail.

You can find additional information and FAQs about this incident at our website. If you have further questions, 
you may call us at 866-852-8680. 

Thank you for your patience and your loyalty. 
Sincerely,
Insurance Company CEO


From: insuranceCompany@ic.com
To: jmugnolo@yahoo.com
Subject: Insurance company – information about recent data breach
Dear Justine Mugnolo,
As you may have heard or read, last month we learned that criminals forced their way into our systems, 
and stole information about our customers. Late last week, as part of our ongoing investigation, 
we learned that the taken information includes names, mailing addresses, phone numbers or email addresses.
 
I am writing to make you aware that your name, mailing address, phone number or email address may have been 
taken during the intrusion. 

I am truly sorry this incident occurred, and I sincerely regret any inconvenience it may cause you. 

Because we value you as a customer, and because your trust is important to us, our company is offering you one 
year of free credit monitoring through Experian’s ProtectMyID product, which includes identity theft insurance 
where available. You will receive more information about this offer via regular mail.

You can find additional information and FAQs about this incident at our website. If you have further questions, 
you may call us at 866-852-8680. 

Thank you for your patience and your loyalty. 
Sincerely,
Insurance Company CEO


From: insuranceCompany@ic.com
To: eladia@saulter.com
Subject: Insurance company – information about recent data breach
Dear Eladia Saulter,
As you may have heard or read, last month we learned that criminals forced their way into our systems, 
and stole information about our customers. Late last week, as part of our ongoing investigation, 
we learned that the taken information includes names, mailing addresses, phone numbers or email addresses.
 
I am writing to make you aware that your name, mailing address, phone number or email address may have been 
taken during the intrusion. 

I am truly sorry this incident occurred, and I sincerely regret any inconvenience it may cause you. 

Because we value you as a customer, and because your trust is important to us, our company is offering you one 
year of free credit monitoring through Experian’s ProtectMyID product, which includes identity theft insurance 
where available. You will receive more information about this offer via regular mail.

You can find additional information and FAQs about this incident at our website. If you have further questions, 
you may call us at 866-852-8680. 

Thank you for your patience and your loyalty. 
Sincerely,
Insurance Company CEO


From: insuranceCompany@ic.com
To: chaya@malvin.com
Subject: Insurance company – information about recent data breach
Dear Chaya Malvin,
As you may have heard or read, last month we learned that criminals forced their way into our systems, 
and stole information about our customers. Late last week, as part of our ongoing investigation, 
we learned that the taken information includes names, mailing addresses, phone numbers or email addresses.
 
I am writing to make you aware that your name, mailing address, phone number or email address may have been 
taken during the intrusion. 

I am truly sorry this incident occurred, and I sincerely regret any inconvenience it may cause you. 

Because we value you as a customer, and because your trust is important to us, our company is offering you one 
year of free credit monitoring through Experian’s ProtectMyID product, which includes identity theft insurance 
where available. You will receive more information about this offer via regular mail.

You can find additional information and FAQs about this incident at our website. If you have further questions, 
you may call us at 866-852-8680. 

Thank you for your patience and your loyalty. 
Sincerely,
Insurance Company CEO


From: insuranceCompany@ic.com
To: gwenn_suffield@suffield.org
Subject: Insurance company – information about recent data breach
Dear Gwenn Suffield,
As you may have heard or read, last month we learned that criminals forced their way into our systems, 
and stole information about our customers. Late last week, as part of our ongoing investigation, 
we learned that the taken information includes names, mailing addresses, phone numbers or email addresses.
 
I am writing to make you aware that your name, mailing address, phone number or email address may have been 
taken during the intrusion. 

I am truly sorry this incident occurred, and I sincerely regret any inconvenience it may cause you. 

Because we value you as a customer, and because your trust is important to us, our company is offering you one 
year of free credit monitoring through Experian’s ProtectMyID product, which includes identity theft insurance 
where available. You will receive more information about this offer via regular mail.

You can find additional information and FAQs about this incident at our website. If you have further questions, 
you may call us at 866-852-8680. 

Thank you for your patience and your loyalty. 
Sincerely,
Insurance Company CEO


From: insuranceCompany@ic.com
To: skarpel@cox.net
Subject: Insurance company – information about recent data breach
Dear Salena Karpel,
As you may have heard or read, last month we learned that criminals forced their way into our systems, 
and stole information about our customers. Late last week, as part of our ongoing investigation, 
we learned that the taken information includes names, mailing addresses, phone numbers or email addresses.
 
I am writing to make you aware that your name, mailing address, phone number or email address may have been 
taken during the intrusion. 

I am truly sorry this incident occurred, and I sincerely regret any inconvenience it may cause you. 

Because we value you as a customer, and because your trust is important to us, our company is offering you one 
year of free credit monitoring through Experian’s ProtectMyID product, which includes identity theft insurance 
where available. You will receive more information about this offer via regular mail.

You can find additional information and FAQs about this incident at our website. If you have further questions, 
you may call us at 866-852-8680. 

Thank you for your patience and your loyalty. 
Sincerely,
Insurance Company CEO


From: insuranceCompany@ic.com
To: yoko@fishburne.com
Subject: Insurance company – information about recent data breach
Dear Yoko Fishburne,
As you may have heard or read, last month we learned that criminals forced their way into our systems, 
and stole information about our customers. Late last week, as part of our ongoing investigation, 
we learned that the taken information includes names, mailing addresses, phone numbers or email addresses.
 
I am writing to make you aware that your name, mailing address, phone number or email address may have been 
taken during the intrusion. 

I am truly sorry this incident occurred, and I sincerely regret any inconvenience it may cause you. 

Because we value you as a customer, and because your trust is important to us, our company is offering you one 
year of free credit monitoring through Experian’s ProtectMyID product, which includes identity theft insurance 
where available. You will receive more information about this offer via regular mail.

You can find additional information and FAQs about this incident at our website. If you have further questions, 
you may call us at 866-852-8680. 

Thank you for your patience and your loyalty. 
Sincerely,
Insurance Company CEO


From: insuranceCompany@ic.com
To: taryn.moyd@hotmail.com
Subject: Insurance company – information about recent data breach
Dear Taryn Moyd,
As you may have heard or read, last month we learned that criminals forced their way into our systems, 
and stole information about our customers. Late last week, as part of our ongoing investigation, 
we learned that the taken information includes names, mailing addresses, phone numbers or email addresses.
 
I am writing to make you aware that your name, mailing address, phone number or email address may have been 
taken during the intrusion. 

I am truly sorry this incident occurred, and I sincerely regret any inconvenience it may cause you. 

Because we value you as a customer, and because your trust is important to us, our company is offering you one 
year of free credit monitoring through Experian’s ProtectMyID product, which includes identity theft insurance 
where available. You will receive more information about this offer via regular mail.

You can find additional information and FAQs about this incident at our website. If you have further questions, 
you may call us at 866-852-8680. 

Thank you for your patience and your loyalty. 
Sincerely,
Insurance Company CEO


From: insuranceCompany@ic.com
To: katina_polidori@aol.com
Subject: Insurance company – information about recent data breach
Dear Katina Polidori,
As you may have heard or read, last month we learned that criminals forced their way into our systems, 
and stole information about our customers. Late last week, as part of our ongoing investigation, 
we learned that the taken information includes names, mailing addresses, phone numbers or email addresses.
 
I am writing to make you aware that your name, mailing address, phone number or email address may have been 
taken during the intrusion. 

I am truly sorry this incident occurred, and I sincerely regret any inconvenience it may cause you. 

Because we value you as a customer, and because your trust is important to us, our company is offering you one 
year of free credit monitoring through Experian’s ProtectMyID product, which includes identity theft insurance 
where available. You will receive more information about this offer via regular mail.

You can find additional information and FAQs about this incident at our website. If you have further questions, 
you may call us at 866-852-8680. 

Thank you for your patience and your loyalty. 
Sincerely,
Insurance Company CEO


From: insuranceCompany@ic.com
To: rickie.plumer@aol.com
Subject: Insurance company – information about recent data breach
Dear Rickie Plumer,
As you may have heard or read, last month we learned that criminals forced their way into our systems, 
and stole information about our customers. Late last week, as part of our ongoing investigation, 
we learned that the taken information includes names, mailing addresses, phone numbers or email addresses.
 
I am writing to make you aware that your name, mailing address, phone number or email address may have been 
taken during the intrusion. 

I am truly sorry this incident occurred, and I sincerely regret any inconvenience it may cause you. 

Because we value you as a customer, and because your trust is important to us, our company is offering you one 
year of free credit monitoring through Experian’s ProtectMyID product, which includes identity theft insurance 
where available. You will receive more information about this offer via regular mail.

You can find additional information and FAQs about this incident at our website. If you have further questions, 
you may call us at 866-852-8680. 

Thank you for your patience and your loyalty. 
Sincerely,
Insurance Company CEO


From: insuranceCompany@ic.com
To: alex@loader.com
Subject: Insurance company – information about recent data breach
Dear Alex Loader,
As you may have heard or read, last month we learned that criminals forced their way into our systems, 
and stole information about our customers. Late last week, as part of our ongoing investigation, 
we learned that the taken information includes names, mailing addresses, phone numbers or email addresses.
 
I am writing to make you aware that your name, mailing address, phone number or email address may have been 
taken during the intrusion. 

I am truly sorry this incident occurred, and I sincerely regret any inconvenience it may cause you. 

Because we value you as a customer, and because your trust is important to us, our company is offering you one 
year of free credit monitoring through Experian’s ProtectMyID product, which includes identity theft insurance 
where available. You will receive more information about this offer via regular mail.

You can find additional information and FAQs about this incident at our website. If you have further questions, 
you may call us at 866-852-8680. 

Thank you for your patience and your loyalty. 
Sincerely,
Insurance Company CEO


From: insuranceCompany@ic.com
To: lashon@aol.com
Subject: Insurance company – information about recent data breach
Dear Lashon Vizarro,
As you may have heard or read, last month we learned that criminals forced their way into our systems, 
and stole information about our customers. Late last week, as part of our ongoing investigation, 
we learned that the taken information includes names, mailing addresses, phone numbers or email addresses.
 
I am writing to make you aware that your name, mailing address, phone number or email address may have been 
taken during the intrusion. 

I am truly sorry this incident occurred, and I sincerely regret any inconvenience it may cause you. 

Because we value you as a customer, and because your trust is important to us, our company is offering you one 
year of free credit monitoring through Experian’s ProtectMyID product, which includes identity theft insurance 
where available. You will receive more information about this offer via regular mail.

You can find additional information and FAQs about this incident at our website. If you have further questions, 
you may call us at 866-852-8680. 

Thank you for your patience and your loyalty. 
Sincerely,
Insurance Company CEO


From: insuranceCompany@ic.com
To: lburnard@burnard.com
Subject: Insurance company – information about recent data breach
Dear Lauran Burnard,
As you may have heard or read, last month we learned that criminals forced their way into our systems, 
and stole information about our customers. Late last week, as part of our ongoing investigation, 
we learned that the taken information includes names, mailing addresses, phone numbers or email addresses.
 
I am writing to make you aware that your name, mailing address, phone number or email address may have been 
taken during the intrusion. 

I am truly sorry this incident occurred, and I sincerely regret any inconvenience it may cause you. 

Because we value you as a customer, and because your trust is important to us, our company is offering you one 
year of free credit monitoring through Experian’s ProtectMyID product, which includes identity theft insurance 
where available. You will receive more information about this offer via regular mail.

You can find additional information and FAQs about this incident at our website. If you have further questions, 
you may call us at 866-852-8680. 

Thank you for your patience and your loyalty. 
Sincerely,
Insurance Company CEO


From: insuranceCompany@ic.com
To: ceola.setter@setter.org
Subject: Insurance company – information about recent data breach
Dear Ceola Setter,
As you may have heard or read, last month we learned that criminals forced their way into our systems, 
and stole information about our customers. Late last week, as part of our ongoing investigation, 
we learned that the taken information includes names, mailing addresses, phone numbers or email addresses.
 
I am writing to make you aware that your name, mailing address, phone number or email address may have been 
taken during the intrusion. 

I am truly sorry this incident occurred, and I sincerely regret any inconvenience it may cause you. 

Because we value you as a customer, and because your trust is important to us, our company is offering you one 
year of free credit monitoring through Experian’s ProtectMyID product, which includes identity theft insurance 
where available. You will receive more information about this offer via regular mail.

You can find additional information and FAQs about this incident at our website. If you have further questions, 
you may call us at 866-852-8680. 

Thank you for your patience and your loyalty. 
Sincerely,
Insurance Company CEO


From: insuranceCompany@ic.com
To: my@hotmail.com
Subject: Insurance company – information about recent data breach
Dear My Rantanen,
As you may have heard or read, last month we learned that criminals forced their way into our systems, 
and stole information about our customers. Late last week, as part of our ongoing investigation, 
we learned that the taken information includes names, mailing addresses, phone numbers or email addresses.
 
I am writing to make you aware that your name, mailing address, phone number or email address may have been 
taken during the intrusion. 

I am truly sorry this incident occurred, and I sincerely regret any inconvenience it may cause you. 

Because we value you as a customer, and because your trust is important to us, our company is offering you one 
year of free credit monitoring through Experian’s ProtectMyID product, which includes identity theft insurance 
where available. You will receive more information about this offer via regular mail.

You can find additional information and FAQs about this incident at our website. If you have further questions, 
you may call us at 866-852-8680. 

Thank you for your patience and your loyalty. 
Sincerely,
Insurance Company CEO


From: insuranceCompany@ic.com
To: lorrine.worlds@worlds.com
Subject: Insurance company – information about recent data breach
Dear Lorrine Worlds,
As you may have heard or read, last month we learned that criminals forced their way into our systems, 
and stole information about our customers. Late last week, as part of our ongoing investigation, 
we learned that the taken information includes names, mailing addresses, phone numbers or email addresses.
 
I am writing to make you aware that your name, mailing address, phone number or email address may have been 
taken during the intrusion. 

I am truly sorry this incident occurred, and I sincerely regret any inconvenience it may cause you. 

Because we value you as a customer, and because your trust is important to us, our company is offering you one 
year of free credit monitoring through Experian’s ProtectMyID product, which includes identity theft insurance 
where available. You will receive more information about this offer via regular mail.

You can find additional information and FAQs about this incident at our website. If you have further questions, 
you may call us at 866-852-8680. 

Thank you for your patience and your loyalty. 
Sincerely,
Insurance Company CEO


From: insuranceCompany@ic.com
To: peggie@cox.net
Subject: Insurance company – information about recent data breach
Dear Peggie Sturiale,
As you may have heard or read, last month we learned that criminals forced their way into our systems, 
and stole information about our customers. Late last week, as part of our ongoing investigation, 
we learned that the taken information includes names, mailing addresses, phone numbers or email addresses.
 
I am writing to make you aware that your name, mailing address, phone number or email address may have been 
taken during the intrusion. 

I am truly sorry this incident occurred, and I sincerely regret any inconvenience it may cause you. 

Because we value you as a customer, and because your trust is important to us, our company is offering you one 
year of free credit monitoring through Experian’s ProtectMyID product, which includes identity theft insurance 
where available. You will receive more information about this offer via regular mail.

You can find additional information and FAQs about this incident at our website. If you have further questions, 
you may call us at 866-852-8680. 

Thank you for your patience and your loyalty. 
Sincerely,
Insurance Company CEO


From: insuranceCompany@ic.com
To: mraymo@yahoo.com
Subject: Insurance company – information about recent data breach
Dear Marvel Raymo,
As you may have heard or read, last month we learned that criminals forced their way into our systems, 
and stole information about our customers. Late last week, as part of our ongoing investigation, 
we learned that the taken information includes names, mailing addresses, phone numbers or email addresses.
 
I am writing to make you aware that your name, mailing address, phone number or email address may have been 
taken during the intrusion. 

I am truly sorry this incident occurred, and I sincerely regret any inconvenience it may cause you. 

Because we value you as a customer, and because your trust is important to us, our company is offering you one 
year of free credit monitoring through Experian’s ProtectMyID product, which includes identity theft insurance 
where available. You will receive more information about this offer via regular mail.

You can find additional information and FAQs about this incident at our website. If you have further questions, 
you may call us at 866-852-8680. 

Thank you for your patience and your loyalty. 
Sincerely,
Insurance Company CEO


From: insuranceCompany@ic.com
To: daron_dinos@cox.net
Subject: Insurance company – information about recent data breach
Dear Daron Dinos,
As you may have heard or read, last month we learned that criminals forced their way into our systems, 
and stole information about our customers. Late last week, as part of our ongoing investigation, 
we learned that the taken information includes names, mailing addresses, phone numbers or email addresses.
 
I am writing to make you aware that your name, mailing address, phone number or email address may have been 
taken during the intrusion. 

I am truly sorry this incident occurred, and I sincerely regret any inconvenience it may cause you. 

Because we value you as a customer, and because your trust is important to us, our company is offering you one 
year of free credit monitoring through Experian’s ProtectMyID product, which includes identity theft insurance 
where available. You will receive more information about this offer via regular mail.

You can find additional information and FAQs about this incident at our website. If you have further questions, 
you may call us at 866-852-8680. 

Thank you for your patience and your loyalty. 
Sincerely,
Insurance Company CEO


From: insuranceCompany@ic.com
To: an_fritz@hotmail.com
Subject: Insurance company – information about recent data breach
Dear An Fritz,
As you may have heard or read, last month we learned that criminals forced their way into our systems, 
and stole information about our customers. Late last week, as part of our ongoing investigation, 
we learned that the taken information includes names, mailing addresses, phone numbers or email addresses.
 
I am writing to make you aware that your name, mailing address, phone number or email address may have been 
taken during the intrusion. 

I am truly sorry this incident occurred, and I sincerely regret any inconvenience it may cause you. 

Because we value you as a customer, and because your trust is important to us, our company is offering you one 
year of free credit monitoring through Experian’s ProtectMyID product, which includes identity theft insurance 
where available. You will receive more information about this offer via regular mail.

You can find additional information and FAQs about this incident at our website. If you have further questions, 
you may call us at 866-852-8680. 

Thank you for your patience and your loyalty. 
Sincerely,
Insurance Company CEO


From: insuranceCompany@ic.com
To: portia.stimmel@aol.com
Subject: Insurance company – information about recent data breach
Dear Portia Stimmel,
As you may have heard or read, last month we learned that criminals forced their way into our systems, 
and stole information about our customers. Late last week, as part of our ongoing investigation, 
we learned that the taken information includes names, mailing addresses, phone numbers or email addresses.
 
I am writing to make you aware that your name, mailing address, phone number or email address may have been 
taken during the intrusion. 

I am truly sorry this incident occurred, and I sincerely regret any inconvenience it may cause you. 

Because we value you as a customer, and because your trust is important to us, our company is offering you one 
year of free credit monitoring through Experian’s ProtectMyID product, which includes identity theft insurance 
where available. You will receive more information about this offer via regular mail.

You can find additional information and FAQs about this incident at our website. If you have further questions, 
you may call us at 866-852-8680. 

Thank you for your patience and your loyalty. 
Sincerely,
Insurance Company CEO


From: insuranceCompany@ic.com
To: rhea_aredondo@cox.net
Subject: Insurance company – information about recent data breach
Dear Rhea Aredondo,
As you may have heard or read, last month we learned that criminals forced their way into our systems, 
and stole information about our customers. Late last week, as part of our ongoing investigation, 
we learned that the taken information includes names, mailing addresses, phone numbers or email addresses.
 
I am writing to make you aware that your name, mailing address, phone number or email address may have been 
taken during the intrusion. 

I am truly sorry this incident occurred, and I sincerely regret any inconvenience it may cause you. 

Because we value you as a customer, and because your trust is important to us, our company is offering you one 
year of free credit monitoring through Experian’s ProtectMyID product, which includes identity theft insurance 
where available. You will receive more information about this offer via regular mail.

You can find additional information and FAQs about this incident at our website. If you have further questions, 
you may call us at 866-852-8680. 

Thank you for your patience and your loyalty. 
Sincerely,
Insurance Company CEO


From: insuranceCompany@ic.com
To: bsama@cox.net
Subject: Insurance company – information about recent data breach
Dear Benedict Sama,
As you may have heard or read, last month we learned that criminals forced their way into our systems, 
and stole information about our customers. Late last week, as part of our ongoing investigation, 
we learned that the taken information includes names, mailing addresses, phone numbers or email addresses.
 
I am writing to make you aware that your name, mailing address, phone number or email address may have been 
taken during the intrusion. 

I am truly sorry this incident occurred, and I sincerely regret any inconvenience it may cause you. 

Because we value you as a customer, and because your trust is important to us, our company is offering you one 
year of free credit monitoring through Experian’s ProtectMyID product, which includes identity theft insurance 
where available. You will receive more information about this offer via regular mail.

You can find additional information and FAQs about this incident at our website. If you have further questions, 
you may call us at 866-852-8680. 

Thank you for your patience and your loyalty. 
Sincerely,
Insurance Company CEO


From: insuranceCompany@ic.com
To: alyce@arias.org
Subject: Insurance company – information about recent data breach
Dear Alyce Arias,
As you may have heard or read, last month we learned that criminals forced their way into our systems, 
and stole information about our customers. Late last week, as part of our ongoing investigation, 
we learned that the taken information includes names, mailing addresses, phone numbers or email addresses.
 
I am writing to make you aware that your name, mailing address, phone number or email address may have been 
taken during the intrusion. 

I am truly sorry this incident occurred, and I sincerely regret any inconvenience it may cause you. 

Because we value you as a customer, and because your trust is important to us, our company is offering you one 
year of free credit monitoring through Experian’s ProtectMyID product, which includes identity theft insurance 
where available. You will receive more information about this offer via regular mail.

You can find additional information and FAQs about this incident at our website. If you have further questions, 
you may call us at 866-852-8680. 

Thank you for your patience and your loyalty. 
Sincerely,
Insurance Company CEO


From: insuranceCompany@ic.com
To: heike@gmail.com
Subject: Insurance company – information about recent data breach
Dear Heike Berganza,
As you may have heard or read, last month we learned that criminals forced their way into our systems, 
and stole information about our customers. Late last week, as part of our ongoing investigation, 
we learned that the taken information includes names, mailing addresses, phone numbers or email addresses.
 
I am writing to make you aware that your name, mailing address, phone number or email address may have been 
taken during the intrusion. 

I am truly sorry this incident occurred, and I sincerely regret any inconvenience it may cause you. 

Because we value you as a customer, and because your trust is important to us, our company is offering you one 
year of free credit monitoring through Experian’s ProtectMyID product, which includes identity theft insurance 
where available. You will receive more information about this offer via regular mail.

You can find additional information and FAQs about this incident at our website. If you have further questions, 
you may call us at 866-852-8680. 

Thank you for your patience and your loyalty. 
Sincerely,
Insurance Company CEO


From: insuranceCompany@ic.com
To: carey_dopico@dopico.org
Subject: Insurance company – information about recent data breach
Dear Carey Dopico,
As you may have heard or read, last month we learned that criminals forced their way into our systems, 
and stole information about our customers. Late last week, as part of our ongoing investigation, 
we learned that the taken information includes names, mailing addresses, phone numbers or email addresses.
 
I am writing to make you aware that your name, mailing address, phone number or email address may have been 
taken during the intrusion. 

I am truly sorry this incident occurred, and I sincerely regret any inconvenience it may cause you. 

Because we value you as a customer, and because your trust is important to us, our company is offering you one 
year of free credit monitoring through Experian’s ProtectMyID product, which includes identity theft insurance 
where available. You will receive more information about this offer via regular mail.

You can find additional information and FAQs about this incident at our website. If you have further questions, 
you may call us at 866-852-8680. 

Thank you for your patience and your loyalty. 
Sincerely,
Insurance Company CEO


From: insuranceCompany@ic.com
To: dottie@hellickson.org
Subject: Insurance company – information about recent data breach
Dear Dottie Hellickson,
As you may have heard or read, last month we learned that criminals forced their way into our systems, 
and stole information about our customers. Late last week, as part of our ongoing investigation, 
we learned that the taken information includes names, mailing addresses, phone numbers or email addresses.
 
I am writing to make you aware that your name, mailing address, phone number or email address may have been 
taken during the intrusion. 

I am truly sorry this incident occurred, and I sincerely regret any inconvenience it may cause you. 

Because we value you as a customer, and because your trust is important to us, our company is offering you one 
year of free credit monitoring through Experian’s ProtectMyID product, which includes identity theft insurance 
where available. You will receive more information about this offer via regular mail.

You can find additional information and FAQs about this incident at our website. If you have further questions, 
you may call us at 866-852-8680. 

Thank you for your patience and your loyalty. 
Sincerely,
Insurance Company CEO


From: insuranceCompany@ic.com
To: deandrea@yahoo.com
Subject: Insurance company – information about recent data breach
Dear Deandrea Hughey,
As you may have heard or read, last month we learned that criminals forced their way into our systems, 
and stole information about our customers. Late last week, as part of our ongoing investigation, 
we learned that the taken information includes names, mailing addresses, phone numbers or email addresses.
 
I am writing to make you aware that your name, mailing address, phone number or email address may have been 
taken during the intrusion. 

I am truly sorry this incident occurred, and I sincerely regret any inconvenience it may cause you. 

Because we value you as a customer, and because your trust is important to us, our company is offering you one 
year of free credit monitoring through Experian’s ProtectMyID product, which includes identity theft insurance 
where available. You will receive more information about this offer via regular mail.

You can find additional information and FAQs about this incident at our website. If you have further questions, 
you may call us at 866-852-8680. 

Thank you for your patience and your loyalty. 
Sincerely,
Insurance Company CEO


From: insuranceCompany@ic.com
To: kimberlie_duenas@yahoo.com
Subject: Insurance company – information about recent data breach
Dear Kimberlie Duenas,
As you may have heard or read, last month we learned that criminals forced their way into our systems, 
and stole information about our customers. Late last week, as part of our ongoing investigation, 
we learned that the taken information includes names, mailing addresses, phone numbers or email addresses.
 
I am writing to make you aware that your name, mailing address, phone number or email address may have been 
taken during the intrusion. 

I am truly sorry this incident occurred, and I sincerely regret any inconvenience it may cause you. 

Because we value you as a customer, and because your trust is important to us, our company is offering you one 
year of free credit monitoring through Experian’s ProtectMyID product, which includes identity theft insurance 
where available. You will receive more information about this offer via regular mail.

You can find additional information and FAQs about this incident at our website. If you have further questions, 
you may call us at 866-852-8680. 

Thank you for your patience and your loyalty. 
Sincerely,
Insurance Company CEO


From: insuranceCompany@ic.com
To: martina_staback@staback.com
Subject: Insurance company – information about recent data breach
Dear Martina Staback,
As you may have heard or read, last month we learned that criminals forced their way into our systems, 
and stole information about our customers. Late last week, as part of our ongoing investigation, 
we learned that the taken information includes names, mailing addresses, phone numbers or email addresses.
 
I am writing to make you aware that your name, mailing address, phone number or email address may have been 
taken during the intrusion. 

I am truly sorry this incident occurred, and I sincerely regret any inconvenience it may cause you. 

Because we value you as a customer, and because your trust is important to us, our company is offering you one 
year of free credit monitoring through Experian’s ProtectMyID product, which includes identity theft insurance 
where available. You will receive more information about this offer via regular mail.

You can find additional information and FAQs about this incident at our website. If you have further questions, 
you may call us at 866-852-8680. 

Thank you for your patience and your loyalty. 
Sincerely,
Insurance Company CEO


From: insuranceCompany@ic.com
To: skye_fillingim@yahoo.com
Subject: Insurance company – information about recent data breach
Dear Skye Fillingim,
As you may have heard or read, last month we learned that criminals forced their way into our systems, 
and stole information about our customers. Late last week, as part of our ongoing investigation, 
we learned that the taken information includes names, mailing addresses, phone numbers or email addresses.
 
I am writing to make you aware that your name, mailing address, phone number or email address may have been 
taken during the intrusion. 

I am truly sorry this incident occurred, and I sincerely regret any inconvenience it may cause you. 

Because we value you as a customer, and because your trust is important to us, our company is offering you one 
year of free credit monitoring through Experian’s ProtectMyID product, which includes identity theft insurance 
where available. You will receive more information about this offer via regular mail.

You can find additional information and FAQs about this incident at our website. If you have further questions, 
you may call us at 866-852-8680. 

Thank you for your patience and your loyalty. 
Sincerely,
Insurance Company CEO


From: insuranceCompany@ic.com
To: jade.farrar@yahoo.com
Subject: Insurance company – information about recent data breach
Dear Jade Farrar,
As you may have heard or read, last month we learned that criminals forced their way into our systems, 
and stole information about our customers. Late last week, as part of our ongoing investigation, 
we learned that the taken information includes names, mailing addresses, phone numbers or email addresses.
 
I am writing to make you aware that your name, mailing address, phone number or email address may have been 
taken during the intrusion. 

I am truly sorry this incident occurred, and I sincerely regret any inconvenience it may cause you. 

Because we value you as a customer, and because your trust is important to us, our company is offering you one 
year of free credit monitoring through Experian’s ProtectMyID product, which includes identity theft insurance 
where available. You will receive more information about this offer via regular mail.

You can find additional information and FAQs about this incident at our website. If you have further questions, 
you may call us at 866-852-8680. 

Thank you for your patience and your loyalty. 
Sincerely,
Insurance Company CEO


From: insuranceCompany@ic.com
To: charlene.hamilton@hotmail.com
Subject: Insurance company – information about recent data breach
Dear Charlene Hamilton,
As you may have heard or read, last month we learned that criminals forced their way into our systems, 
and stole information about our customers. Late last week, as part of our ongoing investigation, 
we learned that the taken information includes names, mailing addresses, phone numbers or email addresses.
 
I am writing to make you aware that your name, mailing address, phone number or email address may have been 
taken during the intrusion. 

I am truly sorry this incident occurred, and I sincerely regret any inconvenience it may cause you. 

Because we value you as a customer, and because your trust is important to us, our company is offering you one 
year of free credit monitoring through Experian’s ProtectMyID product, which includes identity theft insurance 
where available. You will receive more information about this offer via regular mail.

You can find additional information and FAQs about this incident at our website. If you have further questions, 
you may call us at 866-852-8680. 

Thank you for your patience and your loyalty. 
Sincerely,
Insurance Company CEO


From: insuranceCompany@ic.com
To: geoffrey@gmail.com
Subject: Insurance company – information about recent data breach
Dear Geoffrey Acey,
As you may have heard or read, last month we learned that criminals forced their way into our systems, 
and stole information about our customers. Late last week, as part of our ongoing investigation, 
we learned that the taken information includes names, mailing addresses, phone numbers or email addresses.
 
I am writing to make you aware that your name, mailing address, phone number or email address may have been 
taken during the intrusion. 

I am truly sorry this incident occurred, and I sincerely regret any inconvenience it may cause you. 

Because we value you as a customer, and because your trust is important to us, our company is offering you one 
year of free credit monitoring through Experian’s ProtectMyID product, which includes identity theft insurance 
where available. You will receive more information about this offer via regular mail.

You can find additional information and FAQs about this incident at our website. If you have further questions, 
you may call us at 866-852-8680. 

Thank you for your patience and your loyalty. 
Sincerely,
Insurance Company CEO


From: insuranceCompany@ic.com
To: stevie.westerbeck@yahoo.com
Subject: Insurance company – information about recent data breach
Dear Stevie Westerbeck,
As you may have heard or read, last month we learned that criminals forced their way into our systems, 
and stole information about our customers. Late last week, as part of our ongoing investigation, 
we learned that the taken information includes names, mailing addresses, phone numbers or email addresses.
 
I am writing to make you aware that your name, mailing address, phone number or email address may have been 
taken during the intrusion. 

I am truly sorry this incident occurred, and I sincerely regret any inconvenience it may cause you. 

Because we value you as a customer, and because your trust is important to us, our company is offering you one 
year of free credit monitoring through Experian’s ProtectMyID product, which includes identity theft insurance 
where available. You will receive more information about this offer via regular mail.

You can find additional information and FAQs about this incident at our website. If you have further questions, 
you may call us at 866-852-8680. 

Thank you for your patience and your loyalty. 
Sincerely,
Insurance Company CEO


From: insuranceCompany@ic.com
To: pamella@fortino.com
Subject: Insurance company – information about recent data breach
Dear Pamella Fortino,
As you may have heard or read, last month we learned that criminals forced their way into our systems, 
and stole information about our customers. Late last week, as part of our ongoing investigation, 
we learned that the taken information includes names, mailing addresses, phone numbers or email addresses.
 
I am writing to make you aware that your name, mailing address, phone number or email address may have been 
taken during the intrusion. 

I am truly sorry this incident occurred, and I sincerely regret any inconvenience it may cause you. 

Because we value you as a customer, and because your trust is important to us, our company is offering you one 
year of free credit monitoring through Experian’s ProtectMyID product, which includes identity theft insurance 
where available. You will receive more information about this offer via regular mail.

You can find additional information and FAQs about this incident at our website. If you have further questions, 
you may call us at 866-852-8680. 

Thank you for your patience and your loyalty. 
Sincerely,
Insurance Company CEO


From: insuranceCompany@ic.com
To: hhaufler@hotmail.com
Subject: Insurance company – information about recent data breach
Dear Harrison Haufler,
As you may have heard or read, last month we learned that criminals forced their way into our systems, 
and stole information about our customers. Late last week, as part of our ongoing investigation, 
we learned that the taken information includes names, mailing addresses, phone numbers or email addresses.
 
I am writing to make you aware that your name, mailing address, phone number or email address may have been 
taken during the intrusion. 

I am truly sorry this incident occurred, and I sincerely regret any inconvenience it may cause you. 

Because we value you as a customer, and because your trust is important to us, our company is offering you one 
year of free credit monitoring through Experian’s ProtectMyID product, which includes identity theft insurance 
where available. You will receive more information about this offer via regular mail.

You can find additional information and FAQs about this incident at our website. If you have further questions, 
you may call us at 866-852-8680. 

Thank you for your patience and your loyalty. 
Sincerely,
Insurance Company CEO


From: insuranceCompany@ic.com
To: jengelberg@engelberg.org
Subject: Insurance company – information about recent data breach
Dear Johnna Engelberg,
As you may have heard or read, last month we learned that criminals forced their way into our systems, 
and stole information about our customers. Late last week, as part of our ongoing investigation, 
we learned that the taken information includes names, mailing addresses, phone numbers or email addresses.
 
I am writing to make you aware that your name, mailing address, phone number or email address may have been 
taken during the intrusion. 

I am truly sorry this incident occurred, and I sincerely regret any inconvenience it may cause you. 

Because we value you as a customer, and because your trust is important to us, our company is offering you one 
year of free credit monitoring through Experian’s ProtectMyID product, which includes identity theft insurance 
where available. You will receive more information about this offer via regular mail.

You can find additional information and FAQs about this incident at our website. If you have further questions, 
you may call us at 866-852-8680. 

Thank you for your patience and your loyalty. 
Sincerely,
Insurance Company CEO


From: insuranceCompany@ic.com
To: buddy.cloney@yahoo.com
Subject: Insurance company – information about recent data breach
Dear Buddy Cloney,
As you may have heard or read, last month we learned that criminals forced their way into our systems, 
and stole information about our customers. Late last week, as part of our ongoing investigation, 
we learned that the taken information includes names, mailing addresses, phone numbers or email addresses.
 
I am writing to make you aware that your name, mailing address, phone number or email address may have been 
taken during the intrusion. 

I am truly sorry this incident occurred, and I sincerely regret any inconvenience it may cause you. 

Because we value you as a customer, and because your trust is important to us, our company is offering you one 
year of free credit monitoring through Experian’s ProtectMyID product, which includes identity theft insurance 
where available. You will receive more information about this offer via regular mail.

You can find additional information and FAQs about this incident at our website. If you have further questions, 
you may call us at 866-852-8680. 

Thank you for your patience and your loyalty. 
Sincerely,
Insurance Company CEO


From: insuranceCompany@ic.com
To: dalene.riden@aol.com
Subject: Insurance company – information about recent data breach
Dear Dalene Riden,
As you may have heard or read, last month we learned that criminals forced their way into our systems, 
and stole information about our customers. Late last week, as part of our ongoing investigation, 
we learned that the taken information includes names, mailing addresses, phone numbers or email addresses.
 
I am writing to make you aware that your name, mailing address, phone number or email address may have been 
taken during the intrusion. 

I am truly sorry this incident occurred, and I sincerely regret any inconvenience it may cause you. 

Because we value you as a customer, and because your trust is important to us, our company is offering you one 
year of free credit monitoring through Experian’s ProtectMyID product, which includes identity theft insurance 
where available. You will receive more information about this offer via regular mail.

You can find additional information and FAQs about this incident at our website. If you have further questions, 
you may call us at 866-852-8680. 

Thank you for your patience and your loyalty. 
Sincerely,
Insurance Company CEO


From: insuranceCompany@ic.com
To: jzurcher@zurcher.org
Subject: Insurance company – information about recent data breach
Dear Jerry Zurcher,
As you may have heard or read, last month we learned that criminals forced their way into our systems, 
and stole information about our customers. Late last week, as part of our ongoing investigation, 
we learned that the taken information includes names, mailing addresses, phone numbers or email addresses.
 
I am writing to make you aware that your name, mailing address, phone number or email address may have been 
taken during the intrusion. 

I am truly sorry this incident occurred, and I sincerely regret any inconvenience it may cause you. 

Because we value you as a customer, and because your trust is important to us, our company is offering you one 
year of free credit monitoring through Experian’s ProtectMyID product, which includes identity theft insurance 
where available. You will receive more information about this offer via regular mail.

You can find additional information and FAQs about this incident at our website. If you have further questions, 
you may call us at 866-852-8680. 

Thank you for your patience and your loyalty. 
Sincerely,
Insurance Company CEO


From: insuranceCompany@ic.com
To: hdenooyer@denooyer.org
Subject: Insurance company – information about recent data breach
Dear Haydee Denooyer,
As you may have heard or read, last month we learned that criminals forced their way into our systems, 
and stole information about our customers. Late last week, as part of our ongoing investigation, 
we learned that the taken information includes names, mailing addresses, phone numbers or email addresses.
 
I am writing to make you aware that your name, mailing address, phone number or email address may have been 
taken during the intrusion. 

I am truly sorry this incident occurred, and I sincerely regret any inconvenience it may cause you. 

Because we value you as a customer, and because your trust is important to us, our company is offering you one 
year of free credit monitoring through Experian’s ProtectMyID product, which includes identity theft insurance 
where available. You will receive more information about this offer via regular mail.

You can find additional information and FAQs about this incident at our website. If you have further questions, 
you may call us at 866-852-8680. 

Thank you for your patience and your loyalty. 
Sincerely,
Insurance Company CEO


From: insuranceCompany@ic.com
To: joseph_cryer@cox.net
Subject: Insurance company – information about recent data breach
Dear Joseph Cryer,
As you may have heard or read, last month we learned that criminals forced their way into our systems, 
and stole information about our customers. Late last week, as part of our ongoing investigation, 
we learned that the taken information includes names, mailing addresses, phone numbers or email addresses.
 
I am writing to make you aware that your name, mailing address, phone number or email address may have been 
taken during the intrusion. 

I am truly sorry this incident occurred, and I sincerely regret any inconvenience it may cause you. 

Because we value you as a customer, and because your trust is important to us, our company is offering you one 
year of free credit monitoring through Experian’s ProtectMyID product, which includes identity theft insurance 
where available. You will receive more information about this offer via regular mail.

You can find additional information and FAQs about this incident at our website. If you have further questions, 
you may call us at 866-852-8680. 

Thank you for your patience and your loyalty. 
Sincerely,
Insurance Company CEO


From: insuranceCompany@ic.com
To: deonna_kippley@hotmail.com
Subject: Insurance company – information about recent data breach
Dear Deonna Kippley,
As you may have heard or read, last month we learned that criminals forced their way into our systems, 
and stole information about our customers. Late last week, as part of our ongoing investigation, 
we learned that the taken information includes names, mailing addresses, phone numbers or email addresses.
 
I am writing to make you aware that your name, mailing address, phone number or email address may have been 
taken during the intrusion. 

I am truly sorry this incident occurred, and I sincerely regret any inconvenience it may cause you. 

Because we value you as a customer, and because your trust is important to us, our company is offering you one 
year of free credit monitoring through Experian’s ProtectMyID product, which includes identity theft insurance 
where available. You will receive more information about this offer via regular mail.

You can find additional information and FAQs about this incident at our website. If you have further questions, 
you may call us at 866-852-8680. 

Thank you for your patience and your loyalty. 
Sincerely,
Insurance Company CEO


From: insuranceCompany@ic.com
To: raymon.calvaresi@gmail.com
Subject: Insurance company – information about recent data breach
Dear Raymon Calvaresi,
As you may have heard or read, last month we learned that criminals forced their way into our systems, 
and stole information about our customers. Late last week, as part of our ongoing investigation, 
we learned that the taken information includes names, mailing addresses, phone numbers or email addresses.
 
I am writing to make you aware that your name, mailing address, phone number or email address may have been 
taken during the intrusion. 

I am truly sorry this incident occurred, and I sincerely regret any inconvenience it may cause you. 

Because we value you as a customer, and because your trust is important to us, our company is offering you one 
year of free credit monitoring through Experian’s ProtectMyID product, which includes identity theft insurance 
where available. You will receive more information about this offer via regular mail.

You can find additional information and FAQs about this incident at our website. If you have further questions, 
you may call us at 866-852-8680. 

Thank you for your patience and your loyalty. 
Sincerely,
Insurance Company CEO


From: insuranceCompany@ic.com
To: alecia@aol.com
Subject: Insurance company – information about recent data breach
Dear Alecia Bubash,
As you may have heard or read, last month we learned that criminals forced their way into our systems, 
and stole information about our customers. Late last week, as part of our ongoing investigation, 
we learned that the taken information includes names, mailing addresses, phone numbers or email addresses.
 
I am writing to make you aware that your name, mailing address, phone number or email address may have been 
taken during the intrusion. 

I am truly sorry this incident occurred, and I sincerely regret any inconvenience it may cause you. 

Because we value you as a customer, and because your trust is important to us, our company is offering you one 
year of free credit monitoring through Experian’s ProtectMyID product, which includes identity theft insurance 
where available. You will receive more information about this offer via regular mail.

You can find additional information and FAQs about this incident at our website. If you have further questions, 
you may call us at 866-852-8680. 

Thank you for your patience and your loyalty. 
Sincerely,
Insurance Company CEO


From: insuranceCompany@ic.com
To: mlayous@hotmail.com
Subject: Insurance company – information about recent data breach
Dear Ma Layous,
As you may have heard or read, last month we learned that criminals forced their way into our systems, 
and stole information about our customers. Late last week, as part of our ongoing investigation, 
we learned that the taken information includes names, mailing addresses, phone numbers or email addresses.
 
I am writing to make you aware that your name, mailing address, phone number or email address may have been 
taken during the intrusion. 

I am truly sorry this incident occurred, and I sincerely regret any inconvenience it may cause you. 

Because we value you as a customer, and because your trust is important to us, our company is offering you one 
year of free credit monitoring through Experian’s ProtectMyID product, which includes identity theft insurance 
where available. You will receive more information about this offer via regular mail.

You can find additional information and FAQs about this incident at our website. If you have further questions, 
you may call us at 866-852-8680. 

Thank you for your patience and your loyalty. 
Sincerely,
Insurance Company CEO


From: insuranceCompany@ic.com
To: detra@aol.com
Subject: Insurance company – information about recent data breach
Dear Detra Coyier,
As you may have heard or read, last month we learned that criminals forced their way into our systems, 
and stole information about our customers. Late last week, as part of our ongoing investigation, 
we learned that the taken information includes names, mailing addresses, phone numbers or email addresses.
 
I am writing to make you aware that your name, mailing address, phone number or email address may have been 
taken during the intrusion. 

I am truly sorry this incident occurred, and I sincerely regret any inconvenience it may cause you. 

Because we value you as a customer, and because your trust is important to us, our company is offering you one 
year of free credit monitoring through Experian’s ProtectMyID product, which includes identity theft insurance 
where available. You will receive more information about this offer via regular mail.

You can find additional information and FAQs about this incident at our website. If you have further questions, 
you may call us at 866-852-8680. 

Thank you for your patience and your loyalty. 
Sincerely,
Insurance Company CEO


From: insuranceCompany@ic.com
To: terrilyn.rodeigues@cox.net
Subject: Insurance company – information about recent data breach
Dear Terrilyn Rodeigues,
As you may have heard or read, last month we learned that criminals forced their way into our systems, 
and stole information about our customers. Late last week, as part of our ongoing investigation, 
we learned that the taken information includes names, mailing addresses, phone numbers or email addresses.
 
I am writing to make you aware that your name, mailing address, phone number or email address may have been 
taken during the intrusion. 

I am truly sorry this incident occurred, and I sincerely regret any inconvenience it may cause you. 

Because we value you as a customer, and because your trust is important to us, our company is offering you one 
year of free credit monitoring through Experian’s ProtectMyID product, which includes identity theft insurance 
where available. You will receive more information about this offer via regular mail.

You can find additional information and FAQs about this incident at our website. If you have further questions, 
you may call us at 866-852-8680. 

Thank you for your patience and your loyalty. 
Sincerely,
Insurance Company CEO


From: insuranceCompany@ic.com
To: slacovara@gmail.com
Subject: Insurance company – information about recent data breach
Dear Salome Lacovara,
As you may have heard or read, last month we learned that criminals forced their way into our systems, 
and stole information about our customers. Late last week, as part of our ongoing investigation, 
we learned that the taken information includes names, mailing addresses, phone numbers or email addresses.
 
I am writing to make you aware that your name, mailing address, phone number or email address may have been 
taken during the intrusion. 

I am truly sorry this incident occurred, and I sincerely regret any inconvenience it may cause you. 

Because we value you as a customer, and because your trust is important to us, our company is offering you one 
year of free credit monitoring through Experian’s ProtectMyID product, which includes identity theft insurance 
where available. You will receive more information about this offer via regular mail.

You can find additional information and FAQs about this incident at our website. If you have further questions, 
you may call us at 866-852-8680. 

Thank you for your patience and your loyalty. 
Sincerely,
Insurance Company CEO


From: insuranceCompany@ic.com
To: garry_keetch@hotmail.com
Subject: Insurance company – information about recent data breach
Dear Garry Keetch,
As you may have heard or read, last month we learned that criminals forced their way into our systems, 
and stole information about our customers. Late last week, as part of our ongoing investigation, 
we learned that the taken information includes names, mailing addresses, phone numbers or email addresses.
 
I am writing to make you aware that your name, mailing address, phone number or email address may have been 
taken during the intrusion. 

I am truly sorry this incident occurred, and I sincerely regret any inconvenience it may cause you. 

Because we value you as a customer, and because your trust is important to us, our company is offering you one 
year of free credit monitoring through Experian’s ProtectMyID product, which includes identity theft insurance 
where available. You will receive more information about this offer via regular mail.

You can find additional information and FAQs about this incident at our website. If you have further questions, 
you may call us at 866-852-8680. 

Thank you for your patience and your loyalty. 
Sincerely,
Insurance Company CEO


From: insuranceCompany@ic.com
To: mneither@yahoo.com
Subject: Insurance company – information about recent data breach
Dear Matthew Neither,
As you may have heard or read, last month we learned that criminals forced their way into our systems, 
and stole information about our customers. Late last week, as part of our ongoing investigation, 
we learned that the taken information includes names, mailing addresses, phone numbers or email addresses.
 
I am writing to make you aware that your name, mailing address, phone number or email address may have been 
taken during the intrusion. 

I am truly sorry this incident occurred, and I sincerely regret any inconvenience it may cause you. 

Because we value you as a customer, and because your trust is important to us, our company is offering you one 
year of free credit monitoring through Experian’s ProtectMyID product, which includes identity theft insurance 
where available. You will receive more information about this offer via regular mail.

You can find additional information and FAQs about this incident at our website. If you have further questions, 
you may call us at 866-852-8680. 

Thank you for your patience and your loyalty. 
Sincerely,
Insurance Company CEO


From: insuranceCompany@ic.com
To: theodora.restrepo@restrepo.com
Subject: Insurance company – information about recent data breach
Dear Theodora Restrepo,
As you may have heard or read, last month we learned that criminals forced their way into our systems, 
and stole information about our customers. Late last week, as part of our ongoing investigation, 
we learned that the taken information includes names, mailing addresses, phone numbers or email addresses.
 
I am writing to make you aware that your name, mailing address, phone number or email address may have been 
taken during the intrusion. 

I am truly sorry this incident occurred, and I sincerely regret any inconvenience it may cause you. 

Because we value you as a customer, and because your trust is important to us, our company is offering you one 
year of free credit monitoring through Experian’s ProtectMyID product, which includes identity theft insurance 
where available. You will receive more information about this offer via regular mail.

You can find additional information and FAQs about this incident at our website. If you have further questions, 
you may call us at 866-852-8680. 

Thank you for your patience and your loyalty. 
Sincerely,
Insurance Company CEO


From: insuranceCompany@ic.com
To: noah.kalafatis@aol.com
Subject: Insurance company – information about recent data breach
Dear Noah Kalafatis,
As you may have heard or read, last month we learned that criminals forced their way into our systems, 
and stole information about our customers. Late last week, as part of our ongoing investigation, 
we learned that the taken information includes names, mailing addresses, phone numbers or email addresses.
 
I am writing to make you aware that your name, mailing address, phone number or email address may have been 
taken during the intrusion. 

I am truly sorry this incident occurred, and I sincerely regret any inconvenience it may cause you. 

Because we value you as a customer, and because your trust is important to us, our company is offering you one 
year of free credit monitoring through Experian’s ProtectMyID product, which includes identity theft insurance 
where available. You will receive more information about this offer via regular mail.

You can find additional information and FAQs about this incident at our website. If you have further questions, 
you may call us at 866-852-8680. 

Thank you for your patience and your loyalty. 
Sincerely,
Insurance Company CEO


From: insuranceCompany@ic.com
To: csweigard@sweigard.com
Subject: Insurance company – information about recent data breach
Dear Carmen Sweigard,
As you may have heard or read, last month we learned that criminals forced their way into our systems, 
and stole information about our customers. Late last week, as part of our ongoing investigation, 
we learned that the taken information includes names, mailing addresses, phone numbers or email addresses.
 
I am writing to make you aware that your name, mailing address, phone number or email address may have been 
taken during the intrusion. 

I am truly sorry this incident occurred, and I sincerely regret any inconvenience it may cause you. 

Because we value you as a customer, and because your trust is important to us, our company is offering you one 
year of free credit monitoring through Experian’s ProtectMyID product, which includes identity theft insurance 
where available. You will receive more information about this offer via regular mail.

You can find additional information and FAQs about this incident at our website. If you have further questions, 
you may call us at 866-852-8680. 

Thank you for your patience and your loyalty. 
Sincerely,
Insurance Company CEO


From: insuranceCompany@ic.com
To: lavonda@cox.net
Subject: Insurance company – information about recent data breach
Dear Lavonda Hengel,
As you may have heard or read, last month we learned that criminals forced their way into our systems, 
and stole information about our customers. Late last week, as part of our ongoing investigation, 
we learned that the taken information includes names, mailing addresses, phone numbers or email addresses.
 
I am writing to make you aware that your name, mailing address, phone number or email address may have been 
taken during the intrusion. 

I am truly sorry this incident occurred, and I sincerely regret any inconvenience it may cause you. 

Because we value you as a customer, and because your trust is important to us, our company is offering you one 
year of free credit monitoring through Experian’s ProtectMyID product, which includes identity theft insurance 
where available. You will receive more information about this offer via regular mail.

You can find additional information and FAQs about this incident at our website. If you have further questions, 
you may call us at 866-852-8680. 

Thank you for your patience and your loyalty. 
Sincerely,
Insurance Company CEO


From: insuranceCompany@ic.com
To: junita@aol.com
Subject: Insurance company – information about recent data breach
Dear Junita Stoltzman,
As you may have heard or read, last month we learned that criminals forced their way into our systems, 
and stole information about our customers. Late last week, as part of our ongoing investigation, 
we learned that the taken information includes names, mailing addresses, phone numbers or email addresses.
 
I am writing to make you aware that your name, mailing address, phone number or email address may have been 
taken during the intrusion. 

I am truly sorry this incident occurred, and I sincerely regret any inconvenience it may cause you. 

Because we value you as a customer, and because your trust is important to us, our company is offering you one 
year of free credit monitoring through Experian’s ProtectMyID product, which includes identity theft insurance 
where available. You will receive more information about this offer via regular mail.

You can find additional information and FAQs about this incident at our website. If you have further questions, 
you may call us at 866-852-8680. 

Thank you for your patience and your loyalty. 
Sincerely,
Insurance Company CEO


From: insuranceCompany@ic.com
To: herminia@nicolozakes.org
Subject: Insurance company – information about recent data breach
Dear Herminia Nicolozakes,
As you may have heard or read, last month we learned that criminals forced their way into our systems, 
and stole information about our customers. Late last week, as part of our ongoing investigation, 
we learned that the taken information includes names, mailing addresses, phone numbers or email addresses.
 
I am writing to make you aware that your name, mailing address, phone number or email address may have been 
taken during the intrusion. 

I am truly sorry this incident occurred, and I sincerely regret any inconvenience it may cause you. 

Because we value you as a customer, and because your trust is important to us, our company is offering you one 
year of free credit monitoring through Experian’s ProtectMyID product, which includes identity theft insurance 
where available. You will receive more information about this offer via regular mail.

You can find additional information and FAQs about this incident at our website. If you have further questions, 
you may call us at 866-852-8680. 

Thank you for your patience and your loyalty. 
Sincerely,
Insurance Company CEO


From: insuranceCompany@ic.com
To: casie.good@aol.com
Subject: Insurance company – information about recent data breach
Dear Casie Good,
As you may have heard or read, last month we learned that criminals forced their way into our systems, 
and stole information about our customers. Late last week, as part of our ongoing investigation, 
we learned that the taken information includes names, mailing addresses, phone numbers or email addresses.
 
I am writing to make you aware that your name, mailing address, phone number or email address may have been 
taken during the intrusion. 

I am truly sorry this incident occurred, and I sincerely regret any inconvenience it may cause you. 

Because we value you as a customer, and because your trust is important to us, our company is offering you one 
year of free credit monitoring through Experian’s ProtectMyID product, which includes identity theft insurance 
where available. You will receive more information about this offer via regular mail.

You can find additional information and FAQs about this incident at our website. If you have further questions, 
you may call us at 866-852-8680. 

Thank you for your patience and your loyalty. 
Sincerely,
Insurance Company CEO


From: insuranceCompany@ic.com
To: reena@hotmail.com
Subject: Insurance company – information about recent data breach
Dear Reena Maisto,
As you may have heard or read, last month we learned that criminals forced their way into our systems, 
and stole information about our customers. Late last week, as part of our ongoing investigation, 
we learned that the taken information includes names, mailing addresses, phone numbers or email addresses.
 
I am writing to make you aware that your name, mailing address, phone number or email address may have been 
taken during the intrusion. 

I am truly sorry this incident occurred, and I sincerely regret any inconvenience it may cause you. 

Because we value you as a customer, and because your trust is important to us, our company is offering you one 
year of free credit monitoring through Experian’s ProtectMyID product, which includes identity theft insurance 
where available. You will receive more information about this offer via regular mail.

You can find additional information and FAQs about this incident at our website. If you have further questions, 
you may call us at 866-852-8680. 

Thank you for your patience and your loyalty. 
Sincerely,
Insurance Company CEO


From: insuranceCompany@ic.com
To: mirta_mallett@gmail.com
Subject: Insurance company – information about recent data breach
Dear Mirta Mallett,
As you may have heard or read, last month we learned that criminals forced their way into our systems, 
and stole information about our customers. Late last week, as part of our ongoing investigation, 
we learned that the taken information includes names, mailing addresses, phone numbers or email addresses.
 
I am writing to make you aware that your name, mailing address, phone number or email address may have been 
taken during the intrusion. 

I am truly sorry this incident occurred, and I sincerely regret any inconvenience it may cause you. 

Because we value you as a customer, and because your trust is important to us, our company is offering you one 
year of free credit monitoring through Experian’s ProtectMyID product, which includes identity theft insurance 
where available. You will receive more information about this offer via regular mail.

You can find additional information and FAQs about this incident at our website. If you have further questions, 
you may call us at 866-852-8680. 

Thank you for your patience and your loyalty. 
Sincerely,
Insurance Company CEO


From: insuranceCompany@ic.com
To: cathrine.pontoriero@pontoriero.com
Subject: Insurance company – information about recent data breach
Dear Cathrine Pontoriero,
As you may have heard or read, last month we learned that criminals forced their way into our systems, 
and stole information about our customers. Late last week, as part of our ongoing investigation, 
we learned that the taken information includes names, mailing addresses, phone numbers or email addresses.
 
I am writing to make you aware that your name, mailing address, phone number or email address may have been 
taken during the intrusion. 

I am truly sorry this incident occurred, and I sincerely regret any inconvenience it may cause you. 

Because we value you as a customer, and because your trust is important to us, our company is offering you one 
year of free credit monitoring through Experian’s ProtectMyID product, which includes identity theft insurance 
where available. You will receive more information about this offer via regular mail.

You can find additional information and FAQs about this incident at our website. If you have further questions, 
you may call us at 866-852-8680. 

Thank you for your patience and your loyalty. 
Sincerely,
Insurance Company CEO


From: insuranceCompany@ic.com
To: ftawil@hotmail.com
Subject: Insurance company – information about recent data breach
Dear Filiberto Tawil,
As you may have heard or read, last month we learned that criminals forced their way into our systems, 
and stole information about our customers. Late last week, as part of our ongoing investigation, 
we learned that the taken information includes names, mailing addresses, phone numbers or email addresses.
 
I am writing to make you aware that your name, mailing address, phone number or email address may have been 
taken during the intrusion. 

I am truly sorry this incident occurred, and I sincerely regret any inconvenience it may cause you. 

Because we value you as a customer, and because your trust is important to us, our company is offering you one 
year of free credit monitoring through Experian’s ProtectMyID product, which includes identity theft insurance 
where available. You will receive more information about this offer via regular mail.

You can find additional information and FAQs about this incident at our website. If you have further questions, 
you may call us at 866-852-8680. 

Thank you for your patience and your loyalty. 
Sincerely,
Insurance Company CEO


From: insuranceCompany@ic.com
To: rupthegrove@yahoo.com
Subject: Insurance company – information about recent data breach
Dear Raul Upthegrove,
As you may have heard or read, last month we learned that criminals forced their way into our systems, 
and stole information about our customers. Late last week, as part of our ongoing investigation, 
we learned that the taken information includes names, mailing addresses, phone numbers or email addresses.
 
I am writing to make you aware that your name, mailing address, phone number or email address may have been 
taken during the intrusion. 

I am truly sorry this incident occurred, and I sincerely regret any inconvenience it may cause you. 

Because we value you as a customer, and because your trust is important to us, our company is offering you one 
year of free credit monitoring through Experian’s ProtectMyID product, which includes identity theft insurance 
where available. You will receive more information about this offer via regular mail.

You can find additional information and FAQs about this incident at our website. If you have further questions, 
you may call us at 866-852-8680. 

Thank you for your patience and your loyalty. 
Sincerely,
Insurance Company CEO


From: insuranceCompany@ic.com
To: sarah.candlish@gmail.com
Subject: Insurance company – information about recent data breach
Dear Sarah Candlish,
As you may have heard or read, last month we learned that criminals forced their way into our systems, 
and stole information about our customers. Late last week, as part of our ongoing investigation, 
we learned that the taken information includes names, mailing addresses, phone numbers or email addresses.
 
I am writing to make you aware that your name, mailing address, phone number or email address may have been 
taken during the intrusion. 

I am truly sorry this incident occurred, and I sincerely regret any inconvenience it may cause you. 

Because we value you as a customer, and because your trust is important to us, our company is offering you one 
year of free credit monitoring through Experian’s ProtectMyID product, which includes identity theft insurance 
where available. You will receive more information about this offer via regular mail.

You can find additional information and FAQs about this incident at our website. If you have further questions, 
you may call us at 866-852-8680. 

Thank you for your patience and your loyalty. 
Sincerely,
Insurance Company CEO


From: insuranceCompany@ic.com
To: lucy@cox.net
Subject: Insurance company – information about recent data breach
Dear Lucy Treston,
As you may have heard or read, last month we learned that criminals forced their way into our systems, 
and stole information about our customers. Late last week, as part of our ongoing investigation, 
we learned that the taken information includes names, mailing addresses, phone numbers or email addresses.
 
I am writing to make you aware that your name, mailing address, phone number or email address may have been 
taken during the intrusion. 

I am truly sorry this incident occurred, and I sincerely regret any inconvenience it may cause you. 

Because we value you as a customer, and because your trust is important to us, our company is offering you one 
year of free credit monitoring through Experian’s ProtectMyID product, which includes identity theft insurance 
where available. You will receive more information about this offer via regular mail.

You can find additional information and FAQs about this incident at our website. If you have further questions, 
you may call us at 866-852-8680. 

Thank you for your patience and your loyalty. 
Sincerely,
Insurance Company CEO


From: insuranceCompany@ic.com
To: jaquas@aquas.com
Subject: Insurance company – information about recent data breach
Dear Judy Aquas,
As you may have heard or read, last month we learned that criminals forced their way into our systems, 
and stole information about our customers. Late last week, as part of our ongoing investigation, 
we learned that the taken information includes names, mailing addresses, phone numbers or email addresses.
 
I am writing to make you aware that your name, mailing address, phone number or email address may have been 
taken during the intrusion. 

I am truly sorry this incident occurred, and I sincerely regret any inconvenience it may cause you. 

Because we value you as a customer, and because your trust is important to us, our company is offering you one 
year of free credit monitoring through Experian’s ProtectMyID product, which includes identity theft insurance 
where available. You will receive more information about this offer via regular mail.

You can find additional information and FAQs about this incident at our website. If you have further questions, 
you may call us at 866-852-8680. 

Thank you for your patience and your loyalty. 
Sincerely,
Insurance Company CEO


From: insuranceCompany@ic.com
To: yvonne.tjepkema@hotmail.com
Subject: Insurance company – information about recent data breach
Dear Yvonne Tjepkema,
As you may have heard or read, last month we learned that criminals forced their way into our systems, 
and stole information about our customers. Late last week, as part of our ongoing investigation, 
we learned that the taken information includes names, mailing addresses, phone numbers or email addresses.
 
I am writing to make you aware that your name, mailing address, phone number or email address may have been 
taken during the intrusion. 

I am truly sorry this incident occurred, and I sincerely regret any inconvenience it may cause you. 

Because we value you as a customer, and because your trust is important to us, our company is offering you one 
year of free credit monitoring through Experian’s ProtectMyID product, which includes identity theft insurance 
where available. You will receive more information about this offer via regular mail.

You can find additional information and FAQs about this incident at our website. If you have further questions, 
you may call us at 866-852-8680. 

Thank you for your patience and your loyalty. 
Sincerely,
Insurance Company CEO


From: insuranceCompany@ic.com
To: kayleigh.lace@yahoo.com
Subject: Insurance company – information about recent data breach
Dear Kayleigh Lace,
As you may have heard or read, last month we learned that criminals forced their way into our systems, 
and stole information about our customers. Late last week, as part of our ongoing investigation, 
we learned that the taken information includes names, mailing addresses, phone numbers or email addresses.
 
I am writing to make you aware that your name, mailing address, phone number or email address may have been 
taken during the intrusion. 

I am truly sorry this incident occurred, and I sincerely regret any inconvenience it may cause you. 

Because we value you as a customer, and because your trust is important to us, our company is offering you one 
year of free credit monitoring through Experian’s ProtectMyID product, which includes identity theft insurance 
where available. You will receive more information about this offer via regular mail.

You can find additional information and FAQs about this incident at our website. If you have further questions, 
you may call us at 866-852-8680. 

Thank you for your patience and your loyalty. 
Sincerely,
Insurance Company CEO


From: insuranceCompany@ic.com
To: felix_hirpara@cox.net
Subject: Insurance company – information about recent data breach
Dear Felix Hirpara,
As you may have heard or read, last month we learned that criminals forced their way into our systems, 
and stole information about our customers. Late last week, as part of our ongoing investigation, 
we learned that the taken information includes names, mailing addresses, phone numbers or email addresses.
 
I am writing to make you aware that your name, mailing address, phone number or email address may have been 
taken during the intrusion. 

I am truly sorry this incident occurred, and I sincerely regret any inconvenience it may cause you. 

Because we value you as a customer, and because your trust is important to us, our company is offering you one 
year of free credit monitoring through Experian’s ProtectMyID product, which includes identity theft insurance 
where available. You will receive more information about this offer via regular mail.

You can find additional information and FAQs about this incident at our website. If you have further questions, 
you may call us at 866-852-8680. 

Thank you for your patience and your loyalty. 
Sincerely,
Insurance Company CEO


From: insuranceCompany@ic.com
To: tresa_sweely@hotmail.com
Subject: Insurance company – information about recent data breach
Dear Tresa Sweely,
As you may have heard or read, last month we learned that criminals forced their way into our systems, 
and stole information about our customers. Late last week, as part of our ongoing investigation, 
we learned that the taken information includes names, mailing addresses, phone numbers or email addresses.
 
I am writing to make you aware that your name, mailing address, phone number or email address may have been 
taken during the intrusion. 

I am truly sorry this incident occurred, and I sincerely regret any inconvenience it may cause you. 

Because we value you as a customer, and because your trust is important to us, our company is offering you one 
year of free credit monitoring through Experian’s ProtectMyID product, which includes identity theft insurance 
where available. You will receive more information about this offer via regular mail.

You can find additional information and FAQs about this incident at our website. If you have further questions, 
you may call us at 866-852-8680. 

Thank you for your patience and your loyalty. 
Sincerely,
Insurance Company CEO


From: insuranceCompany@ic.com
To: kristeen@gmail.com
Subject: Insurance company – information about recent data breach
Dear Kristeen Turinetti,
As you may have heard or read, last month we learned that criminals forced their way into our systems, 
and stole information about our customers. Late last week, as part of our ongoing investigation, 
we learned that the taken information includes names, mailing addresses, phone numbers or email addresses.
 
I am writing to make you aware that your name, mailing address, phone number or email address may have been 
taken during the intrusion. 

I am truly sorry this incident occurred, and I sincerely regret any inconvenience it may cause you. 

Because we value you as a customer, and because your trust is important to us, our company is offering you one 
year of free credit monitoring through Experian’s ProtectMyID product, which includes identity theft insurance 
where available. You will receive more information about this offer via regular mail.

You can find additional information and FAQs about this incident at our website. If you have further questions, 
you may call us at 866-852-8680. 

Thank you for your patience and your loyalty. 
Sincerely,
Insurance Company CEO


From: insuranceCompany@ic.com
To: jregusters@regusters.com
Subject: Insurance company – information about recent data breach
Dear Jenelle Regusters,
As you may have heard or read, last month we learned that criminals forced their way into our systems, 
and stole information about our customers. Late last week, as part of our ongoing investigation, 
we learned that the taken information includes names, mailing addresses, phone numbers or email addresses.
 
I am writing to make you aware that your name, mailing address, phone number or email address may have been 
taken during the intrusion. 

I am truly sorry this incident occurred, and I sincerely regret any inconvenience it may cause you. 

Because we value you as a customer, and because your trust is important to us, our company is offering you one 
year of free credit monitoring through Experian’s ProtectMyID product, which includes identity theft insurance 
where available. You will receive more information about this offer via regular mail.

You can find additional information and FAQs about this incident at our website. If you have further questions, 
you may call us at 866-852-8680. 

Thank you for your patience and your loyalty. 
Sincerely,
Insurance Company CEO


From: insuranceCompany@ic.com
To: renea@hotmail.com
Subject: Insurance company – information about recent data breach
Dear Renea Monterrubio,
As you may have heard or read, last month we learned that criminals forced their way into our systems, 
and stole information about our customers. Late last week, as part of our ongoing investigation, 
we learned that the taken information includes names, mailing addresses, phone numbers or email addresses.
 
I am writing to make you aware that your name, mailing address, phone number or email address may have been 
taken during the intrusion. 

I am truly sorry this incident occurred, and I sincerely regret any inconvenience it may cause you. 

Because we value you as a customer, and because your trust is important to us, our company is offering you one 
year of free credit monitoring through Experian’s ProtectMyID product, which includes identity theft insurance 
where available. You will receive more information about this offer via regular mail.

You can find additional information and FAQs about this incident at our website. If you have further questions, 
you may call us at 866-852-8680. 

Thank you for your patience and your loyalty. 
Sincerely,
Insurance Company CEO


From: insuranceCompany@ic.com
To: olive@aol.com
Subject: Insurance company – information about recent data breach
Dear Olive Matuszak,
As you may have heard or read, last month we learned that criminals forced their way into our systems, 
and stole information about our customers. Late last week, as part of our ongoing investigation, 
we learned that the taken information includes names, mailing addresses, phone numbers or email addresses.
 
I am writing to make you aware that your name, mailing address, phone number or email address may have been 
taken during the intrusion. 

I am truly sorry this incident occurred, and I sincerely regret any inconvenience it may cause you. 

Because we value you as a customer, and because your trust is important to us, our company is offering you one 
year of free credit monitoring through Experian’s ProtectMyID product, which includes identity theft insurance 
where available. You will receive more information about this offer via regular mail.

You can find additional information and FAQs about this incident at our website. If you have further questions, 
you may call us at 866-852-8680. 

Thank you for your patience and your loyalty. 
Sincerely,
Insurance Company CEO


From: insuranceCompany@ic.com
To: lreiber@cox.net
Subject: Insurance company – information about recent data breach
Dear Ligia Reiber,
As you may have heard or read, last month we learned that criminals forced their way into our systems, 
and stole information about our customers. Late last week, as part of our ongoing investigation, 
we learned that the taken information includes names, mailing addresses, phone numbers or email addresses.
 
I am writing to make you aware that your name, mailing address, phone number or email address may have been 
taken during the intrusion. 

I am truly sorry this incident occurred, and I sincerely regret any inconvenience it may cause you. 

Because we value you as a customer, and because your trust is important to us, our company is offering you one 
year of free credit monitoring through Experian’s ProtectMyID product, which includes identity theft insurance 
where available. You will receive more information about this offer via regular mail.

You can find additional information and FAQs about this incident at our website. If you have further questions, 
you may call us at 866-852-8680. 

Thank you for your patience and your loyalty. 
Sincerely,
Insurance Company CEO


From: insuranceCompany@ic.com
To: christiane.eschberger@yahoo.com
Subject: Insurance company – information about recent data breach
Dear Christiane Eschberger,
As you may have heard or read, last month we learned that criminals forced their way into our systems, 
and stole information about our customers. Late last week, as part of our ongoing investigation, 
we learned that the taken information includes names, mailing addresses, phone numbers or email addresses.
 
I am writing to make you aware that your name, mailing address, phone number or email address may have been 
taken during the intrusion. 

I am truly sorry this incident occurred, and I sincerely regret any inconvenience it may cause you. 

Because we value you as a customer, and because your trust is important to us, our company is offering you one 
year of free credit monitoring through Experian’s ProtectMyID product, which includes identity theft insurance 
where available. You will receive more information about this offer via regular mail.

You can find additional information and FAQs about this incident at our website. If you have further questions, 
you may call us at 866-852-8680. 

Thank you for your patience and your loyalty. 
Sincerely,
Insurance Company CEO


From: insuranceCompany@ic.com
To: goldie.schirpke@yahoo.com
Subject: Insurance company – information about recent data breach
Dear Goldie Schirpke,
As you may have heard or read, last month we learned that criminals forced their way into our systems, 
and stole information about our customers. Late last week, as part of our ongoing investigation, 
we learned that the taken information includes names, mailing addresses, phone numbers or email addresses.
 
I am writing to make you aware that your name, mailing address, phone number or email address may have been 
taken during the intrusion. 

I am truly sorry this incident occurred, and I sincerely regret any inconvenience it may cause you. 

Because we value you as a customer, and because your trust is important to us, our company is offering you one 
year of free credit monitoring through Experian’s ProtectMyID product, which includes identity theft insurance 
where available. You will receive more information about this offer via regular mail.

You can find additional information and FAQs about this incident at our website. If you have further questions, 
you may call us at 866-852-8680. 

Thank you for your patience and your loyalty. 
Sincerely,
Insurance Company CEO


From: insuranceCompany@ic.com
To: loreta.timenez@hotmail.com
Subject: Insurance company – information about recent data breach
Dear Loreta Timenez,
As you may have heard or read, last month we learned that criminals forced their way into our systems, 
and stole information about our customers. Late last week, as part of our ongoing investigation, 
we learned that the taken information includes names, mailing addresses, phone numbers or email addresses.
 
I am writing to make you aware that your name, mailing address, phone number or email address may have been 
taken during the intrusion. 

I am truly sorry this incident occurred, and I sincerely regret any inconvenience it may cause you. 

Because we value you as a customer, and because your trust is important to us, our company is offering you one 
year of free credit monitoring through Experian’s ProtectMyID product, which includes identity theft insurance 
where available. You will receive more information about this offer via regular mail.

You can find additional information and FAQs about this incident at our website. If you have further questions, 
you may call us at 866-852-8680. 

Thank you for your patience and your loyalty. 
Sincerely,
Insurance Company CEO


From: insuranceCompany@ic.com
To: fabiola.hauenstein@hauenstein.org
Subject: Insurance company – information about recent data breach
Dear Fabiola Hauenstein,
As you may have heard or read, last month we learned that criminals forced their way into our systems, 
and stole information about our customers. Late last week, as part of our ongoing investigation, 
we learned that the taken information includes names, mailing addresses, phone numbers or email addresses.
 
I am writing to make you aware that your name, mailing address, phone number or email address may have been 
taken during the intrusion. 

I am truly sorry this incident occurred, and I sincerely regret any inconvenience it may cause you. 

Because we value you as a customer, and because your trust is important to us, our company is offering you one 
year of free credit monitoring through Experian’s ProtectMyID product, which includes identity theft insurance 
where available. You will receive more information about this offer via regular mail.

You can find additional information and FAQs about this incident at our website. If you have further questions, 
you may call us at 866-852-8680. 

Thank you for your patience and your loyalty. 
Sincerely,
Insurance Company CEO


From: insuranceCompany@ic.com
To: amie.perigo@yahoo.com
Subject: Insurance company – information about recent data breach
Dear Amie Perigo,
As you may have heard or read, last month we learned that criminals forced their way into our systems, 
and stole information about our customers. Late last week, as part of our ongoing investigation, 
we learned that the taken information includes names, mailing addresses, phone numbers or email addresses.
 
I am writing to make you aware that your name, mailing address, phone number or email address may have been 
taken during the intrusion. 

I am truly sorry this incident occurred, and I sincerely regret any inconvenience it may cause you. 

Because we value you as a customer, and because your trust is important to us, our company is offering you one 
year of free credit monitoring through Experian’s ProtectMyID product, which includes identity theft insurance 
where available. You will receive more information about this offer via regular mail.

You can find additional information and FAQs about this incident at our website. If you have further questions, 
you may call us at 866-852-8680. 

Thank you for your patience and your loyalty. 
Sincerely,
Insurance Company CEO


From: insuranceCompany@ic.com
To: raina.brachle@brachle.org
Subject: Insurance company – information about recent data breach
Dear Raina Brachle,
As you may have heard or read, last month we learned that criminals forced their way into our systems, 
and stole information about our customers. Late last week, as part of our ongoing investigation, 
we learned that the taken information includes names, mailing addresses, phone numbers or email addresses.
 
I am writing to make you aware that your name, mailing address, phone number or email address may have been 
taken during the intrusion. 

I am truly sorry this incident occurred, and I sincerely regret any inconvenience it may cause you. 

Because we value you as a customer, and because your trust is important to us, our company is offering you one 
year of free credit monitoring through Experian’s ProtectMyID product, which includes identity theft insurance 
where available. You will receive more information about this offer via regular mail.

You can find additional information and FAQs about this incident at our website. If you have further questions, 
you may call us at 866-852-8680. 

Thank you for your patience and your loyalty. 
Sincerely,
Insurance Company CEO


From: insuranceCompany@ic.com
To: erinn.canlas@canlas.com
Subject: Insurance company – information about recent data breach
Dear Erinn Canlas,
As you may have heard or read, last month we learned that criminals forced their way into our systems, 
and stole information about our customers. Late last week, as part of our ongoing investigation, 
we learned that the taken information includes names, mailing addresses, phone numbers or email addresses.
 
I am writing to make you aware that your name, mailing address, phone number or email address may have been 
taken during the intrusion. 

I am truly sorry this incident occurred, and I sincerely regret any inconvenience it may cause you. 

Because we value you as a customer, and because your trust is important to us, our company is offering you one 
year of free credit monitoring through Experian’s ProtectMyID product, which includes identity theft insurance 
where available. You will receive more information about this offer via regular mail.

You can find additional information and FAQs about this incident at our website. If you have further questions, 
you may call us at 866-852-8680. 

Thank you for your patience and your loyalty. 
Sincerely,
Insurance Company CEO


From: insuranceCompany@ic.com
To: cherry@lietz.com
Subject: Insurance company – information about recent data breach
Dear Cherry Lietz,
As you may have heard or read, last month we learned that criminals forced their way into our systems, 
and stole information about our customers. Late last week, as part of our ongoing investigation, 
we learned that the taken information includes names, mailing addresses, phone numbers or email addresses.
 
I am writing to make you aware that your name, mailing address, phone number or email address may have been 
taken during the intrusion. 

I am truly sorry this incident occurred, and I sincerely regret any inconvenience it may cause you. 

Because we value you as a customer, and because your trust is important to us, our company is offering you one 
year of free credit monitoring through Experian’s ProtectMyID product, which includes identity theft insurance 
where available. You will receive more information about this offer via regular mail.

You can find additional information and FAQs about this incident at our website. If you have further questions, 
you may call us at 866-852-8680. 

Thank you for your patience and your loyalty. 
Sincerely,
Insurance Company CEO


From: insuranceCompany@ic.com
To: kattie@vonasek.org
Subject: Insurance company – information about recent data breach
Dear Kattie Vonasek,
As you may have heard or read, last month we learned that criminals forced their way into our systems, 
and stole information about our customers. Late last week, as part of our ongoing investigation, 
we learned that the taken information includes names, mailing addresses, phone numbers or email addresses.
 
I am writing to make you aware that your name, mailing address, phone number or email address may have been 
taken during the intrusion. 

I am truly sorry this incident occurred, and I sincerely regret any inconvenience it may cause you. 

Because we value you as a customer, and because your trust is important to us, our company is offering you one 
year of free credit monitoring through Experian’s ProtectMyID product, which includes identity theft insurance 
where available. You will receive more information about this offer via regular mail.

You can find additional information and FAQs about this incident at our website. If you have further questions, 
you may call us at 866-852-8680. 

Thank you for your patience and your loyalty. 
Sincerely,
Insurance Company CEO


From: insuranceCompany@ic.com
To: lilli@aol.com
Subject: Insurance company – information about recent data breach
Dear Lilli Scriven,
As you may have heard or read, last month we learned that criminals forced their way into our systems, 
and stole information about our customers. Late last week, as part of our ongoing investigation, 
we learned that the taken information includes names, mailing addresses, phone numbers or email addresses.
 
I am writing to make you aware that your name, mailing address, phone number or email address may have been 
taken during the intrusion. 

I am truly sorry this incident occurred, and I sincerely regret any inconvenience it may cause you. 

Because we value you as a customer, and because your trust is important to us, our company is offering you one 
year of free credit monitoring through Experian’s ProtectMyID product, which includes identity theft insurance 
where available. You will receive more information about this offer via regular mail.

You can find additional information and FAQs about this incident at our website. If you have further questions, 
you may call us at 866-852-8680. 

Thank you for your patience and your loyalty. 
Sincerely,
Insurance Company CEO


From: insuranceCompany@ic.com
To: whitley.tomasulo@aol.com
Subject: Insurance company – information about recent data breach
Dear Whitley Tomasulo,
As you may have heard or read, last month we learned that criminals forced their way into our systems, 
and stole information about our customers. Late last week, as part of our ongoing investigation, 
we learned that the taken information includes names, mailing addresses, phone numbers or email addresses.
 
I am writing to make you aware that your name, mailing address, phone number or email address may have been 
taken during the intrusion. 

I am truly sorry this incident occurred, and I sincerely regret any inconvenience it may cause you. 

Because we value you as a customer, and because your trust is important to us, our company is offering you one 
year of free credit monitoring through Experian’s ProtectMyID product, which includes identity theft insurance 
where available. You will receive more information about this offer via regular mail.

You can find additional information and FAQs about this incident at our website. If you have further questions, 
you may call us at 866-852-8680. 

Thank you for your patience and your loyalty. 
Sincerely,
Insurance Company CEO


From: insuranceCompany@ic.com
To: badkin@hotmail.com
Subject: Insurance company – information about recent data breach
Dear Barbra Adkin,
As you may have heard or read, last month we learned that criminals forced their way into our systems, 
and stole information about our customers. Late last week, as part of our ongoing investigation, 
we learned that the taken information includes names, mailing addresses, phone numbers or email addresses.
 
I am writing to make you aware that your name, mailing address, phone number or email address may have been 
taken during the intrusion. 

I am truly sorry this incident occurred, and I sincerely regret any inconvenience it may cause you. 

Because we value you as a customer, and because your trust is important to us, our company is offering you one 
year of free credit monitoring through Experian’s ProtectMyID product, which includes identity theft insurance 
where available. You will receive more information about this offer via regular mail.

You can find additional information and FAQs about this incident at our website. If you have further questions, 
you may call us at 866-852-8680. 

Thank you for your patience and your loyalty. 
Sincerely,
Insurance Company CEO


From: insuranceCompany@ic.com
To: hermila_thyberg@hotmail.com
Subject: Insurance company – information about recent data breach
Dear Hermila Thyberg,
As you may have heard or read, last month we learned that criminals forced their way into our systems, 
and stole information about our customers. Late last week, as part of our ongoing investigation, 
we learned that the taken information includes names, mailing addresses, phone numbers or email addresses.
 
I am writing to make you aware that your name, mailing address, phone number or email address may have been 
taken during the intrusion. 

I am truly sorry this incident occurred, and I sincerely regret any inconvenience it may cause you. 

Because we value you as a customer, and because your trust is important to us, our company is offering you one 
year of free credit monitoring through Experian’s ProtectMyID product, which includes identity theft insurance 
where available. You will receive more information about this offer via regular mail.

You can find additional information and FAQs about this incident at our website. If you have further questions, 
you may call us at 866-852-8680. 

Thank you for your patience and your loyalty. 
Sincerely,
Insurance Company CEO


From: insuranceCompany@ic.com
To: jesusita.flister@hotmail.com
Subject: Insurance company – information about recent data breach
Dear Jesusita Flister,
As you may have heard or read, last month we learned that criminals forced their way into our systems, 
and stole information about our customers. Late last week, as part of our ongoing investigation, 
we learned that the taken information includes names, mailing addresses, phone numbers or email addresses.
 
I am writing to make you aware that your name, mailing address, phone number or email address may have been 
taken during the intrusion. 

I am truly sorry this incident occurred, and I sincerely regret any inconvenience it may cause you. 

Because we value you as a customer, and because your trust is important to us, our company is offering you one 
year of free credit monitoring through Experian’s ProtectMyID product, which includes identity theft insurance 
where available. You will receive more information about this offer via regular mail.

You can find additional information and FAQs about this incident at our website. If you have further questions, 
you may call us at 866-852-8680. 

Thank you for your patience and your loyalty. 
Sincerely,
Insurance Company CEO


From: insuranceCompany@ic.com
To: caitlin.julia@julia.org
Subject: Insurance company – information about recent data breach
Dear Caitlin Julia,
As you may have heard or read, last month we learned that criminals forced their way into our systems, 
and stole information about our customers. Late last week, as part of our ongoing investigation, 
we learned that the taken information includes names, mailing addresses, phone numbers or email addresses.
 
I am writing to make you aware that your name, mailing address, phone number or email address may have been 
taken during the intrusion. 

I am truly sorry this incident occurred, and I sincerely regret any inconvenience it may cause you. 

Because we value you as a customer, and because your trust is important to us, our company is offering you one 
year of free credit monitoring through Experian’s ProtectMyID product, which includes identity theft insurance 
where available. You will receive more information about this offer via regular mail.

You can find additional information and FAQs about this incident at our website. If you have further questions, 
you may call us at 866-852-8680. 

Thank you for your patience and your loyalty. 
Sincerely,
Insurance Company CEO


From: insuranceCompany@ic.com
To: roosevelt.hoffis@aol.com
Subject: Insurance company – information about recent data breach
Dear Roosevelt Hoffis,
As you may have heard or read, last month we learned that criminals forced their way into our systems, 
and stole information about our customers. Late last week, as part of our ongoing investigation, 
we learned that the taken information includes names, mailing addresses, phone numbers or email addresses.
 
I am writing to make you aware that your name, mailing address, phone number or email address may have been 
taken during the intrusion. 

I am truly sorry this incident occurred, and I sincerely regret any inconvenience it may cause you. 

Because we value you as a customer, and because your trust is important to us, our company is offering you one 
year of free credit monitoring through Experian’s ProtectMyID product, which includes identity theft insurance 
where available. You will receive more information about this offer via regular mail.

You can find additional information and FAQs about this incident at our website. If you have further questions, 
you may call us at 866-852-8680. 

Thank you for your patience and your loyalty. 
Sincerely,
Insurance Company CEO


From: insuranceCompany@ic.com
To: hhalter@yahoo.com
Subject: Insurance company – information about recent data breach
Dear Helaine Halter,
As you may have heard or read, last month we learned that criminals forced their way into our systems, 
and stole information about our customers. Late last week, as part of our ongoing investigation, 
we learned that the taken information includes names, mailing addresses, phone numbers or email addresses.
 
I am writing to make you aware that your name, mailing address, phone number or email address may have been 
taken during the intrusion. 

I am truly sorry this incident occurred, and I sincerely regret any inconvenience it may cause you. 

Because we value you as a customer, and because your trust is important to us, our company is offering you one 
year of free credit monitoring through Experian’s ProtectMyID product, which includes identity theft insurance 
where available. You will receive more information about this offer via regular mail.

You can find additional information and FAQs about this incident at our website. If you have further questions, 
you may call us at 866-852-8680. 

Thank you for your patience and your loyalty. 
Sincerely,
Insurance Company CEO


From: insuranceCompany@ic.com
To: lorean.martabano@hotmail.com
Subject: Insurance company – information about recent data breach
Dear Lorean Martabano,
As you may have heard or read, last month we learned that criminals forced their way into our systems, 
and stole information about our customers. Late last week, as part of our ongoing investigation, 
we learned that the taken information includes names, mailing addresses, phone numbers or email addresses.
 
I am writing to make you aware that your name, mailing address, phone number or email address may have been 
taken during the intrusion. 

I am truly sorry this incident occurred, and I sincerely regret any inconvenience it may cause you. 

Because we value you as a customer, and because your trust is important to us, our company is offering you one 
year of free credit monitoring through Experian’s ProtectMyID product, which includes identity theft insurance 
where available. You will receive more information about this offer via regular mail.

You can find additional information and FAQs about this incident at our website. If you have further questions, 
you may call us at 866-852-8680. 

Thank you for your patience and your loyalty. 
Sincerely,
Insurance Company CEO


From: insuranceCompany@ic.com
To: france.buzick@yahoo.com
Subject: Insurance company – information about recent data breach
Dear France Buzick,
As you may have heard or read, last month we learned that criminals forced their way into our systems, 
and stole information about our customers. Late last week, as part of our ongoing investigation, 
we learned that the taken information includes names, mailing addresses, phone numbers or email addresses.
 
I am writing to make you aware that your name, mailing address, phone number or email address may have been 
taken during the intrusion. 

I am truly sorry this incident occurred, and I sincerely regret any inconvenience it may cause you. 

Because we value you as a customer, and because your trust is important to us, our company is offering you one 
year of free credit monitoring through Experian’s ProtectMyID product, which includes identity theft insurance 
where available. You will receive more information about this offer via regular mail.

You can find additional information and FAQs about this incident at our website. If you have further questions, 
you may call us at 866-852-8680. 

Thank you for your patience and your loyalty. 
Sincerely,
Insurance Company CEO


From: insuranceCompany@ic.com
To: jferrario@hotmail.com
Subject: Insurance company – information about recent data breach
Dear Justine Ferrario,
As you may have heard or read, last month we learned that criminals forced their way into our systems, 
and stole information about our customers. Late last week, as part of our ongoing investigation, 
we learned that the taken information includes names, mailing addresses, phone numbers or email addresses.
 
I am writing to make you aware that your name, mailing address, phone number or email address may have been 
taken during the intrusion. 

I am truly sorry this incident occurred, and I sincerely regret any inconvenience it may cause you. 

Because we value you as a customer, and because your trust is important to us, our company is offering you one 
year of free credit monitoring through Experian’s ProtectMyID product, which includes identity theft insurance 
where available. You will receive more information about this offer via regular mail.

You can find additional information and FAQs about this incident at our website. If you have further questions, 
you may call us at 866-852-8680. 

Thank you for your patience and your loyalty. 
Sincerely,
Insurance Company CEO


From: insuranceCompany@ic.com
To: adelina_nabours@gmail.com
Subject: Insurance company – information about recent data breach
Dear Adelina Nabours,
As you may have heard or read, last month we learned that criminals forced their way into our systems, 
and stole information about our customers. Late last week, as part of our ongoing investigation, 
we learned that the taken information includes names, mailing addresses, phone numbers or email addresses.
 
I am writing to make you aware that your name, mailing address, phone number or email address may have been 
taken during the intrusion. 

I am truly sorry this incident occurred, and I sincerely regret any inconvenience it may cause you. 

Because we value you as a customer, and because your trust is important to us, our company is offering you one 
year of free credit monitoring through Experian’s ProtectMyID product, which includes identity theft insurance 
where available. You will receive more information about this offer via regular mail.

You can find additional information and FAQs about this incident at our website. If you have further questions, 
you may call us at 866-852-8680. 

Thank you for your patience and your loyalty. 
Sincerely,
Insurance Company CEO


From: insuranceCompany@ic.com
To: ddhamer@cox.net
Subject: Insurance company – information about recent data breach
Dear Derick Dhamer,
As you may have heard or read, last month we learned that criminals forced their way into our systems, 
and stole information about our customers. Late last week, as part of our ongoing investigation, 
we learned that the taken information includes names, mailing addresses, phone numbers or email addresses.
 
I am writing to make you aware that your name, mailing address, phone number or email address may have been 
taken during the intrusion. 

I am truly sorry this incident occurred, and I sincerely regret any inconvenience it may cause you. 

Because we value you as a customer, and because your trust is important to us, our company is offering you one 
year of free credit monitoring through Experian’s ProtectMyID product, which includes identity theft insurance 
where available. You will receive more information about this offer via regular mail.

You can find additional information and FAQs about this incident at our website. If you have further questions, 
you may call us at 866-852-8680. 

Thank you for your patience and your loyalty. 
Sincerely,
Insurance Company CEO


From: insuranceCompany@ic.com
To: jerry.dallen@yahoo.com
Subject: Insurance company – information about recent data breach
Dear Jerry Dallen,
As you may have heard or read, last month we learned that criminals forced their way into our systems, 
and stole information about our customers. Late last week, as part of our ongoing investigation, 
we learned that the taken information includes names, mailing addresses, phone numbers or email addresses.
 
I am writing to make you aware that your name, mailing address, phone number or email address may have been 
taken during the intrusion. 

I am truly sorry this incident occurred, and I sincerely regret any inconvenience it may cause you. 

Because we value you as a customer, and because your trust is important to us, our company is offering you one 
year of free credit monitoring through Experian’s ProtectMyID product, which includes identity theft insurance 
where available. You will receive more information about this offer via regular mail.

You can find additional information and FAQs about this incident at our website. If you have further questions, 
you may call us at 866-852-8680. 

Thank you for your patience and your loyalty. 
Sincerely,
Insurance Company CEO


From: insuranceCompany@ic.com
To: leota.ragel@gmail.com
Subject: Insurance company – information about recent data breach
Dear Leota Ragel,
As you may have heard or read, last month we learned that criminals forced their way into our systems, 
and stole information about our customers. Late last week, as part of our ongoing investigation, 
we learned that the taken information includes names, mailing addresses, phone numbers or email addresses.
 
I am writing to make you aware that your name, mailing address, phone number or email address may have been 
taken during the intrusion. 

I am truly sorry this incident occurred, and I sincerely regret any inconvenience it may cause you. 

Because we value you as a customer, and because your trust is important to us, our company is offering you one 
year of free credit monitoring through Experian’s ProtectMyID product, which includes identity theft insurance 
where available. You will receive more information about this offer via regular mail.

You can find additional information and FAQs about this incident at our website. If you have further questions, 
you may call us at 866-852-8680. 

Thank you for your patience and your loyalty. 
Sincerely,
Insurance Company CEO


From: insuranceCompany@ic.com
To: jamyot@hotmail.com
Subject: Insurance company – information about recent data breach
Dear Jutta Amyot,
As you may have heard or read, last month we learned that criminals forced their way into our systems, 
and stole information about our customers. Late last week, as part of our ongoing investigation, 
we learned that the taken information includes names, mailing addresses, phone numbers or email addresses.
 
I am writing to make you aware that your name, mailing address, phone number or email address may have been 
taken during the intrusion. 

I am truly sorry this incident occurred, and I sincerely regret any inconvenience it may cause you. 

Because we value you as a customer, and because your trust is important to us, our company is offering you one 
year of free credit monitoring through Experian’s ProtectMyID product, which includes identity theft insurance 
where available. You will receive more information about this offer via regular mail.

You can find additional information and FAQs about this incident at our website. If you have further questions, 
you may call us at 866-852-8680. 

Thank you for your patience and your loyalty. 
Sincerely,
Insurance Company CEO


From: insuranceCompany@ic.com
To: aja_gehrett@hotmail.com
Subject: Insurance company – information about recent data breach
Dear Aja Gehrett,
As you may have heard or read, last month we learned that criminals forced their way into our systems, 
and stole information about our customers. Late last week, as part of our ongoing investigation, 
we learned that the taken information includes names, mailing addresses, phone numbers or email addresses.
 
I am writing to make you aware that your name, mailing address, phone number or email address may have been 
taken during the intrusion. 

I am truly sorry this incident occurred, and I sincerely regret any inconvenience it may cause you. 

Because we value you as a customer, and because your trust is important to us, our company is offering you one 
year of free credit monitoring through Experian’s ProtectMyID product, which includes identity theft insurance 
where available. You will receive more information about this offer via regular mail.

You can find additional information and FAQs about this incident at our website. If you have further questions, 
you may call us at 866-852-8680. 

Thank you for your patience and your loyalty. 
Sincerely,
Insurance Company CEO


From: insuranceCompany@ic.com
To: kirk.herritt@aol.com
Subject: Insurance company – information about recent data breach
Dear Kirk Herritt,
As you may have heard or read, last month we learned that criminals forced their way into our systems, 
and stole information about our customers. Late last week, as part of our ongoing investigation, 
we learned that the taken information includes names, mailing addresses, phone numbers or email addresses.
 
I am writing to make you aware that your name, mailing address, phone number or email address may have been 
taken during the intrusion. 

I am truly sorry this incident occurred, and I sincerely regret any inconvenience it may cause you. 

Because we value you as a customer, and because your trust is important to us, our company is offering you one 
year of free credit monitoring through Experian’s ProtectMyID product, which includes identity theft insurance 
where available. You will receive more information about this offer via regular mail.

You can find additional information and FAQs about this incident at our website. If you have further questions, 
you may call us at 866-852-8680. 

Thank you for your patience and your loyalty. 
Sincerely,
Insurance Company CEO


From: insuranceCompany@ic.com
To: leonora@yahoo.com
Subject: Insurance company – information about recent data breach
Dear Leonora Mauson,
As you may have heard or read, last month we learned that criminals forced their way into our systems, 
and stole information about our customers. Late last week, as part of our ongoing investigation, 
we learned that the taken information includes names, mailing addresses, phone numbers or email addresses.
 
I am writing to make you aware that your name, mailing address, phone number or email address may have been 
taken during the intrusion. 

I am truly sorry this incident occurred, and I sincerely regret any inconvenience it may cause you. 

Because we value you as a customer, and because your trust is important to us, our company is offering you one 
year of free credit monitoring through Experian’s ProtectMyID product, which includes identity theft insurance 
where available. You will receive more information about this offer via regular mail.

You can find additional information and FAQs about this incident at our website. If you have further questions, 
you may call us at 866-852-8680. 

Thank you for your patience and your loyalty. 
Sincerely,
Insurance Company CEO


From: insuranceCompany@ic.com
To: winfred_brucato@hotmail.com
Subject: Insurance company – information about recent data breach
Dear Winfred Brucato,
As you may have heard or read, last month we learned that criminals forced their way into our systems, 
and stole information about our customers. Late last week, as part of our ongoing investigation, 
we learned that the taken information includes names, mailing addresses, phone numbers or email addresses.
 
I am writing to make you aware that your name, mailing address, phone number or email address may have been 
taken during the intrusion. 

I am truly sorry this incident occurred, and I sincerely regret any inconvenience it may cause you. 

Because we value you as a customer, and because your trust is important to us, our company is offering you one 
year of free credit monitoring through Experian’s ProtectMyID product, which includes identity theft insurance 
where available. You will receive more information about this offer via regular mail.

You can find additional information and FAQs about this incident at our website. If you have further questions, 
you may call us at 866-852-8680. 

Thank you for your patience and your loyalty. 
Sincerely,
Insurance Company CEO


From: insuranceCompany@ic.com
To: tarra.nachor@cox.net
Subject: Insurance company – information about recent data breach
Dear Tarra Nachor,
As you may have heard or read, last month we learned that criminals forced their way into our systems, 
and stole information about our customers. Late last week, as part of our ongoing investigation, 
we learned that the taken information includes names, mailing addresses, phone numbers or email addresses.
 
I am writing to make you aware that your name, mailing address, phone number or email address may have been 
taken during the intrusion. 

I am truly sorry this incident occurred, and I sincerely regret any inconvenience it may cause you. 

Because we value you as a customer, and because your trust is important to us, our company is offering you one 
year of free credit monitoring through Experian’s ProtectMyID product, which includes identity theft insurance 
where available. You will receive more information about this offer via regular mail.

You can find additional information and FAQs about this incident at our website. If you have further questions, 
you may call us at 866-852-8680. 

Thank you for your patience and your loyalty. 
Sincerely,
Insurance Company CEO


From: insuranceCompany@ic.com
To: corinne@loder.org
Subject: Insurance company – information about recent data breach
Dear Corinne Loder,
As you may have heard or read, last month we learned that criminals forced their way into our systems, 
and stole information about our customers. Late last week, as part of our ongoing investigation, 
we learned that the taken information includes names, mailing addresses, phone numbers or email addresses.
 
I am writing to make you aware that your name, mailing address, phone number or email address may have been 
taken during the intrusion. 

I am truly sorry this incident occurred, and I sincerely regret any inconvenience it may cause you. 

Because we value you as a customer, and because your trust is important to us, our company is offering you one 
year of free credit monitoring through Experian’s ProtectMyID product, which includes identity theft insurance 
where available. You will receive more information about this offer via regular mail.

You can find additional information and FAQs about this incident at our website. If you have further questions, 
you may call us at 866-852-8680. 

Thank you for your patience and your loyalty. 
Sincerely,
Insurance Company CEO


From: insuranceCompany@ic.com
To: dulce_labreche@yahoo.com
Subject: Insurance company – information about recent data breach
Dear Dulce Labreche,
As you may have heard or read, last month we learned that criminals forced their way into our systems, 
and stole information about our customers. Late last week, as part of our ongoing investigation, 
we learned that the taken information includes names, mailing addresses, phone numbers or email addresses.
 
I am writing to make you aware that your name, mailing address, phone number or email address may have been 
taken during the intrusion. 

I am truly sorry this incident occurred, and I sincerely regret any inconvenience it may cause you. 

Because we value you as a customer, and because your trust is important to us, our company is offering you one 
year of free credit monitoring through Experian’s ProtectMyID product, which includes identity theft insurance 
where available. You will receive more information about this offer via regular mail.

You can find additional information and FAQs about this incident at our website. If you have further questions, 
you may call us at 866-852-8680. 

Thank you for your patience and your loyalty. 
Sincerely,
Insurance Company CEO


From: insuranceCompany@ic.com
To: kate_keneipp@yahoo.com
Subject: Insurance company – information about recent data breach
Dear Kate Keneipp,
As you may have heard or read, last month we learned that criminals forced their way into our systems, 
and stole information about our customers. Late last week, as part of our ongoing investigation, 
we learned that the taken information includes names, mailing addresses, phone numbers or email addresses.
 
I am writing to make you aware that your name, mailing address, phone number or email address may have been 
taken during the intrusion. 

I am truly sorry this incident occurred, and I sincerely regret any inconvenience it may cause you. 

Because we value you as a customer, and because your trust is important to us, our company is offering you one 
year of free credit monitoring through Experian’s ProtectMyID product, which includes identity theft insurance 
where available. You will receive more information about this offer via regular mail.

You can find additional information and FAQs about this incident at our website. If you have further questions, 
you may call us at 866-852-8680. 

Thank you for your patience and your loyalty. 
Sincerely,
Insurance Company CEO


From: insuranceCompany@ic.com
To: kaitlyn.ogg@gmail.com
Subject: Insurance company – information about recent data breach
Dear Kaitlyn Ogg,
As you may have heard or read, last month we learned that criminals forced their way into our systems, 
and stole information about our customers. Late last week, as part of our ongoing investigation, 
we learned that the taken information includes names, mailing addresses, phone numbers or email addresses.
 
I am writing to make you aware that your name, mailing address, phone number or email address may have been 
taken during the intrusion. 

I am truly sorry this incident occurred, and I sincerely regret any inconvenience it may cause you. 

Because we value you as a customer, and because your trust is important to us, our company is offering you one 
year of free credit monitoring through Experian’s ProtectMyID product, which includes identity theft insurance 
where available. You will receive more information about this offer via regular mail.

You can find additional information and FAQs about this incident at our website. If you have further questions, 
you may call us at 866-852-8680. 

Thank you for your patience and your loyalty. 
Sincerely,
Insurance Company CEO


From: insuranceCompany@ic.com
To: sherita.saras@cox.net
Subject: Insurance company – information about recent data breach
Dear Sherita Saras,
As you may have heard or read, last month we learned that criminals forced their way into our systems, 
and stole information about our customers. Late last week, as part of our ongoing investigation, 
we learned that the taken information includes names, mailing addresses, phone numbers or email addresses.
 
I am writing to make you aware that your name, mailing address, phone number or email address may have been 
taken during the intrusion. 

I am truly sorry this incident occurred, and I sincerely regret any inconvenience it may cause you. 

Because we value you as a customer, and because your trust is important to us, our company is offering you one 
year of free credit monitoring through Experian’s ProtectMyID product, which includes identity theft insurance 
where available. You will receive more information about this offer via regular mail.

You can find additional information and FAQs about this incident at our website. If you have further questions, 
you may call us at 866-852-8680. 

Thank you for your patience and your loyalty. 
Sincerely,
Insurance Company CEO


From: insuranceCompany@ic.com
To: lstuer@cox.net
Subject: Insurance company – information about recent data breach
Dear Lashawnda Stuer,
As you may have heard or read, last month we learned that criminals forced their way into our systems, 
and stole information about our customers. Late last week, as part of our ongoing investigation, 
we learned that the taken information includes names, mailing addresses, phone numbers or email addresses.
 
I am writing to make you aware that your name, mailing address, phone number or email address may have been 
taken during the intrusion. 

I am truly sorry this incident occurred, and I sincerely regret any inconvenience it may cause you. 

Because we value you as a customer, and because your trust is important to us, our company is offering you one 
year of free credit monitoring through Experian’s ProtectMyID product, which includes identity theft insurance 
where available. You will receive more information about this offer via regular mail.

You can find additional information and FAQs about this incident at our website. If you have further questions, 
you may call us at 866-852-8680. 

Thank you for your patience and your loyalty. 
Sincerely,
Insurance Company CEO


From: insuranceCompany@ic.com
To: ernest@cox.net
Subject: Insurance company – information about recent data breach
Dear Ernest Syrop,
As you may have heard or read, last month we learned that criminals forced their way into our systems, 
and stole information about our customers. Late last week, as part of our ongoing investigation, 
we learned that the taken information includes names, mailing addresses, phone numbers or email addresses.
 
I am writing to make you aware that your name, mailing address, phone number or email address may have been 
taken during the intrusion. 

I am truly sorry this incident occurred, and I sincerely regret any inconvenience it may cause you. 

Because we value you as a customer, and because your trust is important to us, our company is offering you one 
year of free credit monitoring through Experian’s ProtectMyID product, which includes identity theft insurance 
where available. You will receive more information about this offer via regular mail.

You can find additional information and FAQs about this incident at our website. If you have further questions, 
you may call us at 866-852-8680. 

Thank you for your patience and your loyalty. 
Sincerely,
Insurance Company CEO


From: insuranceCompany@ic.com
To: nobuko.halsey@yahoo.com
Subject: Insurance company – information about recent data breach
Dear Nobuko Halsey,
As you may have heard or read, last month we learned that criminals forced their way into our systems, 
and stole information about our customers. Late last week, as part of our ongoing investigation, 
we learned that the taken information includes names, mailing addresses, phone numbers or email addresses.
 
I am writing to make you aware that your name, mailing address, phone number or email address may have been 
taken during the intrusion. 

I am truly sorry this incident occurred, and I sincerely regret any inconvenience it may cause you. 

Because we value you as a customer, and because your trust is important to us, our company is offering you one 
year of free credit monitoring through Experian’s ProtectMyID product, which includes identity theft insurance 
where available. You will receive more information about this offer via regular mail.

You can find additional information and FAQs about this incident at our website. If you have further questions, 
you may call us at 866-852-8680. 

Thank you for your patience and your loyalty. 
Sincerely,
Insurance Company CEO


From: insuranceCompany@ic.com
To: lavonna.wolny@hotmail.com
Subject: Insurance company – information about recent data breach
Dear Lavonna Wolny,
As you may have heard or read, last month we learned that criminals forced their way into our systems, 
and stole information about our customers. Late last week, as part of our ongoing investigation, 
we learned that the taken information includes names, mailing addresses, phone numbers or email addresses.
 
I am writing to make you aware that your name, mailing address, phone number or email address may have been 
taken during the intrusion. 

I am truly sorry this incident occurred, and I sincerely regret any inconvenience it may cause you. 

Because we value you as a customer, and because your trust is important to us, our company is offering you one 
year of free credit monitoring through Experian’s ProtectMyID product, which includes identity theft insurance 
where available. You will receive more information about this offer via regular mail.

You can find additional information and FAQs about this incident at our website. If you have further questions, 
you may call us at 866-852-8680. 

Thank you for your patience and your loyalty. 
Sincerely,
Insurance Company CEO


From: insuranceCompany@ic.com
To: llizama@cox.net
Subject: Insurance company – information about recent data breach
Dear Lashaunda Lizama,
As you may have heard or read, last month we learned that criminals forced their way into our systems, 
and stole information about our customers. Late last week, as part of our ongoing investigation, 
we learned that the taken information includes names, mailing addresses, phone numbers or email addresses.
 
I am writing to make you aware that your name, mailing address, phone number or email address may have been 
taken during the intrusion. 

I am truly sorry this incident occurred, and I sincerely regret any inconvenience it may cause you. 

Because we value you as a customer, and because your trust is important to us, our company is offering you one 
year of free credit monitoring through Experian’s ProtectMyID product, which includes identity theft insurance 
where available. You will receive more information about this offer via regular mail.

You can find additional information and FAQs about this incident at our website. If you have further questions, 
you may call us at 866-852-8680. 

Thank you for your patience and your loyalty. 
Sincerely,
Insurance Company CEO


From: insuranceCompany@ic.com
To: mariann.bilden@aol.com
Subject: Insurance company – information about recent data breach
Dear Mariann Bilden,
As you may have heard or read, last month we learned that criminals forced their way into our systems, 
and stole information about our customers. Late last week, as part of our ongoing investigation, 
we learned that the taken information includes names, mailing addresses, phone numbers or email addresses.
 
I am writing to make you aware that your name, mailing address, phone number or email address may have been 
taken during the intrusion. 

I am truly sorry this incident occurred, and I sincerely regret any inconvenience it may cause you. 

Because we value you as a customer, and because your trust is important to us, our company is offering you one 
year of free credit monitoring through Experian’s ProtectMyID product, which includes identity theft insurance 
where available. You will receive more information about this offer via regular mail.

You can find additional information and FAQs about this incident at our website. If you have further questions, 
you may call us at 866-852-8680. 

Thank you for your patience and your loyalty. 
Sincerely,
Insurance Company CEO


From: insuranceCompany@ic.com
To: helene@aol.com
Subject: Insurance company – information about recent data breach
Dear Helene Rodenberger,
As you may have heard or read, last month we learned that criminals forced their way into our systems, 
and stole information about our customers. Late last week, as part of our ongoing investigation, 
we learned that the taken information includes names, mailing addresses, phone numbers or email addresses.
 
I am writing to make you aware that your name, mailing address, phone number or email address may have been 
taken during the intrusion. 

I am truly sorry this incident occurred, and I sincerely regret any inconvenience it may cause you. 

Because we value you as a customer, and because your trust is important to us, our company is offering you one 
year of free credit monitoring through Experian’s ProtectMyID product, which includes identity theft insurance 
where available. You will receive more information about this offer via regular mail.

You can find additional information and FAQs about this incident at our website. If you have further questions, 
you may call us at 866-852-8680. 

Thank you for your patience and your loyalty. 
Sincerely,
Insurance Company CEO


From: insuranceCompany@ic.com
To: roselle.estell@hotmail.com
Subject: Insurance company – information about recent data breach
Dear Roselle Estell,
As you may have heard or read, last month we learned that criminals forced their way into our systems, 
and stole information about our customers. Late last week, as part of our ongoing investigation, 
we learned that the taken information includes names, mailing addresses, phone numbers or email addresses.
 
I am writing to make you aware that your name, mailing address, phone number or email address may have been 
taken during the intrusion. 

I am truly sorry this incident occurred, and I sincerely regret any inconvenience it may cause you. 

Because we value you as a customer, and because your trust is important to us, our company is offering you one 
year of free credit monitoring through Experian’s ProtectMyID product, which includes identity theft insurance 
where available. You will receive more information about this offer via regular mail.

You can find additional information and FAQs about this incident at our website. If you have further questions, 
you may call us at 866-852-8680. 

Thank you for your patience and your loyalty. 
Sincerely,
Insurance Company CEO


From: insuranceCompany@ic.com
To: sheintzman@hotmail.com
Subject: Insurance company – information about recent data breach
Dear Samira Heintzman,
As you may have heard or read, last month we learned that criminals forced their way into our systems, 
and stole information about our customers. Late last week, as part of our ongoing investigation, 
we learned that the taken information includes names, mailing addresses, phone numbers or email addresses.
 
I am writing to make you aware that your name, mailing address, phone number or email address may have been 
taken during the intrusion. 

I am truly sorry this incident occurred, and I sincerely regret any inconvenience it may cause you. 

Because we value you as a customer, and because your trust is important to us, our company is offering you one 
year of free credit monitoring through Experian’s ProtectMyID product, which includes identity theft insurance 
where available. You will receive more information about this offer via regular mail.

You can find additional information and FAQs about this incident at our website. If you have further questions, 
you may call us at 866-852-8680. 

Thank you for your patience and your loyalty. 
Sincerely,
Insurance Company CEO


From: insuranceCompany@ic.com
To: margart_meisel@yahoo.com
Subject: Insurance company – information about recent data breach
Dear Margart Meisel,
As you may have heard or read, last month we learned that criminals forced their way into our systems, 
and stole information about our customers. Late last week, as part of our ongoing investigation, 
we learned that the taken information includes names, mailing addresses, phone numbers or email addresses.
 
I am writing to make you aware that your name, mailing address, phone number or email address may have been 
taken during the intrusion. 

I am truly sorry this incident occurred, and I sincerely regret any inconvenience it may cause you. 

Because we value you as a customer, and because your trust is important to us, our company is offering you one 
year of free credit monitoring through Experian’s ProtectMyID product, which includes identity theft insurance 
where available. You will receive more information about this offer via regular mail.

You can find additional information and FAQs about this incident at our website. If you have further questions, 
you may call us at 866-852-8680. 

Thank you for your patience and your loyalty. 
Sincerely,
Insurance Company CEO


From: insuranceCompany@ic.com
To: kristofer.bennick@yahoo.com
Subject: Insurance company – information about recent data breach
Dear Kristofer Bennick,
As you may have heard or read, last month we learned that criminals forced their way into our systems, 
and stole information about our customers. Late last week, as part of our ongoing investigation, 
we learned that the taken information includes names, mailing addresses, phone numbers or email addresses.
 
I am writing to make you aware that your name, mailing address, phone number or email address may have been 
taken during the intrusion. 

I am truly sorry this incident occurred, and I sincerely regret any inconvenience it may cause you. 

Because we value you as a customer, and because your trust is important to us, our company is offering you one 
year of free credit monitoring through Experian’s ProtectMyID product, which includes identity theft insurance 
where available. You will receive more information about this offer via regular mail.

You can find additional information and FAQs about this incident at our website. If you have further questions, 
you may call us at 866-852-8680. 

Thank you for your patience and your loyalty. 
Sincerely,
Insurance Company CEO


From: insuranceCompany@ic.com
To: wacuff@gmail.com
Subject: Insurance company – information about recent data breach
Dear Weldon Acuff,
As you may have heard or read, last month we learned that criminals forced their way into our systems, 
and stole information about our customers. Late last week, as part of our ongoing investigation, 
we learned that the taken information includes names, mailing addresses, phone numbers or email addresses.
 
I am writing to make you aware that your name, mailing address, phone number or email address may have been 
taken during the intrusion. 

I am truly sorry this incident occurred, and I sincerely regret any inconvenience it may cause you. 

Because we value you as a customer, and because your trust is important to us, our company is offering you one 
year of free credit monitoring through Experian’s ProtectMyID product, which includes identity theft insurance 
where available. You will receive more information about this offer via regular mail.

You can find additional information and FAQs about this incident at our website. If you have further questions, 
you may call us at 866-852-8680. 

Thank you for your patience and your loyalty. 
Sincerely,
Insurance Company CEO


From: insuranceCompany@ic.com
To: shalon@cox.net
Subject: Insurance company – information about recent data breach
Dear Shalon Shadrick,
As you may have heard or read, last month we learned that criminals forced their way into our systems, 
and stole information about our customers. Late last week, as part of our ongoing investigation, 
we learned that the taken information includes names, mailing addresses, phone numbers or email addresses.
 
I am writing to make you aware that your name, mailing address, phone number or email address may have been 
taken during the intrusion. 

I am truly sorry this incident occurred, and I sincerely regret any inconvenience it may cause you. 

Because we value you as a customer, and because your trust is important to us, our company is offering you one 
year of free credit monitoring through Experian’s ProtectMyID product, which includes identity theft insurance 
where available. You will receive more information about this offer via regular mail.

You can find additional information and FAQs about this incident at our website. If you have further questions, 
you may call us at 866-852-8680. 

Thank you for your patience and your loyalty. 
Sincerely,
Insurance Company CEO


From: insuranceCompany@ic.com
To: denise@patak.org
Subject: Insurance company – information about recent data breach
Dear Denise Patak,
As you may have heard or read, last month we learned that criminals forced their way into our systems, 
and stole information about our customers. Late last week, as part of our ongoing investigation, 
we learned that the taken information includes names, mailing addresses, phone numbers or email addresses.
 
I am writing to make you aware that your name, mailing address, phone number or email address may have been 
taken during the intrusion. 

I am truly sorry this incident occurred, and I sincerely regret any inconvenience it may cause you. 

Because we value you as a customer, and because your trust is important to us, our company is offering you one 
year of free credit monitoring through Experian’s ProtectMyID product, which includes identity theft insurance 
where available. You will receive more information about this offer via regular mail.

You can find additional information and FAQs about this incident at our website. If you have further questions, 
you may call us at 866-852-8680. 

Thank you for your patience and your loyalty. 
Sincerely,
Insurance Company CEO


From: insuranceCompany@ic.com
To: louvenia.beech@beech.com
Subject: Insurance company – information about recent data breach
Dear Louvenia Beech,
As you may have heard or read, last month we learned that criminals forced their way into our systems, 
and stole information about our customers. Late last week, as part of our ongoing investigation, 
we learned that the taken information includes names, mailing addresses, phone numbers or email addresses.
 
I am writing to make you aware that your name, mailing address, phone number or email address may have been 
taken during the intrusion. 

I am truly sorry this incident occurred, and I sincerely regret any inconvenience it may cause you. 

Because we value you as a customer, and because your trust is important to us, our company is offering you one 
year of free credit monitoring through Experian’s ProtectMyID product, which includes identity theft insurance 
where available. You will receive more information about this offer via regular mail.

You can find additional information and FAQs about this incident at our website. If you have further questions, 
you may call us at 866-852-8680. 

Thank you for your patience and your loyalty. 
Sincerely,
Insurance Company CEO


From: insuranceCompany@ic.com
To: audry.yaw@yaw.org
Subject: Insurance company – information about recent data breach
Dear Audry Yaw,
As you may have heard or read, last month we learned that criminals forced their way into our systems, 
and stole information about our customers. Late last week, as part of our ongoing investigation, 
we learned that the taken information includes names, mailing addresses, phone numbers or email addresses.
 
I am writing to make you aware that your name, mailing address, phone number or email address may have been 
taken during the intrusion. 

I am truly sorry this incident occurred, and I sincerely regret any inconvenience it may cause you. 

Because we value you as a customer, and because your trust is important to us, our company is offering you one 
year of free credit monitoring through Experian’s ProtectMyID product, which includes identity theft insurance 
where available. You will receive more information about this offer via regular mail.

You can find additional information and FAQs about this incident at our website. If you have further questions, 
you may call us at 866-852-8680. 

Thank you for your patience and your loyalty. 
Sincerely,
Insurance Company CEO


From: insuranceCompany@ic.com
To: kristel.ehmann@aol.com
Subject: Insurance company – information about recent data breach
Dear Kristel Ehmann,
As you may have heard or read, last month we learned that criminals forced their way into our systems, 
and stole information about our customers. Late last week, as part of our ongoing investigation, 
we learned that the taken information includes names, mailing addresses, phone numbers or email addresses.
 
I am writing to make you aware that your name, mailing address, phone number or email address may have been 
taken during the intrusion. 

I am truly sorry this incident occurred, and I sincerely regret any inconvenience it may cause you. 

Because we value you as a customer, and because your trust is important to us, our company is offering you one 
year of free credit monitoring through Experian’s ProtectMyID product, which includes identity theft insurance 
where available. You will receive more information about this offer via regular mail.

You can find additional information and FAQs about this incident at our website. If you have further questions, 
you may call us at 866-852-8680. 

Thank you for your patience and your loyalty. 
Sincerely,
Insurance Company CEO


From: insuranceCompany@ic.com
To: vzepp@gmail.com
Subject: Insurance company – information about recent data breach
Dear Vincenza Zepp,
As you may have heard or read, last month we learned that criminals forced their way into our systems, 
and stole information about our customers. Late last week, as part of our ongoing investigation, 
we learned that the taken information includes names, mailing addresses, phone numbers or email addresses.
 
I am writing to make you aware that your name, mailing address, phone number or email address may have been 
taken during the intrusion. 

I am truly sorry this incident occurred, and I sincerely regret any inconvenience it may cause you. 

Because we value you as a customer, and because your trust is important to us, our company is offering you one 
year of free credit monitoring through Experian’s ProtectMyID product, which includes identity theft insurance 
where available. You will receive more information about this offer via regular mail.

You can find additional information and FAQs about this incident at our website. If you have further questions, 
you may call us at 866-852-8680. 

Thank you for your patience and your loyalty. 
Sincerely,
Insurance Company CEO


From: insuranceCompany@ic.com
To: egwalthney@yahoo.com
Subject: Insurance company – information about recent data breach
Dear Elouise Gwalthney,
As you may have heard or read, last month we learned that criminals forced their way into our systems, 
and stole information about our customers. Late last week, as part of our ongoing investigation, 
we learned that the taken information includes names, mailing addresses, phone numbers or email addresses.
 
I am writing to make you aware that your name, mailing address, phone number or email address may have been 
taken during the intrusion. 

I am truly sorry this incident occurred, and I sincerely regret any inconvenience it may cause you. 

Because we value you as a customer, and because your trust is important to us, our company is offering you one 
year of free credit monitoring through Experian’s ProtectMyID product, which includes identity theft insurance 
where available. You will receive more information about this offer via regular mail.

You can find additional information and FAQs about this incident at our website. If you have further questions, 
you may call us at 866-852-8680. 

Thank you for your patience and your loyalty. 
Sincerely,
Insurance Company CEO


From: insuranceCompany@ic.com
To: venita_maillard@gmail.com
Subject: Insurance company – information about recent data breach
Dear Venita Maillard,
As you may have heard or read, last month we learned that criminals forced their way into our systems, 
and stole information about our customers. Late last week, as part of our ongoing investigation, 
we learned that the taken information includes names, mailing addresses, phone numbers or email addresses.
 
I am writing to make you aware that your name, mailing address, phone number or email address may have been 
taken during the intrusion. 

I am truly sorry this incident occurred, and I sincerely regret any inconvenience it may cause you. 

Because we value you as a customer, and because your trust is important to us, our company is offering you one 
year of free credit monitoring through Experian’s ProtectMyID product, which includes identity theft insurance 
where available. You will receive more information about this offer via regular mail.

You can find additional information and FAQs about this incident at our website. If you have further questions, 
you may call us at 866-852-8680. 

Thank you for your patience and your loyalty. 
Sincerely,
Insurance Company CEO


From: insuranceCompany@ic.com
To: kasandra_semidey@semidey.com
Subject: Insurance company – information about recent data breach
Dear Kasandra Semidey,
As you may have heard or read, last month we learned that criminals forced their way into our systems, 
and stole information about our customers. Late last week, as part of our ongoing investigation, 
we learned that the taken information includes names, mailing addresses, phone numbers or email addresses.
 
I am writing to make you aware that your name, mailing address, phone number or email address may have been 
taken during the intrusion. 

I am truly sorry this incident occurred, and I sincerely regret any inconvenience it may cause you. 

Because we value you as a customer, and because your trust is important to us, our company is offering you one 
year of free credit monitoring through Experian’s ProtectMyID product, which includes identity theft insurance 
where available. You will receive more information about this offer via regular mail.

You can find additional information and FAQs about this incident at our website. If you have further questions, 
you may call us at 866-852-8680. 

Thank you for your patience and your loyalty. 
Sincerely,
Insurance Company CEO


From: insuranceCompany@ic.com
To: xdiscipio@gmail.com
Subject: Insurance company – information about recent data breach
Dear Xochitl Discipio,
As you may have heard or read, last month we learned that criminals forced their way into our systems, 
and stole information about our customers. Late last week, as part of our ongoing investigation, 
we learned that the taken information includes names, mailing addresses, phone numbers or email addresses.
 
I am writing to make you aware that your name, mailing address, phone number or email address may have been 
taken during the intrusion. 

I am truly sorry this incident occurred, and I sincerely regret any inconvenience it may cause you. 

Because we value you as a customer, and because your trust is important to us, our company is offering you one 
year of free credit monitoring through Experian’s ProtectMyID product, which includes identity theft insurance 
where available. You will receive more information about this offer via regular mail.

You can find additional information and FAQs about this incident at our website. If you have further questions, 
you may call us at 866-852-8680. 

Thank you for your patience and your loyalty. 
Sincerely,
Insurance Company CEO


From: insuranceCompany@ic.com
To: mlinahan@yahoo.com
Subject: Insurance company – information about recent data breach
Dear Maile Linahan,
As you may have heard or read, last month we learned that criminals forced their way into our systems, 
and stole information about our customers. Late last week, as part of our ongoing investigation, 
we learned that the taken information includes names, mailing addresses, phone numbers or email addresses.
 
I am writing to make you aware that your name, mailing address, phone number or email address may have been 
taken during the intrusion. 

I am truly sorry this incident occurred, and I sincerely regret any inconvenience it may cause you. 

Because we value you as a customer, and because your trust is important to us, our company is offering you one 
year of free credit monitoring through Experian’s ProtectMyID product, which includes identity theft insurance 
where available. You will receive more information about this offer via regular mail.

You can find additional information and FAQs about this incident at our website. If you have further questions, 
you may call us at 866-852-8680. 

Thank you for your patience and your loyalty. 
Sincerely,
Insurance Company CEO


From: insuranceCompany@ic.com
To: krauser@cox.net
Subject: Insurance company – information about recent data breach
Dear Krissy Rauser,
As you may have heard or read, last month we learned that criminals forced their way into our systems, 
and stole information about our customers. Late last week, as part of our ongoing investigation, 
we learned that the taken information includes names, mailing addresses, phone numbers or email addresses.
 
I am writing to make you aware that your name, mailing address, phone number or email address may have been 
taken during the intrusion. 

I am truly sorry this incident occurred, and I sincerely regret any inconvenience it may cause you. 

Because we value you as a customer, and because your trust is important to us, our company is offering you one 
year of free credit monitoring through Experian’s ProtectMyID product, which includes identity theft insurance 
where available. You will receive more information about this offer via regular mail.

You can find additional information and FAQs about this incident at our website. If you have further questions, 
you may call us at 866-852-8680. 

Thank you for your patience and your loyalty. 
Sincerely,
Insurance Company CEO


From: insuranceCompany@ic.com
To: pdubaldi@hotmail.com
Subject: Insurance company – information about recent data breach
Dear Pete Dubaldi,
As you may have heard or read, last month we learned that criminals forced their way into our systems, 
and stole information about our customers. Late last week, as part of our ongoing investigation, 
we learned that the taken information includes names, mailing addresses, phone numbers or email addresses.
 
I am writing to make you aware that your name, mailing address, phone number or email address may have been 
taken during the intrusion. 

I am truly sorry this incident occurred, and I sincerely regret any inconvenience it may cause you. 

Because we value you as a customer, and because your trust is important to us, our company is offering you one 
year of free credit monitoring through Experian’s ProtectMyID product, which includes identity theft insurance 
where available. You will receive more information about this offer via regular mail.

You can find additional information and FAQs about this incident at our website. If you have further questions, 
you may call us at 866-852-8680. 

Thank you for your patience and your loyalty. 
Sincerely,
Insurance Company CEO


From: insuranceCompany@ic.com
To: linn_paa@paa.com
Subject: Insurance company – information about recent data breach
Dear Linn Paa,
As you may have heard or read, last month we learned that criminals forced their way into our systems, 
and stole information about our customers. Late last week, as part of our ongoing investigation, 
we learned that the taken information includes names, mailing addresses, phone numbers or email addresses.
 
I am writing to make you aware that your name, mailing address, phone number or email address may have been 
taken during the intrusion. 

I am truly sorry this incident occurred, and I sincerely regret any inconvenience it may cause you. 

Because we value you as a customer, and because your trust is important to us, our company is offering you one 
year of free credit monitoring through Experian’s ProtectMyID product, which includes identity theft insurance 
where available. You will receive more information about this offer via regular mail.

You can find additional information and FAQs about this incident at our website. If you have further questions, 
you may call us at 866-852-8680. 

Thank you for your patience and your loyalty. 
Sincerely,
Insurance Company CEO


From: insuranceCompany@ic.com
To: paris@hotmail.com
Subject: Insurance company – information about recent data breach
Dear Paris Wide,
As you may have heard or read, last month we learned that criminals forced their way into our systems, 
and stole information about our customers. Late last week, as part of our ongoing investigation, 
we learned that the taken information includes names, mailing addresses, phone numbers or email addresses.
 
I am writing to make you aware that your name, mailing address, phone number or email address may have been 
taken during the intrusion. 

I am truly sorry this incident occurred, and I sincerely regret any inconvenience it may cause you. 

Because we value you as a customer, and because your trust is important to us, our company is offering you one 
year of free credit monitoring through Experian’s ProtectMyID product, which includes identity theft insurance 
where available. You will receive more information about this offer via regular mail.

You can find additional information and FAQs about this incident at our website. If you have further questions, 
you may call us at 866-852-8680. 

Thank you for your patience and your loyalty. 
Sincerely,
Insurance Company CEO


From: insuranceCompany@ic.com
To: wynell_dorshorst@dorshorst.org
Subject: Insurance company – information about recent data breach
Dear Wynell Dorshorst,
As you may have heard or read, last month we learned that criminals forced their way into our systems, 
and stole information about our customers. Late last week, as part of our ongoing investigation, 
we learned that the taken information includes names, mailing addresses, phone numbers or email addresses.
 
I am writing to make you aware that your name, mailing address, phone number or email address may have been 
taken during the intrusion. 

I am truly sorry this incident occurred, and I sincerely regret any inconvenience it may cause you. 

Because we value you as a customer, and because your trust is important to us, our company is offering you one 
year of free credit monitoring through Experian’s ProtectMyID product, which includes identity theft insurance 
where available. You will receive more information about this offer via regular mail.

You can find additional information and FAQs about this incident at our website. If you have further questions, 
you may call us at 866-852-8680. 

Thank you for your patience and your loyalty. 
Sincerely,
Insurance Company CEO


From: insuranceCompany@ic.com
To: qbirkner@aol.com
Subject: Insurance company – information about recent data breach
Dear Quentin Birkner,
As you may have heard or read, last month we learned that criminals forced their way into our systems, 
and stole information about our customers. Late last week, as part of our ongoing investigation, 
we learned that the taken information includes names, mailing addresses, phone numbers or email addresses.
 
I am writing to make you aware that your name, mailing address, phone number or email address may have been 
taken during the intrusion. 

I am truly sorry this incident occurred, and I sincerely regret any inconvenience it may cause you. 

Because we value you as a customer, and because your trust is important to us, our company is offering you one 
year of free credit monitoring through Experian’s ProtectMyID product, which includes identity theft insurance 
where available. You will receive more information about this offer via regular mail.

You can find additional information and FAQs about this incident at our website. If you have further questions, 
you may call us at 866-852-8680. 

Thank you for your patience and your loyalty. 
Sincerely,
Insurance Company CEO


From: insuranceCompany@ic.com
To: regenia.kannady@cox.net
Subject: Insurance company – information about recent data breach
Dear Regenia Kannady,
As you may have heard or read, last month we learned that criminals forced their way into our systems, 
and stole information about our customers. Late last week, as part of our ongoing investigation, 
we learned that the taken information includes names, mailing addresses, phone numbers or email addresses.
 
I am writing to make you aware that your name, mailing address, phone number or email address may have been 
taken during the intrusion. 

I am truly sorry this incident occurred, and I sincerely regret any inconvenience it may cause you. 

Because we value you as a customer, and because your trust is important to us, our company is offering you one 
year of free credit monitoring through Experian’s ProtectMyID product, which includes identity theft insurance 
where available. You will receive more information about this offer via regular mail.

You can find additional information and FAQs about this incident at our website. If you have further questions, 
you may call us at 866-852-8680. 

Thank you for your patience and your loyalty. 
Sincerely,
Insurance Company CEO


From: insuranceCompany@ic.com
To: sheron@aol.com
Subject: Insurance company – information about recent data breach
Dear Sheron Louissant,
As you may have heard or read, last month we learned that criminals forced their way into our systems, 
and stole information about our customers. Late last week, as part of our ongoing investigation, 
we learned that the taken information includes names, mailing addresses, phone numbers or email addresses.
 
I am writing to make you aware that your name, mailing address, phone number or email address may have been 
taken during the intrusion. 

I am truly sorry this incident occurred, and I sincerely regret any inconvenience it may cause you. 

Because we value you as a customer, and because your trust is important to us, our company is offering you one 
year of free credit monitoring through Experian’s ProtectMyID product, which includes identity theft insurance 
where available. You will receive more information about this offer via regular mail.

You can find additional information and FAQs about this incident at our website. If you have further questions, 
you may call us at 866-852-8680. 

Thank you for your patience and your loyalty. 
Sincerely,
Insurance Company CEO


From: insuranceCompany@ic.com
To: izetta.funnell@hotmail.com
Subject: Insurance company – information about recent data breach
Dear Izetta Funnell,
As you may have heard or read, last month we learned that criminals forced their way into our systems, 
and stole information about our customers. Late last week, as part of our ongoing investigation, 
we learned that the taken information includes names, mailing addresses, phone numbers or email addresses.
 
I am writing to make you aware that your name, mailing address, phone number or email address may have been 
taken during the intrusion. 

I am truly sorry this incident occurred, and I sincerely regret any inconvenience it may cause you. 

Because we value you as a customer, and because your trust is important to us, our company is offering you one 
year of free credit monitoring through Experian’s ProtectMyID product, which includes identity theft insurance 
where available. You will receive more information about this offer via regular mail.

You can find additional information and FAQs about this incident at our website. If you have further questions, 
you may call us at 866-852-8680. 

Thank you for your patience and your loyalty. 
Sincerely,
Insurance Company CEO


From: insuranceCompany@ic.com
To: rodolfo@hotmail.com
Subject: Insurance company – information about recent data breach
Dear Rodolfo Butzen,
As you may have heard or read, last month we learned that criminals forced their way into our systems, 
and stole information about our customers. Late last week, as part of our ongoing investigation, 
we learned that the taken information includes names, mailing addresses, phone numbers or email addresses.
 
I am writing to make you aware that your name, mailing address, phone number or email address may have been 
taken during the intrusion. 

I am truly sorry this incident occurred, and I sincerely regret any inconvenience it may cause you. 

Because we value you as a customer, and because your trust is important to us, our company is offering you one 
year of free credit monitoring through Experian’s ProtectMyID product, which includes identity theft insurance 
where available. You will receive more information about this offer via regular mail.

You can find additional information and FAQs about this incident at our website. If you have further questions, 
you may call us at 866-852-8680. 

Thank you for your patience and your loyalty. 
Sincerely,
Insurance Company CEO


From: insuranceCompany@ic.com
To: zona@hotmail.com
Subject: Insurance company – information about recent data breach
Dear Zona Colla,
As you may have heard or read, last month we learned that criminals forced their way into our systems, 
and stole information about our customers. Late last week, as part of our ongoing investigation, 
we learned that the taken information includes names, mailing addresses, phone numbers or email addresses.
 
I am writing to make you aware that your name, mailing address, phone number or email address may have been 
taken during the intrusion. 

I am truly sorry this incident occurred, and I sincerely regret any inconvenience it may cause you. 

Because we value you as a customer, and because your trust is important to us, our company is offering you one 
year of free credit monitoring through Experian’s ProtectMyID product, which includes identity theft insurance 
where available. You will receive more information about this offer via regular mail.

You can find additional information and FAQs about this incident at our website. If you have further questions, 
you may call us at 866-852-8680. 

Thank you for your patience and your loyalty. 
Sincerely,
Insurance Company CEO


From: insuranceCompany@ic.com
To: szagen@aol.com
Subject: Insurance company – information about recent data breach
Dear Serina Zagen,
As you may have heard or read, last month we learned that criminals forced their way into our systems, 
and stole information about our customers. Late last week, as part of our ongoing investigation, 
we learned that the taken information includes names, mailing addresses, phone numbers or email addresses.
 
I am writing to make you aware that your name, mailing address, phone number or email address may have been 
taken during the intrusion. 

I am truly sorry this incident occurred, and I sincerely regret any inconvenience it may cause you. 

Because we value you as a customer, and because your trust is important to us, our company is offering you one 
year of free credit monitoring through Experian’s ProtectMyID product, which includes identity theft insurance 
where available. You will receive more information about this offer via regular mail.

You can find additional information and FAQs about this incident at our website. If you have further questions, 
you may call us at 866-852-8680. 

Thank you for your patience and your loyalty. 
Sincerely,
Insurance Company CEO


From: insuranceCompany@ic.com
To: paz_sahagun@cox.net
Subject: Insurance company – information about recent data breach
Dear Paz Sahagun,
As you may have heard or read, last month we learned that criminals forced their way into our systems, 
and stole information about our customers. Late last week, as part of our ongoing investigation, 
we learned that the taken information includes names, mailing addresses, phone numbers or email addresses.
 
I am writing to make you aware that your name, mailing address, phone number or email address may have been 
taken during the intrusion. 

I am truly sorry this incident occurred, and I sincerely regret any inconvenience it may cause you. 

Because we value you as a customer, and because your trust is important to us, our company is offering you one 
year of free credit monitoring through Experian’s ProtectMyID product, which includes identity theft insurance 
where available. You will receive more information about this offer via regular mail.

You can find additional information and FAQs about this incident at our website. If you have further questions, 
you may call us at 866-852-8680. 

Thank you for your patience and your loyalty. 
Sincerely,
Insurance Company CEO


From: insuranceCompany@ic.com
To: markus@yahoo.com
Subject: Insurance company – information about recent data breach
Dear Markus Lukasik,
As you may have heard or read, last month we learned that criminals forced their way into our systems, 
and stole information about our customers. Late last week, as part of our ongoing investigation, 
we learned that the taken information includes names, mailing addresses, phone numbers or email addresses.
 
I am writing to make you aware that your name, mailing address, phone number or email address may have been 
taken during the intrusion. 

I am truly sorry this incident occurred, and I sincerely regret any inconvenience it may cause you. 

Because we value you as a customer, and because your trust is important to us, our company is offering you one 
year of free credit monitoring through Experian’s ProtectMyID product, which includes identity theft insurance 
where available. You will receive more information about this offer via regular mail.

You can find additional information and FAQs about this incident at our website. If you have further questions, 
you may call us at 866-852-8680. 

Thank you for your patience and your loyalty. 
Sincerely,
Insurance Company CEO


From: insuranceCompany@ic.com
To: jaclyn@aol.com
Subject: Insurance company – information about recent data breach
Dear Jaclyn Bachman,
As you may have heard or read, last month we learned that criminals forced their way into our systems, 
and stole information about our customers. Late last week, as part of our ongoing investigation, 
we learned that the taken information includes names, mailing addresses, phone numbers or email addresses.
 
I am writing to make you aware that your name, mailing address, phone number or email address may have been 
taken during the intrusion. 

I am truly sorry this incident occurred, and I sincerely regret any inconvenience it may cause you. 

Because we value you as a customer, and because your trust is important to us, our company is offering you one 
year of free credit monitoring through Experian’s ProtectMyID product, which includes identity theft insurance 
where available. You will receive more information about this offer via regular mail.

You can find additional information and FAQs about this incident at our website. If you have further questions, 
you may call us at 866-852-8680. 

Thank you for your patience and your loyalty. 
Sincerely,
Insurance Company CEO


From: insuranceCompany@ic.com
To: cyril_daufeldt@daufeldt.com
Subject: Insurance company – information about recent data breach
Dear Cyril Daufeldt,
As you may have heard or read, last month we learned that criminals forced their way into our systems, 
and stole information about our customers. Late last week, as part of our ongoing investigation, 
we learned that the taken information includes names, mailing addresses, phone numbers or email addresses.
 
I am writing to make you aware that your name, mailing address, phone number or email address may have been 
taken during the intrusion. 

I am truly sorry this incident occurred, and I sincerely regret any inconvenience it may cause you. 

Because we value you as a customer, and because your trust is important to us, our company is offering you one 
year of free credit monitoring through Experian’s ProtectMyID product, which includes identity theft insurance 
where available. You will receive more information about this offer via regular mail.

You can find additional information and FAQs about this incident at our website. If you have further questions, 
you may call us at 866-852-8680. 

Thank you for your patience and your loyalty. 
Sincerely,
Insurance Company CEO


From: insuranceCompany@ic.com
To: gschnitzler@gmail.com
Subject: Insurance company – information about recent data breach
Dear Gayla Schnitzler,
As you may have heard or read, last month we learned that criminals forced their way into our systems, 
and stole information about our customers. Late last week, as part of our ongoing investigation, 
we learned that the taken information includes names, mailing addresses, phone numbers or email addresses.
 
I am writing to make you aware that your name, mailing address, phone number or email address may have been 
taken during the intrusion. 

I am truly sorry this incident occurred, and I sincerely regret any inconvenience it may cause you. 

Because we value you as a customer, and because your trust is important to us, our company is offering you one 
year of free credit monitoring through Experian’s ProtectMyID product, which includes identity theft insurance 
where available. You will receive more information about this offer via regular mail.

You can find additional information and FAQs about this incident at our website. If you have further questions, 
you may call us at 866-852-8680. 

Thank you for your patience and your loyalty. 
Sincerely,
Insurance Company CEO


From: insuranceCompany@ic.com
To: erick_nievas@aol.com
Subject: Insurance company – information about recent data breach
Dear Erick Nievas,
As you may have heard or read, last month we learned that criminals forced their way into our systems, 
and stole information about our customers. Late last week, as part of our ongoing investigation, 
we learned that the taken information includes names, mailing addresses, phone numbers or email addresses.
 
I am writing to make you aware that your name, mailing address, phone number or email address may have been 
taken during the intrusion. 

I am truly sorry this incident occurred, and I sincerely regret any inconvenience it may cause you. 

Because we value you as a customer, and because your trust is important to us, our company is offering you one 
year of free credit monitoring through Experian’s ProtectMyID product, which includes identity theft insurance 
where available. You will receive more information about this offer via regular mail.

You can find additional information and FAQs about this incident at our website. If you have further questions, 
you may call us at 866-852-8680. 

Thank you for your patience and your loyalty. 
Sincerely,
Insurance Company CEO


From: insuranceCompany@ic.com
To: jennie@cox.net
Subject: Insurance company – information about recent data breach
Dear Jennie Drymon,
As you may have heard or read, last month we learned that criminals forced their way into our systems, 
and stole information about our customers. Late last week, as part of our ongoing investigation, 
we learned that the taken information includes names, mailing addresses, phone numbers or email addresses.
 
I am writing to make you aware that your name, mailing address, phone number or email address may have been 
taken during the intrusion. 

I am truly sorry this incident occurred, and I sincerely regret any inconvenience it may cause you. 

Because we value you as a customer, and because your trust is important to us, our company is offering you one 
year of free credit monitoring through Experian’s ProtectMyID product, which includes identity theft insurance 
where available. You will receive more information about this offer via regular mail.

You can find additional information and FAQs about this incident at our website. If you have further questions, 
you may call us at 866-852-8680. 

Thank you for your patience and your loyalty. 
Sincerely,
Insurance Company CEO


From: insuranceCompany@ic.com
To: mscipione@scipione.com
Subject: Insurance company – information about recent data breach
Dear Mitsue Scipione,
As you may have heard or read, last month we learned that criminals forced their way into our systems, 
and stole information about our customers. Late last week, as part of our ongoing investigation, 
we learned that the taken information includes names, mailing addresses, phone numbers or email addresses.
 
I am writing to make you aware that your name, mailing address, phone number or email address may have been 
taken during the intrusion. 

I am truly sorry this incident occurred, and I sincerely regret any inconvenience it may cause you. 

Because we value you as a customer, and because your trust is important to us, our company is offering you one 
year of free credit monitoring through Experian’s ProtectMyID product, which includes identity theft insurance 
where available. You will receive more information about this offer via regular mail.

You can find additional information and FAQs about this incident at our website. If you have further questions, 
you may call us at 866-852-8680. 

Thank you for your patience and your loyalty. 
Sincerely,
Insurance Company CEO


From: insuranceCompany@ic.com
To: cventura@yahoo.com
Subject: Insurance company – information about recent data breach
Dear Ciara Ventura,
As you may have heard or read, last month we learned that criminals forced their way into our systems, 
and stole information about our customers. Late last week, as part of our ongoing investigation, 
we learned that the taken information includes names, mailing addresses, phone numbers or email addresses.
 
I am writing to make you aware that your name, mailing address, phone number or email address may have been 
taken during the intrusion. 

I am truly sorry this incident occurred, and I sincerely regret any inconvenience it may cause you. 

Because we value you as a customer, and because your trust is important to us, our company is offering you one 
year of free credit monitoring through Experian’s ProtectMyID product, which includes identity theft insurance 
where available. You will receive more information about this offer via regular mail.

You can find additional information and FAQs about this incident at our website. If you have further questions, 
you may call us at 866-852-8680. 

Thank you for your patience and your loyalty. 
Sincerely,
Insurance Company CEO


From: insuranceCompany@ic.com
To: galen@yahoo.com
Subject: Insurance company – information about recent data breach
Dear Galen Cantres,
As you may have heard or read, last month we learned that criminals forced their way into our systems, 
and stole information about our customers. Late last week, as part of our ongoing investigation, 
we learned that the taken information includes names, mailing addresses, phone numbers or email addresses.
 
I am writing to make you aware that your name, mailing address, phone number or email address may have been 
taken during the intrusion. 

I am truly sorry this incident occurred, and I sincerely regret any inconvenience it may cause you. 

Because we value you as a customer, and because your trust is important to us, our company is offering you one 
year of free credit monitoring through Experian’s ProtectMyID product, which includes identity theft insurance 
where available. You will receive more information about this offer via regular mail.

You can find additional information and FAQs about this incident at our website. If you have further questions, 
you may call us at 866-852-8680. 

Thank you for your patience and your loyalty. 
Sincerely,
Insurance Company CEO


From: insuranceCompany@ic.com
To: tfeichtner@yahoo.com
Subject: Insurance company – information about recent data breach
Dear Truman Feichtner,
As you may have heard or read, last month we learned that criminals forced their way into our systems, 
and stole information about our customers. Late last week, as part of our ongoing investigation, 
we learned that the taken information includes names, mailing addresses, phone numbers or email addresses.
 
I am writing to make you aware that your name, mailing address, phone number or email address may have been 
taken during the intrusion. 

I am truly sorry this incident occurred, and I sincerely regret any inconvenience it may cause you. 

Because we value you as a customer, and because your trust is important to us, our company is offering you one 
year of free credit monitoring through Experian’s ProtectMyID product, which includes identity theft insurance 
where available. You will receive more information about this offer via regular mail.

You can find additional information and FAQs about this incident at our website. If you have further questions, 
you may call us at 866-852-8680. 

Thank you for your patience and your loyalty. 
Sincerely,
Insurance Company CEO


From: insuranceCompany@ic.com
To: gail@kitty.com
Subject: Insurance company – information about recent data breach
Dear Gail Kitty,
As you may have heard or read, last month we learned that criminals forced their way into our systems, 
and stole information about our customers. Late last week, as part of our ongoing investigation, 
we learned that the taken information includes names, mailing addresses, phone numbers or email addresses.
 
I am writing to make you aware that your name, mailing address, phone number or email address may have been 
taken during the intrusion. 

I am truly sorry this incident occurred, and I sincerely regret any inconvenience it may cause you. 

Because we value you as a customer, and because your trust is important to us, our company is offering you one 
year of free credit monitoring through Experian’s ProtectMyID product, which includes identity theft insurance 
where available. You will receive more information about this offer via regular mail.

You can find additional information and FAQs about this incident at our website. If you have further questions, 
you may call us at 866-852-8680. 

Thank you for your patience and your loyalty. 
Sincerely,
Insurance Company CEO


From: insuranceCompany@ic.com
To: dalene@schoeneck.org
Subject: Insurance company – information about recent data breach
Dear Dalene Schoeneck,
As you may have heard or read, last month we learned that criminals forced their way into our systems, 
and stole information about our customers. Late last week, as part of our ongoing investigation, 
we learned that the taken information includes names, mailing addresses, phone numbers or email addresses.
 
I am writing to make you aware that your name, mailing address, phone number or email address may have been 
taken during the intrusion. 

I am truly sorry this incident occurred, and I sincerely regret any inconvenience it may cause you. 

Because we value you as a customer, and because your trust is important to us, our company is offering you one 
year of free credit monitoring through Experian’s ProtectMyID product, which includes identity theft insurance 
where available. You will receive more information about this offer via regular mail.

You can find additional information and FAQs about this incident at our website. If you have further questions, 
you may call us at 866-852-8680. 

Thank you for your patience and your loyalty. 
Sincerely,
Insurance Company CEO


From: insuranceCompany@ic.com
To: gertude.witten@gmail.com
Subject: Insurance company – information about recent data breach
Dear Gertude Witten,
As you may have heard or read, last month we learned that criminals forced their way into our systems, 
and stole information about our customers. Late last week, as part of our ongoing investigation, 
we learned that the taken information includes names, mailing addresses, phone numbers or email addresses.
 
I am writing to make you aware that your name, mailing address, phone number or email address may have been 
taken during the intrusion. 

I am truly sorry this incident occurred, and I sincerely regret any inconvenience it may cause you. 

Because we value you as a customer, and because your trust is important to us, our company is offering you one 
year of free credit monitoring through Experian’s ProtectMyID product, which includes identity theft insurance 
where available. You will receive more information about this offer via regular mail.

You can find additional information and FAQs about this incident at our website. If you have further questions, 
you may call us at 866-852-8680. 

Thank you for your patience and your loyalty. 
Sincerely,
Insurance Company CEO


From: insuranceCompany@ic.com
To: lizbeth@yahoo.com
Subject: Insurance company – information about recent data breach
Dear Lizbeth Kohl,
As you may have heard or read, last month we learned that criminals forced their way into our systems, 
and stole information about our customers. Late last week, as part of our ongoing investigation, 
we learned that the taken information includes names, mailing addresses, phone numbers or email addresses.
 
I am writing to make you aware that your name, mailing address, phone number or email address may have been 
taken during the intrusion. 

I am truly sorry this incident occurred, and I sincerely regret any inconvenience it may cause you. 

Because we value you as a customer, and because your trust is important to us, our company is offering you one 
year of free credit monitoring through Experian’s ProtectMyID product, which includes identity theft insurance 
where available. You will receive more information about this offer via regular mail.

You can find additional information and FAQs about this incident at our website. If you have further questions, 
you may call us at 866-852-8680. 

Thank you for your patience and your loyalty. 
Sincerely,
Insurance Company CEO


From: insuranceCompany@ic.com
To: gberray@gmail.com
Subject: Insurance company – information about recent data breach
Dear Glenn Berray,
As you may have heard or read, last month we learned that criminals forced their way into our systems, 
and stole information about our customers. Late last week, as part of our ongoing investigation, 
we learned that the taken information includes names, mailing addresses, phone numbers or email addresses.
 
I am writing to make you aware that your name, mailing address, phone number or email address may have been 
taken during the intrusion. 

I am truly sorry this incident occurred, and I sincerely regret any inconvenience it may cause you. 

Because we value you as a customer, and because your trust is important to us, our company is offering you one 
year of free credit monitoring through Experian’s ProtectMyID product, which includes identity theft insurance 
where available. You will receive more information about this offer via regular mail.

You can find additional information and FAQs about this incident at our website. If you have further questions, 
you may call us at 866-852-8680. 

Thank you for your patience and your loyalty. 
Sincerely,
Insurance Company CEO


From: insuranceCompany@ic.com
To: lashandra@yahoo.com
Subject: Insurance company – information about recent data breach
Dear Lashandra Klang,
As you may have heard or read, last month we learned that criminals forced their way into our systems, 
and stole information about our customers. Late last week, as part of our ongoing investigation, 
we learned that the taken information includes names, mailing addresses, phone numbers or email addresses.
 
I am writing to make you aware that your name, mailing address, phone number or email address may have been 
taken during the intrusion. 

I am truly sorry this incident occurred, and I sincerely regret any inconvenience it may cause you. 

Because we value you as a customer, and because your trust is important to us, our company is offering you one 
year of free credit monitoring through Experian’s ProtectMyID product, which includes identity theft insurance 
where available. You will receive more information about this offer via regular mail.

You can find additional information and FAQs about this incident at our website. If you have further questions, 
you may call us at 866-852-8680. 

Thank you for your patience and your loyalty. 
Sincerely,
Insurance Company CEO


From: insuranceCompany@ic.com
To: lnewville@newville.com
Subject: Insurance company – information about recent data breach
Dear Lenna Newville,
As you may have heard or read, last month we learned that criminals forced their way into our systems, 
and stole information about our customers. Late last week, as part of our ongoing investigation, 
we learned that the taken information includes names, mailing addresses, phone numbers or email addresses.
 
I am writing to make you aware that your name, mailing address, phone number or email address may have been 
taken during the intrusion. 

I am truly sorry this incident occurred, and I sincerely regret any inconvenience it may cause you. 

Because we value you as a customer, and because your trust is important to us, our company is offering you one 
year of free credit monitoring through Experian’s ProtectMyID product, which includes identity theft insurance 
where available. You will receive more information about this offer via regular mail.

You can find additional information and FAQs about this incident at our website. If you have further questions, 
you may call us at 866-852-8680. 

Thank you for your patience and your loyalty. 
Sincerely,
Insurance Company CEO


From: insuranceCompany@ic.com
To: laurel@yahoo.com
Subject: Insurance company – information about recent data breach
Dear Laurel Pagliuca,
As you may have heard or read, last month we learned that criminals forced their way into our systems, 
and stole information about our customers. Late last week, as part of our ongoing investigation, 
we learned that the taken information includes names, mailing addresses, phone numbers or email addresses.
 
I am writing to make you aware that your name, mailing address, phone number or email address may have been 
taken during the intrusion. 

I am truly sorry this incident occurred, and I sincerely regret any inconvenience it may cause you. 

Because we value you as a customer, and because your trust is important to us, our company is offering you one 
year of free credit monitoring through Experian’s ProtectMyID product, which includes identity theft insurance 
where available. You will receive more information about this offer via regular mail.

You can find additional information and FAQs about this incident at our website. If you have further questions, 
you may call us at 866-852-8680. 

Thank you for your patience and your loyalty. 
Sincerely,
Insurance Company CEO


From: insuranceCompany@ic.com
To: mireya.frerking@hotmail.com
Subject: Insurance company – information about recent data breach
Dear Mireya Frerking,
As you may have heard or read, last month we learned that criminals forced their way into our systems, 
and stole information about our customers. Late last week, as part of our ongoing investigation, 
we learned that the taken information includes names, mailing addresses, phone numbers or email addresses.
 
I am writing to make you aware that your name, mailing address, phone number or email address may have been 
taken during the intrusion. 

I am truly sorry this incident occurred, and I sincerely regret any inconvenience it may cause you. 

Because we value you as a customer, and because your trust is important to us, our company is offering you one 
year of free credit monitoring through Experian’s ProtectMyID product, which includes identity theft insurance 
where available. You will receive more information about this offer via regular mail.

You can find additional information and FAQs about this incident at our website. If you have further questions, 
you may call us at 866-852-8680. 

Thank you for your patience and your loyalty. 
Sincerely,
Insurance Company CEO


From: insuranceCompany@ic.com
To: annelle@yahoo.com
Subject: Insurance company – information about recent data breach
Dear Annelle Tagala,
As you may have heard or read, last month we learned that criminals forced their way into our systems, 
and stole information about our customers. Late last week, as part of our ongoing investigation, 
we learned that the taken information includes names, mailing addresses, phone numbers or email addresses.
 
I am writing to make you aware that your name, mailing address, phone number or email address may have been 
taken during the intrusion. 

I am truly sorry this incident occurred, and I sincerely regret any inconvenience it may cause you. 

Because we value you as a customer, and because your trust is important to us, our company is offering you one 
year of free credit monitoring through Experian’s ProtectMyID product, which includes identity theft insurance 
where available. You will receive more information about this offer via regular mail.

You can find additional information and FAQs about this incident at our website. If you have further questions, 
you may call us at 866-852-8680. 

Thank you for your patience and your loyalty. 
Sincerely,
Insurance Company CEO


From: insuranceCompany@ic.com
To: dean_ketelsen@gmail.com
Subject: Insurance company – information about recent data breach
Dear Dean Ketelsen,
As you may have heard or read, last month we learned that criminals forced their way into our systems, 
and stole information about our customers. Late last week, as part of our ongoing investigation, 
we learned that the taken information includes names, mailing addresses, phone numbers or email addresses.
 
I am writing to make you aware that your name, mailing address, phone number or email address may have been 
taken during the intrusion. 

I am truly sorry this incident occurred, and I sincerely regret any inconvenience it may cause you. 

Because we value you as a customer, and because your trust is important to us, our company is offering you one 
year of free credit monitoring through Experian’s ProtectMyID product, which includes identity theft insurance 
where available. You will receive more information about this offer via regular mail.

You can find additional information and FAQs about this incident at our website. If you have further questions, 
you may call us at 866-852-8680. 

Thank you for your patience and your loyalty. 
Sincerely,
Insurance Company CEO


From: insuranceCompany@ic.com
To: levi.munis@gmail.com
Subject: Insurance company – information about recent data breach
Dear Levi Munis,
As you may have heard or read, last month we learned that criminals forced their way into our systems, 
and stole information about our customers. Late last week, as part of our ongoing investigation, 
we learned that the taken information includes names, mailing addresses, phone numbers or email addresses.
 
I am writing to make you aware that your name, mailing address, phone number or email address may have been 
taken during the intrusion. 

I am truly sorry this incident occurred, and I sincerely regret any inconvenience it may cause you. 

Because we value you as a customer, and because your trust is important to us, our company is offering you one 
year of free credit monitoring through Experian’s ProtectMyID product, which includes identity theft insurance 
where available. You will receive more information about this offer via regular mail.

You can find additional information and FAQs about this incident at our website. If you have further questions, 
you may call us at 866-852-8680. 

Thank you for your patience and your loyalty. 
Sincerely,
Insurance Company CEO


From: insuranceCompany@ic.com
To: sylvie@aol.com
Subject: Insurance company – information about recent data breach
Dear Sylvie Ryser,
As you may have heard or read, last month we learned that criminals forced their way into our systems, 
and stole information about our customers. Late last week, as part of our ongoing investigation, 
we learned that the taken information includes names, mailing addresses, phone numbers or email addresses.
 
I am writing to make you aware that your name, mailing address, phone number or email address may have been 
taken during the intrusion. 

I am truly sorry this incident occurred, and I sincerely regret any inconvenience it may cause you. 

Because we value you as a customer, and because your trust is important to us, our company is offering you one 
year of free credit monitoring through Experian’s ProtectMyID product, which includes identity theft insurance 
where available. You will receive more information about this offer via regular mail.

You can find additional information and FAQs about this incident at our website. If you have further questions, 
you may call us at 866-852-8680. 

Thank you for your patience and your loyalty. 
Sincerely,
Insurance Company CEO


From: insuranceCompany@ic.com
To: sharee_maile@aol.com
Subject: Insurance company – information about recent data breach
Dear Sharee Maile,
As you may have heard or read, last month we learned that criminals forced their way into our systems, 
and stole information about our customers. Late last week, as part of our ongoing investigation, 
we learned that the taken information includes names, mailing addresses, phone numbers or email addresses.
 
I am writing to make you aware that your name, mailing address, phone number or email address may have been 
taken during the intrusion. 

I am truly sorry this incident occurred, and I sincerely regret any inconvenience it may cause you. 

Because we value you as a customer, and because your trust is important to us, our company is offering you one 
year of free credit monitoring through Experian’s ProtectMyID product, which includes identity theft insurance 
where available. You will receive more information about this offer via regular mail.

You can find additional information and FAQs about this incident at our website. If you have further questions, 
you may call us at 866-852-8680. 

Thank you for your patience and your loyalty. 
Sincerely,
Insurance Company CEO


From: insuranceCompany@ic.com
To: cordelia_storment@aol.com
Subject: Insurance company – information about recent data breach
Dear Cordelia Storment,
As you may have heard or read, last month we learned that criminals forced their way into our systems, 
and stole information about our customers. Late last week, as part of our ongoing investigation, 
we learned that the taken information includes names, mailing addresses, phone numbers or email addresses.
 
I am writing to make you aware that your name, mailing address, phone number or email address may have been 
taken during the intrusion. 

I am truly sorry this incident occurred, and I sincerely regret any inconvenience it may cause you. 

Because we value you as a customer, and because your trust is important to us, our company is offering you one 
year of free credit monitoring through Experian’s ProtectMyID product, which includes identity theft insurance 
where available. You will receive more information about this offer via regular mail.

You can find additional information and FAQs about this incident at our website. If you have further questions, 
you may call us at 866-852-8680. 

Thank you for your patience and your loyalty. 
Sincerely,
Insurance Company CEO


From: insuranceCompany@ic.com
To: mollie_mcdoniel@yahoo.com
Subject: Insurance company – information about recent data breach
Dear Mollie Mcdoniel,
As you may have heard or read, last month we learned that criminals forced their way into our systems, 
and stole information about our customers. Late last week, as part of our ongoing investigation, 
we learned that the taken information includes names, mailing addresses, phone numbers or email addresses.
 
I am writing to make you aware that your name, mailing address, phone number or email address may have been 
taken during the intrusion. 

I am truly sorry this incident occurred, and I sincerely regret any inconvenience it may cause you. 

Because we value you as a customer, and because your trust is important to us, our company is offering you one 
year of free credit monitoring through Experian’s ProtectMyID product, which includes identity theft insurance 
where available. You will receive more information about this offer via regular mail.

You can find additional information and FAQs about this incident at our website. If you have further questions, 
you may call us at 866-852-8680. 

Thank you for your patience and your loyalty. 
Sincerely,
Insurance Company CEO


From: insuranceCompany@ic.com
To: brett.mccullan@mccullan.com
Subject: Insurance company – information about recent data breach
Dear Brett Mccullan,
As you may have heard or read, last month we learned that criminals forced their way into our systems, 
and stole information about our customers. Late last week, as part of our ongoing investigation, 
we learned that the taken information includes names, mailing addresses, phone numbers or email addresses.
 
I am writing to make you aware that your name, mailing address, phone number or email address may have been 
taken during the intrusion. 

I am truly sorry this incident occurred, and I sincerely regret any inconvenience it may cause you. 

Because we value you as a customer, and because your trust is important to us, our company is offering you one 
year of free credit monitoring through Experian’s ProtectMyID product, which includes identity theft insurance 
where available. You will receive more information about this offer via regular mail.

You can find additional information and FAQs about this incident at our website. If you have further questions, 
you may call us at 866-852-8680. 

Thank you for your patience and your loyalty. 
Sincerely,
Insurance Company CEO


From: insuranceCompany@ic.com
To: teddy_pedrozo@aol.com
Subject: Insurance company – information about recent data breach
Dear Teddy Pedrozo,
As you may have heard or read, last month we learned that criminals forced their way into our systems, 
and stole information about our customers. Late last week, as part of our ongoing investigation, 
we learned that the taken information includes names, mailing addresses, phone numbers or email addresses.
 
I am writing to make you aware that your name, mailing address, phone number or email address may have been 
taken during the intrusion. 

I am truly sorry this incident occurred, and I sincerely regret any inconvenience it may cause you. 

Because we value you as a customer, and because your trust is important to us, our company is offering you one 
year of free credit monitoring through Experian’s ProtectMyID product, which includes identity theft insurance 
where available. You will receive more information about this offer via regular mail.

You can find additional information and FAQs about this incident at our website. If you have further questions, 
you may call us at 866-852-8680. 

Thank you for your patience and your loyalty. 
Sincerely,
Insurance Company CEO


From: insuranceCompany@ic.com
To: tasia_andreason@yahoo.com
Subject: Insurance company – information about recent data breach
Dear Tasia Andreason,
As you may have heard or read, last month we learned that criminals forced their way into our systems, 
and stole information about our customers. Late last week, as part of our ongoing investigation, 
we learned that the taken information includes names, mailing addresses, phone numbers or email addresses.
 
I am writing to make you aware that your name, mailing address, phone number or email address may have been 
taken during the intrusion. 

I am truly sorry this incident occurred, and I sincerely regret any inconvenience it may cause you. 

Because we value you as a customer, and because your trust is important to us, our company is offering you one 
year of free credit monitoring through Experian’s ProtectMyID product, which includes identity theft insurance 
where available. You will receive more information about this offer via regular mail.

You can find additional information and FAQs about this incident at our website. If you have further questions, 
you may call us at 866-852-8680. 

Thank you for your patience and your loyalty. 
Sincerely,
Insurance Company CEO


From: insuranceCompany@ic.com
To: hubert@walthall.org
Subject: Insurance company – information about recent data breach
Dear Hubert Walthall,
As you may have heard or read, last month we learned that criminals forced their way into our systems, 
and stole information about our customers. Late last week, as part of our ongoing investigation, 
we learned that the taken information includes names, mailing addresses, phone numbers or email addresses.
 
I am writing to make you aware that your name, mailing address, phone number or email address may have been 
taken during the intrusion. 

I am truly sorry this incident occurred, and I sincerely regret any inconvenience it may cause you. 

Because we value you as a customer, and because your trust is important to us, our company is offering you one 
year of free credit monitoring through Experian’s ProtectMyID product, which includes identity theft insurance 
where available. You will receive more information about this offer via regular mail.

You can find additional information and FAQs about this incident at our website. If you have further questions, 
you may call us at 866-852-8680. 

Thank you for your patience and your loyalty. 
Sincerely,
Insurance Company CEO


From: insuranceCompany@ic.com
To: arthur.farrow@yahoo.com
Subject: Insurance company – information about recent data breach
Dear Arthur Farrow,
As you may have heard or read, last month we learned that criminals forced their way into our systems, 
and stole information about our customers. Late last week, as part of our ongoing investigation, 
we learned that the taken information includes names, mailing addresses, phone numbers or email addresses.
 
I am writing to make you aware that your name, mailing address, phone number or email address may have been 
taken during the intrusion. 

I am truly sorry this incident occurred, and I sincerely regret any inconvenience it may cause you. 

Because we value you as a customer, and because your trust is important to us, our company is offering you one 
year of free credit monitoring through Experian’s ProtectMyID product, which includes identity theft insurance 
where available. You will receive more information about this offer via regular mail.

You can find additional information and FAQs about this incident at our website. If you have further questions, 
you may call us at 866-852-8680. 

Thank you for your patience and your loyalty. 
Sincerely,
Insurance Company CEO


From: insuranceCompany@ic.com
To: vberlanga@berlanga.com
Subject: Insurance company – information about recent data breach
Dear Vilma Berlanga,
As you may have heard or read, last month we learned that criminals forced their way into our systems, 
and stole information about our customers. Late last week, as part of our ongoing investigation, 
we learned that the taken information includes names, mailing addresses, phone numbers or email addresses.
 
I am writing to make you aware that your name, mailing address, phone number or email address may have been 
taken during the intrusion. 

I am truly sorry this incident occurred, and I sincerely regret any inconvenience it may cause you. 

Because we value you as a customer, and because your trust is important to us, our company is offering you one 
year of free credit monitoring through Experian’s ProtectMyID product, which includes identity theft insurance 
where available. You will receive more information about this offer via regular mail.

You can find additional information and FAQs about this incident at our website. If you have further questions, 
you may call us at 866-852-8680. 

Thank you for your patience and your loyalty. 
Sincerely,
Insurance Company CEO


From: insuranceCompany@ic.com
To: billye_miro@cox.net
Subject: Insurance company – information about recent data breach
Dear Billye Miro,
As you may have heard or read, last month we learned that criminals forced their way into our systems, 
and stole information about our customers. Late last week, as part of our ongoing investigation, 
we learned that the taken information includes names, mailing addresses, phone numbers or email addresses.
 
I am writing to make you aware that your name, mailing address, phone number or email address may have been 
taken during the intrusion. 

I am truly sorry this incident occurred, and I sincerely regret any inconvenience it may cause you. 

Because we value you as a customer, and because your trust is important to us, our company is offering you one 
year of free credit monitoring through Experian’s ProtectMyID product, which includes identity theft insurance 
where available. You will receive more information about this offer via regular mail.

You can find additional information and FAQs about this incident at our website. If you have further questions, 
you may call us at 866-852-8680. 

Thank you for your patience and your loyalty. 
Sincerely,
Insurance Company CEO


From: insuranceCompany@ic.com
To: glenna_slayton@cox.net
Subject: Insurance company – information about recent data breach
Dear Glenna Slayton,
As you may have heard or read, last month we learned that criminals forced their way into our systems, 
and stole information about our customers. Late last week, as part of our ongoing investigation, 
we learned that the taken information includes names, mailing addresses, phone numbers or email addresses.
 
I am writing to make you aware that your name, mailing address, phone number or email address may have been 
taken during the intrusion. 

I am truly sorry this incident occurred, and I sincerely regret any inconvenience it may cause you. 

Because we value you as a customer, and because your trust is important to us, our company is offering you one 
year of free credit monitoring through Experian’s ProtectMyID product, which includes identity theft insurance 
where available. You will receive more information about this offer via regular mail.

You can find additional information and FAQs about this incident at our website. If you have further questions, 
you may call us at 866-852-8680. 

Thank you for your patience and your loyalty. 
Sincerely,
Insurance Company CEO


From: insuranceCompany@ic.com
To: mitzie_hudnall@yahoo.com
Subject: Insurance company – information about recent data breach
Dear Mitzie Hudnall,
As you may have heard or read, last month we learned that criminals forced their way into our systems, 
and stole information about our customers. Late last week, as part of our ongoing investigation, 
we learned that the taken information includes names, mailing addresses, phone numbers or email addresses.
 
I am writing to make you aware that your name, mailing address, phone number or email address may have been 
taken during the intrusion. 

I am truly sorry this incident occurred, and I sincerely regret any inconvenience it may cause you. 

Because we value you as a customer, and because your trust is important to us, our company is offering you one 
year of free credit monitoring through Experian’s ProtectMyID product, which includes identity theft insurance 
where available. You will receive more information about this offer via regular mail.

You can find additional information and FAQs about this incident at our website. If you have further questions, 
you may call us at 866-852-8680. 

Thank you for your patience and your loyalty. 
Sincerely,
Insurance Company CEO


From: insuranceCompany@ic.com
To: bernardine_rodefer@yahoo.com
Subject: Insurance company – information about recent data breach
Dear Bernardine Rodefer,
As you may have heard or read, last month we learned that criminals forced their way into our systems, 
and stole information about our customers. Late last week, as part of our ongoing investigation, 
we learned that the taken information includes names, mailing addresses, phone numbers or email addresses.
 
I am writing to make you aware that your name, mailing address, phone number or email address may have been 
taken during the intrusion. 

I am truly sorry this incident occurred, and I sincerely regret any inconvenience it may cause you. 

Because we value you as a customer, and because your trust is important to us, our company is offering you one 
year of free credit monitoring through Experian’s ProtectMyID product, which includes identity theft insurance 
where available. You will receive more information about this offer via regular mail.

You can find additional information and FAQs about this incident at our website. If you have further questions, 
you may call us at 866-852-8680. 

Thank you for your patience and your loyalty. 
Sincerely,
Insurance Company CEO


From: insuranceCompany@ic.com
To: staci_schmaltz@aol.com
Subject: Insurance company – information about recent data breach
Dear Staci Schmaltz,
As you may have heard or read, last month we learned that criminals forced their way into our systems, 
and stole information about our customers. Late last week, as part of our ongoing investigation, 
we learned that the taken information includes names, mailing addresses, phone numbers or email addresses.
 
I am writing to make you aware that your name, mailing address, phone number or email address may have been 
taken during the intrusion. 

I am truly sorry this incident occurred, and I sincerely regret any inconvenience it may cause you. 

Because we value you as a customer, and because your trust is important to us, our company is offering you one 
year of free credit monitoring through Experian’s ProtectMyID product, which includes identity theft insurance 
where available. You will receive more information about this offer via regular mail.

You can find additional information and FAQs about this incident at our website. If you have further questions, 
you may call us at 866-852-8680. 

Thank you for your patience and your loyalty. 
Sincerely,
Insurance Company CEO


From: insuranceCompany@ic.com
To: nichelle_meteer@meteer.com
Subject: Insurance company – information about recent data breach
Dear Nichelle Meteer,
As you may have heard or read, last month we learned that criminals forced their way into our systems, 
and stole information about our customers. Late last week, as part of our ongoing investigation, 
we learned that the taken information includes names, mailing addresses, phone numbers or email addresses.
 
I am writing to make you aware that your name, mailing address, phone number or email address may have been 
taken during the intrusion. 

I am truly sorry this incident occurred, and I sincerely regret any inconvenience it may cause you. 

Because we value you as a customer, and because your trust is important to us, our company is offering you one 
year of free credit monitoring through Experian’s ProtectMyID product, which includes identity theft insurance 
where available. You will receive more information about this offer via regular mail.

You can find additional information and FAQs about this incident at our website. If you have further questions, 
you may call us at 866-852-8680. 

Thank you for your patience and your loyalty. 
Sincerely,
Insurance Company CEO


From: insuranceCompany@ic.com
To: jrhoden@yahoo.com
Subject: Insurance company – information about recent data breach
Dear Janine Rhoden,
As you may have heard or read, last month we learned that criminals forced their way into our systems, 
and stole information about our customers. Late last week, as part of our ongoing investigation, 
we learned that the taken information includes names, mailing addresses, phone numbers or email addresses.
 
I am writing to make you aware that your name, mailing address, phone number or email address may have been 
taken during the intrusion. 

I am truly sorry this incident occurred, and I sincerely regret any inconvenience it may cause you. 

Because we value you as a customer, and because your trust is important to us, our company is offering you one 
year of free credit monitoring through Experian’s ProtectMyID product, which includes identity theft insurance 
where available. You will receive more information about this offer via regular mail.

You can find additional information and FAQs about this incident at our website. If you have further questions, 
you may call us at 866-852-8680. 

Thank you for your patience and your loyalty. 
Sincerely,
Insurance Company CEO


From: insuranceCompany@ic.com
To: ettie.hoopengardner@hotmail.com
Subject: Insurance company – information about recent data breach
Dear Ettie Hoopengardner,
As you may have heard or read, last month we learned that criminals forced their way into our systems, 
and stole information about our customers. Late last week, as part of our ongoing investigation, 
we learned that the taken information includes names, mailing addresses, phone numbers or email addresses.
 
I am writing to make you aware that your name, mailing address, phone number or email address may have been 
taken during the intrusion. 

I am truly sorry this incident occurred, and I sincerely regret any inconvenience it may cause you. 

Because we value you as a customer, and because your trust is important to us, our company is offering you one 
year of free credit monitoring through Experian’s ProtectMyID product, which includes identity theft insurance 
where available. You will receive more information about this offer via regular mail.

You can find additional information and FAQs about this incident at our website. If you have further questions, 
you may call us at 866-852-8680. 

Thank you for your patience and your loyalty. 
Sincerely,
Insurance Company CEO


From: insuranceCompany@ic.com
To: eden_jayson@yahoo.com
Subject: Insurance company – information about recent data breach
Dear Eden Jayson,
As you may have heard or read, last month we learned that criminals forced their way into our systems, 
and stole information about our customers. Late last week, as part of our ongoing investigation, 
we learned that the taken information includes names, mailing addresses, phone numbers or email addresses.
 
I am writing to make you aware that your name, mailing address, phone number or email address may have been 
taken during the intrusion. 

I am truly sorry this incident occurred, and I sincerely regret any inconvenience it may cause you. 

Because we value you as a customer, and because your trust is important to us, our company is offering you one 
year of free credit monitoring through Experian’s ProtectMyID product, which includes identity theft insurance 
where available. You will receive more information about this offer via regular mail.

You can find additional information and FAQs about this incident at our website. If you have further questions, 
you may call us at 866-852-8680. 

Thank you for your patience and your loyalty. 
Sincerely,
Insurance Company CEO


From: insuranceCompany@ic.com
To: lynelle_auber@gmail.com
Subject: Insurance company – information about recent data breach
Dear Lynelle Auber,
As you may have heard or read, last month we learned that criminals forced their way into our systems, 
and stole information about our customers. Late last week, as part of our ongoing investigation, 
we learned that the taken information includes names, mailing addresses, phone numbers or email addresses.
 
I am writing to make you aware that your name, mailing address, phone number or email address may have been 
taken during the intrusion. 

I am truly sorry this incident occurred, and I sincerely regret any inconvenience it may cause you. 

Because we value you as a customer, and because your trust is important to us, our company is offering you one 
year of free credit monitoring through Experian’s ProtectMyID product, which includes identity theft insurance 
where available. You will receive more information about this offer via regular mail.

You can find additional information and FAQs about this incident at our website. If you have further questions, 
you may call us at 866-852-8680. 

Thank you for your patience and your loyalty. 
Sincerely,
Insurance Company CEO


From: insuranceCompany@ic.com
To: merissa.tomblin@gmail.com
Subject: Insurance company – information about recent data breach
Dear Merissa Tomblin,
As you may have heard or read, last month we learned that criminals forced their way into our systems, 
and stole information about our customers. Late last week, as part of our ongoing investigation, 
we learned that the taken information includes names, mailing addresses, phone numbers or email addresses.
 
I am writing to make you aware that your name, mailing address, phone number or email address may have been 
taken during the intrusion. 

I am truly sorry this incident occurred, and I sincerely regret any inconvenience it may cause you. 

Because we value you as a customer, and because your trust is important to us, our company is offering you one 
year of free credit monitoring through Experian’s ProtectMyID product, which includes identity theft insurance 
where available. You will receive more information about this offer via regular mail.

You can find additional information and FAQs about this incident at our website. If you have further questions, 
you may call us at 866-852-8680. 

Thank you for your patience and your loyalty. 
Sincerely,
Insurance Company CEO


From: insuranceCompany@ic.com
To: golda_kaniecki@yahoo.com
Subject: Insurance company – information about recent data breach
Dear Golda Kaniecki,
As you may have heard or read, last month we learned that criminals forced their way into our systems, 
and stole information about our customers. Late last week, as part of our ongoing investigation, 
we learned that the taken information includes names, mailing addresses, phone numbers or email addresses.
 
I am writing to make you aware that your name, mailing address, phone number or email address may have been 
taken during the intrusion. 

I am truly sorry this incident occurred, and I sincerely regret any inconvenience it may cause you. 

Because we value you as a customer, and because your trust is important to us, our company is offering you one 
year of free credit monitoring through Experian’s ProtectMyID product, which includes identity theft insurance 
where available. You will receive more information about this offer via regular mail.

You can find additional information and FAQs about this incident at our website. If you have further questions, 
you may call us at 866-852-8680. 

Thank you for your patience and your loyalty. 
Sincerely,
Insurance Company CEO


From: insuranceCompany@ic.com
To: catarina_gleich@hotmail.com
Subject: Insurance company – information about recent data breach
Dear Catarina Gleich,
As you may have heard or read, last month we learned that criminals forced their way into our systems, 
and stole information about our customers. Late last week, as part of our ongoing investigation, 
we learned that the taken information includes names, mailing addresses, phone numbers or email addresses.
 
I am writing to make you aware that your name, mailing address, phone number or email address may have been 
taken during the intrusion. 

I am truly sorry this incident occurred, and I sincerely regret any inconvenience it may cause you. 

Because we value you as a customer, and because your trust is important to us, our company is offering you one 
year of free credit monitoring through Experian’s ProtectMyID product, which includes identity theft insurance 
where available. You will receive more information about this offer via regular mail.

You can find additional information and FAQs about this incident at our website. If you have further questions, 
you may call us at 866-852-8680. 

Thank you for your patience and your loyalty. 
Sincerely,
Insurance Company CEO


From: insuranceCompany@ic.com
To: vkiel@hotmail.com
Subject: Insurance company – information about recent data breach
Dear Virgie Kiel,
As you may have heard or read, last month we learned that criminals forced their way into our systems, 
and stole information about our customers. Late last week, as part of our ongoing investigation, 
we learned that the taken information includes names, mailing addresses, phone numbers or email addresses.
 
I am writing to make you aware that your name, mailing address, phone number or email address may have been 
taken during the intrusion. 

I am truly sorry this incident occurred, and I sincerely regret any inconvenience it may cause you. 

Because we value you as a customer, and because your trust is important to us, our company is offering you one 
year of free credit monitoring through Experian’s ProtectMyID product, which includes identity theft insurance 
where available. You will receive more information about this offer via regular mail.

You can find additional information and FAQs about this incident at our website. If you have further questions, 
you may call us at 866-852-8680. 

Thank you for your patience and your loyalty. 
Sincerely,
Insurance Company CEO


From: insuranceCompany@ic.com
To: jolene@yahoo.com
Subject: Insurance company – information about recent data breach
Dear Jolene Ostolaza,
As you may have heard or read, last month we learned that criminals forced their way into our systems, 
and stole information about our customers. Late last week, as part of our ongoing investigation, 
we learned that the taken information includes names, mailing addresses, phone numbers or email addresses.
 
I am writing to make you aware that your name, mailing address, phone number or email address may have been 
taken during the intrusion. 

I am truly sorry this incident occurred, and I sincerely regret any inconvenience it may cause you. 

Because we value you as a customer, and because your trust is important to us, our company is offering you one 
year of free credit monitoring through Experian’s ProtectMyID product, which includes identity theft insurance 
where available. You will receive more information about this offer via regular mail.

You can find additional information and FAQs about this incident at our website. If you have further questions, 
you may call us at 866-852-8680. 

Thank you for your patience and your loyalty. 
Sincerely,
Insurance Company CEO


From: insuranceCompany@ic.com
To: keneth@yahoo.com
Subject: Insurance company – information about recent data breach
Dear Keneth Borgman,
As you may have heard or read, last month we learned that criminals forced their way into our systems, 
and stole information about our customers. Late last week, as part of our ongoing investigation, 
we learned that the taken information includes names, mailing addresses, phone numbers or email addresses.
 
I am writing to make you aware that your name, mailing address, phone number or email address may have been 
taken during the intrusion. 

I am truly sorry this incident occurred, and I sincerely regret any inconvenience it may cause you. 

Because we value you as a customer, and because your trust is important to us, our company is offering you one 
year of free credit monitoring through Experian’s ProtectMyID product, which includes identity theft insurance 
where available. You will receive more information about this offer via regular mail.

You can find additional information and FAQs about this incident at our website. If you have further questions, 
you may call us at 866-852-8680. 

Thank you for your patience and your loyalty. 
Sincerely,
Insurance Company CEO


From: insuranceCompany@ic.com
To: rikki@nayar.com
Subject: Insurance company – information about recent data breach
Dear Rikki Nayar,
As you may have heard or read, last month we learned that criminals forced their way into our systems, 
and stole information about our customers. Late last week, as part of our ongoing investigation, 
we learned that the taken information includes names, mailing addresses, phone numbers or email addresses.
 
I am writing to make you aware that your name, mailing address, phone number or email address may have been 
taken during the intrusion. 

I am truly sorry this incident occurred, and I sincerely regret any inconvenience it may cause you. 

Because we value you as a customer, and because your trust is important to us, our company is offering you one 
year of free credit monitoring through Experian’s ProtectMyID product, which includes identity theft insurance 
where available. You will receive more information about this offer via regular mail.

You can find additional information and FAQs about this incident at our website. If you have further questions, 
you may call us at 866-852-8680. 

Thank you for your patience and your loyalty. 
Sincerely,
Insurance Company CEO


From: insuranceCompany@ic.com
To: elke_sengbusch@yahoo.com
Subject: Insurance company – information about recent data breach
Dear Elke Sengbusch,
As you may have heard or read, last month we learned that criminals forced their way into our systems, 
and stole information about our customers. Late last week, as part of our ongoing investigation, 
we learned that the taken information includes names, mailing addresses, phone numbers or email addresses.
 
I am writing to make you aware that your name, mailing address, phone number or email address may have been 
taken during the intrusion. 

I am truly sorry this incident occurred, and I sincerely regret any inconvenience it may cause you. 

Because we value you as a customer, and because your trust is important to us, our company is offering you one 
year of free credit monitoring through Experian’s ProtectMyID product, which includes identity theft insurance 
where available. You will receive more information about this offer via regular mail.

You can find additional information and FAQs about this incident at our website. If you have further questions, 
you may call us at 866-852-8680. 

Thank you for your patience and your loyalty. 
Sincerely,
Insurance Company CEO


From: insuranceCompany@ic.com
To: hoa@sarao.org
Subject: Insurance company – information about recent data breach
Dear Hoa Sarao,
As you may have heard or read, last month we learned that criminals forced their way into our systems, 
and stole information about our customers. Late last week, as part of our ongoing investigation, 
we learned that the taken information includes names, mailing addresses, phone numbers or email addresses.
 
I am writing to make you aware that your name, mailing address, phone number or email address may have been 
taken during the intrusion. 

I am truly sorry this incident occurred, and I sincerely regret any inconvenience it may cause you. 

Because we value you as a customer, and because your trust is important to us, our company is offering you one 
year of free credit monitoring through Experian’s ProtectMyID product, which includes identity theft insurance 
where available. You will receive more information about this offer via regular mail.

You can find additional information and FAQs about this incident at our website. If you have further questions, 
you may call us at 866-852-8680. 

Thank you for your patience and your loyalty. 
Sincerely,
Insurance Company CEO


From: insuranceCompany@ic.com
To: trinidad_mcrae@yahoo.com
Subject: Insurance company – information about recent data breach
Dear Trinidad Mcrae,
As you may have heard or read, last month we learned that criminals forced their way into our systems, 
and stole information about our customers. Late last week, as part of our ongoing investigation, 
we learned that the taken information includes names, mailing addresses, phone numbers or email addresses.
 
I am writing to make you aware that your name, mailing address, phone number or email address may have been 
taken during the intrusion. 

I am truly sorry this incident occurred, and I sincerely regret any inconvenience it may cause you. 

Because we value you as a customer, and because your trust is important to us, our company is offering you one 
year of free credit monitoring through Experian’s ProtectMyID product, which includes identity theft insurance 
where available. You will receive more information about this offer via regular mail.

You can find additional information and FAQs about this incident at our website. If you have further questions, 
you may call us at 866-852-8680. 

Thank you for your patience and your loyalty. 
Sincerely,
Insurance Company CEO


From: insuranceCompany@ic.com
To: mari_lueckenbach@yahoo.com
Subject: Insurance company – information about recent data breach
Dear Mari Lueckenbach,
As you may have heard or read, last month we learned that criminals forced their way into our systems, 
and stole information about our customers. Late last week, as part of our ongoing investigation, 
we learned that the taken information includes names, mailing addresses, phone numbers or email addresses.
 
I am writing to make you aware that your name, mailing address, phone number or email address may have been 
taken during the intrusion. 

I am truly sorry this incident occurred, and I sincerely regret any inconvenience it may cause you. 

Because we value you as a customer, and because your trust is important to us, our company is offering you one 
year of free credit monitoring through Experian’s ProtectMyID product, which includes identity theft insurance 
where available. You will receive more information about this offer via regular mail.

You can find additional information and FAQs about this incident at our website. If you have further questions, 
you may call us at 866-852-8680. 

Thank you for your patience and your loyalty. 
Sincerely,
Insurance Company CEO


From: insuranceCompany@ic.com
To: selma.husser@cox.net
Subject: Insurance company – information about recent data breach
Dear Selma Husser,
As you may have heard or read, last month we learned that criminals forced their way into our systems, 
and stole information about our customers. Late last week, as part of our ongoing investigation, 
we learned that the taken information includes names, mailing addresses, phone numbers or email addresses.
 
I am writing to make you aware that your name, mailing address, phone number or email address may have been 
taken during the intrusion. 

I am truly sorry this incident occurred, and I sincerely regret any inconvenience it may cause you. 

Because we value you as a customer, and because your trust is important to us, our company is offering you one 
year of free credit monitoring through Experian’s ProtectMyID product, which includes identity theft insurance 
where available. You will receive more information about this offer via regular mail.

You can find additional information and FAQs about this incident at our website. If you have further questions, 
you may call us at 866-852-8680. 

Thank you for your patience and your loyalty. 
Sincerely,
Insurance Company CEO


From: insuranceCompany@ic.com
To: aonofrio@onofrio.com
Subject: Insurance company – information about recent data breach
Dear Antione Onofrio,
As you may have heard or read, last month we learned that criminals forced their way into our systems, 
and stole information about our customers. Late last week, as part of our ongoing investigation, 
we learned that the taken information includes names, mailing addresses, phone numbers or email addresses.
 
I am writing to make you aware that your name, mailing address, phone number or email address may have been 
taken during the intrusion. 

I am truly sorry this incident occurred, and I sincerely regret any inconvenience it may cause you. 

Because we value you as a customer, and because your trust is important to us, our company is offering you one 
year of free credit monitoring through Experian’s ProtectMyID product, which includes identity theft insurance 
where available. You will receive more information about this offer via regular mail.

You can find additional information and FAQs about this incident at our website. If you have further questions, 
you may call us at 866-852-8680. 

Thank you for your patience and your loyalty. 
Sincerely,
Insurance Company CEO


From: insuranceCompany@ic.com
To: ljurney@hotmail.com
Subject: Insurance company – information about recent data breach
Dear Luisa Jurney,
As you may have heard or read, last month we learned that criminals forced their way into our systems, 
and stole information about our customers. Late last week, as part of our ongoing investigation, 
we learned that the taken information includes names, mailing addresses, phone numbers or email addresses.
 
I am writing to make you aware that your name, mailing address, phone number or email address may have been 
taken during the intrusion. 

I am truly sorry this incident occurred, and I sincerely regret any inconvenience it may cause you. 

Because we value you as a customer, and because your trust is important to us, our company is offering you one 
year of free credit monitoring through Experian’s ProtectMyID product, which includes identity theft insurance 
where available. You will receive more information about this offer via regular mail.

You can find additional information and FAQs about this incident at our website. If you have further questions, 
you may call us at 866-852-8680. 

Thank you for your patience and your loyalty. 
Sincerely,
Insurance Company CEO


From: insuranceCompany@ic.com
To: clorinda.heimann@hotmail.com
Subject: Insurance company – information about recent data breach
Dear Clorinda Heimann,
As you may have heard or read, last month we learned that criminals forced their way into our systems, 
and stole information about our customers. Late last week, as part of our ongoing investigation, 
we learned that the taken information includes names, mailing addresses, phone numbers or email addresses.
 
I am writing to make you aware that your name, mailing address, phone number or email address may have been 
taken during the intrusion. 

I am truly sorry this incident occurred, and I sincerely regret any inconvenience it may cause you. 

Because we value you as a customer, and because your trust is important to us, our company is offering you one 
year of free credit monitoring through Experian’s ProtectMyID product, which includes identity theft insurance 
where available. You will receive more information about this offer via regular mail.

You can find additional information and FAQs about this incident at our website. If you have further questions, 
you may call us at 866-852-8680. 

Thank you for your patience and your loyalty. 
Sincerely,
Insurance Company CEO


From: insuranceCompany@ic.com
To: dick@yahoo.com
Subject: Insurance company – information about recent data breach
Dear Dick Wenzinger,
As you may have heard or read, last month we learned that criminals forced their way into our systems, 
and stole information about our customers. Late last week, as part of our ongoing investigation, 
we learned that the taken information includes names, mailing addresses, phone numbers or email addresses.
 
I am writing to make you aware that your name, mailing address, phone number or email address may have been 
taken during the intrusion. 

I am truly sorry this incident occurred, and I sincerely regret any inconvenience it may cause you. 

Because we value you as a customer, and because your trust is important to us, our company is offering you one 
year of free credit monitoring through Experian’s ProtectMyID product, which includes identity theft insurance 
where available. You will receive more information about this offer via regular mail.

You can find additional information and FAQs about this incident at our website. If you have further questions, 
you may call us at 866-852-8680. 

Thank you for your patience and your loyalty. 
Sincerely,
Insurance Company CEO


From: insuranceCompany@ic.com
To: ahmed.angalich@angalich.com
Subject: Insurance company – information about recent data breach
Dear Ahmed Angalich,
As you may have heard or read, last month we learned that criminals forced their way into our systems, 
and stole information about our customers. Late last week, as part of our ongoing investigation, 
we learned that the taken information includes names, mailing addresses, phone numbers or email addresses.
 
I am writing to make you aware that your name, mailing address, phone number or email address may have been 
taken during the intrusion. 

I am truly sorry this incident occurred, and I sincerely regret any inconvenience it may cause you. 

Because we value you as a customer, and because your trust is important to us, our company is offering you one 
year of free credit monitoring through Experian’s ProtectMyID product, which includes identity theft insurance 
where available. You will receive more information about this offer via regular mail.

You can find additional information and FAQs about this incident at our website. If you have further questions, 
you may call us at 866-852-8680. 

Thank you for your patience and your loyalty. 
Sincerely,
Insurance Company CEO


From: insuranceCompany@ic.com
To: iluminada.ohms@yahoo.com
Subject: Insurance company – information about recent data breach
Dear Iluminada Ohms,
As you may have heard or read, last month we learned that criminals forced their way into our systems, 
and stole information about our customers. Late last week, as part of our ongoing investigation, 
we learned that the taken information includes names, mailing addresses, phone numbers or email addresses.
 
I am writing to make you aware that your name, mailing address, phone number or email address may have been 
taken during the intrusion. 

I am truly sorry this incident occurred, and I sincerely regret any inconvenience it may cause you. 

Because we value you as a customer, and because your trust is important to us, our company is offering you one 
year of free credit monitoring through Experian’s ProtectMyID product, which includes identity theft insurance 
where available. You will receive more information about this offer via regular mail.

You can find additional information and FAQs about this incident at our website. If you have further questions, 
you may call us at 866-852-8680. 

Thank you for your patience and your loyalty. 
Sincerely,
Insurance Company CEO


From: insuranceCompany@ic.com
To: joanna_leinenbach@hotmail.com
Subject: Insurance company – information about recent data breach
Dear Joanna Leinenbach,
As you may have heard or read, last month we learned that criminals forced their way into our systems, 
and stole information about our customers. Late last week, as part of our ongoing investigation, 
we learned that the taken information includes names, mailing addresses, phone numbers or email addresses.
 
I am writing to make you aware that your name, mailing address, phone number or email address may have been 
taken during the intrusion. 

I am truly sorry this incident occurred, and I sincerely regret any inconvenience it may cause you. 

Because we value you as a customer, and because your trust is important to us, our company is offering you one 
year of free credit monitoring through Experian’s ProtectMyID product, which includes identity theft insurance 
where available. You will receive more information about this offer via regular mail.

You can find additional information and FAQs about this incident at our website. If you have further questions, 
you may call us at 866-852-8680. 

Thank you for your patience and your loyalty. 
Sincerely,
Insurance Company CEO


From: insuranceCompany@ic.com
To: caprice@aol.com
Subject: Insurance company – information about recent data breach
Dear Caprice Suell,
As you may have heard or read, last month we learned that criminals forced their way into our systems, 
and stole information about our customers. Late last week, as part of our ongoing investigation, 
we learned that the taken information includes names, mailing addresses, phone numbers or email addresses.
 
I am writing to make you aware that your name, mailing address, phone number or email address may have been 
taken during the intrusion. 

I am truly sorry this incident occurred, and I sincerely regret any inconvenience it may cause you. 

Because we value you as a customer, and because your trust is important to us, our company is offering you one 
year of free credit monitoring through Experian’s ProtectMyID product, which includes identity theft insurance 
where available. You will receive more information about this offer via regular mail.

You can find additional information and FAQs about this incident at our website. If you have further questions, 
you may call us at 866-852-8680. 

Thank you for your patience and your loyalty. 
Sincerely,
Insurance Company CEO


From: insuranceCompany@ic.com
To: stephane_myricks@cox.net
Subject: Insurance company – information about recent data breach
Dear Stephane Myricks,
As you may have heard or read, last month we learned that criminals forced their way into our systems, 
and stole information about our customers. Late last week, as part of our ongoing investigation, 
we learned that the taken information includes names, mailing addresses, phone numbers or email addresses.
 
I am writing to make you aware that your name, mailing address, phone number or email address may have been 
taken during the intrusion. 

I am truly sorry this incident occurred, and I sincerely regret any inconvenience it may cause you. 

Because we value you as a customer, and because your trust is important to us, our company is offering you one 
year of free credit monitoring through Experian’s ProtectMyID product, which includes identity theft insurance 
where available. You will receive more information about this offer via regular mail.

You can find additional information and FAQs about this incident at our website. If you have further questions, 
you may call us at 866-852-8680. 

Thank you for your patience and your loyalty. 
Sincerely,
Insurance Company CEO


From: insuranceCompany@ic.com
To: quentin_swayze@yahoo.com
Subject: Insurance company – information about recent data breach
Dear Quentin Swayze,
As you may have heard or read, last month we learned that criminals forced their way into our systems, 
and stole information about our customers. Late last week, as part of our ongoing investigation, 
we learned that the taken information includes names, mailing addresses, phone numbers or email addresses.
 
I am writing to make you aware that your name, mailing address, phone number or email address may have been 
taken during the intrusion. 

I am truly sorry this incident occurred, and I sincerely regret any inconvenience it may cause you. 

Because we value you as a customer, and because your trust is important to us, our company is offering you one 
year of free credit monitoring through Experian’s ProtectMyID product, which includes identity theft insurance 
where available. You will receive more information about this offer via regular mail.

You can find additional information and FAQs about this incident at our website. If you have further questions, 
you may call us at 866-852-8680. 

Thank you for your patience and your loyalty. 
Sincerely,
Insurance Company CEO


From: insuranceCompany@ic.com
To: annmarie_castros@gmail.com
Subject: Insurance company – information about recent data breach
Dear Annmarie Castros,
As you may have heard or read, last month we learned that criminals forced their way into our systems, 
and stole information about our customers. Late last week, as part of our ongoing investigation, 
we learned that the taken information includes names, mailing addresses, phone numbers or email addresses.
 
I am writing to make you aware that your name, mailing address, phone number or email address may have been 
taken during the intrusion. 

I am truly sorry this incident occurred, and I sincerely regret any inconvenience it may cause you. 

Because we value you as a customer, and because your trust is important to us, our company is offering you one 
year of free credit monitoring through Experian’s ProtectMyID product, which includes identity theft insurance 
where available. You will receive more information about this offer via regular mail.

You can find additional information and FAQs about this incident at our website. If you have further questions, 
you may call us at 866-852-8680. 

Thank you for your patience and your loyalty. 
Sincerely,
Insurance Company CEO


From: insuranceCompany@ic.com
To: shonda_greenbush@cox.net
Subject: Insurance company – information about recent data breach
Dear Shonda Greenbush,
As you may have heard or read, last month we learned that criminals forced their way into our systems, 
and stole information about our customers. Late last week, as part of our ongoing investigation, 
we learned that the taken information includes names, mailing addresses, phone numbers or email addresses.
 
I am writing to make you aware that your name, mailing address, phone number or email address may have been 
taken during the intrusion. 

I am truly sorry this incident occurred, and I sincerely regret any inconvenience it may cause you. 

Because we value you as a customer, and because your trust is important to us, our company is offering you one 
year of free credit monitoring through Experian’s ProtectMyID product, which includes identity theft insurance 
where available. You will receive more information about this offer via regular mail.

You can find additional information and FAQs about this incident at our website. If you have further questions, 
you may call us at 866-852-8680. 

Thank you for your patience and your loyalty. 
Sincerely,
Insurance Company CEO


From: insuranceCompany@ic.com
To: clapage@lapage.com
Subject: Insurance company – information about recent data breach
Dear Cecil Lapage,
As you may have heard or read, last month we learned that criminals forced their way into our systems, 
and stole information about our customers. Late last week, as part of our ongoing investigation, 
we learned that the taken information includes names, mailing addresses, phone numbers or email addresses.
 
I am writing to make you aware that your name, mailing address, phone number or email address may have been 
taken during the intrusion. 

I am truly sorry this incident occurred, and I sincerely regret any inconvenience it may cause you. 

Because we value you as a customer, and because your trust is important to us, our company is offering you one 
year of free credit monitoring through Experian’s ProtectMyID product, which includes identity theft insurance 
where available. You will receive more information about this offer via regular mail.

You can find additional information and FAQs about this incident at our website. If you have further questions, 
you may call us at 866-852-8680. 

Thank you for your patience and your loyalty. 
Sincerely,
Insurance Company CEO


From: insuranceCompany@ic.com
To: jeanice.claucherty@yahoo.com
Subject: Insurance company – information about recent data breach
Dear Jeanice Claucherty,
As you may have heard or read, last month we learned that criminals forced their way into our systems, 
and stole information about our customers. Late last week, as part of our ongoing investigation, 
we learned that the taken information includes names, mailing addresses, phone numbers or email addresses.
 
I am writing to make you aware that your name, mailing address, phone number or email address may have been 
taken during the intrusion. 

I am truly sorry this incident occurred, and I sincerely regret any inconvenience it may cause you. 

Because we value you as a customer, and because your trust is important to us, our company is offering you one 
year of free credit monitoring through Experian’s ProtectMyID product, which includes identity theft insurance 
where available. You will receive more information about this offer via regular mail.

You can find additional information and FAQs about this incident at our website. If you have further questions, 
you may call us at 866-852-8680. 

Thank you for your patience and your loyalty. 
Sincerely,
Insurance Company CEO


From: insuranceCompany@ic.com
To: josphine_villanueva@villanueva.com
Subject: Insurance company – information about recent data breach
Dear Josphine Villanueva,
As you may have heard or read, last month we learned that criminals forced their way into our systems, 
and stole information about our customers. Late last week, as part of our ongoing investigation, 
we learned that the taken information includes names, mailing addresses, phone numbers or email addresses.
 
I am writing to make you aware that your name, mailing address, phone number or email address may have been 
taken during the intrusion. 

I am truly sorry this incident occurred, and I sincerely regret any inconvenience it may cause you. 

Because we value you as a customer, and because your trust is important to us, our company is offering you one 
year of free credit monitoring through Experian’s ProtectMyID product, which includes identity theft insurance 
where available. You will receive more information about this offer via regular mail.

You can find additional information and FAQs about this incident at our website. If you have further questions, 
you may call us at 866-852-8680. 

Thank you for your patience and your loyalty. 
Sincerely,
Insurance Company CEO


From: insuranceCompany@ic.com
To: dperruzza@perruzza.com
Subject: Insurance company – information about recent data breach
Dear Daniel Perruzza,
As you may have heard or read, last month we learned that criminals forced their way into our systems, 
and stole information about our customers. Late last week, as part of our ongoing investigation, 
we learned that the taken information includes names, mailing addresses, phone numbers or email addresses.
 
I am writing to make you aware that your name, mailing address, phone number or email address may have been 
taken during the intrusion. 

I am truly sorry this incident occurred, and I sincerely regret any inconvenience it may cause you. 

Because we value you as a customer, and because your trust is important to us, our company is offering you one 
year of free credit monitoring through Experian’s ProtectMyID product, which includes identity theft insurance 
where available. You will receive more information about this offer via regular mail.

You can find additional information and FAQs about this incident at our website. If you have further questions, 
you may call us at 866-852-8680. 

Thank you for your patience and your loyalty. 
Sincerely,
Insurance Company CEO


From: insuranceCompany@ic.com
To: cassi.wildfong@aol.com
Subject: Insurance company – information about recent data breach
Dear Cassi Wildfong,
As you may have heard or read, last month we learned that criminals forced their way into our systems, 
and stole information about our customers. Late last week, as part of our ongoing investigation, 
we learned that the taken information includes names, mailing addresses, phone numbers or email addresses.
 
I am writing to make you aware that your name, mailing address, phone number or email address may have been 
taken during the intrusion. 

I am truly sorry this incident occurred, and I sincerely regret any inconvenience it may cause you. 

Because we value you as a customer, and because your trust is important to us, our company is offering you one 
year of free credit monitoring through Experian’s ProtectMyID product, which includes identity theft insurance 
where available. You will receive more information about this offer via regular mail.

You can find additional information and FAQs about this incident at our website. If you have further questions, 
you may call us at 866-852-8680. 

Thank you for your patience and your loyalty. 
Sincerely,
Insurance Company CEO


From: insuranceCompany@ic.com
To: britt@galam.org
Subject: Insurance company – information about recent data breach
Dear Britt Galam,
As you may have heard or read, last month we learned that criminals forced their way into our systems, 
and stole information about our customers. Late last week, as part of our ongoing investigation, 
we learned that the taken information includes names, mailing addresses, phone numbers or email addresses.
 
I am writing to make you aware that your name, mailing address, phone number or email address may have been 
taken during the intrusion. 

I am truly sorry this incident occurred, and I sincerely regret any inconvenience it may cause you. 

Because we value you as a customer, and because your trust is important to us, our company is offering you one 
year of free credit monitoring through Experian’s ProtectMyID product, which includes identity theft insurance 
where available. You will receive more information about this offer via regular mail.

You can find additional information and FAQs about this incident at our website. If you have further questions, 
you may call us at 866-852-8680. 

Thank you for your patience and your loyalty. 
Sincerely,
Insurance Company CEO


From: insuranceCompany@ic.com
To: adell.lipkin@lipkin.com
Subject: Insurance company – information about recent data breach
Dear Adell Lipkin,
As you may have heard or read, last month we learned that criminals forced their way into our systems, 
and stole information about our customers. Late last week, as part of our ongoing investigation, 
we learned that the taken information includes names, mailing addresses, phone numbers or email addresses.
 
I am writing to make you aware that your name, mailing address, phone number or email address may have been 
taken during the intrusion. 

I am truly sorry this incident occurred, and I sincerely regret any inconvenience it may cause you. 

Because we value you as a customer, and because your trust is important to us, our company is offering you one 
year of free credit monitoring through Experian’s ProtectMyID product, which includes identity theft insurance 
where available. You will receive more information about this offer via regular mail.

You can find additional information and FAQs about this incident at our website. If you have further questions, 
you may call us at 866-852-8680. 

Thank you for your patience and your loyalty. 
Sincerely,
Insurance Company CEO


From: insuranceCompany@ic.com
To: jacqueline.rowling@yahoo.com
Subject: Insurance company – information about recent data breach
Dear Jacqueline Rowling,
As you may have heard or read, last month we learned that criminals forced their way into our systems, 
and stole information about our customers. Late last week, as part of our ongoing investigation, 
we learned that the taken information includes names, mailing addresses, phone numbers or email addresses.
 
I am writing to make you aware that your name, mailing address, phone number or email address may have been 
taken during the intrusion. 

I am truly sorry this incident occurred, and I sincerely regret any inconvenience it may cause you. 

Because we value you as a customer, and because your trust is important to us, our company is offering you one 
year of free credit monitoring through Experian’s ProtectMyID product, which includes identity theft insurance 
where available. You will receive more information about this offer via regular mail.

You can find additional information and FAQs about this incident at our website. If you have further questions, 
you may call us at 866-852-8680. 

Thank you for your patience and your loyalty. 
Sincerely,
Insurance Company CEO


From: insuranceCompany@ic.com
To: lonny_weglarz@gmail.com
Subject: Insurance company – information about recent data breach
Dear Lonny Weglarz,
As you may have heard or read, last month we learned that criminals forced their way into our systems, 
and stole information about our customers. Late last week, as part of our ongoing investigation, 
we learned that the taken information includes names, mailing addresses, phone numbers or email addresses.
 
I am writing to make you aware that your name, mailing address, phone number or email address may have been 
taken during the intrusion. 

I am truly sorry this incident occurred, and I sincerely regret any inconvenience it may cause you. 

Because we value you as a customer, and because your trust is important to us, our company is offering you one 
year of free credit monitoring through Experian’s ProtectMyID product, which includes identity theft insurance 
where available. You will receive more information about this offer via regular mail.

You can find additional information and FAQs about this incident at our website. If you have further questions, 
you may call us at 866-852-8680. 

Thank you for your patience and your loyalty. 
Sincerely,
Insurance Company CEO


From: insuranceCompany@ic.com
To: lonna_diestel@gmail.com
Subject: Insurance company – information about recent data breach
Dear Lonna Diestel,
As you may have heard or read, last month we learned that criminals forced their way into our systems, 
and stole information about our customers. Late last week, as part of our ongoing investigation, 
we learned that the taken information includes names, mailing addresses, phone numbers or email addresses.
 
I am writing to make you aware that your name, mailing address, phone number or email address may have been 
taken during the intrusion. 

I am truly sorry this incident occurred, and I sincerely regret any inconvenience it may cause you. 

Because we value you as a customer, and because your trust is important to us, our company is offering you one 
year of free credit monitoring through Experian’s ProtectMyID product, which includes identity theft insurance 
where available. You will receive more information about this offer via regular mail.

You can find additional information and FAQs about this incident at our website. If you have further questions, 
you may call us at 866-852-8680. 

Thank you for your patience and your loyalty. 
Sincerely,
Insurance Company CEO


From: insuranceCompany@ic.com
To: cristal@cox.net
Subject: Insurance company – information about recent data breach
Dear Cristal Samara,
As you may have heard or read, last month we learned that criminals forced their way into our systems, 
and stole information about our customers. Late last week, as part of our ongoing investigation, 
we learned that the taken information includes names, mailing addresses, phone numbers or email addresses.
 
I am writing to make you aware that your name, mailing address, phone number or email address may have been 
taken during the intrusion. 

I am truly sorry this incident occurred, and I sincerely regret any inconvenience it may cause you. 

Because we value you as a customer, and because your trust is important to us, our company is offering you one 
year of free credit monitoring through Experian’s ProtectMyID product, which includes identity theft insurance 
where available. You will receive more information about this offer via regular mail.

You can find additional information and FAQs about this incident at our website. If you have further questions, 
you may call us at 866-852-8680. 

Thank you for your patience and your loyalty. 
Sincerely,
Insurance Company CEO


From: insuranceCompany@ic.com
To: kenneth.grenet@grenet.org
Subject: Insurance company – information about recent data breach
Dear Kenneth Grenet,
As you may have heard or read, last month we learned that criminals forced their way into our systems, 
and stole information about our customers. Late last week, as part of our ongoing investigation, 
we learned that the taken information includes names, mailing addresses, phone numbers or email addresses.
 
I am writing to make you aware that your name, mailing address, phone number or email address may have been 
taken during the intrusion. 

I am truly sorry this incident occurred, and I sincerely regret any inconvenience it may cause you. 

Because we value you as a customer, and because your trust is important to us, our company is offering you one 
year of free credit monitoring through Experian’s ProtectMyID product, which includes identity theft insurance 
where available. You will receive more information about this offer via regular mail.

You can find additional information and FAQs about this incident at our website. If you have further questions, 
you may call us at 866-852-8680. 

Thank you for your patience and your loyalty. 
Sincerely,
Insurance Company CEO


From: insuranceCompany@ic.com
To: emclaird@mclaird.com
Subject: Insurance company – information about recent data breach
Dear Elli Mclaird,
As you may have heard or read, last month we learned that criminals forced their way into our systems, 
and stole information about our customers. Late last week, as part of our ongoing investigation, 
we learned that the taken information includes names, mailing addresses, phone numbers or email addresses.
 
I am writing to make you aware that your name, mailing address, phone number or email address may have been 
taken during the intrusion. 

I am truly sorry this incident occurred, and I sincerely regret any inconvenience it may cause you. 

Because we value you as a customer, and because your trust is important to us, our company is offering you one 
year of free credit monitoring through Experian’s ProtectMyID product, which includes identity theft insurance 
where available. You will receive more information about this offer via regular mail.

You can find additional information and FAQs about this incident at our website. If you have further questions, 
you may call us at 866-852-8680. 

Thank you for your patience and your loyalty. 
Sincerely,
Insurance Company CEO


From: insuranceCompany@ic.com
To: ajeanty@gmail.com
Subject: Insurance company – information about recent data breach
Dear Alline Jeanty,
As you may have heard or read, last month we learned that criminals forced their way into our systems, 
and stole information about our customers. Late last week, as part of our ongoing investigation, 
we learned that the taken information includes names, mailing addresses, phone numbers or email addresses.
 
I am writing to make you aware that your name, mailing address, phone number or email address may have been 
taken during the intrusion. 

I am truly sorry this incident occurred, and I sincerely regret any inconvenience it may cause you. 

Because we value you as a customer, and because your trust is important to us, our company is offering you one 
year of free credit monitoring through Experian’s ProtectMyID product, which includes identity theft insurance 
where available. You will receive more information about this offer via regular mail.

You can find additional information and FAQs about this incident at our website. If you have further questions, 
you may call us at 866-852-8680. 

Thank you for your patience and your loyalty. 
Sincerely,
Insurance Company CEO


From: insuranceCompany@ic.com
To: sharika.eanes@aol.com
Subject: Insurance company – information about recent data breach
Dear Sharika Eanes,
As you may have heard or read, last month we learned that criminals forced their way into our systems, 
and stole information about our customers. Late last week, as part of our ongoing investigation, 
we learned that the taken information includes names, mailing addresses, phone numbers or email addresses.
 
I am writing to make you aware that your name, mailing address, phone number or email address may have been 
taken during the intrusion. 

I am truly sorry this incident occurred, and I sincerely regret any inconvenience it may cause you. 

Because we value you as a customer, and because your trust is important to us, our company is offering you one 
year of free credit monitoring through Experian’s ProtectMyID product, which includes identity theft insurance 
where available. You will receive more information about this offer via regular mail.

You can find additional information and FAQs about this incident at our website. If you have further questions, 
you may call us at 866-852-8680. 

Thank you for your patience and your loyalty. 
Sincerely,
Insurance Company CEO


From: insuranceCompany@ic.com
To: nu@gmail.com
Subject: Insurance company – information about recent data breach
Dear Nu Mcnease,
As you may have heard or read, last month we learned that criminals forced their way into our systems, 
and stole information about our customers. Late last week, as part of our ongoing investigation, 
we learned that the taken information includes names, mailing addresses, phone numbers or email addresses.
 
I am writing to make you aware that your name, mailing address, phone number or email address may have been 
taken during the intrusion. 

I am truly sorry this incident occurred, and I sincerely regret any inconvenience it may cause you. 

Because we value you as a customer, and because your trust is important to us, our company is offering you one 
year of free credit monitoring through Experian’s ProtectMyID product, which includes identity theft insurance 
where available. You will receive more information about this offer via regular mail.

You can find additional information and FAQs about this incident at our website. If you have further questions, 
you may call us at 866-852-8680. 

Thank you for your patience and your loyalty. 
Sincerely,
Insurance Company CEO


From: insuranceCompany@ic.com
To: dcomnick@cox.net
Subject: Insurance company – information about recent data breach
Dear Daniela Comnick,
As you may have heard or read, last month we learned that criminals forced their way into our systems, 
and stole information about our customers. Late last week, as part of our ongoing investigation, 
we learned that the taken information includes names, mailing addresses, phone numbers or email addresses.
 
I am writing to make you aware that your name, mailing address, phone number or email address may have been 
taken during the intrusion. 

I am truly sorry this incident occurred, and I sincerely regret any inconvenience it may cause you. 

Because we value you as a customer, and because your trust is important to us, our company is offering you one 
year of free credit monitoring through Experian’s ProtectMyID product, which includes identity theft insurance 
where available. You will receive more information about this offer via regular mail.

You can find additional information and FAQs about this incident at our website. If you have further questions, 
you may call us at 866-852-8680. 

Thank you for your patience and your loyalty. 
Sincerely,
Insurance Company CEO


From: insuranceCompany@ic.com
To: cecilia_colaizzo@colaizzo.com
Subject: Insurance company – information about recent data breach
Dear Cecilia Colaizzo,
As you may have heard or read, last month we learned that criminals forced their way into our systems, 
and stole information about our customers. Late last week, as part of our ongoing investigation, 
we learned that the taken information includes names, mailing addresses, phone numbers or email addresses.
 
I am writing to make you aware that your name, mailing address, phone number or email address may have been 
taken during the intrusion. 

I am truly sorry this incident occurred, and I sincerely regret any inconvenience it may cause you. 

Because we value you as a customer, and because your trust is important to us, our company is offering you one 
year of free credit monitoring through Experian’s ProtectMyID product, which includes identity theft insurance 
where available. You will receive more information about this offer via regular mail.

You can find additional information and FAQs about this incident at our website. If you have further questions, 
you may call us at 866-852-8680. 

Thank you for your patience and your loyalty. 
Sincerely,
Insurance Company CEO


From: insuranceCompany@ic.com
To: leslie@cox.net
Subject: Insurance company – information about recent data breach
Dear Leslie Threets,
As you may have heard or read, last month we learned that criminals forced their way into our systems, 
and stole information about our customers. Late last week, as part of our ongoing investigation, 
we learned that the taken information includes names, mailing addresses, phone numbers or email addresses.
 
I am writing to make you aware that your name, mailing address, phone number or email address may have been 
taken during the intrusion. 

I am truly sorry this incident occurred, and I sincerely regret any inconvenience it may cause you. 

Because we value you as a customer, and because your trust is important to us, our company is offering you one 
year of free credit monitoring through Experian’s ProtectMyID product, which includes identity theft insurance 
where available. You will receive more information about this offer via regular mail.

You can find additional information and FAQs about this incident at our website. If you have further questions, 
you may call us at 866-852-8680. 

Thank you for your patience and your loyalty. 
Sincerely,
Insurance Company CEO


From: insuranceCompany@ic.com
To: nan@koppinger.com
Subject: Insurance company – information about recent data breach
Dear Nan Koppinger,
As you may have heard or read, last month we learned that criminals forced their way into our systems, 
and stole information about our customers. Late last week, as part of our ongoing investigation, 
we learned that the taken information includes names, mailing addresses, phone numbers or email addresses.
 
I am writing to make you aware that your name, mailing address, phone number or email address may have been 
taken during the intrusion. 

I am truly sorry this incident occurred, and I sincerely regret any inconvenience it may cause you. 

Because we value you as a customer, and because your trust is important to us, our company is offering you one 
year of free credit monitoring through Experian’s ProtectMyID product, which includes identity theft insurance 
where available. You will receive more information about this offer via regular mail.

You can find additional information and FAQs about this incident at our website. If you have further questions, 
you may call us at 866-852-8680. 

Thank you for your patience and your loyalty. 
Sincerely,
Insurance Company CEO


From: insuranceCompany@ic.com
To: idewar@dewar.com
Subject: Insurance company – information about recent data breach
Dear Izetta Dewar,
As you may have heard or read, last month we learned that criminals forced their way into our systems, 
and stole information about our customers. Late last week, as part of our ongoing investigation, 
we learned that the taken information includes names, mailing addresses, phone numbers or email addresses.
 
I am writing to make you aware that your name, mailing address, phone number or email address may have been 
taken during the intrusion. 

I am truly sorry this incident occurred, and I sincerely regret any inconvenience it may cause you. 

Because we value you as a customer, and because your trust is important to us, our company is offering you one 
year of free credit monitoring through Experian’s ProtectMyID product, which includes identity theft insurance 
where available. You will receive more information about this offer via regular mail.

You can find additional information and FAQs about this incident at our website. If you have further questions, 
you may call us at 866-852-8680. 

Thank you for your patience and your loyalty. 
Sincerely,
Insurance Company CEO


From: insuranceCompany@ic.com
To: tegan.arceo@arceo.org
Subject: Insurance company – information about recent data breach
Dear Tegan Arceo,
As you may have heard or read, last month we learned that criminals forced their way into our systems, 
and stole information about our customers. Late last week, as part of our ongoing investigation, 
we learned that the taken information includes names, mailing addresses, phone numbers or email addresses.
 
I am writing to make you aware that your name, mailing address, phone number or email address may have been 
taken during the intrusion. 

I am truly sorry this incident occurred, and I sincerely regret any inconvenience it may cause you. 

Because we value you as a customer, and because your trust is important to us, our company is offering you one 
year of free credit monitoring through Experian’s ProtectMyID product, which includes identity theft insurance 
where available. You will receive more information about this offer via regular mail.

You can find additional information and FAQs about this incident at our website. If you have further questions, 
you may call us at 866-852-8680. 

Thank you for your patience and your loyalty. 
Sincerely,
Insurance Company CEO


From: insuranceCompany@ic.com
To: ruthann@hotmail.com
Subject: Insurance company – information about recent data breach
Dear Ruthann Keener,
As you may have heard or read, last month we learned that criminals forced their way into our systems, 
and stole information about our customers. Late last week, as part of our ongoing investigation, 
we learned that the taken information includes names, mailing addresses, phone numbers or email addresses.
 
I am writing to make you aware that your name, mailing address, phone number or email address may have been 
taken during the intrusion. 

I am truly sorry this incident occurred, and I sincerely regret any inconvenience it may cause you. 

Because we value you as a customer, and because your trust is important to us, our company is offering you one 
year of free credit monitoring through Experian’s ProtectMyID product, which includes identity theft insurance 
where available. You will receive more information about this offer via regular mail.

You can find additional information and FAQs about this incident at our website. If you have further questions, 
you may call us at 866-852-8680. 

Thank you for your patience and your loyalty. 
Sincerely,
Insurance Company CEO


From: insuranceCompany@ic.com
To: joni_breland@cox.net
Subject: Insurance company – information about recent data breach
Dear Joni Breland,
As you may have heard or read, last month we learned that criminals forced their way into our systems, 
and stole information about our customers. Late last week, as part of our ongoing investigation, 
we learned that the taken information includes names, mailing addresses, phone numbers or email addresses.
 
I am writing to make you aware that your name, mailing address, phone number or email address may have been 
taken during the intrusion. 

I am truly sorry this incident occurred, and I sincerely regret any inconvenience it may cause you. 

Because we value you as a customer, and because your trust is important to us, our company is offering you one 
year of free credit monitoring through Experian’s ProtectMyID product, which includes identity theft insurance 
where available. You will receive more information about this offer via regular mail.

You can find additional information and FAQs about this incident at our website. If you have further questions, 
you may call us at 866-852-8680. 

Thank you for your patience and your loyalty. 
Sincerely,
Insurance Company CEO


From: insuranceCompany@ic.com
To: vrentfro@cox.net
Subject: Insurance company – information about recent data breach
Dear Vi Rentfro,
As you may have heard or read, last month we learned that criminals forced their way into our systems, 
and stole information about our customers. Late last week, as part of our ongoing investigation, 
we learned that the taken information includes names, mailing addresses, phone numbers or email addresses.
 
I am writing to make you aware that your name, mailing address, phone number or email address may have been 
taken during the intrusion. 

I am truly sorry this incident occurred, and I sincerely regret any inconvenience it may cause you. 

Because we value you as a customer, and because your trust is important to us, our company is offering you one 
year of free credit monitoring through Experian’s ProtectMyID product, which includes identity theft insurance 
where available. You will receive more information about this offer via regular mail.

You can find additional information and FAQs about this incident at our website. If you have further questions, 
you may call us at 866-852-8680. 

Thank you for your patience and your loyalty. 
Sincerely,
Insurance Company CEO


From: insuranceCompany@ic.com
To: colette.kardas@yahoo.com
Subject: Insurance company – information about recent data breach
Dear Colette Kardas,
As you may have heard or read, last month we learned that criminals forced their way into our systems, 
and stole information about our customers. Late last week, as part of our ongoing investigation, 
we learned that the taken information includes names, mailing addresses, phone numbers or email addresses.
 
I am writing to make you aware that your name, mailing address, phone number or email address may have been 
taken during the intrusion. 

I am truly sorry this incident occurred, and I sincerely regret any inconvenience it may cause you. 

Because we value you as a customer, and because your trust is important to us, our company is offering you one 
year of free credit monitoring through Experian’s ProtectMyID product, which includes identity theft insurance 
where available. You will receive more information about this offer via regular mail.

You can find additional information and FAQs about this incident at our website. If you have further questions, 
you may call us at 866-852-8680. 

Thank you for your patience and your loyalty. 
Sincerely,
Insurance Company CEO


From: insuranceCompany@ic.com
To: malcolm_tromblay@cox.net
Subject: Insurance company – information about recent data breach
Dear Malcolm Tromblay,
As you may have heard or read, last month we learned that criminals forced their way into our systems, 
and stole information about our customers. Late last week, as part of our ongoing investigation, 
we learned that the taken information includes names, mailing addresses, phone numbers or email addresses.
 
I am writing to make you aware that your name, mailing address, phone number or email address may have been 
taken during the intrusion. 

I am truly sorry this incident occurred, and I sincerely regret any inconvenience it may cause you. 

Because we value you as a customer, and because your trust is important to us, our company is offering you one 
year of free credit monitoring through Experian’s ProtectMyID product, which includes identity theft insurance 
where available. You will receive more information about this offer via regular mail.

You can find additional information and FAQs about this incident at our website. If you have further questions, 
you may call us at 866-852-8680. 

Thank you for your patience and your loyalty. 
Sincerely,
Insurance Company CEO


From: insuranceCompany@ic.com
To: ryan@cox.net
Subject: Insurance company – information about recent data breach
Dear Ryan Harnos,
As you may have heard or read, last month we learned that criminals forced their way into our systems, 
and stole information about our customers. Late last week, as part of our ongoing investigation, 
we learned that the taken information includes names, mailing addresses, phone numbers or email addresses.
 
I am writing to make you aware that your name, mailing address, phone number or email address may have been 
taken during the intrusion. 

I am truly sorry this incident occurred, and I sincerely regret any inconvenience it may cause you. 

Because we value you as a customer, and because your trust is important to us, our company is offering you one 
year of free credit monitoring through Experian’s ProtectMyID product, which includes identity theft insurance 
where available. You will receive more information about this offer via regular mail.

You can find additional information and FAQs about this incident at our website. If you have further questions, 
you may call us at 866-852-8680. 

Thank you for your patience and your loyalty. 
Sincerely,
Insurance Company CEO


From: insuranceCompany@ic.com
To: jess.chaffins@chaffins.org
Subject: Insurance company – information about recent data breach
Dear Jess Chaffins,
As you may have heard or read, last month we learned that criminals forced their way into our systems, 
and stole information about our customers. Late last week, as part of our ongoing investigation, 
we learned that the taken information includes names, mailing addresses, phone numbers or email addresses.
 
I am writing to make you aware that your name, mailing address, phone number or email address may have been 
taken during the intrusion. 

I am truly sorry this incident occurred, and I sincerely regret any inconvenience it may cause you. 

Because we value you as a customer, and because your trust is important to us, our company is offering you one 
year of free credit monitoring through Experian’s ProtectMyID product, which includes identity theft insurance 
where available. You will receive more information about this offer via regular mail.

You can find additional information and FAQs about this incident at our website. If you have further questions, 
you may call us at 866-852-8680. 

Thank you for your patience and your loyalty. 
Sincerely,
Insurance Company CEO


From: insuranceCompany@ic.com
To: sbourbon@yahoo.com
Subject: Insurance company – information about recent data breach
Dear Sharen Bourbon,
As you may have heard or read, last month we learned that criminals forced their way into our systems, 
and stole information about our customers. Late last week, as part of our ongoing investigation, 
we learned that the taken information includes names, mailing addresses, phone numbers or email addresses.
 
I am writing to make you aware that your name, mailing address, phone number or email address may have been 
taken during the intrusion. 

I am truly sorry this incident occurred, and I sincerely regret any inconvenience it may cause you. 

Because we value you as a customer, and because your trust is important to us, our company is offering you one 
year of free credit monitoring through Experian’s ProtectMyID product, which includes identity theft insurance 
where available. You will receive more information about this offer via regular mail.

You can find additional information and FAQs about this incident at our website. If you have further questions, 
you may call us at 866-852-8680. 

Thank you for your patience and your loyalty. 
Sincerely,
Insurance Company CEO


From: insuranceCompany@ic.com
To: nickolas_juvera@cox.net
Subject: Insurance company – information about recent data breach
Dear Nickolas Juvera,
As you may have heard or read, last month we learned that criminals forced their way into our systems, 
and stole information about our customers. Late last week, as part of our ongoing investigation, 
we learned that the taken information includes names, mailing addresses, phone numbers or email addresses.
 
I am writing to make you aware that your name, mailing address, phone number or email address may have been 
taken during the intrusion. 

I am truly sorry this incident occurred, and I sincerely regret any inconvenience it may cause you. 

Because we value you as a customer, and because your trust is important to us, our company is offering you one 
year of free credit monitoring through Experian’s ProtectMyID product, which includes identity theft insurance 
where available. You will receive more information about this offer via regular mail.

You can find additional information and FAQs about this incident at our website. If you have further questions, 
you may call us at 866-852-8680. 

Thank you for your patience and your loyalty. 
Sincerely,
Insurance Company CEO


From: insuranceCompany@ic.com
To: gary_nunlee@nunlee.org
Subject: Insurance company – information about recent data breach
Dear Gary Nunlee,
As you may have heard or read, last month we learned that criminals forced their way into our systems, 
and stole information about our customers. Late last week, as part of our ongoing investigation, 
we learned that the taken information includes names, mailing addresses, phone numbers or email addresses.
 
I am writing to make you aware that your name, mailing address, phone number or email address may have been 
taken during the intrusion. 

I am truly sorry this incident occurred, and I sincerely regret any inconvenience it may cause you. 

Because we value you as a customer, and because your trust is important to us, our company is offering you one 
year of free credit monitoring through Experian’s ProtectMyID product, which includes identity theft insurance 
where available. You will receive more information about this offer via regular mail.

You can find additional information and FAQs about this incident at our website. If you have further questions, 
you may call us at 866-852-8680. 

Thank you for your patience and your loyalty. 
Sincerely,
Insurance Company CEO


From: insuranceCompany@ic.com
To: diane@cox.net
Subject: Insurance company – information about recent data breach
Dear Diane Devreese,
As you may have heard or read, last month we learned that criminals forced their way into our systems, 
and stole information about our customers. Late last week, as part of our ongoing investigation, 
we learned that the taken information includes names, mailing addresses, phone numbers or email addresses.
 
I am writing to make you aware that your name, mailing address, phone number or email address may have been 
taken during the intrusion. 

I am truly sorry this incident occurred, and I sincerely regret any inconvenience it may cause you. 

Because we value you as a customer, and because your trust is important to us, our company is offering you one 
year of free credit monitoring through Experian’s ProtectMyID product, which includes identity theft insurance 
where available. You will receive more information about this offer via regular mail.

You can find additional information and FAQs about this incident at our website. If you have further questions, 
you may call us at 866-852-8680. 

Thank you for your patience and your loyalty. 
Sincerely,
Insurance Company CEO


From: insuranceCompany@ic.com
To: roslyn.chavous@chavous.org
Subject: Insurance company – information about recent data breach
Dear Roslyn Chavous,
As you may have heard or read, last month we learned that criminals forced their way into our systems, 
and stole information about our customers. Late last week, as part of our ongoing investigation, 
we learned that the taken information includes names, mailing addresses, phone numbers or email addresses.
 
I am writing to make you aware that your name, mailing address, phone number or email address may have been 
taken during the intrusion. 

I am truly sorry this incident occurred, and I sincerely regret any inconvenience it may cause you. 

Because we value you as a customer, and because your trust is important to us, our company is offering you one 
year of free credit monitoring through Experian’s ProtectMyID product, which includes identity theft insurance 
where available. You will receive more information about this offer via regular mail.

You can find additional information and FAQs about this incident at our website. If you have further questions, 
you may call us at 866-852-8680. 

Thank you for your patience and your loyalty. 
Sincerely,
Insurance Company CEO


From: insuranceCompany@ic.com
To: glory@yahoo.com
Subject: Insurance company – information about recent data breach
Dear Glory Schieler,
As you may have heard or read, last month we learned that criminals forced their way into our systems, 
and stole information about our customers. Late last week, as part of our ongoing investigation, 
we learned that the taken information includes names, mailing addresses, phone numbers or email addresses.
 
I am writing to make you aware that your name, mailing address, phone number or email address may have been 
taken during the intrusion. 

I am truly sorry this incident occurred, and I sincerely regret any inconvenience it may cause you. 

Because we value you as a customer, and because your trust is important to us, our company is offering you one 
year of free credit monitoring through Experian’s ProtectMyID product, which includes identity theft insurance 
where available. You will receive more information about this offer via regular mail.

You can find additional information and FAQs about this incident at our website. If you have further questions, 
you may call us at 866-852-8680. 

Thank you for your patience and your loyalty. 
Sincerely,
Insurance Company CEO


From: insuranceCompany@ic.com
To: rasheeda@aol.com
Subject: Insurance company – information about recent data breach
Dear Rasheeda Sayaphon,
As you may have heard or read, last month we learned that criminals forced their way into our systems, 
and stole information about our customers. Late last week, as part of our ongoing investigation, 
we learned that the taken information includes names, mailing addresses, phone numbers or email addresses.
 
I am writing to make you aware that your name, mailing address, phone number or email address may have been 
taken during the intrusion. 

I am truly sorry this incident occurred, and I sincerely regret any inconvenience it may cause you. 

Because we value you as a customer, and because your trust is important to us, our company is offering you one 
year of free credit monitoring through Experian’s ProtectMyID product, which includes identity theft insurance 
where available. You will receive more information about this offer via regular mail.

You can find additional information and FAQs about this incident at our website. If you have further questions, 
you may call us at 866-852-8680. 

Thank you for your patience and your loyalty. 
Sincerely,
Insurance Company CEO


From: insuranceCompany@ic.com
To: alpha@yahoo.com
Subject: Insurance company – information about recent data breach
Dear Alpha Palaia,
As you may have heard or read, last month we learned that criminals forced their way into our systems, 
and stole information about our customers. Late last week, as part of our ongoing investigation, 
we learned that the taken information includes names, mailing addresses, phone numbers or email addresses.
 
I am writing to make you aware that your name, mailing address, phone number or email address may have been 
taken during the intrusion. 

I am truly sorry this incident occurred, and I sincerely regret any inconvenience it may cause you. 

Because we value you as a customer, and because your trust is important to us, our company is offering you one 
year of free credit monitoring through Experian’s ProtectMyID product, which includes identity theft insurance 
where available. You will receive more information about this offer via regular mail.

You can find additional information and FAQs about this incident at our website. If you have further questions, 
you may call us at 866-852-8680. 

Thank you for your patience and your loyalty. 
Sincerely,
Insurance Company CEO


From: insuranceCompany@ic.com
To: refugia.jacobos@jacobos.com
Subject: Insurance company – information about recent data breach
Dear Refugia Jacobos,
As you may have heard or read, last month we learned that criminals forced their way into our systems, 
and stole information about our customers. Late last week, as part of our ongoing investigation, 
we learned that the taken information includes names, mailing addresses, phone numbers or email addresses.
 
I am writing to make you aware that your name, mailing address, phone number or email address may have been 
taken during the intrusion. 

I am truly sorry this incident occurred, and I sincerely regret any inconvenience it may cause you. 

Because we value you as a customer, and because your trust is important to us, our company is offering you one 
year of free credit monitoring through Experian’s ProtectMyID product, which includes identity theft insurance 
where available. You will receive more information about this offer via regular mail.

You can find additional information and FAQs about this incident at our website. If you have further questions, 
you may call us at 866-852-8680. 

Thank you for your patience and your loyalty. 
Sincerely,
Insurance Company CEO


From: insuranceCompany@ic.com
To: shawnda.yori@yahoo.com
Subject: Insurance company – information about recent data breach
Dear Shawnda Yori,
As you may have heard or read, last month we learned that criminals forced their way into our systems, 
and stole information about our customers. Late last week, as part of our ongoing investigation, 
we learned that the taken information includes names, mailing addresses, phone numbers or email addresses.
 
I am writing to make you aware that your name, mailing address, phone number or email address may have been 
taken during the intrusion. 

I am truly sorry this incident occurred, and I sincerely regret any inconvenience it may cause you. 

Because we value you as a customer, and because your trust is important to us, our company is offering you one 
year of free credit monitoring through Experian’s ProtectMyID product, which includes identity theft insurance 
where available. You will receive more information about this offer via regular mail.

You can find additional information and FAQs about this incident at our website. If you have further questions, 
you may call us at 866-852-8680. 

Thank you for your patience and your loyalty. 
Sincerely,
Insurance Company CEO


From: insuranceCompany@ic.com
To: mdelasancha@hotmail.com
Subject: Insurance company – information about recent data breach
Dear Mona Delasancha,
As you may have heard or read, last month we learned that criminals forced their way into our systems, 
and stole information about our customers. Late last week, as part of our ongoing investigation, 
we learned that the taken information includes names, mailing addresses, phone numbers or email addresses.
 
I am writing to make you aware that your name, mailing address, phone number or email address may have been 
taken during the intrusion. 

I am truly sorry this incident occurred, and I sincerely regret any inconvenience it may cause you. 

Because we value you as a customer, and because your trust is important to us, our company is offering you one 
year of free credit monitoring through Experian’s ProtectMyID product, which includes identity theft insurance 
where available. You will receive more information about this offer via regular mail.

You can find additional information and FAQs about this incident at our website. If you have further questions, 
you may call us at 866-852-8680. 

Thank you for your patience and your loyalty. 
Sincerely,
Insurance Company CEO


From: insuranceCompany@ic.com
To: gilma_liukko@gmail.com
Subject: Insurance company – information about recent data breach
Dear Gilma Liukko,
As you may have heard or read, last month we learned that criminals forced their way into our systems, 
and stole information about our customers. Late last week, as part of our ongoing investigation, 
we learned that the taken information includes names, mailing addresses, phone numbers or email addresses.
 
I am writing to make you aware that your name, mailing address, phone number or email address may have been 
taken during the intrusion. 

I am truly sorry this incident occurred, and I sincerely regret any inconvenience it may cause you. 

Because we value you as a customer, and because your trust is important to us, our company is offering you one 
year of free credit monitoring through Experian’s ProtectMyID product, which includes identity theft insurance 
where available. You will receive more information about this offer via regular mail.

You can find additional information and FAQs about this incident at our website. If you have further questions, 
you may call us at 866-852-8680. 

Thank you for your patience and your loyalty. 
Sincerely,
Insurance Company CEO


From: insuranceCompany@ic.com
To: jgabisi@hotmail.com
Subject: Insurance company – information about recent data breach
Dear Janey Gabisi,
As you may have heard or read, last month we learned that criminals forced their way into our systems, 
and stole information about our customers. Late last week, as part of our ongoing investigation, 
we learned that the taken information includes names, mailing addresses, phone numbers or email addresses.
 
I am writing to make you aware that your name, mailing address, phone number or email address may have been 
taken during the intrusion. 

I am truly sorry this incident occurred, and I sincerely regret any inconvenience it may cause you. 

Because we value you as a customer, and because your trust is important to us, our company is offering you one 
year of free credit monitoring through Experian’s ProtectMyID product, which includes identity theft insurance 
where available. You will receive more information about this offer via regular mail.

You can find additional information and FAQs about this incident at our website. If you have further questions, 
you may call us at 866-852-8680. 

Thank you for your patience and your loyalty. 
Sincerely,
Insurance Company CEO


From: insuranceCompany@ic.com
To: lili.paskin@cox.net
Subject: Insurance company – information about recent data breach
Dear Lili Paskin,
As you may have heard or read, last month we learned that criminals forced their way into our systems, 
and stole information about our customers. Late last week, as part of our ongoing investigation, 
we learned that the taken information includes names, mailing addresses, phone numbers or email addresses.
 
I am writing to make you aware that your name, mailing address, phone number or email address may have been 
taken during the intrusion. 

I am truly sorry this incident occurred, and I sincerely regret any inconvenience it may cause you. 

Because we value you as a customer, and because your trust is important to us, our company is offering you one 
year of free credit monitoring through Experian’s ProtectMyID product, which includes identity theft insurance 
where available. You will receive more information about this offer via regular mail.

You can find additional information and FAQs about this incident at our website. If you have further questions, 
you may call us at 866-852-8680. 

Thank you for your patience and your loyalty. 
Sincerely,
Insurance Company CEO


From: insuranceCompany@ic.com
To: loren.asar@aol.com
Subject: Insurance company – information about recent data breach
Dear Loren Asar,
As you may have heard or read, last month we learned that criminals forced their way into our systems, 
and stole information about our customers. Late last week, as part of our ongoing investigation, 
we learned that the taken information includes names, mailing addresses, phone numbers or email addresses.
 
I am writing to make you aware that your name, mailing address, phone number or email address may have been 
taken during the intrusion. 

I am truly sorry this incident occurred, and I sincerely regret any inconvenience it may cause you. 

Because we value you as a customer, and because your trust is important to us, our company is offering you one 
year of free credit monitoring through Experian’s ProtectMyID product, which includes identity theft insurance 
where available. You will receive more information about this offer via regular mail.

You can find additional information and FAQs about this incident at our website. If you have further questions, 
you may call us at 866-852-8680. 

Thank you for your patience and your loyalty. 
Sincerely,
Insurance Company CEO


From: insuranceCompany@ic.com
To: dorothy@cox.net
Subject: Insurance company – information about recent data breach
Dear Dorothy Chesterfield,
As you may have heard or read, last month we learned that criminals forced their way into our systems, 
and stole information about our customers. Late last week, as part of our ongoing investigation, 
we learned that the taken information includes names, mailing addresses, phone numbers or email addresses.
 
I am writing to make you aware that your name, mailing address, phone number or email address may have been 
taken during the intrusion. 

I am truly sorry this incident occurred, and I sincerely regret any inconvenience it may cause you. 

Because we value you as a customer, and because your trust is important to us, our company is offering you one 
year of free credit monitoring through Experian’s ProtectMyID product, which includes identity theft insurance 
where available. You will receive more information about this offer via regular mail.

You can find additional information and FAQs about this incident at our website. If you have further questions, 
you may call us at 866-852-8680. 

Thank you for your patience and your loyalty. 
Sincerely,
Insurance Company CEO


From: insuranceCompany@ic.com
To: gail_similton@similton.com
Subject: Insurance company – information about recent data breach
Dear Gail Similton,
As you may have heard or read, last month we learned that criminals forced their way into our systems, 
and stole information about our customers. Late last week, as part of our ongoing investigation, 
we learned that the taken information includes names, mailing addresses, phone numbers or email addresses.
 
I am writing to make you aware that your name, mailing address, phone number or email address may have been 
taken during the intrusion. 

I am truly sorry this incident occurred, and I sincerely regret any inconvenience it may cause you. 

Because we value you as a customer, and because your trust is important to us, our company is offering you one 
year of free credit monitoring through Experian’s ProtectMyID product, which includes identity theft insurance 
where available. You will receive more information about this offer via regular mail.

You can find additional information and FAQs about this incident at our website. If you have further questions, 
you may call us at 866-852-8680. 

Thank you for your patience and your loyalty. 
Sincerely,
Insurance Company CEO


From: insuranceCompany@ic.com
To: catalina@hotmail.com
Subject: Insurance company – information about recent data breach
Dear Catalina Tillotson,
As you may have heard or read, last month we learned that criminals forced their way into our systems, 
and stole information about our customers. Late last week, as part of our ongoing investigation, 
we learned that the taken information includes names, mailing addresses, phone numbers or email addresses.
 
I am writing to make you aware that your name, mailing address, phone number or email address may have been 
taken during the intrusion. 

I am truly sorry this incident occurred, and I sincerely regret any inconvenience it may cause you. 

Because we value you as a customer, and because your trust is important to us, our company is offering you one 
year of free credit monitoring through Experian’s ProtectMyID product, which includes identity theft insurance 
where available. You will receive more information about this offer via regular mail.

You can find additional information and FAQs about this incident at our website. If you have further questions, 
you may call us at 866-852-8680. 

Thank you for your patience and your loyalty. 
Sincerely,
Insurance Company CEO


From: insuranceCompany@ic.com
To: lawrence.lorens@hotmail.com
Subject: Insurance company – information about recent data breach
Dear Lawrence Lorens,
As you may have heard or read, last month we learned that criminals forced their way into our systems, 
and stole information about our customers. Late last week, as part of our ongoing investigation, 
we learned that the taken information includes names, mailing addresses, phone numbers or email addresses.
 
I am writing to make you aware that your name, mailing address, phone number or email address may have been 
taken during the intrusion. 

I am truly sorry this incident occurred, and I sincerely regret any inconvenience it may cause you. 

Because we value you as a customer, and because your trust is important to us, our company is offering you one 
year of free credit monitoring through Experian’s ProtectMyID product, which includes identity theft insurance 
where available. You will receive more information about this offer via regular mail.

You can find additional information and FAQs about this incident at our website. If you have further questions, 
you may call us at 866-852-8680. 

Thank you for your patience and your loyalty. 
Sincerely,
Insurance Company CEO


From: insuranceCompany@ic.com
To: carlee.boulter@hotmail.com
Subject: Insurance company – information about recent data breach
Dear Carlee Boulter,
As you may have heard or read, last month we learned that criminals forced their way into our systems, 
and stole information about our customers. Late last week, as part of our ongoing investigation, 
we learned that the taken information includes names, mailing addresses, phone numbers or email addresses.
 
I am writing to make you aware that your name, mailing address, phone number or email address may have been 
taken during the intrusion. 

I am truly sorry this incident occurred, and I sincerely regret any inconvenience it may cause you. 

Because we value you as a customer, and because your trust is important to us, our company is offering you one 
year of free credit monitoring through Experian’s ProtectMyID product, which includes identity theft insurance 
where available. You will receive more information about this offer via regular mail.

You can find additional information and FAQs about this incident at our website. If you have further questions, 
you may call us at 866-852-8680. 

Thank you for your patience and your loyalty. 
Sincerely,
Insurance Company CEO


From: insuranceCompany@ic.com
To: tankeny@ankeny.org
Subject: Insurance company – information about recent data breach
Dear Thaddeus Ankeny,
As you may have heard or read, last month we learned that criminals forced their way into our systems, 
and stole information about our customers. Late last week, as part of our ongoing investigation, 
we learned that the taken information includes names, mailing addresses, phone numbers or email addresses.
 
I am writing to make you aware that your name, mailing address, phone number or email address may have been 
taken during the intrusion. 

I am truly sorry this incident occurred, and I sincerely regret any inconvenience it may cause you. 

Because we value you as a customer, and because your trust is important to us, our company is offering you one 
year of free credit monitoring through Experian’s ProtectMyID product, which includes identity theft insurance 
where available. You will receive more information about this offer via regular mail.

You can find additional information and FAQs about this incident at our website. If you have further questions, 
you may call us at 866-852-8680. 

Thank you for your patience and your loyalty. 
Sincerely,
Insurance Company CEO


From: insuranceCompany@ic.com
To: joles@gmail.com
Subject: Insurance company – information about recent data breach
Dear Jovita Oles,
As you may have heard or read, last month we learned that criminals forced their way into our systems, 
and stole information about our customers. Late last week, as part of our ongoing investigation, 
we learned that the taken information includes names, mailing addresses, phone numbers or email addresses.
 
I am writing to make you aware that your name, mailing address, phone number or email address may have been 
taken during the intrusion. 

I am truly sorry this incident occurred, and I sincerely regret any inconvenience it may cause you. 

Because we value you as a customer, and because your trust is important to us, our company is offering you one 
year of free credit monitoring through Experian’s ProtectMyID product, which includes identity theft insurance 
where available. You will receive more information about this offer via regular mail.

You can find additional information and FAQs about this incident at our website. If you have further questions, 
you may call us at 866-852-8680. 

Thank you for your patience and your loyalty. 
Sincerely,
Insurance Company CEO


From: insuranceCompany@ic.com
To: alesia_hixenbaugh@hixenbaugh.org
Subject: Insurance company – information about recent data breach
Dear Alesia Hixenbaugh,
As you may have heard or read, last month we learned that criminals forced their way into our systems, 
and stole information about our customers. Late last week, as part of our ongoing investigation, 
we learned that the taken information includes names, mailing addresses, phone numbers or email addresses.
 
I am writing to make you aware that your name, mailing address, phone number or email address may have been 
taken during the intrusion. 

I am truly sorry this incident occurred, and I sincerely regret any inconvenience it may cause you. 

Because we value you as a customer, and because your trust is important to us, our company is offering you one 
year of free credit monitoring through Experian’s ProtectMyID product, which includes identity theft insurance 
where available. You will receive more information about this offer via regular mail.

You can find additional information and FAQs about this incident at our website. If you have further questions, 
you may call us at 866-852-8680. 

Thank you for your patience and your loyalty. 
Sincerely,
Insurance Company CEO


From: insuranceCompany@ic.com
To: lai@gmail.com
Subject: Insurance company – information about recent data breach
Dear Lai Harabedian,
As you may have heard or read, last month we learned that criminals forced their way into our systems, 
and stole information about our customers. Late last week, as part of our ongoing investigation, 
we learned that the taken information includes names, mailing addresses, phone numbers or email addresses.
 
I am writing to make you aware that your name, mailing address, phone number or email address may have been 
taken during the intrusion. 

I am truly sorry this incident occurred, and I sincerely regret any inconvenience it may cause you. 

Because we value you as a customer, and because your trust is important to us, our company is offering you one 
year of free credit monitoring through Experian’s ProtectMyID product, which includes identity theft insurance 
where available. You will receive more information about this offer via regular mail.

You can find additional information and FAQs about this incident at our website. If you have further questions, 
you may call us at 866-852-8680. 

Thank you for your patience and your loyalty. 
Sincerely,
Insurance Company CEO


From: insuranceCompany@ic.com
To: bgillaspie@gillaspie.com
Subject: Insurance company – information about recent data breach
Dear Brittni Gillaspie,
As you may have heard or read, last month we learned that criminals forced their way into our systems, 
and stole information about our customers. Late last week, as part of our ongoing investigation, 
we learned that the taken information includes names, mailing addresses, phone numbers or email addresses.
 
I am writing to make you aware that your name, mailing address, phone number or email address may have been 
taken during the intrusion. 

I am truly sorry this incident occurred, and I sincerely regret any inconvenience it may cause you. 

Because we value you as a customer, and because your trust is important to us, our company is offering you one 
year of free credit monitoring through Experian’s ProtectMyID product, which includes identity theft insurance 
where available. You will receive more information about this offer via regular mail.

You can find additional information and FAQs about this incident at our website. If you have further questions, 
you may call us at 866-852-8680. 

Thank you for your patience and your loyalty. 
Sincerely,
Insurance Company CEO


From: insuranceCompany@ic.com
To: rkampa@kampa.org
Subject: Insurance company – information about recent data breach
Dear Raylene Kampa,
As you may have heard or read, last month we learned that criminals forced their way into our systems, 
and stole information about our customers. Late last week, as part of our ongoing investigation, 
we learned that the taken information includes names, mailing addresses, phone numbers or email addresses.
 
I am writing to make you aware that your name, mailing address, phone number or email address may have been 
taken during the intrusion. 

I am truly sorry this incident occurred, and I sincerely regret any inconvenience it may cause you. 

Because we value you as a customer, and because your trust is important to us, our company is offering you one 
year of free credit monitoring through Experian’s ProtectMyID product, which includes identity theft insurance 
where available. You will receive more information about this offer via regular mail.

You can find additional information and FAQs about this incident at our website. If you have further questions, 
you may call us at 866-852-8680. 

Thank you for your patience and your loyalty. 
Sincerely,
Insurance Company CEO


From: insuranceCompany@ic.com
To: flo.bookamer@cox.net
Subject: Insurance company – information about recent data breach
Dear Flo Bookamer,
As you may have heard or read, last month we learned that criminals forced their way into our systems, 
and stole information about our customers. Late last week, as part of our ongoing investigation, 
we learned that the taken information includes names, mailing addresses, phone numbers or email addresses.
 
I am writing to make you aware that your name, mailing address, phone number or email address may have been 
taken during the intrusion. 

I am truly sorry this incident occurred, and I sincerely regret any inconvenience it may cause you. 

Because we value you as a customer, and because your trust is important to us, our company is offering you one 
year of free credit monitoring through Experian’s ProtectMyID product, which includes identity theft insurance 
where available. You will receive more information about this offer via regular mail.

You can find additional information and FAQs about this incident at our website. If you have further questions, 
you may call us at 866-852-8680. 

Thank you for your patience and your loyalty. 
Sincerely,
Insurance Company CEO


From: insuranceCompany@ic.com
To: jbiddy@yahoo.com
Subject: Insurance company – information about recent data breach
Dear Jani Biddy,
As you may have heard or read, last month we learned that criminals forced their way into our systems, 
and stole information about our customers. Late last week, as part of our ongoing investigation, 
we learned that the taken information includes names, mailing addresses, phone numbers or email addresses.
 
I am writing to make you aware that your name, mailing address, phone number or email address may have been 
taken during the intrusion. 

I am truly sorry this incident occurred, and I sincerely regret any inconvenience it may cause you. 

Because we value you as a customer, and because your trust is important to us, our company is offering you one 
year of free credit monitoring through Experian’s ProtectMyID product, which includes identity theft insurance 
where available. You will receive more information about this offer via regular mail.

You can find additional information and FAQs about this incident at our website. If you have further questions, 
you may call us at 866-852-8680. 

Thank you for your patience and your loyalty. 
Sincerely,
Insurance Company CEO


From: insuranceCompany@ic.com
To: chauncey_motley@aol.com
Subject: Insurance company – information about recent data breach
Dear Chauncey Motley,
As you may have heard or read, last month we learned that criminals forced their way into our systems, 
and stole information about our customers. Late last week, as part of our ongoing investigation, 
we learned that the taken information includes names, mailing addresses, phone numbers or email addresses.
 
I am writing to make you aware that your name, mailing address, phone number or email address may have been 
taken during the intrusion. 

I am truly sorry this incident occurred, and I sincerely regret any inconvenience it may cause you. 

Because we value you as a customer, and because your trust is important to us, our company is offering you one 
year of free credit monitoring through Experian’s ProtectMyID product, which includes identity theft insurance 
where available. You will receive more information about this offer via regular mail.

You can find additional information and FAQs about this incident at our website. If you have further questions, 
you may call us at 866-852-8680. 

Thank you for your patience and your loyalty. 
Sincerely,
Insurance Company CEO


]]></system-out>
  <system-err><![CDATA[]]></system-err>
</testsuite>
