<?xml version="1.0" encoding="UTF-8"?>
<testsuite name="ProcessorHelperTest" tests="5" skipped="0" failures="0" errors="0" timestamp="2022-03-08T03:11:26" hostname="USABOS117224LT" time="0.083">
  <properties/>
  <testcase name="beanBuilder()" classname="ProcessorHelperTest" time="0.001"/>
  <testcase name="openCSV()" classname="ProcessorHelperTest" time="0.074"/>
  <testcase name="testToString()" classname="ProcessorHelperTest" time="0.003"/>
  <testcase name="testHashCode()" classname="ProcessorHelperTest" time="0.002"/>
  <testcase name="testEquals()" classname="ProcessorHelperTest" time="0.001"/>
  <system-out><![CDATA[]]></system-out>
  <system-err><![CDATA[]]></system-err>
</testsuite>
