<?xml version="1.0" encoding="UTF-8"?>
<testsuite name="CSVReaderTest" tests="5" skipped="0" failures="0" errors="0" timestamp="2022-03-08T03:11:25" hostname="USABOS117224LT" time="0.044">
  <properties/>
  <testcase name="getFile()" classname="CSVReaderTest" time="0.013"/>
  <testcase name="getPath()" classname="CSVReaderTest" time="0.001"/>
  <testcase name="openCSVToBean()" classname="CSVReaderTest" time="0.023"/>
  <testcase name="setFile()" classname="CSVReaderTest" time="0.002"/>
  <testcase name="setPath()" classname="CSVReaderTest" time="0.001"/>
  <system-out><![CDATA[]]></system-out>
  <system-err><![CDATA[]]></system-err>
</testsuite>
